Tue May 18 10:22:46 UTC 2021 - Executing "python3 /openLANE_flow/scripts/extract_metal_layers.py -t /home/mariam/open_pdks/sky130/sky130A/libs.ref/sky130_fd_sc_hd/techlef/sky130_fd_sc_hd.tlef -o /openLANE_flow/designs/digital_pll/runs/first_run/tmp/met_layers_list.txt"

Tue May 18 10:22:46 UTC 2021 - Executing "/openLANE_flow/scripts/mergeLef.py -i /home/mariam/open_pdks/sky130/sky130A/libs.ref/sky130_fd_sc_hd/techlef/sky130_fd_sc_hd.tlef {/home/mariam/open_pdks/sky130/sky130A/libs.ref/sky130_fd_sc_hd/lef/sky130_fd_sc_hd.lef /home/mariam/open_pdks/sky130/sky130A/libs.ref/sky130_fd_sc_hd/lef/sky130_ef_sc_hd__decap_12.lef /home/mariam/open_pdks/sky130/sky130A/libs.ref/sky130_fd_sc_hd/lef/sky130_ef_sc_hd__fakediode_2.lef /home/mariam/open_pdks/sky130/sky130A/libs.ref/sky130_fd_sc_hd/lef/sky130_ef_sc_hd__fill_12.lef} -o /openLANE_flow/designs/digital_pll/runs/first_run/tmp/merged_unpadded.lef |& tee >&@stdout"

Tue May 18 10:22:47 UTC 2021 - Executing "/openLANE_flow/scripts/libtrim.pl /home/mariam/open_pdks/sky130/sky130A/libs.ref/sky130_fd_sc_hd/lib/sky130_fd_sc_hd__tt_025C_1v80.lib /openLANE_flow/designs/digital_pll/runs/first_run/tmp/trimmed.lib.exclude.list > /openLANE_flow/designs/digital_pll/runs/first_run/tmp/trimmed.lib"

Tue May 18 10:22:47 UTC 2021 - Executing "echo {openlane v0.15} > /openLANE_flow/designs/digital_pll/runs/first_run/OPENLANE_VERSION"

Tue May 18 10:22:47 UTC 2021 - Executing "sed -E {s/^([[:space:]]+)pg_pin(.*)/\1pin\2\n\1    direction : "inout";/g} /home/mariam/open_pdks/sky130/sky130A/libs.ref/sky130_fd_sc_hd/lib/sky130_fd_sc_hd__tt_025C_1v80.lib > /openLANE_flow/designs/digital_pll/runs/first_run/tmp/sky130_fd_sc_hd__tt_025C_1v80.no_pg.lib"

Tue May 18 10:22:47 UTC 2021 - Executing "yosys -c /openLANE_flow/scripts/synth.tcl -l /openLANE_flow/designs/digital_pll/runs/first_run/logs/synthesis/1-yosys.log |& tee >&@stdout"

Tue May 18 10:22:52 UTC 2021 - Executing "sed -i -e {s/\(set ::env(CURRENT_NETLIST)\).*/\1 \/openLANE_flow\/designs\/digital_pll\/runs\/first_run\/results\/synthesis\/digital_pll.synthesis.v/} /openLANE_flow/designs/digital_pll/runs/first_run/config.tcl"

Tue May 18 10:22:52 UTC 2021 - Executing "sed -i -e {s/\(set ::env(PREV_NETLIST)\).*/\1 0/} /openLANE_flow/designs/digital_pll/runs/first_run/config.tcl"

Tue May 18 10:22:52 UTC 2021 - Executing "sed -i /defparam/d /openLANE_flow/designs/digital_pll/runs/first_run/results/synthesis/digital_pll.synthesis.v"

Tue May 18 10:22:52 UTC 2021 - Executing "sta /openLANE_flow/scripts/sta.tcl |& tee >&@stdout /openLANE_flow/designs/digital_pll/runs/first_run/logs/synthesis/2-opensta"

Tue May 18 10:22:54 UTC 2021 - Executing "openroad -exit /openLANE_flow/scripts/openroad/or_floorplan.tcl |& tee >&@stdout /openLANE_flow/designs/digital_pll/runs/first_run/logs/floorplan/3-verilog2def.openroad.log"

Tue May 18 10:22:56 UTC 2021 - Executing "openroad -exit /openLANE_flow/scripts/openroad/or_ioplacer.tcl |& tee >&@stdout /openLANE_flow/designs/digital_pll/runs/first_run/logs/floorplan/4-ioPlacer.log"

Tue May 18 10:22:58 UTC 2021 - Executing "openroad -exit /openLANE_flow/scripts/openroad/or_tapcell.tcl |& tee >&@stdout /openLANE_flow/designs/digital_pll/runs/first_run/logs/floorplan/5-tapcell.log"

Tue May 18 10:23:00 UTC 2021 - Executing "bash /openLANE_flow/scripts/klayout/scrotLayout.sh /home/mariam/open_pdks/sky130/sky130A/libs.tech/klayout/sky130A.lyt /openLANE_flow/designs/digital_pll/runs/first_run/results/floorplan/digital_pll.floorplan.def |& tee >&@stdout /openLANE_flow/designs/digital_pll/runs/first_run/logs/klayout/6-klayout.scrot.log"

Tue May 18 10:23:06 UTC 2021 - Executing "openroad -exit /openLANE_flow/scripts/openroad/or_pdn.tcl |& tee >&@stdout /openLANE_flow/designs/digital_pll/runs/first_run/logs/floorplan/7-pdn.log"

Tue May 18 10:23:08 UTC 2021 - Executing "openroad -exit /openLANE_flow/scripts/openroad/or_replace.tcl |& tee >&@stdout /openLANE_flow/designs/digital_pll/runs/first_run/logs/placement/8-replace.log"

Tue May 18 10:23:17 UTC 2021 - Executing "openroad -exit /openLANE_flow/scripts/openroad/or_resizer.tcl |& tee >&@stdout /openLANE_flow/designs/digital_pll/runs/first_run/logs/placement/8-resizer.log"

Tue May 18 10:23:24 UTC 2021 - Executing "openroad -exit /openLANE_flow/scripts/openroad/or_write_verilog.tcl |& tee >&@stdout /openLANE_flow/designs/digital_pll/runs/first_run/logs/9-write_verilog.log"

Tue May 18 10:23:26 UTC 2021 - Executing "sed -i -e {s/\(set ::env(CURRENT_NETLIST)\).*/\1 \/openLANE_flow\/designs\/digital_pll\/runs\/first_run\/results\/synthesis\/digital_pll.synthesis_optimized.v/} /openLANE_flow/designs/digital_pll/runs/first_run/config.tcl"

Tue May 18 10:23:26 UTC 2021 - Executing "sed -i -e {s/\(set ::env(PREV_NETLIST)\).*/\1 \/openLANE_flow\/designs\/digital_pll\/runs\/first_run\/results\/synthesis\/digital_pll.synthesis.v/} /openLANE_flow/designs/digital_pll/runs/first_run/config.tcl"

Tue May 18 10:23:26 UTC 2021 - Executing "sta /openLANE_flow/scripts/sta.tcl |& tee >&@stdout /openLANE_flow/designs/digital_pll/runs/first_run/logs/synthesis/10-opensta_post_resizer"

Tue May 18 10:23:27 UTC 2021 - Executing "openroad -exit /openLANE_flow/scripts/openroad/or_opendp.tcl |& tee >&@stdout /openLANE_flow/designs/digital_pll/runs/first_run/logs/placement/11-opendp.log"

Tue May 18 10:23:29 UTC 2021 - Executing "bash /openLANE_flow/scripts/klayout/scrotLayout.sh /home/mariam/open_pdks/sky130/sky130A/libs.tech/klayout/sky130A.lyt /openLANE_flow/designs/digital_pll/runs/first_run/results/placement/digital_pll.placement.def |& tee >&@stdout /openLANE_flow/designs/digital_pll/runs/first_run/logs/klayout/12-klayout.scrot.log"

Tue May 18 10:23:34 UTC 2021 - Executing "openroad -exit /openLANE_flow/scripts/openroad/or_resizer_timing.tcl |& tee >&@stdout /openLANE_flow/designs/digital_pll/runs/first_run/logs/placement/13-resizer_timing.log"

Tue May 18 10:23:41 UTC 2021 - Executing "openroad -exit /openLANE_flow/scripts/openroad/or_write_verilog.tcl |& tee >&@stdout /openLANE_flow/designs/digital_pll/runs/first_run/logs/14-write_verilog.log"

Tue May 18 10:23:43 UTC 2021 - Executing "sed -i -e {s/\(set ::env(CURRENT_NETLIST)\).*/\1 \/openLANE_flow\/designs\/digital_pll\/runs\/first_run\/results\/synthesis\/digital_pll.synthesis_optimized.v/} /openLANE_flow/designs/digital_pll/runs/first_run/config.tcl"

Tue May 18 10:23:43 UTC 2021 - Executing "sed -i -e {s/\(set ::env(PREV_NETLIST)\).*/\1 \/openLANE_flow\/designs\/digital_pll\/runs\/first_run\/results\/synthesis\/digital_pll.synthesis_optimized.v/} /openLANE_flow/designs/digital_pll/runs/first_run/config.tcl"

Tue May 18 10:23:43 UTC 2021 - Executing "sta /openLANE_flow/scripts/sta.tcl |& tee >&@stdout /openLANE_flow/designs/digital_pll/runs/first_run/logs/synthesis/15-opensta_post_resizer_timing"

Tue May 18 10:23:45 UTC 2021 - Executing "openroad -exit /openLANE_flow/scripts/openroad/or_groute.tcl |& tee >&@stdout /openLANE_flow/designs/digital_pll/runs/first_run/logs/routing/16-fastroute.log"

Tue May 18 10:23:54 UTC 2021 - Executing "openroad -exit /openLANE_flow/scripts/openroad/or_fill.tcl |& tee >&@stdout /openLANE_flow/designs/digital_pll/runs/first_run/logs/routing/17-addspacers.log"

Tue May 18 10:23:55 UTC 2021 - Executing "openroad -exit /openLANE_flow/scripts/openroad/or_write_verilog.tcl |& tee >&@stdout /openLANE_flow/designs/digital_pll/runs/first_run/logs/18-write_verilog.log"

Tue May 18 10:23:57 UTC 2021 - Executing "sed -i -e {s/\(set ::env(CURRENT_NETLIST)\).*/\1 \/openLANE_flow\/designs\/digital_pll\/runs\/first_run\/results\/synthesis\/digital_pll.synthesis_preroute.v/} /openLANE_flow/designs/digital_pll/runs/first_run/config.tcl"

Tue May 18 10:23:57 UTC 2021 - Executing "sed -i -e {s/\(set ::env(PREV_NETLIST)\).*/\1 \/openLANE_flow\/designs\/digital_pll\/runs\/first_run\/results\/synthesis\/digital_pll.synthesis_optimized.v/} /openLANE_flow/designs/digital_pll/runs/first_run/config.tcl"

Tue May 18 10:23:57 UTC 2021 - Executing "envsubst < /openLANE_flow/scripts/tritonRoute.param > /openLANE_flow/designs/digital_pll/runs/first_run/tmp/routing/19-tritonRoute.param"

Tue May 18 10:23:57 UTC 2021 - Executing "TritonRoute /openLANE_flow/designs/digital_pll/runs/first_run/tmp/routing/19-tritonRoute.param |& tee >&@stdout /openLANE_flow/designs/digital_pll/runs/first_run/logs/routing/19-tritonRoute.log"

Tue May 18 10:24:24 UTC 2021 - Executing "python3 /openLANE_flow/scripts/tr2klayout.py -i /openLANE_flow/designs/digital_pll/runs/first_run/reports/routing/19-tritonRoute.drc -o /openLANE_flow/designs/digital_pll/runs/first_run/reports/routing/19-tritonRoute.klayout.xml --design-name digital_pll"

Tue May 18 10:24:24 UTC 2021 - Executing "bash /openLANE_flow/scripts/klayout/scrotLayout.sh /home/mariam/open_pdks/sky130/sky130A/libs.tech/klayout/sky130A.lyt /openLANE_flow/designs/digital_pll/runs/first_run/results/routing/digital_pll.def |& tee >&@stdout /openLANE_flow/designs/digital_pll/runs/first_run/logs/klayout/20-klayout.scrot.log"

Tue May 18 10:24:29 UTC 2021 - Executing "python3 /openLANE_flow/scripts/spef_extractor/main.py -l /openLANE_flow/designs/digital_pll/runs/first_run/tmp/merged_unpadded.lef -d /openLANE_flow/designs/digital_pll/runs/first_run/results/routing/digital_pll.def -mw L -ec 1 |& tee >&@stdout /openLANE_flow/designs/digital_pll/runs/first_run/logs/routing/21-spef_extraction.log"

Tue May 18 10:24:30 UTC 2021 - Executing "sta /openLANE_flow/scripts/sta.tcl |& tee >&@stdout /openLANE_flow/designs/digital_pll/runs/first_run/logs/synthesis/22-opensta_spef"

Tue May 18 10:24:32 UTC 2021 - Executing "python3 /openLANE_flow/scripts/write_powered_def.py -d /openLANE_flow/designs/digital_pll/runs/first_run/results/routing/digital_pll.def -l /openLANE_flow/designs/digital_pll/runs/first_run/tmp/merged.lef --power-port VPWR --ground-port VGND --powered-netlist {} -o /openLANE_flow/designs/digital_pll/runs/first_run/tmp/routing/23-digital_pll.powered.def |& tee >&@stdout /openLANE_flow/designs/digital_pll/runs/first_run/logs/lvs/23-write_powered_verilog.log"

Tue May 18 10:24:32 UTC 2021 - Executing "openroad -exit /openLANE_flow/scripts/openroad/or_write_verilog.tcl |& tee >&@stdout /openLANE_flow/designs/digital_pll/runs/first_run/logs/24-write_verilog.log"

Tue May 18 10:24:34 UTC 2021 - Executing "sed -i -e {s/\(set ::env(CURRENT_NETLIST)\).*/\1 \/openLANE_flow\/designs\/digital_pll\/runs\/first_run\/results\/lvs\/digital_pll.lvs.powered.v/} /openLANE_flow/designs/digital_pll/runs/first_run/config.tcl"

Tue May 18 10:24:34 UTC 2021 - Executing "sed -i -e {s/\(set ::env(PREV_NETLIST)\).*/\1 \/openLANE_flow\/designs\/digital_pll\/runs\/first_run\/results\/synthesis\/digital_pll.synthesis_preroute.v/} /openLANE_flow/designs/digital_pll/runs/first_run/config.tcl"

Tue May 18 10:24:34 UTC 2021 - Executing "magic -noconsole -dnull -rcfile /home/mariam/open_pdks/sky130/sky130A/libs.tech/magic/sky130A.magicrc /openLANE_flow/scripts/magic/mag_gds.tcl </dev/null |& tee >&@stdout /openLANE_flow/designs/digital_pll/runs/first_run/logs/magic/25-magic.log"

Tue May 18 10:24:35 UTC 2021 - Executing "bash /openLANE_flow/scripts/klayout/scrotLayout.sh /home/mariam/open_pdks/sky130/sky130A/libs.tech/klayout/sky130A.lyt /openLANE_flow/designs/digital_pll/runs/first_run/results/magic/digital_pll.gds |& tee >&@stdout /openLANE_flow/designs/digital_pll/runs/first_run/logs/klayout/26-klayout.scrot.log"

Tue May 18 10:24:40 UTC 2021 - Executing "magic -noconsole -dnull -rcfile /home/mariam/open_pdks/sky130/sky130A/libs.tech/magic/sky130A.magicrc /openLANE_flow/scripts/magic/gds_pointers.tcl </dev/null |& tee >&@stdout /openLANE_flow/designs/digital_pll/runs/first_run/logs/magic/27-magic.mag.gds_ptrs.log"

Tue May 18 10:24:41 UTC 2021 - Executing "sed -i -n {/^<< properties >>/,/^<< end >>/p} /openLANE_flow/designs/digital_pll/runs/first_run/tmp/magic/magic_gds_ptrs.mag"

Tue May 18 10:24:41 UTC 2021 - Executing "magic -noconsole -dnull -rcfile /home/mariam/open_pdks/sky130/sky130A/libs.tech/magic/sky130A.magicrc /openLANE_flow/scripts/magic/lef.tcl </dev/null |& tee >&@stdout /openLANE_flow/designs/digital_pll/runs/first_run/logs/magic/28-magic.lef.log"

Tue May 18 10:24:41 UTC 2021 - Executing "magic -noconsole -dnull -rcfile /home/mariam/open_pdks/sky130/sky130A/libs.tech/magic/sky130A.magicrc /openLANE_flow/scripts/magic/maglef.tcl </dev/null |& tee >&@stdout /openLANE_flow/designs/digital_pll/runs/first_run/logs/magic/29-magic.maglef.log"

Tue May 18 10:24:42 UTC 2021 - Executing "bash /openLANE_flow/scripts/klayout/def2gds.sh /home/mariam/open_pdks/sky130/sky130A/libs.tech/klayout/sky130A.lyt /openLANE_flow/designs/digital_pll/runs/first_run/results/routing/digital_pll.def digital_pll /openLANE_flow/designs/digital_pll/runs/first_run/results/klayout/digital_pll.gds {/home/mariam/open_pdks/sky130/sky130A/libs.ref/sky130_fd_sc_hd/gds/sky130_ef_sc_hd__fakediode_2.gds /home/mariam/open_pdks/sky130/sky130A/libs.ref/sky130_fd_sc_hd/gds/sky130_ef_sc_hd__fill_12.gds /home/mariam/open_pdks/sky130/sky130A/libs.ref/sky130_fd_sc_hd/gds/sky130_ef_sc_hd__decap_12.gds /home/mariam/open_pdks/sky130/sky130A/libs.ref/sky130_fd_sc_hd/gds/sky130_fd_sc_hd.gds } |& tee >&@stdout /openLANE_flow/designs/digital_pll/runs/first_run/logs/klayout/30-klayout.log"

Tue May 18 10:24:46 UTC 2021 - Executing "bash /openLANE_flow/scripts/klayout/scrotLayout.sh /home/mariam/open_pdks/sky130/sky130A/libs.tech/klayout/sky130A.lyt /openLANE_flow/designs/digital_pll/runs/first_run/results/klayout/digital_pll.gds |& tee >&@stdout /openLANE_flow/designs/digital_pll/runs/first_run/logs/klayout/31-klayout.scrot.log"

Tue May 18 10:24:51 UTC 2021 - Executing "bash /openLANE_flow/scripts/klayout/xor.sh /openLANE_flow/designs/digital_pll/runs/first_run/results/magic/digital_pll.gds /openLANE_flow/designs/digital_pll/runs/first_run/results/klayout/digital_pll.gds digital_pll /openLANE_flow/designs/digital_pll/runs/first_run/results/klayout/digital_pll.xor.gds |& tee >&@stdout /openLANE_flow/designs/digital_pll/runs/first_run/logs/klayout/32-klayout.xor.log"

Tue May 18 10:24:58 UTC 2021 - Executing "python3 /openLANE_flow/scripts/parse_klayout_xor_log.py -l /openLANE_flow/designs/digital_pll/runs/first_run/logs/klayout/32-klayout.xor.log -o /openLANE_flow/designs/digital_pll/runs/first_run/reports/klayout/32-klayout.xor.rpt"

Tue May 18 10:24:59 UTC 2021 - Executing "bash /openLANE_flow/scripts/klayout/scrotLayout.sh /home/mariam/open_pdks/sky130/sky130A/libs.tech/klayout/sky130A.lyt /openLANE_flow/designs/digital_pll/runs/first_run/results/klayout/digital_pll.xor.gds |& tee >&@stdout /openLANE_flow/designs/digital_pll/runs/first_run/logs/klayout/33-klayout.scrot.log"

Tue May 18 10:25:04 UTC 2021 - Executing "bash /openLANE_flow/scripts/klayout/xor.sh /openLANE_flow/designs/digital_pll/runs/first_run/results/magic/digital_pll.gds /openLANE_flow/designs/digital_pll/runs/first_run/results/klayout/digital_pll.gds digital_pll /openLANE_flow/designs/digital_pll/runs/first_run/results/klayout/digital_pll.xor.xml |& tee >&@stdout /openLANE_flow/designs/digital_pll/runs/first_run/logs/klayout/34-klayout.xor.log"

Tue May 18 10:25:12 UTC 2021 - Executing "python3 /openLANE_flow/scripts/parse_klayout_xor_log.py -l /openLANE_flow/designs/digital_pll/runs/first_run/logs/klayout/34-klayout.xor.log -o /openLANE_flow/designs/digital_pll/runs/first_run/reports/klayout/34-klayout.xor.rpt"

Tue May 18 10:25:12 UTC 2021 - Executing "magic -noconsole -dnull -rcfile /home/mariam/open_pdks/sky130/sky130A/libs.tech/magic/sky130A.magicrc /openLANE_flow/designs/digital_pll/runs/first_run/tmp/magic_spice.tcl </dev/null |& tee >&@stdout /openLANE_flow/designs/digital_pll/runs/first_run/logs/magic/35-magic_spice.log"

Tue May 18 10:25:13 UTC 2021 - Executing "netgen -batch source /openLANE_flow/designs/digital_pll/runs/first_run/tmp/lvs/setup_file.lef.lvs |& tee >&@stdout /openLANE_flow/designs/digital_pll/runs/first_run/logs/lvs/36-lvs.lef.log"

Tue May 18 10:25:14 UTC 2021 - Executing "magic -noconsole -dnull -rcfile /home/mariam/open_pdks/sky130/sky130A/libs.tech/magic/sky130A.magicrc /openLANE_flow/scripts/magic/drc.tcl </dev/null |& tee >&@stdout /openLANE_flow/designs/digital_pll/runs/first_run/logs/magic/37-magic.drc.log"

Tue May 18 10:25:16 UTC 2021 - Executing "python3 /openLANE_flow/scripts/magic_drc_to_tcl.py -i /openLANE_flow/designs/digital_pll/runs/first_run/reports/magic/37-magic.drc -o /openLANE_flow/designs/digital_pll/runs/first_run/reports/magic/37-magic.drc.tcl"

Tue May 18 10:25:16 UTC 2021 - Executing "python3 /openLANE_flow/scripts/magic_drc_to_tr_drc.py -i /openLANE_flow/designs/digital_pll/runs/first_run/reports/magic/37-magic.drc -o /openLANE_flow/designs/digital_pll/runs/first_run/reports/magic/37-magic.tr.drc"

Tue May 18 10:25:16 UTC 2021 - Executing "python3 /openLANE_flow/scripts/tr2klayout.py -i /openLANE_flow/designs/digital_pll/runs/first_run/reports/magic/37-magic.tr.drc -o /openLANE_flow/designs/digital_pll/runs/first_run/reports/magic/37-magic.drc.klayout.xml --design-name digital_pll"

Tue May 18 10:25:16 UTC 2021 - Executing "python3 /openLANE_flow/scripts/magic_drc_to_rdb.py --magic_drc_in /openLANE_flow/designs/digital_pll/runs/first_run/reports/magic/37-magic.drc --rdb_out /openLANE_flow/designs/digital_pll/runs/first_run/reports/magic/37-magic.drc.rdb"

Tue May 18 10:25:17 UTC 2021 - Executing "openroad -exit /openLANE_flow/scripts/openroad/or_antenna_check.tcl |& tee >&@stdout /openLANE_flow/designs/digital_pll/runs/first_run/logs/routing/38-or_antenna.log"

Tue May 18 10:25:18 UTC 2021 - Executing "mv -f /openLANE_flow/designs/digital_pll/runs/first_run/reports/routing/antenna.rpt /openLANE_flow/designs/digital_pll/runs/first_run/reports/routing/39-antenna.rpt"

Tue May 18 10:25:18 UTC 2021 - Executing "awk { BEGIN {  # Print power and standard_input definitions
    print "VPWR power 1.8";
    print "VGND power 0.0";
    print "#define std_input min@VGND max@VPWR";
}
$1 == "input" {  # Print input nets
    gsub(/;/, "");
    if ( $2 == "VPWR" || $2 == "VGND" ) {  # ignore power nets
        next;
    }
    if ( NF == 3 ) {  # print buses as net[range]
        $2 = $3 $2;
    }
    print $2, "input std_input";
}} /openLANE_flow/designs/digital_pll/runs/first_run/results/lvs/digital_pll.lvs.powered.v > /openLANE_flow/designs/digital_pll/runs/first_run/results/cvc/digital_pll.power"

Tue May 18 10:25:18 UTC 2021 - Executing "awk { /Black-box entry subcircuit/ {  # remove black-box defintions
    while ( $1 != ".ends" ) {
        getline;
    }
    getline;
}
/^\*/ {  # remove comments
    next;
}
/^.ENDS .*/ {  # remove name from ends lines
    print $1;
    next;
}
 {
    print $0;
}} /home/mariam/open_pdks/sky130/sky130A/libs.ref/sky130_fd_sc_hd/cdl/sky130_fd_sc_hd.cdl /openLANE_flow/designs/digital_pll/runs/first_run/results/magic/digital_pll.lef.spice > /openLANE_flow/designs/digital_pll/runs/first_run/results/cvc/digital_pll.cdl"

Tue May 18 10:25:18 UTC 2021 - Executing "cvc /openLANE_flow/scripts/cvc/sky130A/cvcrc.sky130A |& tee >&@stdout /openLANE_flow/designs/digital_pll/runs/first_run/logs/cvc/40-cvc_screen.log"

Tue May 18 10:25:19 UTC 2021 - Executing "python3 /openLANE_flow/report_generation_wrapper.py -d /openLANE_flow/designs/digital_pll -dn digital_pll -t first_run -o /openLANE_flow/designs/digital_pll/runs/first_run/reports/final_summary_report.csv -m /openLANE_flow/designs/digital_pll/runs/first_run/reports/manufacturability_report.rpt -rs /openLANE_flow/designs/digital_pll/runs/first_run/reports/runtime_summary_report.rpt -r /openLANE_flow/designs/digital_pll/runs/first_run"

