Startpoint: idiv16 (rising edge-triggered flip-flop)
Endpoint: clockd[3] (output port clocked by w)
Path Group: w
Path Type: min

Fanout     Cap    Slew   Delay    Time   Description
-----------------------------------------------------------------------------
                  0.06    0.00    0.00 ^ idiv16/CLK (sky130_fd_sc_hd__dfrbp_1)
                  0.03    0.26    0.26 v idiv16/Q_N (sky130_fd_sc_hd__dfrbp_1)
     3    0.01                           net43 (net)
                  0.03    0.00    0.26 v output43/A (sky130_fd_sc_hd__clkbuf_1)
                  0.02    0.05    0.31 v output43/X (sky130_fd_sc_hd__clkbuf_1)
     1    0.00                           net89 (net)
                  0.02    0.00    0.31 v output81/A (sky130_fd_sc_hd__clkbuf_2)
                  0.05    0.09    0.40 v output81/X (sky130_fd_sc_hd__clkbuf_2)
     1    0.02                           clockd[3] (net)
                  0.05    0.00    0.40 v clockd[3] (out)
                                  0.40   data arrival time

                  0.00    0.00    0.00   clock w (rise edge)
                          0.00    0.00   clock network delay (ideal)
                          0.00    0.00   clock reconvergence pessimism
                         -5.00   -5.00   output external delay
                                 -5.00   data required time
-----------------------------------------------------------------------------
                                 -5.00   data required time
                                 -0.40   data arrival time
-----------------------------------------------------------------------------
                                  5.40   slack (MET)


Startpoint: dco (input port clocked by w)
Endpoint: clockc (output port clocked by w)
Path Group: w
Path Type: max

Fanout     Cap    Slew   Delay    Time   Description
-----------------------------------------------------------------------------
                  0.00    0.00    0.00   clock w (rise edge)
                          0.00    0.00   clock network delay (ideal)
                          5.00    5.00 ^ input external delay
                  0.02    0.00    5.00 ^ dco (in)
     1    0.00                           dco (net)
                  0.02    0.00    5.00 ^ input39/A (sky130_fd_sc_hd__buf_1)
                  0.15    0.19    5.19 ^ input39/X (sky130_fd_sc_hd__buf_1)
     1    0.01                           net47 (net)
                  0.15    0.00    5.19 ^ input1/A (sky130_fd_sc_hd__buf_8)
                  0.17    0.29    5.48 ^ input1/X (sky130_fd_sc_hd__buf_8)
    18    0.06                           net1 (net)
                  0.17    0.00    5.48 ^ _355_/S (sky130_fd_sc_hd__mux2_1)
                  0.14    0.77    6.25 v _355_/X (sky130_fd_sc_hd__mux2_1)
     2    0.01                           ringosc.dstage[11].id.trim[1] (net)
                  0.14    0.00    6.25 v ringosc.dstage[11].id.delayen1/TE (sky130_fd_sc_hd__einvp_1)
                  0.10    0.24    6.50 v ringosc.dstage[11].id.delayen1/Z (sky130_fd_sc_hd__einvp_1)
     1    0.01                           ringosc.dstage[11].id.d1 (net)
                  0.10    0.00    6.50 v ringosc.dstage[11].id.delayint0/A (sky130_fd_sc_hd__clkinv_1)
                  0.09    0.07    6.57 ^ ringosc.dstage[11].id.delayint0/Y (sky130_fd_sc_hd__clkinv_1)
     1    0.01                           ringosc.dstage[11].id.d2 (net)
                  0.09    0.00    6.57 ^ ringosc.dstage[11].id.delayen0/A (sky130_fd_sc_hd__einvp_4)
                  0.09    0.12    6.69 v ringosc.dstage[11].id.delayen0/Z (sky130_fd_sc_hd__einvp_4)
     3    0.02                           ringosc.dstage[11].id.out (net)
                  0.09    0.00    6.69 v ringosc.iss.delaybuf0/A (sky130_fd_sc_hd__clkbuf_1)
                  0.05    0.12    6.82 v ringosc.iss.delaybuf0/X (sky130_fd_sc_hd__clkbuf_1)
     1    0.00                           ringosc.iss.d0 (net)
                  0.05    0.00    6.82 v ringosc.iss.delayen1/A (sky130_fd_sc_hd__einvp_1)
                  0.22    0.21    7.03 ^ ringosc.iss.delayen1/Z (sky130_fd_sc_hd__einvp_1)
     1    0.01                           ringosc.iss.d1 (net)
                  0.23    0.00    7.03 ^ ringosc.iss.delayint0/A (sky130_fd_sc_hd__clkinv_1)
                  0.13    0.12    7.15 v ringosc.iss.delayint0/Y (sky130_fd_sc_hd__clkinv_1)
     1    0.01                           ringosc.iss.d2 (net)
                  0.13    0.00    7.15 v ringosc.iss.delayen0/A (sky130_fd_sc_hd__einvp_4)
                  0.22    0.24    7.39 ^ ringosc.iss.delayen0/Z (sky130_fd_sc_hd__einvp_4)
     2    0.02                           ringosc.dstage[0].id.in (net)
                  0.22    0.00    7.39 ^ ringosc.dstage[0].id.delaybuf0/A (sky130_fd_sc_hd__buf_1)
                  0.15    0.18    7.56 ^ ringosc.dstage[0].id.delaybuf0/X (sky130_fd_sc_hd__buf_1)
     3    0.01                           ringosc.dstage[0].id.ts (net)
                  0.15    0.00    7.56 ^ ringosc.dstage[0].id.delaybuf1/A (sky130_fd_sc_hd__clkbuf_1)
                  0.07    0.18    7.74 ^ ringosc.dstage[0].id.delaybuf1/X (sky130_fd_sc_hd__clkbuf_1)
     1    0.00                           ringosc.dstage[0].id.d0 (net)
                  0.07    0.00    7.74 ^ ringosc.dstage[0].id.delayen1/A (sky130_fd_sc_hd__einvp_1)
                  0.10    0.12    7.87 v ringosc.dstage[0].id.delayen1/Z (sky130_fd_sc_hd__einvp_1)
     1    0.01                           ringosc.dstage[0].id.d1 (net)
                  0.11    0.00    7.87 v ringosc.dstage[0].id.delayint0/A (sky130_fd_sc_hd__clkinv_1)
                  0.03    0.03    7.90 ^ ringosc.dstage[0].id.delayint0/Y (sky130_fd_sc_hd__clkinv_1)
     1    0.00                           ringosc.dstage[0].id.d2 (net)
                  0.03    0.00    7.90 ^ ringosc.dstage[0].id.delayen0/A (sky130_fd_sc_hd__einvp_1)
                  0.09    0.10    8.00 v ringosc.dstage[0].id.delayen0/Z (sky130_fd_sc_hd__einvp_1)
     1    0.01                           ringosc.dstage[0].id.out (net)
                  0.09    0.00    8.00 v ringosc.dstage[1].id.delaybuf0/A (sky130_fd_sc_hd__buf_1)
                  0.09    0.16    8.16 v ringosc.dstage[1].id.delaybuf0/X (sky130_fd_sc_hd__buf_1)
     3    0.01                           ringosc.dstage[1].id.ts (net)
                  0.09    0.00    8.16 v ringosc.dstage[1].id.delaybuf1/A (sky130_fd_sc_hd__clkbuf_1)
                  0.05    0.17    8.33 v ringosc.dstage[1].id.delaybuf1/X (sky130_fd_sc_hd__clkbuf_1)
     1    0.00                           ringosc.dstage[1].id.d0 (net)
                  0.05    0.00    8.33 v ringosc.dstage[1].id.delayen1/A (sky130_fd_sc_hd__einvp_1)
                  0.22    0.21    8.53 ^ ringosc.dstage[1].id.delayen1/Z (sky130_fd_sc_hd__einvp_1)
     1    0.01                           ringosc.dstage[1].id.d1 (net)
                  0.23    0.00    8.53 ^ ringosc.dstage[1].id.delayint0/A (sky130_fd_sc_hd__clkinv_1)
                  0.05    0.06    8.60 v ringosc.dstage[1].id.delayint0/Y (sky130_fd_sc_hd__clkinv_1)
     1    0.00                           ringosc.dstage[1].id.d2 (net)
                  0.05    0.00    8.60 v ringosc.dstage[1].id.delayen0/A (sky130_fd_sc_hd__einvp_1)
                  0.19    0.18    8.78 ^ ringosc.dstage[1].id.delayen0/Z (sky130_fd_sc_hd__einvp_1)
     1    0.01                           ringosc.dstage[1].id.out (net)
                  0.19    0.00    8.78 ^ ringosc.dstage[2].id.delaybuf0/A (sky130_fd_sc_hd__buf_1)
                  0.15    0.18    8.95 ^ ringosc.dstage[2].id.delaybuf0/X (sky130_fd_sc_hd__buf_1)
     3    0.01                           ringosc.dstage[2].id.ts (net)
                  0.15    0.00    8.95 ^ ringosc.dstage[2].id.delaybuf1/A (sky130_fd_sc_hd__clkbuf_1)
                  0.07    0.18    9.13 ^ ringosc.dstage[2].id.delaybuf1/X (sky130_fd_sc_hd__clkbuf_1)
     1    0.00                           ringosc.dstage[2].id.d0 (net)
                  0.07    0.00    9.13 ^ ringosc.dstage[2].id.delayen1/A (sky130_fd_sc_hd__einvp_1)
                  0.10    0.12    9.26 v ringosc.dstage[2].id.delayen1/Z (sky130_fd_sc_hd__einvp_1)
     1    0.01                           ringosc.dstage[2].id.d1 (net)
                  0.11    0.00    9.26 v ringosc.dstage[2].id.delayint0/A (sky130_fd_sc_hd__clkinv_1)
                  0.03    0.03    9.29 ^ ringosc.dstage[2].id.delayint0/Y (sky130_fd_sc_hd__clkinv_1)
     1    0.00                           ringosc.dstage[2].id.d2 (net)
                  0.03    0.00    9.29 ^ ringosc.dstage[2].id.delayen0/A (sky130_fd_sc_hd__einvp_1)
                  0.09    0.10    9.39 v ringosc.dstage[2].id.delayen0/Z (sky130_fd_sc_hd__einvp_1)
     1    0.01                           ringosc.dstage[2].id.out (net)
                  0.09    0.00    9.39 v ringosc.dstage[3].id.delaybuf0/A (sky130_fd_sc_hd__buf_1)
                  0.09    0.16    9.55 v ringosc.dstage[3].id.delaybuf0/X (sky130_fd_sc_hd__buf_1)
     3    0.01                           ringosc.dstage[3].id.ts (net)
                  0.09    0.00    9.55 v ringosc.dstage[3].id.delaybuf1/A (sky130_fd_sc_hd__clkbuf_1)
                  0.05    0.17    9.72 v ringosc.dstage[3].id.delaybuf1/X (sky130_fd_sc_hd__clkbuf_1)
     1    0.00                           ringosc.dstage[3].id.d0 (net)
                  0.05    0.00    9.72 v ringosc.dstage[3].id.delayen1/A (sky130_fd_sc_hd__einvp_1)
                  0.22    0.21    9.92 ^ ringosc.dstage[3].id.delayen1/Z (sky130_fd_sc_hd__einvp_1)
     1    0.01                           ringosc.dstage[3].id.d1 (net)
                  0.23    0.00    9.92 ^ ringosc.dstage[3].id.delayint0/A (sky130_fd_sc_hd__clkinv_1)
                  0.05    0.06    9.99 v ringosc.dstage[3].id.delayint0/Y (sky130_fd_sc_hd__clkinv_1)
     1    0.00                           ringosc.dstage[3].id.d2 (net)
                  0.05    0.00    9.99 v ringosc.dstage[3].id.delayen0/A (sky130_fd_sc_hd__einvp_1)
                  0.19    0.18   10.17 ^ ringosc.dstage[3].id.delayen0/Z (sky130_fd_sc_hd__einvp_1)
     1    0.01                           ringosc.dstage[3].id.out (net)
                  0.19    0.00   10.17 ^ ringosc.dstage[4].id.delaybuf0/A (sky130_fd_sc_hd__buf_1)
                  0.19    0.20   10.37 ^ ringosc.dstage[4].id.delaybuf0/X (sky130_fd_sc_hd__buf_1)
     3    0.01                           ringosc.dstage[4].id.ts (net)
                  0.19    0.00   10.37 ^ ringosc.dstage[4].id.delaybuf1/A (sky130_fd_sc_hd__clkbuf_1)
                  0.07    0.20   10.57 ^ ringosc.dstage[4].id.delaybuf1/X (sky130_fd_sc_hd__clkbuf_1)
     1    0.00                           ringosc.dstage[4].id.d0 (net)
                  0.07    0.00   10.57 ^ ringosc.dstage[4].id.delayen1/A (sky130_fd_sc_hd__einvp_1)
                  0.10    0.12   10.69 v ringosc.dstage[4].id.delayen1/Z (sky130_fd_sc_hd__einvp_1)
     1    0.01                           ringosc.dstage[4].id.d1 (net)
                  0.11    0.00   10.69 v ringosc.dstage[4].id.delayint0/A (sky130_fd_sc_hd__clkinv_1)
                  0.03    0.03   10.73 ^ ringosc.dstage[4].id.delayint0/Y (sky130_fd_sc_hd__clkinv_1)
     1    0.00                           ringosc.dstage[4].id.d2 (net)
                  0.03    0.00   10.73 ^ ringosc.dstage[4].id.delayen0/A (sky130_fd_sc_hd__einvp_1)
                  0.10    0.11   10.83 v ringosc.dstage[4].id.delayen0/Z (sky130_fd_sc_hd__einvp_1)
     1    0.01                           ringosc.dstage[4].id.out (net)
                  0.10    0.00   10.83 v ringosc.dstage[5].id.delaybuf0/A (sky130_fd_sc_hd__buf_1)
                  0.11    0.18   11.01 v ringosc.dstage[5].id.delaybuf0/X (sky130_fd_sc_hd__buf_1)
     3    0.01                           ringosc.dstage[5].id.ts (net)
                  0.11    0.00   11.01 v ringosc.dstage[5].id.delaybuf1/A (sky130_fd_sc_hd__clkbuf_1)
                  0.05    0.17   11.19 v ringosc.dstage[5].id.delaybuf1/X (sky130_fd_sc_hd__clkbuf_1)
     1    0.00                           ringosc.dstage[5].id.d0 (net)
                  0.05    0.00   11.19 v ringosc.dstage[5].id.delayen1/A (sky130_fd_sc_hd__einvp_1)
                  0.22    0.21   11.39 ^ ringosc.dstage[5].id.delayen1/Z (sky130_fd_sc_hd__einvp_1)
     1    0.01                           ringosc.dstage[5].id.d1 (net)
                  0.23    0.00   11.39 ^ ringosc.dstage[5].id.delayint0/A (sky130_fd_sc_hd__clkinv_1)
                  0.08    0.08   11.48 v ringosc.dstage[5].id.delayint0/Y (sky130_fd_sc_hd__clkinv_1)
     1    0.00                           ringosc.dstage[5].id.d2 (net)
                  0.08    0.00   11.48 v ringosc.dstage[5].id.delayen0/A (sky130_fd_sc_hd__einvp_2)
                  0.17    0.17   11.65 ^ ringosc.dstage[5].id.delayen0/Z (sky130_fd_sc_hd__einvp_2)
     2    0.01                           ringosc.dstage[5].id.out (net)
                  0.17    0.00   11.65 ^ ringosc.dstage[6].id.delaybuf0/A (sky130_fd_sc_hd__buf_1)
                  0.15    0.18   11.83 ^ ringosc.dstage[6].id.delaybuf0/X (sky130_fd_sc_hd__buf_1)
     3    0.01                           ringosc.dstage[6].id.ts (net)
                  0.15    0.00   11.83 ^ ringosc.dstage[6].id.delaybuf1/A (sky130_fd_sc_hd__clkbuf_1)
                  0.07    0.18   12.01 ^ ringosc.dstage[6].id.delaybuf1/X (sky130_fd_sc_hd__clkbuf_1)
     1    0.00                           ringosc.dstage[6].id.d0 (net)
                  0.07    0.00   12.01 ^ ringosc.dstage[6].id.delayen1/A (sky130_fd_sc_hd__einvp_1)
                  0.10    0.12   12.13 v ringosc.dstage[6].id.delayen1/Z (sky130_fd_sc_hd__einvp_1)
     1    0.01                           ringosc.dstage[6].id.d1 (net)
                  0.11    0.00   12.13 v ringosc.dstage[6].id.delayint0/A (sky130_fd_sc_hd__clkinv_1)
                  0.03    0.03   12.16 ^ ringosc.dstage[6].id.delayint0/Y (sky130_fd_sc_hd__clkinv_1)
     1    0.00                           ringosc.dstage[6].id.d2 (net)
                  0.03    0.00   12.16 ^ ringosc.dstage[6].id.delayen0/A (sky130_fd_sc_hd__einvp_1)
                  0.09    0.10   12.26 v ringosc.dstage[6].id.delayen0/Z (sky130_fd_sc_hd__einvp_1)
     1    0.01                           ringosc.dstage[6].id.out (net)
                  0.09    0.00   12.26 v ringosc.dstage[7].id.delaybuf0/A (sky130_fd_sc_hd__buf_1)
                  0.09    0.16   12.42 v ringosc.dstage[7].id.delaybuf0/X (sky130_fd_sc_hd__buf_1)
     3    0.01                           ringosc.dstage[7].id.ts (net)
                  0.09    0.00   12.42 v ringosc.dstage[7].id.delaybuf1/A (sky130_fd_sc_hd__clkbuf_1)
                  0.05    0.17   12.59 v ringosc.dstage[7].id.delaybuf1/X (sky130_fd_sc_hd__clkbuf_1)
     1    0.00                           ringosc.dstage[7].id.d0 (net)
                  0.05    0.00   12.59 v ringosc.dstage[7].id.delayen1/A (sky130_fd_sc_hd__einvp_1)
                  0.22    0.21   12.80 ^ ringosc.dstage[7].id.delayen1/Z (sky130_fd_sc_hd__einvp_1)
     1    0.01                           ringosc.dstage[7].id.d1 (net)
                  0.23    0.00   12.80 ^ ringosc.dstage[7].id.delayint0/A (sky130_fd_sc_hd__clkinv_1)
                  0.05    0.06   12.86 v ringosc.dstage[7].id.delayint0/Y (sky130_fd_sc_hd__clkinv_1)
     1    0.00                           ringosc.dstage[7].id.d2 (net)
                  0.05    0.00   12.86 v ringosc.dstage[7].id.delayen0/A (sky130_fd_sc_hd__einvp_1)
                  0.19    0.18   13.04 ^ ringosc.dstage[7].id.delayen0/Z (sky130_fd_sc_hd__einvp_1)
     1    0.01                           ringosc.dstage[7].id.out (net)
                  0.19    0.00   13.04 ^ ringosc.dstage[8].id.delaybuf0/A (sky130_fd_sc_hd__buf_1)
                  0.19    0.20   13.24 ^ ringosc.dstage[8].id.delaybuf0/X (sky130_fd_sc_hd__buf_1)
     3    0.01                           ringosc.dstage[8].id.ts (net)
                  0.19    0.00   13.24 ^ ringosc.dstage[8].id.delaybuf1/A (sky130_fd_sc_hd__clkbuf_1)
                  0.07    0.20   13.44 ^ ringosc.dstage[8].id.delaybuf1/X (sky130_fd_sc_hd__clkbuf_1)
     1    0.00                           ringosc.dstage[8].id.d0 (net)
                  0.07    0.00   13.44 ^ ringosc.dstage[8].id.delayen1/A (sky130_fd_sc_hd__einvp_1)
                  0.10    0.12   13.56 v ringosc.dstage[8].id.delayen1/Z (sky130_fd_sc_hd__einvp_1)
     1    0.01                           ringosc.dstage[8].id.d1 (net)
                  0.11    0.00   13.56 v ringosc.dstage[8].id.delayint0/A (sky130_fd_sc_hd__clkinv_1)
                  0.05    0.05   13.61 ^ ringosc.dstage[8].id.delayint0/Y (sky130_fd_sc_hd__clkinv_1)
     1    0.00                           ringosc.dstage[8].id.d2 (net)
                  0.05    0.00   13.61 ^ ringosc.dstage[8].id.delayen0/A (sky130_fd_sc_hd__einvp_2)
                  0.06    0.08   13.69 v ringosc.dstage[8].id.delayen0/Z (sky130_fd_sc_hd__einvp_2)
     1    0.01                           ringosc.dstage[8].id.out (net)
                  0.07    0.00   13.69 v ringosc.dstage[9].id.delaybuf0/A (sky130_fd_sc_hd__clkbuf_2)
                  0.07    0.17   13.86 v ringosc.dstage[9].id.delaybuf0/X (sky130_fd_sc_hd__clkbuf_2)
     3    0.01                           ringosc.dstage[9].id.ts (net)
                  0.07    0.00   13.86 v ringosc.dstage[9].id.delaybuf1/A (sky130_fd_sc_hd__clkbuf_1)
                  0.05    0.15   14.01 v ringosc.dstage[9].id.delaybuf1/X (sky130_fd_sc_hd__clkbuf_1)
     1    0.00                           ringosc.dstage[9].id.d0 (net)
                  0.05    0.00   14.01 v ringosc.dstage[9].id.delayen1/A (sky130_fd_sc_hd__einvp_1)
                  0.22    0.21   14.22 ^ ringosc.dstage[9].id.delayen1/Z (sky130_fd_sc_hd__einvp_1)
     1    0.01                           ringosc.dstage[9].id.d1 (net)
                  0.23    0.00   14.22 ^ ringosc.dstage[9].id.delayint0/A (sky130_fd_sc_hd__clkinv_1)
                  0.05    0.06   14.28 v ringosc.dstage[9].id.delayint0/Y (sky130_fd_sc_hd__clkinv_1)
     1    0.00                           ringosc.dstage[9].id.d2 (net)
                  0.05    0.00   14.28 v ringosc.dstage[9].id.delayen0/A (sky130_fd_sc_hd__einvp_1)
                  0.19    0.18   14.46 ^ ringosc.dstage[9].id.delayen0/Z (sky130_fd_sc_hd__einvp_1)
     1    0.01                           ringosc.dstage[10].id.in (net)
                  0.19    0.00   14.46 ^ ringosc.dstage[10].id.delaybuf0/A (sky130_fd_sc_hd__buf_1)
                  0.15    0.18   14.64 ^ ringosc.dstage[10].id.delaybuf0/X (sky130_fd_sc_hd__buf_1)
     3    0.01                           ringosc.dstage[10].id.ts (net)
                  0.15    0.00   14.64 ^ ringosc.dstage[10].id.delaybuf1/A (sky130_fd_sc_hd__clkbuf_1)
                  0.07    0.18   14.82 ^ ringosc.dstage[10].id.delaybuf1/X (sky130_fd_sc_hd__clkbuf_1)
     1    0.00                           ringosc.dstage[10].id.d0 (net)
                  0.07    0.00   14.82 ^ ringosc.dstage[10].id.delayen1/A (sky130_fd_sc_hd__einvp_1)
                  0.10    0.12   14.94 v ringosc.dstage[10].id.delayen1/Z (sky130_fd_sc_hd__einvp_1)
     1    0.01                           ringosc.dstage[10].id.d1 (net)
                  0.11    0.00   14.94 v ringosc.dstage[10].id.delayint0/A (sky130_fd_sc_hd__clkinv_1)
                  0.03    0.03   14.98 ^ ringosc.dstage[10].id.delayint0/Y (sky130_fd_sc_hd__clkinv_1)
     1    0.00                           ringosc.dstage[10].id.d2 (net)
                  0.03    0.00   14.98 ^ ringosc.dstage[10].id.delayen0/A (sky130_fd_sc_hd__einvp_1)
                  0.09    0.10   15.08 v ringosc.dstage[10].id.delayen0/Z (sky130_fd_sc_hd__einvp_1)
     1    0.01                           ringosc.dstage[10].id.out (net)
                  0.09    0.00   15.08 v ringosc.dstage[11].id.delaybuf0/A (sky130_fd_sc_hd__clkbuf_2)
                  0.10    0.20   15.27 v ringosc.dstage[11].id.delaybuf0/X (sky130_fd_sc_hd__clkbuf_2)
     3    0.01                           ringosc.dstage[11].id.ts (net)
                  0.10    0.00   15.27 v ringosc.dstage[11].id.delayenb0/A (sky130_fd_sc_hd__einvn_4)
                  0.22    0.22   15.49 ^ ringosc.dstage[11].id.delayenb0/Z (sky130_fd_sc_hd__einvn_4)
     3    0.02                           ringosc.dstage[11].id.out (net)
                  0.23    0.00   15.49 ^ ringosc.iss.delayenb0/A (sky130_fd_sc_hd__einvn_4)
                  0.10    0.17   15.67 v ringosc.iss.delayenb0/Z (sky130_fd_sc_hd__einvn_4)
     2    0.02                           ringosc.dstage[0].id.in (net)
                  0.10    0.00   15.67 v ringosc.ibufp00/A (sky130_fd_sc_hd__clkinv_2)
                  0.13    0.15   15.82 ^ ringosc.ibufp00/Y (sky130_fd_sc_hd__clkinv_2)
     1    0.02                           ringosc.c[0] (net)
                  0.13    0.00   15.82 ^ ringosc.ibufp01/A (sky130_fd_sc_hd__clkinv_8)
                  0.09    0.14   15.96 v ringosc.ibufp01/Y (sky130_fd_sc_hd__clkinv_8)
    25    0.04                           pll_control.clock (net)
                  0.09    0.00   15.96 v _353_/A1 (sky130_fd_sc_hd__mux2_1)
                  0.10    0.64   16.60 v _353_/X (sky130_fd_sc_hd__mux2_1)
     1    0.00                           net39 (net)
                  0.10    0.00   16.60 v output39/A (sky130_fd_sc_hd__clkbuf_1)
                  0.04    0.17   16.77 v output39/X (sky130_fd_sc_hd__clkbuf_1)
     1    0.00                           net85 (net)
                  0.04    0.00   16.77 v output77/A (sky130_fd_sc_hd__clkbuf_2)
                  0.13    0.24   17.01 v output77/X (sky130_fd_sc_hd__clkbuf_2)
     1    0.02                           clockc (net)
                  0.13    0.00   17.01 v clockc (out)
                                 17.01   data arrival time

                  0.00   25.00   25.00   clock w (rise edge)
                          0.00   25.00   clock network delay (ideal)
                          0.00   25.00   clock reconvergence pessimism
                         -5.00   20.00   output external delay
                                 20.00   data required time
-----------------------------------------------------------------------------
                                 20.00   data required time
                                -17.01   data arrival time
-----------------------------------------------------------------------------
                                  2.99   slack (MET)


