Startpoint: idiv16 (rising edge-triggered flip-flop)
Endpoint: clockd[3] (output port clocked by w)
Path Group: w
Path Type: min

Fanout     Cap    Slew   Delay    Time   Description
-----------------------------------------------------------------------------
                  0.06    0.00    0.00 ^ idiv16/CLK (sky130_fd_sc_hd__dfrbp_1)
                  0.02    0.26    0.26 v idiv16/Q_N (sky130_fd_sc_hd__dfrbp_1)
     3    0.00                           net43 (net)
                  0.02    0.00    0.26 v output43/A (sky130_fd_sc_hd__clkbuf_1)
                  0.02    0.05    0.31 v output43/X (sky130_fd_sc_hd__clkbuf_1)
     1    0.00                           net89 (net)
                  0.02    0.00    0.31 v output81/A (sky130_fd_sc_hd__clkbuf_2)
                  0.01    0.05    0.36 v output81/X (sky130_fd_sc_hd__clkbuf_2)
     1    0.02                           clockd[3] (net)
                  0.01    0.00    0.36 v clockd[3] (out)
                                  0.36   data arrival time

                  0.00    0.00    0.00   clock w (rise edge)
                          0.00    0.00   clock network delay (ideal)
                          0.00    0.00   clock reconvergence pessimism
                         -5.00   -5.00   output external delay
                                 -5.00   data required time
-----------------------------------------------------------------------------
                                 -5.00   data required time
                                 -0.36   data arrival time
-----------------------------------------------------------------------------
                                  5.36   slack (MET)


Startpoint: dco (input port clocked by w)
Endpoint: clockc (output port clocked by w)
Path Group: w
Path Type: max

Fanout     Cap    Slew   Delay    Time   Description
-----------------------------------------------------------------------------
                  0.00    0.00    0.00   clock w (rise edge)
                          0.00    0.00   clock network delay (ideal)
                          5.00    5.00 ^ input external delay
                  0.02    0.00    5.00 ^ dco (in)
     1    0.00                           dco (net)
                  0.02    0.00    5.00 ^ input39/A (sky130_fd_sc_hd__buf_1)
                  0.16    0.19    5.20 ^ input39/X (sky130_fd_sc_hd__buf_1)
     1    0.01                           net47 (net)
                  0.16    0.00    5.20 ^ input1/A (sky130_fd_sc_hd__buf_8)
                  0.12    0.26    5.45 ^ input1/X (sky130_fd_sc_hd__buf_8)
    18    0.04                           net1 (net)
                  0.12    0.00    5.45 ^ _355_/S (sky130_fd_sc_hd__mux2_1)
                  0.12    0.71    6.17 v _355_/X (sky130_fd_sc_hd__mux2_1)
     2    0.00                           ringosc.dstage[11].id.trim[1] (net)
                  0.12    0.00    6.17 v ringosc.dstage[11].id.delayen1/TE (sky130_fd_sc_hd__einvp_1)
                  0.11    0.23    6.40 v ringosc.dstage[11].id.delayen1/Z (sky130_fd_sc_hd__einvp_1)
     1    0.01                           ringosc.dstage[11].id.d1 (net)
                  0.11    0.00    6.40 v ringosc.dstage[11].id.delayint0/A (sky130_fd_sc_hd__clkinv_1)
                  0.09    0.07    6.47 ^ ringosc.dstage[11].id.delayint0/Y (sky130_fd_sc_hd__clkinv_1)
     1    0.01                           ringosc.dstage[11].id.d2 (net)
                  0.09    0.00    6.47 ^ ringosc.dstage[11].id.delayen0/A (sky130_fd_sc_hd__einvp_4)
                  0.10    0.13    6.60 v ringosc.dstage[11].id.delayen0/Z (sky130_fd_sc_hd__einvp_4)
     3    0.02                           ringosc.dstage[11].id.out (net)
                  0.10    0.00    6.60 v ringosc.iss.delaybuf0/A (sky130_fd_sc_hd__clkbuf_1)
                  0.05    0.13    6.73 v ringosc.iss.delaybuf0/X (sky130_fd_sc_hd__clkbuf_1)
     1    0.00                           ringosc.iss.d0 (net)
                  0.05    0.00    6.73 v ringosc.iss.delayen1/A (sky130_fd_sc_hd__einvp_1)
                  0.25    0.23    6.96 ^ ringosc.iss.delayen1/Z (sky130_fd_sc_hd__einvp_1)
     1    0.01                           ringosc.iss.d1 (net)
                  0.25    0.00    6.96 ^ ringosc.iss.delayint0/A (sky130_fd_sc_hd__clkinv_1)
                  0.14    0.13    7.09 v ringosc.iss.delayint0/Y (sky130_fd_sc_hd__clkinv_1)
     1    0.01                           ringosc.iss.d2 (net)
                  0.14    0.00    7.09 v ringosc.iss.delayen0/A (sky130_fd_sc_hd__einvp_4)
                  0.20    0.22    7.31 ^ ringosc.iss.delayen0/Z (sky130_fd_sc_hd__einvp_4)
     2    0.02                           ringosc.dstage[0].id.in (net)
                  0.20    0.00    7.31 ^ ringosc.dstage[0].id.delaybuf0/A (sky130_fd_sc_hd__buf_1)
                  0.13    0.16    7.47 ^ ringosc.dstage[0].id.delaybuf0/X (sky130_fd_sc_hd__buf_1)
     3    0.01                           ringosc.dstage[0].id.ts (net)
                  0.13    0.00    7.47 ^ ringosc.dstage[0].id.delaybuf1/A (sky130_fd_sc_hd__clkbuf_1)
                  0.08    0.18    7.64 ^ ringosc.dstage[0].id.delaybuf1/X (sky130_fd_sc_hd__clkbuf_1)
     1    0.00                           ringosc.dstage[0].id.d0 (net)
                  0.08    0.00    7.64 ^ ringosc.dstage[0].id.delayen1/A (sky130_fd_sc_hd__einvp_1)
                  0.11    0.13    7.77 v ringosc.dstage[0].id.delayen1/Z (sky130_fd_sc_hd__einvp_1)
     1    0.01                           ringosc.dstage[0].id.d1 (net)
                  0.11    0.00    7.77 v ringosc.dstage[0].id.delayint0/A (sky130_fd_sc_hd__clkinv_1)
                  0.04    0.04    7.81 ^ ringosc.dstage[0].id.delayint0/Y (sky130_fd_sc_hd__clkinv_1)
     1    0.00                           ringosc.dstage[0].id.d2 (net)
                  0.04    0.00    7.81 ^ ringosc.dstage[0].id.delayen0/A (sky130_fd_sc_hd__einvp_1)
                  0.10    0.11    7.92 v ringosc.dstage[0].id.delayen0/Z (sky130_fd_sc_hd__einvp_1)
     1    0.01                           ringosc.dstage[0].id.out (net)
                  0.10    0.00    7.92 v ringosc.dstage[1].id.delaybuf0/A (sky130_fd_sc_hd__buf_1)
                  0.11    0.17    8.10 v ringosc.dstage[1].id.delaybuf0/X (sky130_fd_sc_hd__buf_1)
     3    0.01                           ringosc.dstage[1].id.ts (net)
                  0.11    0.00    8.10 v ringosc.dstage[1].id.delaybuf1/A (sky130_fd_sc_hd__clkbuf_1)
                  0.05    0.17    8.27 v ringosc.dstage[1].id.delaybuf1/X (sky130_fd_sc_hd__clkbuf_1)
     1    0.00                           ringosc.dstage[1].id.d0 (net)
                  0.05    0.00    8.27 v ringosc.dstage[1].id.delayen1/A (sky130_fd_sc_hd__einvp_1)
                  0.17    0.17    8.44 ^ ringosc.dstage[1].id.delayen1/Z (sky130_fd_sc_hd__einvp_1)
     1    0.01                           ringosc.dstage[1].id.d1 (net)
                  0.17    0.00    8.44 ^ ringosc.dstage[1].id.delayint0/A (sky130_fd_sc_hd__clkinv_1)
                  0.06    0.06    8.51 v ringosc.dstage[1].id.delayint0/Y (sky130_fd_sc_hd__clkinv_1)
     1    0.00                           ringosc.dstage[1].id.d2 (net)
                  0.06    0.00    8.51 v ringosc.dstage[1].id.delayen0/A (sky130_fd_sc_hd__einvp_1)
                  0.21    0.20    8.70 ^ ringosc.dstage[1].id.delayen0/Z (sky130_fd_sc_hd__einvp_1)
     1    0.01                           ringosc.dstage[1].id.out (net)
                  0.21    0.00    8.70 ^ ringosc.dstage[2].id.delaybuf0/A (sky130_fd_sc_hd__buf_1)
                  0.18    0.20    8.90 ^ ringosc.dstage[2].id.delaybuf0/X (sky130_fd_sc_hd__buf_1)
     3    0.01                           ringosc.dstage[2].id.ts (net)
                  0.18    0.00    8.90 ^ ringosc.dstage[2].id.delaybuf1/A (sky130_fd_sc_hd__clkbuf_1)
                  0.08    0.20    9.10 ^ ringosc.dstage[2].id.delaybuf1/X (sky130_fd_sc_hd__clkbuf_1)
     1    0.00                           ringosc.dstage[2].id.d0 (net)
                  0.08    0.00    9.10 ^ ringosc.dstage[2].id.delayen1/A (sky130_fd_sc_hd__einvp_1)
                  0.11    0.13    9.24 v ringosc.dstage[2].id.delayen1/Z (sky130_fd_sc_hd__einvp_1)
     1    0.01                           ringosc.dstage[2].id.d1 (net)
                  0.12    0.00    9.24 v ringosc.dstage[2].id.delayint0/A (sky130_fd_sc_hd__clkinv_1)
                  0.04    0.04    9.27 ^ ringosc.dstage[2].id.delayint0/Y (sky130_fd_sc_hd__clkinv_1)
     1    0.00                           ringosc.dstage[2].id.d2 (net)
                  0.04    0.00    9.27 ^ ringosc.dstage[2].id.delayen0/A (sky130_fd_sc_hd__einvp_1)
                  0.10    0.11    9.38 v ringosc.dstage[2].id.delayen0/Z (sky130_fd_sc_hd__einvp_1)
     1    0.01                           ringosc.dstage[2].id.out (net)
                  0.11    0.00    9.38 v ringosc.dstage[3].id.delaybuf0/A (sky130_fd_sc_hd__buf_1)
                  0.03    0.10    9.48 v ringosc.dstage[3].id.delaybuf0/X (sky130_fd_sc_hd__buf_1)
     3    0.00                           ringosc.dstage[3].id.ts (net)
                  0.03    0.00    9.48 v ringosc.dstage[3].id.delaybuf1/A (sky130_fd_sc_hd__clkbuf_1)
                  0.05    0.14    9.62 v ringosc.dstage[3].id.delaybuf1/X (sky130_fd_sc_hd__clkbuf_1)
     1    0.00                           ringosc.dstage[3].id.d0 (net)
                  0.05    0.00    9.62 v ringosc.dstage[3].id.delayen1/A (sky130_fd_sc_hd__einvp_1)
                  0.24    0.22    9.84 ^ ringosc.dstage[3].id.delayen1/Z (sky130_fd_sc_hd__einvp_1)
     1    0.01                           ringosc.dstage[3].id.d1 (net)
                  0.25    0.00    9.84 ^ ringosc.dstage[3].id.delayint0/A (sky130_fd_sc_hd__clkinv_1)
                  0.06    0.07    9.91 v ringosc.dstage[3].id.delayint0/Y (sky130_fd_sc_hd__clkinv_1)
     1    0.00                           ringosc.dstage[3].id.d2 (net)
                  0.06    0.00    9.91 v ringosc.dstage[3].id.delayen0/A (sky130_fd_sc_hd__einvp_1)
                  0.21    0.20   10.11 ^ ringosc.dstage[3].id.delayen0/Z (sky130_fd_sc_hd__einvp_1)
     1    0.01                           ringosc.dstage[3].id.out (net)
                  0.22    0.00   10.11 ^ ringosc.dstage[4].id.delaybuf0/A (sky130_fd_sc_hd__buf_1)
                  0.21    0.22   10.33 ^ ringosc.dstage[4].id.delaybuf0/X (sky130_fd_sc_hd__buf_1)
     3    0.01                           ringosc.dstage[4].id.ts (net)
                  0.21    0.00   10.33 ^ ringosc.dstage[4].id.delaybuf1/A (sky130_fd_sc_hd__clkbuf_1)
                  0.09    0.22   10.55 ^ ringosc.dstage[4].id.delaybuf1/X (sky130_fd_sc_hd__clkbuf_1)
     1    0.00                           ringosc.dstage[4].id.d0 (net)
                  0.09    0.00   10.55 ^ ringosc.dstage[4].id.delayen1/A (sky130_fd_sc_hd__einvp_1)
                  0.07    0.10   10.65 v ringosc.dstage[4].id.delayen1/Z (sky130_fd_sc_hd__einvp_1)
     1    0.00                           ringosc.dstage[4].id.d1 (net)
                  0.08    0.00   10.65 v ringosc.dstage[4].id.delayint0/A (sky130_fd_sc_hd__clkinv_1)
                  0.04    0.04   10.69 ^ ringosc.dstage[4].id.delayint0/Y (sky130_fd_sc_hd__clkinv_1)
     1    0.00                           ringosc.dstage[4].id.d2 (net)
                  0.04    0.00   10.69 ^ ringosc.dstage[4].id.delayen0/A (sky130_fd_sc_hd__einvp_1)
                  0.03    0.05   10.74 v ringosc.dstage[4].id.delayen0/Z (sky130_fd_sc_hd__einvp_1)
     1    0.00                           ringosc.dstage[4].id.out (net)
                  0.07    0.00   10.74 v ringosc.dstage[5].id.delaybuf0/A (sky130_fd_sc_hd__buf_1)
                  0.10    0.17   10.91 v ringosc.dstage[5].id.delaybuf0/X (sky130_fd_sc_hd__buf_1)
     3    0.01                           ringosc.dstage[5].id.ts (net)
                  0.10    0.00   10.91 v ringosc.dstage[5].id.delaybuf1/A (sky130_fd_sc_hd__clkbuf_1)
                  0.05    0.17   11.08 v ringosc.dstage[5].id.delaybuf1/X (sky130_fd_sc_hd__clkbuf_1)
     1    0.00                           ringosc.dstage[5].id.d0 (net)
                  0.05    0.00   11.08 v ringosc.dstage[5].id.delayen1/A (sky130_fd_sc_hd__einvp_1)
                  0.24    0.22   11.30 ^ ringosc.dstage[5].id.delayen1/Z (sky130_fd_sc_hd__einvp_1)
     1    0.01                           ringosc.dstage[5].id.d1 (net)
                  0.24    0.00   11.30 ^ ringosc.dstage[5].id.delayint0/A (sky130_fd_sc_hd__clkinv_1)
                  0.08    0.09   11.39 v ringosc.dstage[5].id.delayint0/Y (sky130_fd_sc_hd__clkinv_1)
     1    0.00                           ringosc.dstage[5].id.d2 (net)
                  0.08    0.00   11.39 v ringosc.dstage[5].id.delayen0/A (sky130_fd_sc_hd__einvp_2)
                  0.21    0.20   11.59 ^ ringosc.dstage[5].id.delayen0/Z (sky130_fd_sc_hd__einvp_2)
     2    0.01                           ringosc.dstage[5].id.out (net)
                  0.21    0.00   11.59 ^ ringosc.dstage[6].id.delaybuf0/A (sky130_fd_sc_hd__buf_1)
                  0.03    0.09   11.68 ^ ringosc.dstage[6].id.delaybuf0/X (sky130_fd_sc_hd__buf_1)
     3    0.00                           ringosc.dstage[6].id.ts (net)
                  0.03    0.00   11.68 ^ ringosc.dstage[6].id.delaybuf1/A (sky130_fd_sc_hd__clkbuf_1)
                  0.07    0.13   11.81 ^ ringosc.dstage[6].id.delaybuf1/X (sky130_fd_sc_hd__clkbuf_1)
     1    0.00                           ringosc.dstage[6].id.d0 (net)
                  0.07    0.00   11.81 ^ ringosc.dstage[6].id.delayen1/A (sky130_fd_sc_hd__einvp_1)
                  0.08    0.11   11.92 v ringosc.dstage[6].id.delayen1/Z (sky130_fd_sc_hd__einvp_1)
     1    0.01                           ringosc.dstage[6].id.d1 (net)
                  0.08    0.00   11.92 v ringosc.dstage[6].id.delayint0/A (sky130_fd_sc_hd__clkinv_1)
                  0.04    0.04   11.95 ^ ringosc.dstage[6].id.delayint0/Y (sky130_fd_sc_hd__clkinv_1)
     1    0.00                           ringosc.dstage[6].id.d2 (net)
                  0.04    0.00   11.95 ^ ringosc.dstage[6].id.delayen0/A (sky130_fd_sc_hd__einvp_1)
                  0.06    0.08   12.03 v ringosc.dstage[6].id.delayen0/Z (sky130_fd_sc_hd__einvp_1)
     1    0.00                           ringosc.dstage[6].id.out (net)
                  0.06    0.00   12.03 v ringosc.dstage[7].id.delaybuf0/A (sky130_fd_sc_hd__buf_1)
                  0.08    0.15   12.18 v ringosc.dstage[7].id.delaybuf0/X (sky130_fd_sc_hd__buf_1)
     3    0.01                           ringosc.dstage[7].id.ts (net)
                  0.08    0.00   12.18 v ringosc.dstage[7].id.delaybuf1/A (sky130_fd_sc_hd__clkbuf_1)
                  0.05    0.16   12.34 v ringosc.dstage[7].id.delaybuf1/X (sky130_fd_sc_hd__clkbuf_1)
     1    0.00                           ringosc.dstage[7].id.d0 (net)
                  0.05    0.00   12.34 v ringosc.dstage[7].id.delayen1/A (sky130_fd_sc_hd__einvp_1)
                  0.25    0.23   12.57 ^ ringosc.dstage[7].id.delayen1/Z (sky130_fd_sc_hd__einvp_1)
     1    0.01                           ringosc.dstage[7].id.d1 (net)
                  0.26    0.00   12.57 ^ ringosc.dstage[7].id.delayint0/A (sky130_fd_sc_hd__clkinv_1)
                  0.06    0.07   12.64 v ringosc.dstage[7].id.delayint0/Y (sky130_fd_sc_hd__clkinv_1)
     1    0.00                           ringosc.dstage[7].id.d2 (net)
                  0.06    0.00   12.64 v ringosc.dstage[7].id.delayen0/A (sky130_fd_sc_hd__einvp_1)
                  0.23    0.22   12.85 ^ ringosc.dstage[7].id.delayen0/Z (sky130_fd_sc_hd__einvp_1)
     1    0.01                           ringosc.dstage[7].id.out (net)
                  0.23    0.00   12.85 ^ ringosc.dstage[8].id.delaybuf0/A (sky130_fd_sc_hd__buf_1)
                  0.22    0.22   13.08 ^ ringosc.dstage[8].id.delaybuf0/X (sky130_fd_sc_hd__buf_1)
     3    0.01                           ringosc.dstage[8].id.ts (net)
                  0.22    0.00   13.08 ^ ringosc.dstage[8].id.delaybuf1/A (sky130_fd_sc_hd__clkbuf_1)
                  0.08    0.21   13.29 ^ ringosc.dstage[8].id.delaybuf1/X (sky130_fd_sc_hd__clkbuf_1)
     1    0.00                           ringosc.dstage[8].id.d0 (net)
                  0.08    0.00   13.29 ^ ringosc.dstage[8].id.delayen1/A (sky130_fd_sc_hd__einvp_1)
                  0.11    0.13   13.42 v ringosc.dstage[8].id.delayen1/Z (sky130_fd_sc_hd__einvp_1)
     1    0.01                           ringosc.dstage[8].id.d1 (net)
                  0.12    0.00   13.42 v ringosc.dstage[8].id.delayint0/A (sky130_fd_sc_hd__clkinv_1)
                  0.06    0.05   13.46 ^ ringosc.dstage[8].id.delayint0/Y (sky130_fd_sc_hd__clkinv_1)
     1    0.00                           ringosc.dstage[8].id.d2 (net)
                  0.06    0.00   13.46 ^ ringosc.dstage[8].id.delayen0/A (sky130_fd_sc_hd__einvp_2)
                  0.09    0.10   13.57 v ringosc.dstage[8].id.delayen0/Z (sky130_fd_sc_hd__einvp_2)
     1    0.01                           ringosc.dstage[8].id.out (net)
                  0.10    0.00   13.57 v ringosc.dstage[9].id.delaybuf0/A (sky130_fd_sc_hd__clkbuf_2)
                  0.10    0.19   13.76 v ringosc.dstage[9].id.delaybuf0/X (sky130_fd_sc_hd__clkbuf_2)
     3    0.01                           ringosc.dstage[9].id.ts (net)
                  0.10    0.00   13.76 v ringosc.dstage[9].id.delaybuf1/A (sky130_fd_sc_hd__clkbuf_1)
                  0.05    0.17   13.93 v ringosc.dstage[9].id.delaybuf1/X (sky130_fd_sc_hd__clkbuf_1)
     1    0.00                           ringosc.dstage[9].id.d0 (net)
                  0.05    0.00   13.93 v ringosc.dstage[9].id.delayen1/A (sky130_fd_sc_hd__einvp_1)
                  0.25    0.23   14.16 ^ ringosc.dstage[9].id.delayen1/Z (sky130_fd_sc_hd__einvp_1)
     1    0.01                           ringosc.dstage[9].id.d1 (net)
                  0.25    0.00   14.16 ^ ringosc.dstage[9].id.delayint0/A (sky130_fd_sc_hd__clkinv_1)
                  0.06    0.07   14.23 v ringosc.dstage[9].id.delayint0/Y (sky130_fd_sc_hd__clkinv_1)
     1    0.00                           ringosc.dstage[9].id.d2 (net)
                  0.06    0.00   14.23 v ringosc.dstage[9].id.delayen0/A (sky130_fd_sc_hd__einvp_1)
                  0.20    0.20   14.42 ^ ringosc.dstage[9].id.delayen0/Z (sky130_fd_sc_hd__einvp_1)
     1    0.01                           ringosc.dstage[10].id.in (net)
                  0.21    0.00   14.42 ^ ringosc.dstage[10].id.delaybuf0/A (sky130_fd_sc_hd__buf_1)
                  0.13    0.16   14.58 ^ ringosc.dstage[10].id.delaybuf0/X (sky130_fd_sc_hd__buf_1)
     3    0.01                           ringosc.dstage[10].id.ts (net)
                  0.13    0.00   14.58 ^ ringosc.dstage[10].id.delaybuf1/A (sky130_fd_sc_hd__clkbuf_1)
                  0.08    0.18   14.76 ^ ringosc.dstage[10].id.delaybuf1/X (sky130_fd_sc_hd__clkbuf_1)
     1    0.00                           ringosc.dstage[10].id.d0 (net)
                  0.08    0.00   14.76 ^ ringosc.dstage[10].id.delayen1/A (sky130_fd_sc_hd__einvp_1)
                  0.11    0.13   14.89 v ringosc.dstage[10].id.delayen1/Z (sky130_fd_sc_hd__einvp_1)
     1    0.01                           ringosc.dstage[10].id.d1 (net)
                  0.11    0.00   14.89 v ringosc.dstage[10].id.delayint0/A (sky130_fd_sc_hd__clkinv_1)
                  0.04    0.04   14.93 ^ ringosc.dstage[10].id.delayint0/Y (sky130_fd_sc_hd__clkinv_1)
     1    0.00                           ringosc.dstage[10].id.d2 (net)
                  0.04    0.00   14.93 ^ ringosc.dstage[10].id.delayen0/A (sky130_fd_sc_hd__einvp_1)
                  0.11    0.11   15.04 v ringosc.dstage[10].id.delayen0/Z (sky130_fd_sc_hd__einvp_1)
     1    0.01                           ringosc.dstage[10].id.out (net)
                  0.11    0.00   15.04 v ringosc.dstage[11].id.delaybuf0/A (sky130_fd_sc_hd__clkbuf_2)
                  0.11    0.20   15.24 v ringosc.dstage[11].id.delaybuf0/X (sky130_fd_sc_hd__clkbuf_2)
     3    0.01                           ringosc.dstage[11].id.ts (net)
                  0.11    0.00   15.24 v ringosc.dstage[11].id.delayenb0/A (sky130_fd_sc_hd__einvn_4)
                  0.24    0.24   15.48 ^ ringosc.dstage[11].id.delayenb0/Z (sky130_fd_sc_hd__einvn_4)
     3    0.02                           ringosc.dstage[11].id.out (net)
                  0.25    0.00   15.48 ^ ringosc.iss.delayenb0/A (sky130_fd_sc_hd__einvn_4)
                  0.11    0.17   15.65 v ringosc.iss.delayenb0/Z (sky130_fd_sc_hd__einvn_4)
     2    0.02                           ringosc.dstage[0].id.in (net)
                  0.11    0.00   15.65 v ringosc.ibufp00/A (sky130_fd_sc_hd__clkinv_2)
                  0.13    0.15   15.80 ^ ringosc.ibufp00/Y (sky130_fd_sc_hd__clkinv_2)
     1    0.02                           ringosc.c[0] (net)
                  0.13    0.00   15.80 ^ ringosc.ibufp01/A (sky130_fd_sc_hd__clkinv_8)
                  0.04    0.08   15.89 v ringosc.ibufp01/Y (sky130_fd_sc_hd__clkinv_8)
    25    0.01                           pll_control.clock (net)
                  0.04    0.00   15.89 v _353_/A1 (sky130_fd_sc_hd__mux2_1)
                  0.15    0.70   16.59 v _353_/X (sky130_fd_sc_hd__mux2_1)
     1    0.01                           net39 (net)
                  0.15    0.00   16.59 v output39/A (sky130_fd_sc_hd__clkbuf_1)
                  0.06    0.21   16.80 v output39/X (sky130_fd_sc_hd__clkbuf_1)
     1    0.00                           net85 (net)
                  0.06    0.00   16.80 v output77/A (sky130_fd_sc_hd__clkbuf_2)
                  0.03    0.15   16.95 v output77/X (sky130_fd_sc_hd__clkbuf_2)
     1    0.02                           clockc (net)
                  0.03    0.00   16.95 v clockc (out)
                                 16.95   data arrival time

                  0.00   25.00   25.00   clock w (rise edge)
                          0.00   25.00   clock network delay (ideal)
                          0.00   25.00   clock reconvergence pessimism
                         -5.00   20.00   output external delay
                                 20.00   data required time
-----------------------------------------------------------------------------
                                 20.00   data required time
                                -16.95   data arrival time
-----------------------------------------------------------------------------
                                  3.05   slack (MET)


