Startpoint: idiv2 (rising edge-triggered flip-flop)
Endpoint: clockd[0] (output port clocked by w)
Path Group: w
Path Type: min

Fanout     Cap    Slew   Delay    Time   Description
-----------------------------------------------------------------------------
                  0.03    0.00    0.00 ^ idiv2/CLK (sky130_fd_sc_hd__dfrbp_1)
                  0.08    0.29    0.29 v idiv2/Q_N (sky130_fd_sc_hd__dfrbp_1)
     4    0.02                           clockd[0] (net)
                  0.08    0.00    0.29 v clockd[0] (out)
                                  0.29   data arrival time

                  0.00    0.00    0.00   clock w (rise edge)
                          0.00    0.00   clock network delay (ideal)
                          0.00    0.00   clock reconvergence pessimism
                         -5.00   -5.00   output external delay
                                 -5.00   data required time
-----------------------------------------------------------------------------
                                 -5.00   data required time
                                 -0.29   data arrival time
-----------------------------------------------------------------------------
                                  5.29   slack (MET)


Startpoint: dco (input port clocked by w)
Endpoint: clockc (output port clocked by w)
Path Group: w
Path Type: max

Fanout     Cap    Slew   Delay    Time   Description
-----------------------------------------------------------------------------
                  0.00    0.00    0.00   clock w (rise edge)
                          0.00    0.00   clock network delay (ideal)
                          5.00    5.00 ^ input external delay
                  0.22    0.15    5.15 ^ dco (in)
    27    0.09                           dco (net)
                  0.22    0.00    5.15 ^ _354_/S (sky130_fd_sc_hd__mux2_1)
                  0.21    0.89    6.04 v _354_/X (sky130_fd_sc_hd__mux2_1)
     2    0.01                           ringosc.dstage[11].id.trim[0] (net)
                  0.21    0.00    6.04 v ringosc.dstage[11].id.delayen0/TE (sky130_fd_sc_hd__einvp_2)
                  0.32    0.27    6.30 v ringosc.dstage[11].id.delayen0/Z (sky130_fd_sc_hd__einvp_2)
     3    0.04                           ringosc.dstage[11].id.out (net)
                  0.32    0.00    6.30 v ringosc.iss.delaybuf0/A (sky130_fd_sc_hd__clkbuf_1)
                  0.07    0.14    6.45 v ringosc.iss.delaybuf0/X (sky130_fd_sc_hd__clkbuf_1)
     1    0.00                           ringosc.iss.d0 (net)
                  0.07    0.00    6.45 v ringosc.iss.delayen1/A (sky130_fd_sc_hd__einvp_2)
                  0.18    0.18    6.62 ^ ringosc.iss.delayen1/Z (sky130_fd_sc_hd__einvp_2)
     1    0.01                           ringosc.iss.d1 (net)
                  0.18    0.00    6.62 ^ ringosc.iss.delayint0/A (sky130_fd_sc_hd__clkinv_1)
                  0.08    0.08    6.71 v ringosc.iss.delayint0/Y (sky130_fd_sc_hd__clkinv_1)
     1    0.00                           ringosc.iss.d2 (net)
                  0.08    0.00    6.71 v ringosc.iss.delayen0/A (sky130_fd_sc_hd__einvp_2)
                  0.38    0.33    7.04 ^ ringosc.iss.delayen0/Z (sky130_fd_sc_hd__einvp_2)
     2    0.02                           ringosc.dstage[0].id.in (net)
                  0.67    0.00    7.04 ^ ringosc.dstage[0].id.delaybuf0/A (sky130_fd_sc_hd__clkbuf_2)
                  0.25    0.29    7.33 ^ ringosc.dstage[0].id.delaybuf0/X (sky130_fd_sc_hd__clkbuf_2)
     3    0.03                           ringosc.dstage[0].id.ts (net)
                  0.25    0.00    7.33 ^ ringosc.dstage[0].id.delaybuf1/A (sky130_fd_sc_hd__clkbuf_1)
                  0.11    0.24    7.57 ^ ringosc.dstage[0].id.delaybuf1/X (sky130_fd_sc_hd__clkbuf_1)
     1    0.00                           ringosc.dstage[0].id.d0 (net)
                  0.11    0.00    7.57 ^ ringosc.dstage[0].id.delayen1/A (sky130_fd_sc_hd__einvp_2)
                  0.09    0.12    7.69 v ringosc.dstage[0].id.delayen1/Z (sky130_fd_sc_hd__einvp_2)
     1    0.01                           ringosc.dstage[0].id.d1 (net)
                  0.09    0.00    7.69 v ringosc.dstage[0].id.delayint0/A (sky130_fd_sc_hd__clkinv_1)
                  0.05    0.05    7.74 ^ ringosc.dstage[0].id.delayint0/Y (sky130_fd_sc_hd__clkinv_1)
     1    0.00                           ringosc.dstage[0].id.d2 (net)
                  0.05    0.00    7.74 ^ ringosc.dstage[0].id.delayen0/A (sky130_fd_sc_hd__einvp_2)
                  0.12    0.13    7.87 v ringosc.dstage[0].id.delayen0/Z (sky130_fd_sc_hd__einvp_2)
     1    0.01                           ringosc.dstage[0].id.out (net)
                  0.12    0.00    7.87 v ringosc.dstage[1].id.delaybuf0/A (sky130_fd_sc_hd__clkbuf_2)
                  0.19    0.26    8.13 v ringosc.dstage[1].id.delaybuf0/X (sky130_fd_sc_hd__clkbuf_2)
     3    0.03                           ringosc.dstage[1].id.ts (net)
                  0.19    0.00    8.13 v ringosc.dstage[1].id.delaybuf1/A (sky130_fd_sc_hd__clkbuf_1)
                  0.07    0.23    8.36 v ringosc.dstage[1].id.delaybuf1/X (sky130_fd_sc_hd__clkbuf_1)
     1    0.00                           ringosc.dstage[1].id.d0 (net)
                  0.07    0.00    8.36 v ringosc.dstage[1].id.delayen1/A (sky130_fd_sc_hd__einvp_2)
                  0.18    0.18    8.54 ^ ringosc.dstage[1].id.delayen1/Z (sky130_fd_sc_hd__einvp_2)
     1    0.01                           ringosc.dstage[1].id.d1 (net)
                  0.18    0.00    8.54 ^ ringosc.dstage[1].id.delayint0/A (sky130_fd_sc_hd__clkinv_1)
                  0.08    0.08    8.62 v ringosc.dstage[1].id.delayint0/Y (sky130_fd_sc_hd__clkinv_1)
     1    0.00                           ringosc.dstage[1].id.d2 (net)
                  0.08    0.00    8.62 v ringosc.dstage[1].id.delayen0/A (sky130_fd_sc_hd__einvp_2)
                  0.25    0.23    8.85 ^ ringosc.dstage[1].id.delayen0/Z (sky130_fd_sc_hd__einvp_2)
     1    0.01                           ringosc.dstage[1].id.out (net)
                  0.25    0.00    8.85 ^ ringosc.dstage[2].id.delaybuf0/A (sky130_fd_sc_hd__clkbuf_2)
                  0.25    0.29    9.14 ^ ringosc.dstage[2].id.delaybuf0/X (sky130_fd_sc_hd__clkbuf_2)
     3    0.03                           ringosc.dstage[2].id.ts (net)
                  0.25    0.00    9.14 ^ ringosc.dstage[2].id.delaybuf1/A (sky130_fd_sc_hd__clkbuf_1)
                  0.11    0.24    9.39 ^ ringosc.dstage[2].id.delaybuf1/X (sky130_fd_sc_hd__clkbuf_1)
     1    0.00                           ringosc.dstage[2].id.d0 (net)
                  0.11    0.00    9.39 ^ ringosc.dstage[2].id.delayen1/A (sky130_fd_sc_hd__einvp_2)
                  0.09    0.12    9.51 v ringosc.dstage[2].id.delayen1/Z (sky130_fd_sc_hd__einvp_2)
     1    0.01                           ringosc.dstage[2].id.d1 (net)
                  0.09    0.00    9.51 v ringosc.dstage[2].id.delayint0/A (sky130_fd_sc_hd__clkinv_1)
                  0.05    0.05    9.56 ^ ringosc.dstage[2].id.delayint0/Y (sky130_fd_sc_hd__clkinv_1)
     1    0.00                           ringosc.dstage[2].id.d2 (net)
                  0.05    0.00    9.56 ^ ringosc.dstage[2].id.delayen0/A (sky130_fd_sc_hd__einvp_2)
                  0.12    0.13    9.68 v ringosc.dstage[2].id.delayen0/Z (sky130_fd_sc_hd__einvp_2)
     1    0.01                           ringosc.dstage[2].id.out (net)
                  0.12    0.00    9.68 v ringosc.dstage[3].id.delaybuf0/A (sky130_fd_sc_hd__clkbuf_2)
                  0.19    0.26    9.95 v ringosc.dstage[3].id.delaybuf0/X (sky130_fd_sc_hd__clkbuf_2)
     3    0.03                           ringosc.dstage[3].id.ts (net)
                  0.19    0.00    9.95 v ringosc.dstage[3].id.delaybuf1/A (sky130_fd_sc_hd__clkbuf_1)
                  0.07    0.23   10.18 v ringosc.dstage[3].id.delaybuf1/X (sky130_fd_sc_hd__clkbuf_1)
     1    0.00                           ringosc.dstage[3].id.d0 (net)
                  0.07    0.00   10.18 v ringosc.dstage[3].id.delayen1/A (sky130_fd_sc_hd__einvp_2)
                  0.18    0.18   10.35 ^ ringosc.dstage[3].id.delayen1/Z (sky130_fd_sc_hd__einvp_2)
     1    0.01                           ringosc.dstage[3].id.d1 (net)
                  0.18    0.00   10.35 ^ ringosc.dstage[3].id.delayint0/A (sky130_fd_sc_hd__clkinv_1)
                  0.08    0.08   10.44 v ringosc.dstage[3].id.delayint0/Y (sky130_fd_sc_hd__clkinv_1)
     1    0.00                           ringosc.dstage[3].id.d2 (net)
                  0.08    0.00   10.44 v ringosc.dstage[3].id.delayen0/A (sky130_fd_sc_hd__einvp_2)
                  0.25    0.23   10.67 ^ ringosc.dstage[3].id.delayen0/Z (sky130_fd_sc_hd__einvp_2)
     1    0.01                           ringosc.dstage[3].id.out (net)
                  0.25    0.00   10.67 ^ ringosc.dstage[4].id.delaybuf0/A (sky130_fd_sc_hd__clkbuf_2)
                  0.25    0.29   10.96 ^ ringosc.dstage[4].id.delaybuf0/X (sky130_fd_sc_hd__clkbuf_2)
     3    0.03                           ringosc.dstage[4].id.ts (net)
                  0.25    0.00   10.96 ^ ringosc.dstage[4].id.delaybuf1/A (sky130_fd_sc_hd__clkbuf_1)
                  0.11    0.24   11.20 ^ ringosc.dstage[4].id.delaybuf1/X (sky130_fd_sc_hd__clkbuf_1)
     1    0.00                           ringosc.dstage[4].id.d0 (net)
                  0.11    0.00   11.20 ^ ringosc.dstage[4].id.delayen1/A (sky130_fd_sc_hd__einvp_2)
                  0.09    0.12   11.33 v ringosc.dstage[4].id.delayen1/Z (sky130_fd_sc_hd__einvp_2)
     1    0.01                           ringosc.dstage[4].id.d1 (net)
                  0.09    0.00   11.33 v ringosc.dstage[4].id.delayint0/A (sky130_fd_sc_hd__clkinv_1)
                  0.05    0.05   11.37 ^ ringosc.dstage[4].id.delayint0/Y (sky130_fd_sc_hd__clkinv_1)
     1    0.00                           ringosc.dstage[4].id.d2 (net)
                  0.05    0.00   11.37 ^ ringosc.dstage[4].id.delayen0/A (sky130_fd_sc_hd__einvp_2)
                  0.12    0.13   11.50 v ringosc.dstage[4].id.delayen0/Z (sky130_fd_sc_hd__einvp_2)
     1    0.01                           ringosc.dstage[4].id.out (net)
                  0.12    0.00   11.50 v ringosc.dstage[5].id.delaybuf0/A (sky130_fd_sc_hd__clkbuf_2)
                  0.19    0.26   11.76 v ringosc.dstage[5].id.delaybuf0/X (sky130_fd_sc_hd__clkbuf_2)
     3    0.03                           ringosc.dstage[5].id.ts (net)
                  0.19    0.00   11.76 v ringosc.dstage[5].id.delaybuf1/A (sky130_fd_sc_hd__clkbuf_1)
                  0.07    0.23   11.99 v ringosc.dstage[5].id.delaybuf1/X (sky130_fd_sc_hd__clkbuf_1)
     1    0.00                           ringosc.dstage[5].id.d0 (net)
                  0.07    0.00   11.99 v ringosc.dstage[5].id.delayen1/A (sky130_fd_sc_hd__einvp_2)
                  0.18    0.18   12.17 ^ ringosc.dstage[5].id.delayen1/Z (sky130_fd_sc_hd__einvp_2)
     1    0.01                           ringosc.dstage[5].id.d1 (net)
                  0.18    0.00   12.17 ^ ringosc.dstage[5].id.delayint0/A (sky130_fd_sc_hd__clkinv_1)
                  0.08    0.08   12.25 v ringosc.dstage[5].id.delayint0/Y (sky130_fd_sc_hd__clkinv_1)
     1    0.00                           ringosc.dstage[5].id.d2 (net)
                  0.08    0.00   12.25 v ringosc.dstage[5].id.delayen0/A (sky130_fd_sc_hd__einvp_2)
                  0.35    0.31   12.56 ^ ringosc.dstage[5].id.delayen0/Z (sky130_fd_sc_hd__einvp_2)
     2    0.02                           ringosc.dstage[5].id.out (net)
                  0.35    0.00   12.56 ^ ringosc.dstage[6].id.delaybuf0/A (sky130_fd_sc_hd__clkbuf_2)
                  0.25    0.29   12.85 ^ ringosc.dstage[6].id.delaybuf0/X (sky130_fd_sc_hd__clkbuf_2)
     3    0.03                           ringosc.dstage[6].id.ts (net)
                  0.25    0.00   12.85 ^ ringosc.dstage[6].id.delaybuf1/A (sky130_fd_sc_hd__clkbuf_1)
                  0.11    0.24   13.09 ^ ringosc.dstage[6].id.delaybuf1/X (sky130_fd_sc_hd__clkbuf_1)
     1    0.00                           ringosc.dstage[6].id.d0 (net)
                  0.11    0.00   13.09 ^ ringosc.dstage[6].id.delayen1/A (sky130_fd_sc_hd__einvp_2)
                  0.09    0.12   13.22 v ringosc.dstage[6].id.delayen1/Z (sky130_fd_sc_hd__einvp_2)
     1    0.01                           ringosc.dstage[6].id.d1 (net)
                  0.09    0.00   13.22 v ringosc.dstage[6].id.delayint0/A (sky130_fd_sc_hd__clkinv_1)
                  0.05    0.05   13.26 ^ ringosc.dstage[6].id.delayint0/Y (sky130_fd_sc_hd__clkinv_1)
     1    0.00                           ringosc.dstage[6].id.d2 (net)
                  0.05    0.00   13.26 ^ ringosc.dstage[6].id.delayen0/A (sky130_fd_sc_hd__einvp_2)
                  0.12    0.13   13.39 v ringosc.dstage[6].id.delayen0/Z (sky130_fd_sc_hd__einvp_2)
     1    0.01                           ringosc.dstage[6].id.out (net)
                  0.12    0.00   13.39 v ringosc.dstage[7].id.delaybuf0/A (sky130_fd_sc_hd__clkbuf_2)
                  0.19    0.26   13.65 v ringosc.dstage[7].id.delaybuf0/X (sky130_fd_sc_hd__clkbuf_2)
     3    0.03                           ringosc.dstage[7].id.ts (net)
                  0.19    0.00   13.65 v ringosc.dstage[7].id.delaybuf1/A (sky130_fd_sc_hd__clkbuf_1)
                  0.07    0.23   13.88 v ringosc.dstage[7].id.delaybuf1/X (sky130_fd_sc_hd__clkbuf_1)
     1    0.00                           ringosc.dstage[7].id.d0 (net)
                  0.07    0.00   13.88 v ringosc.dstage[7].id.delayen1/A (sky130_fd_sc_hd__einvp_2)
                  0.18    0.18   14.06 ^ ringosc.dstage[7].id.delayen1/Z (sky130_fd_sc_hd__einvp_2)
     1    0.01                           ringosc.dstage[7].id.d1 (net)
                  0.18    0.00   14.06 ^ ringosc.dstage[7].id.delayint0/A (sky130_fd_sc_hd__clkinv_1)
                  0.08    0.08   14.14 v ringosc.dstage[7].id.delayint0/Y (sky130_fd_sc_hd__clkinv_1)
     1    0.00                           ringosc.dstage[7].id.d2 (net)
                  0.08    0.00   14.14 v ringosc.dstage[7].id.delayen0/A (sky130_fd_sc_hd__einvp_2)
                  0.25    0.23   14.38 ^ ringosc.dstage[7].id.delayen0/Z (sky130_fd_sc_hd__einvp_2)
     1    0.01                           ringosc.dstage[7].id.out (net)
                  0.25    0.00   14.38 ^ ringosc.dstage[8].id.delaybuf0/A (sky130_fd_sc_hd__clkbuf_2)
                  0.25    0.29   14.67 ^ ringosc.dstage[8].id.delaybuf0/X (sky130_fd_sc_hd__clkbuf_2)
     3    0.03                           ringosc.dstage[8].id.ts (net)
                  0.25    0.00   14.67 ^ ringosc.dstage[8].id.delaybuf1/A (sky130_fd_sc_hd__clkbuf_1)
                  0.11    0.24   14.91 ^ ringosc.dstage[8].id.delaybuf1/X (sky130_fd_sc_hd__clkbuf_1)
     1    0.00                           ringosc.dstage[8].id.d0 (net)
                  0.11    0.00   14.91 ^ ringosc.dstage[8].id.delayen1/A (sky130_fd_sc_hd__einvp_2)
                  0.09    0.12   15.03 v ringosc.dstage[8].id.delayen1/Z (sky130_fd_sc_hd__einvp_2)
     1    0.01                           ringosc.dstage[8].id.d1 (net)
                  0.09    0.00   15.03 v ringosc.dstage[8].id.delayint0/A (sky130_fd_sc_hd__clkinv_1)
                  0.05    0.05   15.08 ^ ringosc.dstage[8].id.delayint0/Y (sky130_fd_sc_hd__clkinv_1)
     1    0.00                           ringosc.dstage[8].id.d2 (net)
                  0.05    0.00   15.08 ^ ringosc.dstage[8].id.delayen0/A (sky130_fd_sc_hd__einvp_2)
                  0.12    0.13   15.21 v ringosc.dstage[8].id.delayen0/Z (sky130_fd_sc_hd__einvp_2)
     1    0.01                           ringosc.dstage[8].id.out (net)
                  0.12    0.00   15.21 v ringosc.dstage[9].id.delaybuf0/A (sky130_fd_sc_hd__clkbuf_2)
                  0.19    0.26   15.47 v ringosc.dstage[9].id.delaybuf0/X (sky130_fd_sc_hd__clkbuf_2)
     3    0.03                           ringosc.dstage[9].id.ts (net)
                  0.19    0.00   15.47 v ringosc.dstage[9].id.delaybuf1/A (sky130_fd_sc_hd__clkbuf_1)
                  0.07    0.23   15.70 v ringosc.dstage[9].id.delaybuf1/X (sky130_fd_sc_hd__clkbuf_1)
     1    0.00                           ringosc.dstage[9].id.d0 (net)
                  0.07    0.00   15.70 v ringosc.dstage[9].id.delayen1/A (sky130_fd_sc_hd__einvp_2)
                  0.18    0.18   15.88 ^ ringosc.dstage[9].id.delayen1/Z (sky130_fd_sc_hd__einvp_2)
     1    0.01                           ringosc.dstage[9].id.d1 (net)
                  0.18    0.00   15.88 ^ ringosc.dstage[9].id.delayint0/A (sky130_fd_sc_hd__clkinv_1)
                  0.08    0.08   15.96 v ringosc.dstage[9].id.delayint0/Y (sky130_fd_sc_hd__clkinv_1)
     1    0.00                           ringosc.dstage[9].id.d2 (net)
                  0.08    0.00   15.96 v ringosc.dstage[9].id.delayen0/A (sky130_fd_sc_hd__einvp_2)
                  0.25    0.23   16.19 ^ ringosc.dstage[9].id.delayen0/Z (sky130_fd_sc_hd__einvp_2)
     1    0.01                           ringosc.dstage[10].id.in (net)
                  0.25    0.00   16.19 ^ ringosc.dstage[10].id.delaybuf0/A (sky130_fd_sc_hd__clkbuf_2)
                  0.25    0.29   16.48 ^ ringosc.dstage[10].id.delaybuf0/X (sky130_fd_sc_hd__clkbuf_2)
     3    0.03                           ringosc.dstage[10].id.ts (net)
                  0.25    0.00   16.48 ^ ringosc.dstage[10].id.delaybuf1/A (sky130_fd_sc_hd__clkbuf_1)
                  0.11    0.24   16.73 ^ ringosc.dstage[10].id.delaybuf1/X (sky130_fd_sc_hd__clkbuf_1)
     1    0.00                           ringosc.dstage[10].id.d0 (net)
                  0.11    0.00   16.73 ^ ringosc.dstage[10].id.delayen1/A (sky130_fd_sc_hd__einvp_2)
                  0.09    0.12   16.85 v ringosc.dstage[10].id.delayen1/Z (sky130_fd_sc_hd__einvp_2)
     1    0.01                           ringosc.dstage[10].id.d1 (net)
                  0.09    0.00   16.85 v ringosc.dstage[10].id.delayint0/A (sky130_fd_sc_hd__clkinv_1)
                  0.05    0.05   16.90 ^ ringosc.dstage[10].id.delayint0/Y (sky130_fd_sc_hd__clkinv_1)
     1    0.00                           ringosc.dstage[10].id.d2 (net)
                  0.05    0.00   16.90 ^ ringosc.dstage[10].id.delayen0/A (sky130_fd_sc_hd__einvp_2)
                  0.12    0.13   17.02 v ringosc.dstage[10].id.delayen0/Z (sky130_fd_sc_hd__einvp_2)
     1    0.01                           ringosc.dstage[10].id.out (net)
                  0.12    0.00   17.02 v ringosc.dstage[11].id.delaybuf0/A (sky130_fd_sc_hd__clkbuf_2)
                  0.19    0.26   17.29 v ringosc.dstage[11].id.delaybuf0/X (sky130_fd_sc_hd__clkbuf_2)
     3    0.03                           ringosc.dstage[11].id.ts (net)
                  0.19    0.00   17.29 v ringosc.dstage[11].id.delayenb0/A (sky130_fd_sc_hd__einvn_8)
                  0.22    0.26   17.55 ^ ringosc.dstage[11].id.delayenb0/Z (sky130_fd_sc_hd__einvn_8)
     3    0.04                           ringosc.dstage[11].id.out (net)
                  0.71    0.00   17.55 ^ ringosc.iss.delayenb0/A (sky130_fd_sc_hd__einvn_8)
                  0.14    0.21   17.75 v ringosc.iss.delayenb0/Z (sky130_fd_sc_hd__einvn_8)
     2    0.02                           ringosc.dstage[0].id.in (net)
                  0.31    0.00   17.75 v ringosc.ibufp00/A (sky130_fd_sc_hd__clkinv_2)
                  0.16    0.24   18.00 ^ ringosc.ibufp00/Y (sky130_fd_sc_hd__clkinv_2)
     1    0.02                           ringosc.c[0] (net)
                  0.16    0.00   18.00 ^ ringosc.ibufp01/A (sky130_fd_sc_hd__clkinv_8)
                  0.09    0.15   18.15 v ringosc.ibufp01/Y (sky130_fd_sc_hd__clkinv_8)
    25    0.04                           pll_control.clock (net)
                  0.09    0.00   18.15 v _353_/A1 (sky130_fd_sc_hd__mux2_1)
                  0.25    0.83   18.97 v _353_/X (sky130_fd_sc_hd__mux2_1)
     1    0.02                           clockc (net)
                  0.25    0.00   18.97 v clockc (out)
                                 18.97   data arrival time

                  0.00   25.00   25.00   clock w (rise edge)
                          0.00   25.00   clock network delay (ideal)
                          0.00   25.00   clock reconvergence pessimism
                         -5.00   20.00   output external delay
                                 20.00   data required time
-----------------------------------------------------------------------------
                                 20.00   data required time
                                -18.97   data arrival time
-----------------------------------------------------------------------------
                                  1.03   slack (MET)


