0-prep 0h0m0s597ms
1-yosys 0h0m4s519ms
2-opensta 0h0m1s582ms
3-verilog2def_openroad 0h0m2s22ms
4-ioPlacer 0h0m1s704ms
5-tapcell 0h0m1s707ms
6-klayout_scrot 0h0m4s780ms
7-pdn 0h0m2s147ms
8-replace 0h0m7s844ms
8-resizer 0h0m6s902ms
9-write_verilog 0h0m1s706ms
10-opensta_post_resizer 0h0m1s602ms
11-opendp 0h0m1s661ms
12-klayout_scrot 0h0m4s986ms
13-fastroute 0h0m9s73ms
14-addspacers 0h0m1s524ms
15-write_verilog 0h0m1s622ms
16-tritonRoute 0h0m22s374ms
17-klayout_scrot 0h0m5s155ms
18-spef_extraction 0h0m0s784ms
19-opensta_spef 0h0m1s656ms
21-write_verilog 0h0m1s770ms
23-klayout_scrot 0h0m5s229ms
26-magic_gen 0h0m7s158ms
27-magic_ext_spice 0h0m1s638ms