CVC: Log output to /openLANE_flow/designs/digital_pll/runs/first_run/results/cvc/cvc_digital_pll.log
CVC: Error output to /openLANE_flow/designs/digital_pll/runs/first_run/results/cvc/cvc_digital_pll.error.gz
CVC: Debug output to /openLANE_flow/designs/digital_pll/runs/first_run/results/cvc/cvc_digital_pll.debug.gz
CVC: Circuit Validation Check  Version 1.0.0
CVC: Start: Tue May 18 10:25:19 2021

Using the following parameters for CVC (Circuit Validation Check) from /openLANE_flow/scripts/cvc/sky130A/cvcrc.sky130A
CVC_TOP = 'digital_pll'
CVC_NETLIST = '/openLANE_flow/designs/digital_pll/runs/first_run/results/cvc/digital_pll.cdl'
CVC_MODE = 'digital_pll'
CVC_MODEL_FILE = '/openLANE_flow/scripts/cvc/sky130A/cvc.sky130A.models'
CVC_POWER_FILE = '/openLANE_flow/designs/digital_pll/runs/first_run/results/cvc/digital_pll.power'
CVC_FUSE_FILE = ''
CVC_REPORT_FILE = '/openLANE_flow/designs/digital_pll/runs/first_run/results/cvc/cvc_digital_pll.log'
CVC_REPORT_TITLE = 'CVC $CVC_TOP'
CVC_CIRCUIT_ERROR_LIMIT = '100'
CVC_SEARCH_LIMIT = '100'
CVC_LEAK_LIMIT = '0.0002'
CVC_SOI = 'false'
CVC_SCRC = 'false'
CVC_VTH_GATES = 'false'
CVC_MIN_VTH_GATES = 'false'
CVC_IGNORE_VTH_FLOATING = 'false'
CVC_IGNORE_NO_LEAK_FLOATING = 'false'
CVC_LEAK_OVERVOLTAGE = 'true'
CVC_LOGIC_DIODES = 'false'
CVC_ANALOG_GATES = 'true'
CVC_BACKUP_RESULTS = 'false'
CVC_MOS_DIODE_ERROR_THRESHOLD = '0'
CVC_SHORT_ERROR_THRESHOLD = '0'
CVC_BIAS_ERROR_THRESHOLD = '0'
CVC_FORWARD_ERROR_THRESHOLD = '0'
CVC_FLOATING_ERROR_THRESHOLD = '0'
CVC_GATE_ERROR_THRESHOLD = '0'
CVC_LEAK?_ERROR_THRESHOLD = '0'
CVC_EXPECTED_ERROR_THRESHOLD = '0'
CVC_OVERVOLTAGE_ERROR_THRESHOLD = '0'
CVC_PARALLEL_CIRCUIT_PORT_LIMIT = '0'
CVC_CELL_ERROR_LIMIT_FILE = ''
CVC_CELL_CHECKSUM_FILE = ''
CVC_LARGE_CIRCUIT_SIZE = '10000000'
CVC_NET_CHECK_FILE = ''
End of parameters

CVC: Reading device model settings...
CVC: Reading power settings...
CVC: Parsing netlist /openLANE_flow/designs/digital_pll/runs/first_run/results/cvc/digital_pll.cdl
Cdl fixed data size 32729
Usage CDL: Time: 0  Memory: 7132  I/O: 4272  Swap: 0
CVC: Counting and linking...
CVC: Assigning IDs ...
Usage DB: Time: 0  Memory: 7132  I/O: 4272  Swap: 0
CVC: 901(901) instances, 1450(1450) nets, 3378(3378) devices.
CVC: Setting models ...
Setting model tolerances...
CVC: Shorting switches...
	Shorted 2 short
Setting instance power...

ModelList> filename /openLANE_flow/scripts/cvc/sky130A/cvc.sky130A.models
 Model> nfet_01v8       1688 M->nmos       Parameters> Vth=0.2 Vds=1.8 Vgs=1.8 R=L/W*7000 Diodes> 4-1 4-3
 Model> pfet_01v8_hvt      1688 M->pmos       Parameters> Vth=-0.2 Vds=1.8 Vgs=1.8 R=L/W*7000 Diodes> 1-4 3-4
 Model> short              2 R->switch_on  Parameters>
ModelList> end

Power List> filename /openLANE_flow/designs/digital_pll/runs/first_run/results/cvc/digital_pll.power
 VPWR power 1.8 -> 1.8 power
 VGND power 0.0 -> 0.0 power
 dco~>std_input input std_input -> min@0.0 max@1.8 input family(std_input;)
 enable~>std_input input std_input -> min@0.0 max@1.8 input family(std_input;)
 osc~>std_input input std_input -> min@0.0 max@1.8 input family(std_input;)
 resetb~>std_input input std_input -> min@0.0 max@1.8 input family(std_input;)
div[4:0]~>std_input input std_input
 ->div[0] input std_input -> min@0.0 max@1.8 input family(std_input;)
 ->div[1] input std_input -> min@0.0 max@1.8 input family(std_input;)
 ->div[2] input std_input -> min@0.0 max@1.8 input family(std_input;)
 ->div[3] input std_input -> min@0.0 max@1.8 input family(std_input;)
 ->div[4] input std_input -> min@0.0 max@1.8 input family(std_input;)
ext_trim[25:0]~>std_input input std_input
 ->ext_trim[0] input std_input -> min@0.0 max@1.8 input family(std_input;)
 ->ext_trim[10] input std_input -> min@0.0 max@1.8 input family(std_input;)
 ->ext_trim[11] input std_input -> min@0.0 max@1.8 input family(std_input;)
 ->ext_trim[12] input std_input -> min@0.0 max@1.8 input family(std_input;)
 ->ext_trim[13] input std_input -> min@0.0 max@1.8 input family(std_input;)
 ->ext_trim[14] input std_input -> min@0.0 max@1.8 input family(std_input;)
 ->ext_trim[15] input std_input -> min@0.0 max@1.8 input family(std_input;)
 ->ext_trim[16] input std_input -> min@0.0 max@1.8 input family(std_input;)
 ->ext_trim[17] input std_input -> min@0.0 max@1.8 input family(std_input;)
 ->ext_trim[18] input std_input -> min@0.0 max@1.8 input family(std_input;)
 ->ext_trim[19] input std_input -> min@0.0 max@1.8 input family(std_input;)
 ->ext_trim[1] input std_input -> min@0.0 max@1.8 input family(std_input;)
 ->ext_trim[20] input std_input -> min@0.0 max@1.8 input family(std_input;)
 ->ext_trim[21] input std_input -> min@0.0 max@1.8 input family(std_input;)
 ->ext_trim[22] input std_input -> min@0.0 max@1.8 input family(std_input;)
 ->ext_trim[23] input std_input -> min@0.0 max@1.8 input family(std_input;)
 ->ext_trim[24] input std_input -> min@0.0 max@1.8 input family(std_input;)
 ->ext_trim[25] input std_input -> min@0.0 max@1.8 input family(std_input;)
 ->ext_trim[2] input std_input -> min@0.0 max@1.8 input family(std_input;)
 ->ext_trim[3] input std_input -> min@0.0 max@1.8 input family(std_input;)
 ->ext_trim[4] input std_input -> min@0.0 max@1.8 input family(std_input;)
 ->ext_trim[5] input std_input -> min@0.0 max@1.8 input family(std_input;)
 ->ext_trim[6] input std_input -> min@0.0 max@1.8 input family(std_input;)
 ->ext_trim[7] input std_input -> min@0.0 max@1.8 input family(std_input;)
 ->ext_trim[8] input std_input -> min@0.0 max@1.8 input family(std_input;)
 ->ext_trim[9] input std_input -> min@0.0 max@1.8 input family(std_input;)
> expected values
> macros
 #define std_input min@VGND max@VPWR -> min@0.0 max@1.8
Power List> end

CVC: Linking devices...
Usage EQUIV: Time: 0  Memory: 7832  I/O: 4336  Swap: 0
Power nets 44
Hash dump:parameter->resistance map
Contains 53 buckets, 38 elements
Element count 0, 22
Element count 1, 24
Element count 2, 7
Unused hash: 0.42, average depth 1.37
Hash dump:text->circuit map
Contains 337 buckets, 438 elements
Element count 0, 84
Element count 1, 123
Element count 2, 85
Element count 3, 36
Element count 4, 8
Element count 5, 1
Unused hash: 0.25, average depth 2.15
Hash dump:string->text map
Contains 1493 buckets, 2392 elements
Element count 0, 301
Element count 1, 493
Element count 2, 373
Element count 3, 193
Element count 4, 99
Element count 5, 27
Element count 6, 6
Element count 7, 1
Unused hash: 0.20, average depth 2.61
CVC: Shorting non conducting resistors...
CVC: Calculating resistor voltages...
Usage RES: Time: 0  Memory: 7832  I/O: 4336  Swap: 0
Power nets 44
CVC: Calculating min/max voltages...
Processing trivial nets found 485 trivial nets
CVC: Ignoring invalid calculations...
CVC:   Removed 0 calculations
Copying master nets
CVC: Ignoring non-conducting devices...
CVC:   Ignored 0 devices
Usage MIN/MAX1: Time: 0  Memory: 7832  I/O: 4336  Swap: 0
Power nets 599
! Checking forward bias diode errors: 

! Checking nmos source/drain vs bias errors: 

! Checking nmos gate vs source errors: 

! Checking pmos source/drain vs bias errors: 

! Checking pmos gate vs source errors: 

Usage ERROR: Time: 0  Memory: 7832  I/O: 4336  Swap: 0
CVC: Propagating Simulation voltages 1...
Usage SIM1: Time: 0  Memory: 7832  I/O: 4336  Swap: 0
Power nets 599
CVC: Propagating Simulation voltages 3...
Usage SIM2: Time: 0  Memory: 7832  I/O: 4336  Swap: 0
Power nets 599
Added 0 latch voltages
CVC: Calculating min/max voltages...
Processing trivial nets found 485 trivial nets
CVC: Ignoring invalid calculations...
CVC:   Removed 0 calculations
Copying master nets
CVC: Ignoring non-conducting devices...
CVC:   Ignored 0 devices
Usage MIN/MAX2: Time: 0  Memory: 8132  I/O: 4336  Swap: 0
Power nets 1154
! Checking overvoltage errors

! Checking nmos possible leak errors: 

! Checking pmos possible leak errors: 

! Checking mos floating input errors:

! Checking expected values:

CVC: Error Counts
CVC: Fuse Problems:         0
CVC: Min Voltage Conflicts: 0
CVC: Max Voltage Conflicts: 0
CVC: Leaks:                 0
CVC: LDD drain->source:     0
CVC: HI-Z Inputs:           0
CVC: Forward Bias Diodes:   0
CVC: NMOS Source vs Bulk:   0
CVC: NMOS Gate vs Source:   0
CVC: NMOS Possible Leaks:   0
CVC: PMOS Source vs Bulk:   0
CVC: PMOS Gate vs Source:   0
CVC: PMOS Possible Leaks:   0
CVC: Overvoltage-VBG:       0
CVC: Overvoltage-VBS:       0
CVC: Overvoltage-VDS:       0
CVC: Overvoltage-VGS:       0
CVC: Unexpected voltage :   0
CVC: Total:                 0
Usage Total: Time: 0  Memory: 8544  I/O: 4376  Swap: 0
Virtual net update/access 11519/338475
CVC: Log output to /openLANE_flow/designs/digital_pll/runs/first_run/results/cvc/cvc_digital_pll.log
CVC: End: Tue May 18 10:25:19 2021

