0-prep 0h0m1s648ms
1-yosys 0h0m4s442ms
2-opensta 0h0m1s568ms
3-verilog2def_openroad 0h0m2s37ms
4-ioPlacer 0h0m1s612ms
5-tapcell 0h0m1s577ms
6-klayout_scrot 0h0m4s745ms
7-pdn 0h0m2s36ms
8-replace 0h0m8s221ms
8-resizer 0h0m7s284ms
9-write_verilog 0h0m1s556ms
10-opensta_post_resizer 0h0m1s568ms
11-opendp 0h0m1s676ms
12-klayout_scrot 0h0m4s915ms
13-fastroute 0h0m8s607ms
14-addspacers 0h0m1s791ms
15-write_verilog 0h0m1s661ms
16-tritonRoute 0h0m17s646ms
17-klayout_scrot 0h0m5s57ms
18-spef_extraction 0h0m0s743ms
19-opensta_spef 0h0m1s643ms
21-write_verilog 0h0m1s873ms
23-klayout_scrot 0h0m5s75ms
26-magic_gen 0h0m7s138ms
27-magic_ext_gds.spice 0h0m2s381ms
28-magic_drc 0h0m3s171ms
29-lvs 0h0m0s848ms