Startpoint: _317_ (rising edge-triggered flip-flop)
Endpoint: clockp[1] (output port clocked by w)
Path Group: w
Path Type: min

Fanout     Cap    Slew   Delay    Time   Description
-----------------------------------------------------------------------------
                  0.05    0.00    0.00 ^ _317_/CLK (sky130_fd_sc_hd__dfrtp_2)
                  0.07    0.25    0.25 ^ _317_/Q (sky130_fd_sc_hd__dfrtp_2)
     6    0.02                           pll_control.tint[3] (net)
                  0.07    0.00    0.25 ^ _254_/A (sky130_fd_sc_hd__or2_4)
                  0.06    0.11    0.36 ^ _254_/X (sky130_fd_sc_hd__or2_4)
     9    0.02                           _135_ (net)
                  0.06    0.00    0.36 ^ _257_/A2 (sky130_fd_sc_hd__o31a_1)
                  0.09    0.13    0.49 ^ _257_/X (sky130_fd_sc_hd__o31a_1)
     2    0.01                           pll_control.trim[5] (net)
                  0.09    0.00    0.49 ^ ringosc.dstage[5].id.delayenb0/TE_B (sky130_fd_sc_hd__einvn_4)
                  0.00    0.03    0.51 v ringosc.dstage[5].id.delayenb0/Z (sky130_fd_sc_hd__einvn_4)
     2    0.01                           ringosc.dstage[5].id.out (net)
                  0.00    0.00    0.51 v ringosc.ibufp10/A (sky130_fd_sc_hd__inv_1)
                  0.04    0.03    0.54 ^ ringosc.ibufp10/Y (sky130_fd_sc_hd__inv_1)
     1    0.00                           ringosc.c[1] (net)
                  0.04    0.00    0.54 ^ ringosc.ibufp11/A (sky130_fd_sc_hd__inv_2)
                  0.01    0.01    0.56 v ringosc.ibufp11/Y (sky130_fd_sc_hd__inv_2)
     1    0.00                           net10 (net)
                  0.01    0.00    0.56 v output10/A (sky130_fd_sc_hd__clkbuf_2)
                  0.05    0.09    0.64 v output10/X (sky130_fd_sc_hd__clkbuf_2)
     1    0.02                           clockp[1] (net)
                  0.05    0.00    0.64 v clockp[1] (out)
                                  0.64   data arrival time

                  0.00    0.00    0.00   clock w (rise edge)
                          0.00    0.00   clock network delay (ideal)
                          0.00    0.00   clock reconvergence pessimism
                         -5.00   -5.00   output external delay
                                 -5.00   data required time
-----------------------------------------------------------------------------
                                 -5.00   data required time
                                 -0.64   data arrival time
-----------------------------------------------------------------------------
                                  5.64   slack (MET)


Startpoint: resetb (input port clocked by w)
Endpoint: clockp[0] (output port clocked by w)
Path Group: w
Path Type: max

Fanout     Cap    Slew   Delay    Time   Description
-----------------------------------------------------------------------------
                  0.00    0.00    0.00   clock w (rise edge)
                          0.00    0.00   clock network delay (ideal)
                          5.00    5.00 ^ input external delay
                  0.02    0.00    5.00 ^ resetb (in)
     1    0.00                           resetb (net)
                  0.02    0.00    5.00 ^ input8/A (sky130_fd_sc_hd__buf_1)
                  0.19    0.21    5.22 ^ input8/X (sky130_fd_sc_hd__buf_1)
     1    0.01                           net8 (net)
                  0.19    0.00    5.22 ^ _155_/B (sky130_fd_sc_hd__nand2_4)
                  0.14    0.20    5.42 v _155_/Y (sky130_fd_sc_hd__nand2_4)
     3    0.03                           pll_control.reset (net)
                  0.14    0.00    5.42 v ringosc.iss.ctrlen0/A (sky130_fd_sc_hd__or2_1)
                  0.13    0.56    5.98 v ringosc.iss.ctrlen0/X (sky130_fd_sc_hd__or2_1)
     1    0.01                           ringosc.iss.ctrl0 (net)
                  0.13    0.00    5.98 v ringosc.iss.delayenb0/TE_B (sky130_fd_sc_hd__einvn_4)
                  0.09    0.26    6.24 v ringosc.iss.delayenb0/Z (sky130_fd_sc_hd__einvn_4)
     2    0.02                           ringosc.dstage[0].id.in (net)
                  0.10    0.00    6.24 v ringosc.dstage[0].id.delaybuf0/A (sky130_fd_sc_hd__clkbuf_2)
                  0.09    0.19    6.42 v ringosc.dstage[0].id.delaybuf0/X (sky130_fd_sc_hd__clkbuf_2)
     3    0.01                           ringosc.dstage[0].id.ts (net)
                  0.09    0.00    6.42 v ringosc.dstage[0].id.delaybuf1/A (sky130_fd_sc_hd__clkbuf_1)
                  0.05    0.16    6.59 v ringosc.dstage[0].id.delaybuf1/X (sky130_fd_sc_hd__clkbuf_1)
     1    0.00                           ringosc.dstage[0].id.d0 (net)
                  0.05    0.00    6.59 v ringosc.dstage[0].id.delayen1/A (sky130_fd_sc_hd__einvp_1)
                  0.25    0.23    6.82 ^ ringosc.dstage[0].id.delayen1/Z (sky130_fd_sc_hd__einvp_1)
     1    0.01                           ringosc.dstage[0].id.d1 (net)
                  0.25    0.00    6.82 ^ ringosc.dstage[0].id.delayint0/A (sky130_fd_sc_hd__clkinv_1)
                  0.05    0.06    6.88 v ringosc.dstage[0].id.delayint0/Y (sky130_fd_sc_hd__clkinv_1)
     1    0.00                           ringosc.dstage[0].id.d2 (net)
                  0.05    0.00    6.88 v ringosc.dstage[0].id.delayen0/A (sky130_fd_sc_hd__einvp_1)
                  0.22    0.21    7.09 ^ ringosc.dstage[0].id.delayen0/Z (sky130_fd_sc_hd__einvp_1)
     1    0.01                           ringosc.dstage[0].id.out (net)
                  0.22    0.00    7.09 ^ ringosc.dstage[1].id.delaybuf0/A (sky130_fd_sc_hd__clkbuf_2)
                  0.11    0.19    7.28 ^ ringosc.dstage[1].id.delaybuf0/X (sky130_fd_sc_hd__clkbuf_2)
     3    0.01                           ringosc.dstage[1].id.ts (net)
                  0.11    0.00    7.28 ^ ringosc.dstage[1].id.delaybuf1/A (sky130_fd_sc_hd__clkbuf_1)
                  0.07    0.16    7.44 ^ ringosc.dstage[1].id.delaybuf1/X (sky130_fd_sc_hd__clkbuf_1)
     1    0.00                           ringosc.dstage[1].id.d0 (net)
                  0.07    0.00    7.44 ^ ringosc.dstage[1].id.delayen1/A (sky130_fd_sc_hd__einvp_1)
                  0.12    0.13    7.57 v ringosc.dstage[1].id.delayen1/Z (sky130_fd_sc_hd__einvp_1)
     1    0.01                           ringosc.dstage[1].id.d1 (net)
                  0.12    0.00    7.57 v ringosc.dstage[1].id.delayint0/A (sky130_fd_sc_hd__clkinv_1)
                  0.03    0.03    7.61 ^ ringosc.dstage[1].id.delayint0/Y (sky130_fd_sc_hd__clkinv_1)
     1    0.00                           ringosc.dstage[1].id.d2 (net)
                  0.03    0.00    7.61 ^ ringosc.dstage[1].id.delayen0/A (sky130_fd_sc_hd__einvp_1)
                  0.10    0.11    7.72 v ringosc.dstage[1].id.delayen0/Z (sky130_fd_sc_hd__einvp_1)
     1    0.01                           ringosc.dstage[1].id.out (net)
                  0.10    0.00    7.72 v ringosc.dstage[2].id.delaybuf0/A (sky130_fd_sc_hd__clkbuf_2)
                  0.09    0.19    7.90 v ringosc.dstage[2].id.delaybuf0/X (sky130_fd_sc_hd__clkbuf_2)
     3    0.01                           ringosc.dstage[2].id.ts (net)
                  0.09    0.00    7.90 v ringosc.dstage[2].id.delaybuf1/A (sky130_fd_sc_hd__clkbuf_1)
                  0.05    0.16    8.07 v ringosc.dstage[2].id.delaybuf1/X (sky130_fd_sc_hd__clkbuf_1)
     1    0.00                           ringosc.dstage[2].id.d0 (net)
                  0.05    0.00    8.07 v ringosc.dstage[2].id.delayen1/A (sky130_fd_sc_hd__einvp_1)
                  0.25    0.23    8.30 ^ ringosc.dstage[2].id.delayen1/Z (sky130_fd_sc_hd__einvp_1)
     1    0.01                           ringosc.dstage[2].id.d1 (net)
                  0.25    0.00    8.30 ^ ringosc.dstage[2].id.delayint0/A (sky130_fd_sc_hd__clkinv_1)
                  0.05    0.06    8.36 v ringosc.dstage[2].id.delayint0/Y (sky130_fd_sc_hd__clkinv_1)
     1    0.00                           ringosc.dstage[2].id.d2 (net)
                  0.05    0.00    8.36 v ringosc.dstage[2].id.delayen0/A (sky130_fd_sc_hd__einvp_1)
                  0.22    0.21    8.57 ^ ringosc.dstage[2].id.delayen0/Z (sky130_fd_sc_hd__einvp_1)
     1    0.01                           ringosc.dstage[2].id.out (net)
                  0.22    0.00    8.57 ^ ringosc.dstage[3].id.delaybuf0/A (sky130_fd_sc_hd__clkbuf_2)
                  0.11    0.19    8.76 ^ ringosc.dstage[3].id.delaybuf0/X (sky130_fd_sc_hd__clkbuf_2)
     3    0.01                           ringosc.dstage[3].id.ts (net)
                  0.11    0.00    8.76 ^ ringosc.dstage[3].id.delaybuf1/A (sky130_fd_sc_hd__clkbuf_1)
                  0.07    0.16    8.92 ^ ringosc.dstage[3].id.delaybuf1/X (sky130_fd_sc_hd__clkbuf_1)
     1    0.00                           ringosc.dstage[3].id.d0 (net)
                  0.07    0.00    8.92 ^ ringosc.dstage[3].id.delayen1/A (sky130_fd_sc_hd__einvp_1)
                  0.12    0.13    9.05 v ringosc.dstage[3].id.delayen1/Z (sky130_fd_sc_hd__einvp_1)
     1    0.01                           ringosc.dstage[3].id.d1 (net)
                  0.12    0.00    9.05 v ringosc.dstage[3].id.delayint0/A (sky130_fd_sc_hd__clkinv_1)
                  0.03    0.03    9.09 ^ ringosc.dstage[3].id.delayint0/Y (sky130_fd_sc_hd__clkinv_1)
     1    0.00                           ringosc.dstage[3].id.d2 (net)
                  0.03    0.00    9.09 ^ ringosc.dstage[3].id.delayen0/A (sky130_fd_sc_hd__einvp_1)
                  0.10    0.11    9.20 v ringosc.dstage[3].id.delayen0/Z (sky130_fd_sc_hd__einvp_1)
     1    0.01                           ringosc.dstage[3].id.out (net)
                  0.10    0.00    9.20 v ringosc.dstage[4].id.delaybuf0/A (sky130_fd_sc_hd__clkbuf_2)
                  0.09    0.19    9.38 v ringosc.dstage[4].id.delaybuf0/X (sky130_fd_sc_hd__clkbuf_2)
     3    0.01                           ringosc.dstage[4].id.ts (net)
                  0.09    0.00    9.38 v ringosc.dstage[4].id.delaybuf1/A (sky130_fd_sc_hd__clkbuf_1)
                  0.05    0.16    9.55 v ringosc.dstage[4].id.delaybuf1/X (sky130_fd_sc_hd__clkbuf_1)
     1    0.00                           ringosc.dstage[4].id.d0 (net)
                  0.05    0.00    9.55 v ringosc.dstage[4].id.delayen1/A (sky130_fd_sc_hd__einvp_1)
                  0.25    0.23    9.78 ^ ringosc.dstage[4].id.delayen1/Z (sky130_fd_sc_hd__einvp_1)
     1    0.01                           ringosc.dstage[4].id.d1 (net)
                  0.25    0.00    9.78 ^ ringosc.dstage[4].id.delayint0/A (sky130_fd_sc_hd__clkinv_1)
                  0.05    0.06    9.84 v ringosc.dstage[4].id.delayint0/Y (sky130_fd_sc_hd__clkinv_1)
     1    0.00                           ringosc.dstage[4].id.d2 (net)
                  0.05    0.00    9.84 v ringosc.dstage[4].id.delayen0/A (sky130_fd_sc_hd__einvp_1)
                  0.22    0.21   10.05 ^ ringosc.dstage[4].id.delayen0/Z (sky130_fd_sc_hd__einvp_1)
     1    0.01                           ringosc.dstage[4].id.out (net)
                  0.22    0.00   10.05 ^ ringosc.dstage[5].id.delaybuf0/A (sky130_fd_sc_hd__clkbuf_2)
                  0.15    0.21   10.26 ^ ringosc.dstage[5].id.delaybuf0/X (sky130_fd_sc_hd__clkbuf_2)
     3    0.02                           ringosc.dstage[5].id.ts (net)
                  0.15    0.00   10.26 ^ ringosc.dstage[5].id.delaybuf1/A (sky130_fd_sc_hd__clkbuf_1)
                  0.07    0.18   10.44 ^ ringosc.dstage[5].id.delaybuf1/X (sky130_fd_sc_hd__clkbuf_1)
     1    0.00                           ringosc.dstage[5].id.d0 (net)
                  0.07    0.00   10.44 ^ ringosc.dstage[5].id.delayen1/A (sky130_fd_sc_hd__einvp_1)
                  0.12    0.13   10.57 v ringosc.dstage[5].id.delayen1/Z (sky130_fd_sc_hd__einvp_1)
     1    0.01                           ringosc.dstage[5].id.d1 (net)
                  0.12    0.00   10.57 v ringosc.dstage[5].id.delayint0/A (sky130_fd_sc_hd__clkinv_1)
                  0.05    0.05   10.62 ^ ringosc.dstage[5].id.delayint0/Y (sky130_fd_sc_hd__clkinv_1)
     1    0.00                           ringosc.dstage[5].id.d2 (net)
                  0.05    0.00   10.62 ^ ringosc.dstage[5].id.delayen0/A (sky130_fd_sc_hd__einvp_2)
                  0.09    0.11   10.73 v ringosc.dstage[5].id.delayen0/Z (sky130_fd_sc_hd__einvp_2)
     2    0.01                           ringosc.dstage[5].id.out (net)
                  0.09    0.00   10.73 v ringosc.dstage[6].id.delaybuf0/A (sky130_fd_sc_hd__clkbuf_2)
                  0.09    0.19   10.91 v ringosc.dstage[6].id.delaybuf0/X (sky130_fd_sc_hd__clkbuf_2)
     3    0.01                           ringosc.dstage[6].id.ts (net)
                  0.09    0.00   10.91 v ringosc.dstage[6].id.delaybuf1/A (sky130_fd_sc_hd__clkbuf_1)
                  0.05    0.16   11.08 v ringosc.dstage[6].id.delaybuf1/X (sky130_fd_sc_hd__clkbuf_1)
     1    0.00                           ringosc.dstage[6].id.d0 (net)
                  0.05    0.00   11.08 v ringosc.dstage[6].id.delayen1/A (sky130_fd_sc_hd__einvp_1)
                  0.25    0.23   11.30 ^ ringosc.dstage[6].id.delayen1/Z (sky130_fd_sc_hd__einvp_1)
     1    0.01                           ringosc.dstage[6].id.d1 (net)
                  0.25    0.00   11.30 ^ ringosc.dstage[6].id.delayint0/A (sky130_fd_sc_hd__clkinv_1)
                  0.05    0.06   11.37 v ringosc.dstage[6].id.delayint0/Y (sky130_fd_sc_hd__clkinv_1)
     1    0.00                           ringosc.dstage[6].id.d2 (net)
                  0.05    0.00   11.37 v ringosc.dstage[6].id.delayen0/A (sky130_fd_sc_hd__einvp_1)
                  0.22    0.21   11.57 ^ ringosc.dstage[6].id.delayen0/Z (sky130_fd_sc_hd__einvp_1)
     1    0.01                           ringosc.dstage[6].id.out (net)
                  0.22    0.00   11.57 ^ ringosc.dstage[7].id.delaybuf0/A (sky130_fd_sc_hd__clkbuf_2)
                  0.11    0.19   11.76 ^ ringosc.dstage[7].id.delaybuf0/X (sky130_fd_sc_hd__clkbuf_2)
     3    0.01                           ringosc.dstage[7].id.ts (net)
                  0.11    0.00   11.76 ^ ringosc.dstage[7].id.delaybuf1/A (sky130_fd_sc_hd__clkbuf_1)
                  0.07    0.16   11.93 ^ ringosc.dstage[7].id.delaybuf1/X (sky130_fd_sc_hd__clkbuf_1)
     1    0.00                           ringosc.dstage[7].id.d0 (net)
                  0.07    0.00   11.93 ^ ringosc.dstage[7].id.delayen1/A (sky130_fd_sc_hd__einvp_1)
                  0.12    0.13   12.06 v ringosc.dstage[7].id.delayen1/Z (sky130_fd_sc_hd__einvp_1)
     1    0.01                           ringosc.dstage[7].id.d1 (net)
                  0.12    0.00   12.06 v ringosc.dstage[7].id.delayint0/A (sky130_fd_sc_hd__clkinv_1)
                  0.03    0.03   12.10 ^ ringosc.dstage[7].id.delayint0/Y (sky130_fd_sc_hd__clkinv_1)
     1    0.00                           ringosc.dstage[7].id.d2 (net)
                  0.03    0.00   12.10 ^ ringosc.dstage[7].id.delayen0/A (sky130_fd_sc_hd__einvp_1)
                  0.10    0.11   12.21 v ringosc.dstage[7].id.delayen0/Z (sky130_fd_sc_hd__einvp_1)
     1    0.01                           ringosc.dstage[7].id.out (net)
                  0.10    0.00   12.21 v ringosc.dstage[8].id.delaybuf0/A (sky130_fd_sc_hd__clkbuf_2)
                  0.09    0.19   12.39 v ringosc.dstage[8].id.delaybuf0/X (sky130_fd_sc_hd__clkbuf_2)
     3    0.01                           ringosc.dstage[8].id.ts (net)
                  0.09    0.00   12.39 v ringosc.dstage[8].id.delaybuf1/A (sky130_fd_sc_hd__clkbuf_1)
                  0.05    0.16   12.56 v ringosc.dstage[8].id.delaybuf1/X (sky130_fd_sc_hd__clkbuf_1)
     1    0.00                           ringosc.dstage[8].id.d0 (net)
                  0.05    0.00   12.56 v ringosc.dstage[8].id.delayen1/A (sky130_fd_sc_hd__einvp_1)
                  0.25    0.23   12.78 ^ ringosc.dstage[8].id.delayen1/Z (sky130_fd_sc_hd__einvp_1)
     1    0.01                           ringosc.dstage[8].id.d1 (net)
                  0.25    0.00   12.78 ^ ringosc.dstage[8].id.delayint0/A (sky130_fd_sc_hd__clkinv_1)
                  0.05    0.06   12.85 v ringosc.dstage[8].id.delayint0/Y (sky130_fd_sc_hd__clkinv_1)
     1    0.00                           ringosc.dstage[8].id.d2 (net)
                  0.05    0.00   12.85 v ringosc.dstage[8].id.delayen0/A (sky130_fd_sc_hd__einvp_1)
                  0.22    0.21   13.05 ^ ringosc.dstage[8].id.delayen0/Z (sky130_fd_sc_hd__einvp_1)
     1    0.01                           ringosc.dstage[8].id.out (net)
                  0.22    0.00   13.05 ^ ringosc.dstage[9].id.delaybuf0/A (sky130_fd_sc_hd__clkbuf_2)
                  0.11    0.19   13.24 ^ ringosc.dstage[9].id.delaybuf0/X (sky130_fd_sc_hd__clkbuf_2)
     3    0.01                           ringosc.dstage[9].id.ts (net)
                  0.11    0.00   13.24 ^ ringosc.dstage[9].id.delaybuf1/A (sky130_fd_sc_hd__clkbuf_1)
                  0.07    0.16   13.41 ^ ringosc.dstage[9].id.delaybuf1/X (sky130_fd_sc_hd__clkbuf_1)
     1    0.00                           ringosc.dstage[9].id.d0 (net)
                  0.07    0.00   13.41 ^ ringosc.dstage[9].id.delayen1/A (sky130_fd_sc_hd__einvp_1)
                  0.12    0.13   13.54 v ringosc.dstage[9].id.delayen1/Z (sky130_fd_sc_hd__einvp_1)
     1    0.01                           ringosc.dstage[9].id.d1 (net)
                  0.12    0.00   13.54 v ringosc.dstage[9].id.delayint0/A (sky130_fd_sc_hd__clkinv_1)
                  0.03    0.03   13.58 ^ ringosc.dstage[9].id.delayint0/Y (sky130_fd_sc_hd__clkinv_1)
     1    0.00                           ringosc.dstage[9].id.d2 (net)
                  0.03    0.00   13.58 ^ ringosc.dstage[9].id.delayen0/A (sky130_fd_sc_hd__einvp_1)
                  0.10    0.11   13.69 v ringosc.dstage[9].id.delayen0/Z (sky130_fd_sc_hd__einvp_1)
     1    0.01                           ringosc.dstage[10].id.in (net)
                  0.10    0.00   13.69 v ringosc.dstage[10].id.delaybuf0/A (sky130_fd_sc_hd__clkbuf_2)
                  0.09    0.19   13.87 v ringosc.dstage[10].id.delaybuf0/X (sky130_fd_sc_hd__clkbuf_2)
     3    0.01                           ringosc.dstage[10].id.ts (net)
                  0.09    0.00   13.87 v ringosc.dstage[10].id.delaybuf1/A (sky130_fd_sc_hd__clkbuf_1)
                  0.05    0.16   14.04 v ringosc.dstage[10].id.delaybuf1/X (sky130_fd_sc_hd__clkbuf_1)
     1    0.00                           ringosc.dstage[10].id.d0 (net)
                  0.05    0.00   14.04 v ringosc.dstage[10].id.delayen1/A (sky130_fd_sc_hd__einvp_1)
                  0.25    0.23   14.26 ^ ringosc.dstage[10].id.delayen1/Z (sky130_fd_sc_hd__einvp_1)
     1    0.01                           ringosc.dstage[10].id.d1 (net)
                  0.25    0.00   14.26 ^ ringosc.dstage[10].id.delayint0/A (sky130_fd_sc_hd__clkinv_1)
                  0.05    0.06   14.33 v ringosc.dstage[10].id.delayint0/Y (sky130_fd_sc_hd__clkinv_1)
     1    0.00                           ringosc.dstage[10].id.d2 (net)
                  0.05    0.00   14.33 v ringosc.dstage[10].id.delayen0/A (sky130_fd_sc_hd__einvp_1)
                  0.21    0.20   14.52 ^ ringosc.dstage[10].id.delayen0/Z (sky130_fd_sc_hd__einvp_1)
     1    0.01                           ringosc.dstage[10].id.out (net)
                  0.21    0.00   14.52 ^ ringosc.dstage[11].id.delaybuf0/A (sky130_fd_sc_hd__buf_2)
                  0.20    0.26   14.78 ^ ringosc.dstage[11].id.delaybuf0/X (sky130_fd_sc_hd__buf_2)
     3    0.02                           ringosc.dstage[11].id.ts (net)
                  0.20    0.00   14.78 ^ ringosc.dstage[11].id.delaybuf1/A (sky130_fd_sc_hd__clkbuf_1)
                  0.11    0.23   15.01 ^ ringosc.dstage[11].id.delaybuf1/X (sky130_fd_sc_hd__clkbuf_1)
     1    0.00                           ringosc.dstage[11].id.d0 (net)
                  0.11    0.00   15.01 ^ ringosc.dstage[11].id.delayen1/A (sky130_fd_sc_hd__einvp_2)
                  0.09    0.12   15.13 v ringosc.dstage[11].id.delayen1/Z (sky130_fd_sc_hd__einvp_2)
     1    0.01                           ringosc.dstage[11].id.d1 (net)
                  0.09    0.00   15.13 v ringosc.dstage[11].id.delayint0/A (sky130_fd_sc_hd__clkinv_2)
                  0.11    0.09   15.22 ^ ringosc.dstage[11].id.delayint0/Y (sky130_fd_sc_hd__clkinv_2)
     1    0.02                           ringosc.dstage[11].id.d2 (net)
                  0.11    0.00   15.22 ^ ringosc.dstage[11].id.delayen0/A (sky130_fd_sc_hd__einvp_8)
                  0.08    0.11   15.33 v ringosc.dstage[11].id.delayen0/Z (sky130_fd_sc_hd__einvp_8)
     3    0.03                           ringosc.dstage[11].id.out (net)
                  0.09    0.00   15.33 v ringosc.iss.delaybuf0/A (sky130_fd_sc_hd__clkbuf_1)
                  0.05    0.12   15.45 v ringosc.iss.delaybuf0/X (sky130_fd_sc_hd__clkbuf_1)
     1    0.00                           ringosc.iss.d0 (net)
                  0.05    0.00   15.45 v ringosc.iss.delayen1/A (sky130_fd_sc_hd__einvp_1)
                  0.25    0.23   15.68 ^ ringosc.iss.delayen1/Z (sky130_fd_sc_hd__einvp_1)
     1    0.01                           ringosc.iss.d1 (net)
                  0.25    0.00   15.68 ^ ringosc.iss.delayint0/A (sky130_fd_sc_hd__clkinv_1)
                  0.13    0.12   15.80 v ringosc.iss.delayint0/Y (sky130_fd_sc_hd__clkinv_1)
     1    0.01                           ringosc.iss.d2 (net)
                  0.13    0.00   15.80 v ringosc.iss.delayen0/A (sky130_fd_sc_hd__einvp_4)
                  0.22    0.24   16.04 ^ ringosc.iss.delayen0/Z (sky130_fd_sc_hd__einvp_4)
     2    0.02                           ringosc.dstage[0].id.in (net)
                  0.22    0.00   16.04 ^ ringosc.ibufp00/A (sky130_fd_sc_hd__clkinv_2)
                  0.15    0.23   16.27 v ringosc.ibufp00/Y (sky130_fd_sc_hd__clkinv_2)
     1    0.02                           ringosc.c[0] (net)
                  0.15    0.00   16.27 v ringosc.ibufp01/A (sky130_fd_sc_hd__clkinv_8)
                  0.09    0.14   16.41 ^ ringosc.ibufp01/Y (sky130_fd_sc_hd__clkinv_8)
    24    0.04                           pll_control.clock (net)
                  0.09    0.00   16.41 ^ _302_/A (sky130_fd_sc_hd__clkbuf_1)
                  0.07    0.15   16.57 ^ _302_/X (sky130_fd_sc_hd__clkbuf_1)
     1    0.00                           net9 (net)
                  0.07    0.00   16.57 ^ output9/A (sky130_fd_sc_hd__clkbuf_2)
                  0.16    0.26   16.82 ^ output9/X (sky130_fd_sc_hd__clkbuf_2)
     1    0.02                           clockp[0] (net)
                  0.16    0.00   16.82 ^ clockp[0] (out)
                                 16.82   data arrival time

                  0.00   25.00   25.00   clock w (rise edge)
                          0.00   25.00   clock network delay (ideal)
                          0.00   25.00   clock reconvergence pessimism
                         -5.00   20.00   output external delay
                                 20.00   data required time
-----------------------------------------------------------------------------
                                 20.00   data required time
                                -16.82   data arrival time
-----------------------------------------------------------------------------
                                  3.18   slack (MET)


