OpenROAD 0.9.0 1415572a73
This program is licensed under the BSD-3 license. See the LICENSE file for details.
Components of this program may be licensed under more restrictive licenses which must be honored.
Notice 0: Reading LEF file:  /openLANE_flow/designs/digital_pll/runs/atork_run_2_pwr_gnd/tmp/merged_unpadded.lef
Notice 0:     Created 13 technology layers
Notice 0:     Created 25 technology vias
Notice 0:     Created 440 library cells
Notice 0: Finished LEF file:  /openLANE_flow/designs/digital_pll/runs/atork_run_2_pwr_gnd/tmp/merged_unpadded.lef
Notice 0: 
Reading DEF file: /openLANE_flow/designs/digital_pll/runs/atork_run_2_pwr_gnd/tmp/placement/8-resizer.def
Notice 0: Design: digital_pll
Notice 0:     Created 12 pins.
Notice 0:     Created 421 components and 2512 component-terminals.
Notice 0:     Created 2 special nets and 0 connections.
Notice 0:     Created 276 nets and 971 connections.
Notice 0: Finished DEF file: /openLANE_flow/designs/digital_pll/runs/atork_run_2_pwr_gnd/tmp/placement/8-resizer.def
Design Stats
--------------------------------
total instances           421
multi row instances         0
fixed instances           126
nets                      278
design area            5506.5 u^2
fixed area              292.8 u^2
movable area           2503.7 u^2
utilization                48 %
utilization padded         48 %
rows                       27
row height                2.7 u

Placement Analysis
--------------------------------
total displacement        0.0 u
average displacement      0.0 u
max displacement          0.0 u
original HPWL          4039.9 u
legalized HPWL         4183.8 u
delta HPWL                  4 %

[INFO DPL-0020] Mirrored 106 instances
[INFO DPL-0021] HPWL before            4183.8 u
[INFO DPL-0022] HPWL after             4039.9 u
[INFO DPL-0023] HPWL delta               -3.4 %
