Startpoint: _370_ (rising edge-triggered flip-flop)
Endpoint: clockp[1] (output port clocked by w)
Path Group: w
Path Type: min

Fanout     Cap    Slew   Delay    Time   Description
-----------------------------------------------------------------------------
                  0.05    0.00    0.00 ^ _370_/CLK (sky130_fd_sc_hd__dfrtp_2)
                  0.18    0.33    0.33 ^ _370_/Q (sky130_fd_sc_hd__dfrtp_2)
    19    0.05                           pll_control.tint[4] (net)
                  0.18    0.00    0.33 ^ _283_/A1 (sky130_fd_sc_hd__o31a_2)
                  0.02    0.10    0.43 ^ _283_/X (sky130_fd_sc_hd__o31a_2)
     1    0.00                           _006_ (net)
                  0.02    0.00    0.43 ^ _342_/A0 (sky130_fd_sc_hd__mux2_1)
                  0.10    0.12    0.55 ^ _342_/X (sky130_fd_sc_hd__mux2_1)
     2    0.01                           ringosc.dstage[5].id.trim[0] (net)
                  0.10    0.00    0.55 ^ ringosc.dstage[5].id.delayenb0/TE_B (sky130_fd_sc_hd__einvn_8)
                  0.00    0.03    0.58 v ringosc.dstage[5].id.delayenb0/Z (sky130_fd_sc_hd__einvn_8)
     2    0.02                           ringosc.dstage[5].id.out (net)
                  0.00    0.00    0.58 v ringosc.ibufp10/A (sky130_fd_sc_hd__clkinv_2)
                  0.06    0.05    0.63 ^ ringosc.ibufp10/Y (sky130_fd_sc_hd__clkinv_2)
     1    0.02                           ringosc.c[1] (net)
                  0.06    0.00    0.63 ^ ringosc.ibufp11/A (sky130_fd_sc_hd__clkinv_8)
                  0.03    0.03    0.67 v ringosc.ibufp11/Y (sky130_fd_sc_hd__clkinv_8)
     1    0.02                           clockp[1] (net)
                  0.03    0.00    0.67 v clockp[1] (out)
                                  0.67   data arrival time

                  0.00    0.00    0.00   clock w (rise edge)
                          0.00    0.00   clock network delay (ideal)
                          0.00    0.00   clock reconvergence pessimism
                         -5.00   -5.00   output external delay
                                 -5.00   data required time
-----------------------------------------------------------------------------
                                 -5.00   data required time
                                 -0.67   data arrival time
-----------------------------------------------------------------------------
                                  5.67   slack (MET)


Startpoint: dco (input port clocked by w)
Endpoint: clockp[0] (output port clocked by w)
Path Group: w
Path Type: max

Fanout     Cap    Slew   Delay    Time   Description
-----------------------------------------------------------------------------
                  0.00    0.00    0.00   clock w (rise edge)
                          0.00    0.00   clock network delay (ideal)
                          5.00    5.00 v input external delay
                  0.10    0.07    5.07 v dco (in)
    27    0.09                           dco (net)
                  0.10    0.00    5.07 v _330_/S (sky130_fd_sc_hd__mux2_1)
                  0.23    0.52    5.59 ^ _330_/X (sky130_fd_sc_hd__mux2_1)
     2    0.02                           ringosc.dstage[11].id.trim[0] (net)
                  0.23    0.00    5.59 ^ ringosc.dstage[11].id.delayen0/TE (sky130_fd_sc_hd__einvp_2)
                  0.71    0.74    6.33 ^ ringosc.dstage[11].id.delayen0/Z (sky130_fd_sc_hd__einvp_2)
     3    0.04                           ringosc.dstage[11].id.out (net)
                  0.71    0.00    6.33 ^ ringosc.iss.delaybuf0/A (sky130_fd_sc_hd__clkbuf_1)
                  0.11    0.14    6.47 ^ ringosc.iss.delaybuf0/X (sky130_fd_sc_hd__clkbuf_1)
     1    0.00                           ringosc.iss.d0 (net)
                  0.11    0.00    6.47 ^ ringosc.iss.delayen1/A (sky130_fd_sc_hd__einvp_2)
                  0.09    0.12    6.60 v ringosc.iss.delayen1/Z (sky130_fd_sc_hd__einvp_2)
     1    0.01                           ringosc.iss.d1 (net)
                  0.13    0.00    6.60 v ringosc.iss.delayint0/A (sky130_fd_sc_hd__clkinv_1)
                  0.05    0.05    6.64 ^ ringosc.iss.delayint0/Y (sky130_fd_sc_hd__clkinv_1)
     1    0.00                           ringosc.iss.d2 (net)
                  0.05    0.00    6.64 ^ ringosc.iss.delayen0/A (sky130_fd_sc_hd__einvp_2)
                  0.18    0.17    6.81 v ringosc.iss.delayen0/Z (sky130_fd_sc_hd__einvp_2)
     2    0.02                           ringosc.dstage[0].id.in (net)
                  0.31    0.00    6.81 v ringosc.dstage[0].id.delaybuf0/A (sky130_fd_sc_hd__clkbuf_2)
                  0.19    0.26    7.08 v ringosc.dstage[0].id.delaybuf0/X (sky130_fd_sc_hd__clkbuf_2)
     3    0.03                           ringosc.dstage[0].id.ts (net)
                  0.19    0.00    7.08 v ringosc.dstage[0].id.delaybuf1/A (sky130_fd_sc_hd__clkbuf_1)
                  0.07    0.23    7.31 v ringosc.dstage[0].id.delaybuf1/X (sky130_fd_sc_hd__clkbuf_1)
     1    0.00                           ringosc.dstage[0].id.d0 (net)
                  0.07    0.00    7.31 v ringosc.dstage[0].id.delayen1/A (sky130_fd_sc_hd__einvp_2)
                  0.18    0.18    7.48 ^ ringosc.dstage[0].id.delayen1/Z (sky130_fd_sc_hd__einvp_2)
     1    0.01                           ringosc.dstage[0].id.d1 (net)
                  0.18    0.00    7.48 ^ ringosc.dstage[0].id.delayint0/A (sky130_fd_sc_hd__clkinv_1)
                  0.08    0.08    7.57 v ringosc.dstage[0].id.delayint0/Y (sky130_fd_sc_hd__clkinv_1)
     1    0.00                           ringosc.dstage[0].id.d2 (net)
                  0.08    0.00    7.57 v ringosc.dstage[0].id.delayen0/A (sky130_fd_sc_hd__einvp_2)
                  0.25    0.23    7.80 ^ ringosc.dstage[0].id.delayen0/Z (sky130_fd_sc_hd__einvp_2)
     1    0.01                           ringosc.dstage[0].id.out (net)
                  0.25    0.00    7.80 ^ ringosc.dstage[1].id.delaybuf0/A (sky130_fd_sc_hd__clkbuf_2)
                  0.25    0.29    8.09 ^ ringosc.dstage[1].id.delaybuf0/X (sky130_fd_sc_hd__clkbuf_2)
     3    0.03                           ringosc.dstage[1].id.ts (net)
                  0.25    0.00    8.09 ^ ringosc.dstage[1].id.delaybuf1/A (sky130_fd_sc_hd__clkbuf_1)
                  0.11    0.24    8.33 ^ ringosc.dstage[1].id.delaybuf1/X (sky130_fd_sc_hd__clkbuf_1)
     1    0.00                           ringosc.dstage[1].id.d0 (net)
                  0.11    0.00    8.33 ^ ringosc.dstage[1].id.delayen1/A (sky130_fd_sc_hd__einvp_2)
                  0.09    0.12    8.46 v ringosc.dstage[1].id.delayen1/Z (sky130_fd_sc_hd__einvp_2)
     1    0.01                           ringosc.dstage[1].id.d1 (net)
                  0.09    0.00    8.46 v ringosc.dstage[1].id.delayint0/A (sky130_fd_sc_hd__clkinv_1)
                  0.05    0.05    8.50 ^ ringosc.dstage[1].id.delayint0/Y (sky130_fd_sc_hd__clkinv_1)
     1    0.00                           ringosc.dstage[1].id.d2 (net)
                  0.05    0.00    8.50 ^ ringosc.dstage[1].id.delayen0/A (sky130_fd_sc_hd__einvp_2)
                  0.12    0.13    8.63 v ringosc.dstage[1].id.delayen0/Z (sky130_fd_sc_hd__einvp_2)
     1    0.01                           ringosc.dstage[1].id.out (net)
                  0.12    0.00    8.63 v ringosc.dstage[2].id.delaybuf0/A (sky130_fd_sc_hd__clkbuf_2)
                  0.19    0.26    8.89 v ringosc.dstage[2].id.delaybuf0/X (sky130_fd_sc_hd__clkbuf_2)
     3    0.03                           ringosc.dstage[2].id.ts (net)
                  0.19    0.00    8.89 v ringosc.dstage[2].id.delaybuf1/A (sky130_fd_sc_hd__clkbuf_1)
                  0.07    0.23    9.12 v ringosc.dstage[2].id.delaybuf1/X (sky130_fd_sc_hd__clkbuf_1)
     1    0.00                           ringosc.dstage[2].id.d0 (net)
                  0.07    0.00    9.12 v ringosc.dstage[2].id.delayen1/A (sky130_fd_sc_hd__einvp_2)
                  0.18    0.18    9.30 ^ ringosc.dstage[2].id.delayen1/Z (sky130_fd_sc_hd__einvp_2)
     1    0.01                           ringosc.dstage[2].id.d1 (net)
                  0.18    0.00    9.30 ^ ringosc.dstage[2].id.delayint0/A (sky130_fd_sc_hd__clkinv_1)
                  0.08    0.08    9.38 v ringosc.dstage[2].id.delayint0/Y (sky130_fd_sc_hd__clkinv_1)
     1    0.00                           ringosc.dstage[2].id.d2 (net)
                  0.08    0.00    9.38 v ringosc.dstage[2].id.delayen0/A (sky130_fd_sc_hd__einvp_2)
                  0.25    0.23    9.62 ^ ringosc.dstage[2].id.delayen0/Z (sky130_fd_sc_hd__einvp_2)
     1    0.01                           ringosc.dstage[2].id.out (net)
                  0.25    0.00    9.62 ^ ringosc.dstage[3].id.delaybuf0/A (sky130_fd_sc_hd__clkbuf_2)
                  0.25    0.29    9.91 ^ ringosc.dstage[3].id.delaybuf0/X (sky130_fd_sc_hd__clkbuf_2)
     3    0.03                           ringosc.dstage[3].id.ts (net)
                  0.25    0.00    9.91 ^ ringosc.dstage[3].id.delaybuf1/A (sky130_fd_sc_hd__clkbuf_1)
                  0.11    0.24   10.15 ^ ringosc.dstage[3].id.delaybuf1/X (sky130_fd_sc_hd__clkbuf_1)
     1    0.00                           ringosc.dstage[3].id.d0 (net)
                  0.11    0.00   10.15 ^ ringosc.dstage[3].id.delayen1/A (sky130_fd_sc_hd__einvp_2)
                  0.09    0.12   10.27 v ringosc.dstage[3].id.delayen1/Z (sky130_fd_sc_hd__einvp_2)
     1    0.01                           ringosc.dstage[3].id.d1 (net)
                  0.09    0.00   10.27 v ringosc.dstage[3].id.delayint0/A (sky130_fd_sc_hd__clkinv_1)
                  0.05    0.05   10.32 ^ ringosc.dstage[3].id.delayint0/Y (sky130_fd_sc_hd__clkinv_1)
     1    0.00                           ringosc.dstage[3].id.d2 (net)
                  0.05    0.00   10.32 ^ ringosc.dstage[3].id.delayen0/A (sky130_fd_sc_hd__einvp_2)
                  0.12    0.13   10.45 v ringosc.dstage[3].id.delayen0/Z (sky130_fd_sc_hd__einvp_2)
     1    0.01                           ringosc.dstage[3].id.out (net)
                  0.12    0.00   10.45 v ringosc.dstage[4].id.delaybuf0/A (sky130_fd_sc_hd__clkbuf_2)
                  0.19    0.26   10.71 v ringosc.dstage[4].id.delaybuf0/X (sky130_fd_sc_hd__clkbuf_2)
     3    0.03                           ringosc.dstage[4].id.ts (net)
                  0.19    0.00   10.71 v ringosc.dstage[4].id.delaybuf1/A (sky130_fd_sc_hd__clkbuf_1)
                  0.07    0.23   10.94 v ringosc.dstage[4].id.delaybuf1/X (sky130_fd_sc_hd__clkbuf_1)
     1    0.00                           ringosc.dstage[4].id.d0 (net)
                  0.07    0.00   10.94 v ringosc.dstage[4].id.delayen1/A (sky130_fd_sc_hd__einvp_2)
                  0.18    0.18   11.12 ^ ringosc.dstage[4].id.delayen1/Z (sky130_fd_sc_hd__einvp_2)
     1    0.01                           ringosc.dstage[4].id.d1 (net)
                  0.18    0.00   11.12 ^ ringosc.dstage[4].id.delayint0/A (sky130_fd_sc_hd__clkinv_1)
                  0.08    0.08   11.20 v ringosc.dstage[4].id.delayint0/Y (sky130_fd_sc_hd__clkinv_1)
     1    0.00                           ringosc.dstage[4].id.d2 (net)
                  0.08    0.00   11.20 v ringosc.dstage[4].id.delayen0/A (sky130_fd_sc_hd__einvp_2)
                  0.25    0.23   11.43 ^ ringosc.dstage[4].id.delayen0/Z (sky130_fd_sc_hd__einvp_2)
     1    0.01                           ringosc.dstage[4].id.out (net)
                  0.25    0.00   11.43 ^ ringosc.dstage[5].id.delaybuf0/A (sky130_fd_sc_hd__clkbuf_2)
                  0.25    0.29   11.72 ^ ringosc.dstage[5].id.delaybuf0/X (sky130_fd_sc_hd__clkbuf_2)
     3    0.03                           ringosc.dstage[5].id.ts (net)
                  0.25    0.00   11.72 ^ ringosc.dstage[5].id.delaybuf1/A (sky130_fd_sc_hd__clkbuf_1)
                  0.11    0.24   11.97 ^ ringosc.dstage[5].id.delaybuf1/X (sky130_fd_sc_hd__clkbuf_1)
     1    0.00                           ringosc.dstage[5].id.d0 (net)
                  0.11    0.00   11.97 ^ ringosc.dstage[5].id.delayen1/A (sky130_fd_sc_hd__einvp_2)
                  0.09    0.12   12.09 v ringosc.dstage[5].id.delayen1/Z (sky130_fd_sc_hd__einvp_2)
     1    0.01                           ringosc.dstage[5].id.d1 (net)
                  0.09    0.00   12.09 v ringosc.dstage[5].id.delayint0/A (sky130_fd_sc_hd__clkinv_1)
                  0.05    0.05   12.14 ^ ringosc.dstage[5].id.delayint0/Y (sky130_fd_sc_hd__clkinv_1)
     1    0.00                           ringosc.dstage[5].id.d2 (net)
                  0.05    0.00   12.14 ^ ringosc.dstage[5].id.delayen0/A (sky130_fd_sc_hd__einvp_2)
                  0.16    0.16   12.29 v ringosc.dstage[5].id.delayen0/Z (sky130_fd_sc_hd__einvp_2)
     2    0.02                           ringosc.dstage[5].id.out (net)
                  0.16    0.00   12.29 v ringosc.dstage[6].id.delaybuf0/A (sky130_fd_sc_hd__clkbuf_2)
                  0.19    0.26   12.56 v ringosc.dstage[6].id.delaybuf0/X (sky130_fd_sc_hd__clkbuf_2)
     3    0.03                           ringosc.dstage[6].id.ts (net)
                  0.19    0.00   12.56 v ringosc.dstage[6].id.delaybuf1/A (sky130_fd_sc_hd__clkbuf_1)
                  0.07    0.23   12.79 v ringosc.dstage[6].id.delaybuf1/X (sky130_fd_sc_hd__clkbuf_1)
     1    0.00                           ringosc.dstage[6].id.d0 (net)
                  0.07    0.00   12.79 v ringosc.dstage[6].id.delayen1/A (sky130_fd_sc_hd__einvp_2)
                  0.18    0.18   12.97 ^ ringosc.dstage[6].id.delayen1/Z (sky130_fd_sc_hd__einvp_2)
     1    0.01                           ringosc.dstage[6].id.d1 (net)
                  0.18    0.00   12.97 ^ ringosc.dstage[6].id.delayint0/A (sky130_fd_sc_hd__clkinv_1)
                  0.08    0.08   13.05 v ringosc.dstage[6].id.delayint0/Y (sky130_fd_sc_hd__clkinv_1)
     1    0.00                           ringosc.dstage[6].id.d2 (net)
                  0.08    0.00   13.05 v ringosc.dstage[6].id.delayen0/A (sky130_fd_sc_hd__einvp_2)
                  0.25    0.23   13.28 ^ ringosc.dstage[6].id.delayen0/Z (sky130_fd_sc_hd__einvp_2)
     1    0.01                           ringosc.dstage[6].id.out (net)
                  0.25    0.00   13.28 ^ ringosc.dstage[7].id.delaybuf0/A (sky130_fd_sc_hd__clkbuf_2)
                  0.25    0.29   13.57 ^ ringosc.dstage[7].id.delaybuf0/X (sky130_fd_sc_hd__clkbuf_2)
     3    0.03                           ringosc.dstage[7].id.ts (net)
                  0.25    0.00   13.57 ^ ringosc.dstage[7].id.delaybuf1/A (sky130_fd_sc_hd__clkbuf_1)
                  0.11    0.24   13.82 ^ ringosc.dstage[7].id.delaybuf1/X (sky130_fd_sc_hd__clkbuf_1)
     1    0.00                           ringosc.dstage[7].id.d0 (net)
                  0.11    0.00   13.82 ^ ringosc.dstage[7].id.delayen1/A (sky130_fd_sc_hd__einvp_2)
                  0.09    0.12   13.94 v ringosc.dstage[7].id.delayen1/Z (sky130_fd_sc_hd__einvp_2)
     1    0.01                           ringosc.dstage[7].id.d1 (net)
                  0.09    0.00   13.94 v ringosc.dstage[7].id.delayint0/A (sky130_fd_sc_hd__clkinv_1)
                  0.05    0.05   13.99 ^ ringosc.dstage[7].id.delayint0/Y (sky130_fd_sc_hd__clkinv_1)
     1    0.00                           ringosc.dstage[7].id.d2 (net)
                  0.05    0.00   13.99 ^ ringosc.dstage[7].id.delayen0/A (sky130_fd_sc_hd__einvp_2)
                  0.12    0.13   14.11 v ringosc.dstage[7].id.delayen0/Z (sky130_fd_sc_hd__einvp_2)
     1    0.01                           ringosc.dstage[7].id.out (net)
                  0.12    0.00   14.11 v ringosc.dstage[8].id.delaybuf0/A (sky130_fd_sc_hd__clkbuf_2)
                  0.19    0.26   14.38 v ringosc.dstage[8].id.delaybuf0/X (sky130_fd_sc_hd__clkbuf_2)
     3    0.03                           ringosc.dstage[8].id.ts (net)
                  0.19    0.00   14.38 v ringosc.dstage[8].id.delaybuf1/A (sky130_fd_sc_hd__clkbuf_1)
                  0.07    0.23   14.61 v ringosc.dstage[8].id.delaybuf1/X (sky130_fd_sc_hd__clkbuf_1)
     1    0.00                           ringosc.dstage[8].id.d0 (net)
                  0.07    0.00   14.61 v ringosc.dstage[8].id.delayen1/A (sky130_fd_sc_hd__einvp_2)
                  0.18    0.18   14.78 ^ ringosc.dstage[8].id.delayen1/Z (sky130_fd_sc_hd__einvp_2)
     1    0.01                           ringosc.dstage[8].id.d1 (net)
                  0.18    0.00   14.78 ^ ringosc.dstage[8].id.delayint0/A (sky130_fd_sc_hd__clkinv_1)
                  0.08    0.08   14.87 v ringosc.dstage[8].id.delayint0/Y (sky130_fd_sc_hd__clkinv_1)
     1    0.00                           ringosc.dstage[8].id.d2 (net)
                  0.08    0.00   14.87 v ringosc.dstage[8].id.delayen0/A (sky130_fd_sc_hd__einvp_2)
                  0.25    0.23   15.10 ^ ringosc.dstage[8].id.delayen0/Z (sky130_fd_sc_hd__einvp_2)
     1    0.01                           ringosc.dstage[8].id.out (net)
                  0.25    0.00   15.10 ^ ringosc.dstage[9].id.delaybuf0/A (sky130_fd_sc_hd__clkbuf_2)
                  0.25    0.29   15.39 ^ ringosc.dstage[9].id.delaybuf0/X (sky130_fd_sc_hd__clkbuf_2)
     3    0.03                           ringosc.dstage[9].id.ts (net)
                  0.25    0.00   15.39 ^ ringosc.dstage[9].id.delaybuf1/A (sky130_fd_sc_hd__clkbuf_1)
                  0.11    0.24   15.63 ^ ringosc.dstage[9].id.delaybuf1/X (sky130_fd_sc_hd__clkbuf_1)
     1    0.00                           ringosc.dstage[9].id.d0 (net)
                  0.11    0.00   15.63 ^ ringosc.dstage[9].id.delayen1/A (sky130_fd_sc_hd__einvp_2)
                  0.09    0.12   15.75 v ringosc.dstage[9].id.delayen1/Z (sky130_fd_sc_hd__einvp_2)
     1    0.01                           ringosc.dstage[9].id.d1 (net)
                  0.09    0.00   15.75 v ringosc.dstage[9].id.delayint0/A (sky130_fd_sc_hd__clkinv_1)
                  0.05    0.05   15.80 ^ ringosc.dstage[9].id.delayint0/Y (sky130_fd_sc_hd__clkinv_1)
     1    0.00                           ringosc.dstage[9].id.d2 (net)
                  0.05    0.00   15.80 ^ ringosc.dstage[9].id.delayen0/A (sky130_fd_sc_hd__einvp_2)
                  0.12    0.13   15.93 v ringosc.dstage[9].id.delayen0/Z (sky130_fd_sc_hd__einvp_2)
     1    0.01                           ringosc.dstage[10].id.in (net)
                  0.12    0.00   15.93 v ringosc.dstage[10].id.delaybuf0/A (sky130_fd_sc_hd__clkbuf_2)
                  0.19    0.26   16.19 v ringosc.dstage[10].id.delaybuf0/X (sky130_fd_sc_hd__clkbuf_2)
     3    0.03                           ringosc.dstage[10].id.ts (net)
                  0.19    0.00   16.19 v ringosc.dstage[10].id.delaybuf1/A (sky130_fd_sc_hd__clkbuf_1)
                  0.07    0.23   16.42 v ringosc.dstage[10].id.delaybuf1/X (sky130_fd_sc_hd__clkbuf_1)
     1    0.00                           ringosc.dstage[10].id.d0 (net)
                  0.07    0.00   16.42 v ringosc.dstage[10].id.delayen1/A (sky130_fd_sc_hd__einvp_2)
                  0.18    0.18   16.60 ^ ringosc.dstage[10].id.delayen1/Z (sky130_fd_sc_hd__einvp_2)
     1    0.01                           ringosc.dstage[10].id.d1 (net)
                  0.18    0.00   16.60 ^ ringosc.dstage[10].id.delayint0/A (sky130_fd_sc_hd__clkinv_1)
                  0.08    0.08   16.68 v ringosc.dstage[10].id.delayint0/Y (sky130_fd_sc_hd__clkinv_1)
     1    0.00                           ringosc.dstage[10].id.d2 (net)
                  0.08    0.00   16.68 v ringosc.dstage[10].id.delayen0/A (sky130_fd_sc_hd__einvp_2)
                  0.25    0.23   16.92 ^ ringosc.dstage[10].id.delayen0/Z (sky130_fd_sc_hd__einvp_2)
     1    0.01                           ringosc.dstage[10].id.out (net)
                  0.25    0.00   16.92 ^ ringosc.dstage[11].id.delaybuf0/A (sky130_fd_sc_hd__clkbuf_2)
                  0.25    0.29   17.21 ^ ringosc.dstage[11].id.delaybuf0/X (sky130_fd_sc_hd__clkbuf_2)
     3    0.03                           ringosc.dstage[11].id.ts (net)
                  0.25    0.00   17.21 ^ ringosc.dstage[11].id.delayenb0/A (sky130_fd_sc_hd__einvn_8)
                  0.11    0.18   17.38 v ringosc.dstage[11].id.delayenb0/Z (sky130_fd_sc_hd__einvn_8)
     3    0.04                           ringosc.dstage[11].id.out (net)
                  0.32    0.00   17.38 v ringosc.iss.delayenb0/A (sky130_fd_sc_hd__einvn_8)
                  0.15    0.23   17.61 ^ ringosc.iss.delayenb0/Z (sky130_fd_sc_hd__einvn_8)
     2    0.02                           ringosc.dstage[0].id.in (net)
                  0.67    0.00   17.61 ^ ringosc.ibufp00/A (sky130_fd_sc_hd__clkinv_2)
                  0.23    0.41   18.02 v ringosc.ibufp00/Y (sky130_fd_sc_hd__clkinv_2)
     1    0.02                           ringosc.c[0] (net)
                  0.23    0.00   18.02 v ringosc.ibufp01/A (sky130_fd_sc_hd__clkinv_8)
                  0.10    0.18   18.21 ^ ringosc.ibufp01/Y (sky130_fd_sc_hd__clkinv_8)
    24    0.04                           pll_control.clock (net)
                  0.10    0.00   18.21 ^ _328_/A (sky130_fd_sc_hd__buf_2)
                  0.15    0.27   18.48 ^ _328_/X (sky130_fd_sc_hd__buf_2)
     1    0.02                           clockp[0] (net)
                  0.15    0.00   18.48 ^ clockp[0] (out)
                                 18.48   data arrival time

                  0.00   25.00   25.00   clock w (rise edge)
                          0.00   25.00   clock network delay (ideal)
                          0.00   25.00   clock reconvergence pessimism
                         -5.00   20.00   output external delay
                                 20.00   data required time
-----------------------------------------------------------------------------
                                 20.00   data required time
                                -18.48   data arrival time
-----------------------------------------------------------------------------
                                  1.52   slack (MET)


