Startpoint: dco (input port clocked by w)
Endpoint: clockc (output port clocked by w)
Path Group: w
Path Type: max

Fanout     Cap    Slew   Delay    Time   Description
-----------------------------------------------------------------------------
                  0.00    0.00    0.00   clock w (rise edge)
                          0.00    0.00   clock network delay (ideal)
                          3.16    3.16 ^ input external delay
                  0.22    0.15    3.31 ^ dco (in)
    27    0.09                           dco (net)
                  0.22    0.00    3.31 ^ _354_/S (sky130_fd_sc_hd__mux2_1)
                  0.21    0.89    4.20 v _354_/X (sky130_fd_sc_hd__mux2_1)
     2    0.01                           ringosc.dstage[11].id.trim[0] (net)
                  0.21    0.00    4.20 v ringosc.dstage[11].id.delayen0/TE (sky130_fd_sc_hd__einvp_2)
                  0.32    0.27    4.46 v ringosc.dstage[11].id.delayen0/Z (sky130_fd_sc_hd__einvp_2)
     3    0.04                           ringosc.dstage[11].id.out (net)
                  0.32    0.00    4.46 v ringosc.iss.delaybuf0/A (sky130_fd_sc_hd__clkbuf_1)
                  0.07    0.14    4.61 v ringosc.iss.delaybuf0/X (sky130_fd_sc_hd__clkbuf_1)
     1    0.00                           ringosc.iss.d0 (net)
                  0.07    0.00    4.61 v ringosc.iss.delayen1/A (sky130_fd_sc_hd__einvp_2)
                  0.18    0.18    4.78 ^ ringosc.iss.delayen1/Z (sky130_fd_sc_hd__einvp_2)
     1    0.01                           ringosc.iss.d1 (net)
                  0.18    0.00    4.78 ^ ringosc.iss.delayint0/A (sky130_fd_sc_hd__clkinv_1)
                  0.08    0.08    4.87 v ringosc.iss.delayint0/Y (sky130_fd_sc_hd__clkinv_1)
     1    0.00                           ringosc.iss.d2 (net)
                  0.08    0.00    4.87 v ringosc.iss.delayen0/A (sky130_fd_sc_hd__einvp_2)
                  0.38    0.33    5.20 ^ ringosc.iss.delayen0/Z (sky130_fd_sc_hd__einvp_2)
     2    0.02                           ringosc.dstage[0].id.in (net)
                  0.67    0.00    5.20 ^ ringosc.dstage[0].id.delaybuf0/A (sky130_fd_sc_hd__clkbuf_2)
                  0.25    0.29    5.49 ^ ringosc.dstage[0].id.delaybuf0/X (sky130_fd_sc_hd__clkbuf_2)
     3    0.03                           ringosc.dstage[0].id.ts (net)
                  0.25    0.00    5.49 ^ ringosc.dstage[0].id.delaybuf1/A (sky130_fd_sc_hd__clkbuf_1)
                  0.11    0.24    5.73 ^ ringosc.dstage[0].id.delaybuf1/X (sky130_fd_sc_hd__clkbuf_1)
     1    0.00                           ringosc.dstage[0].id.d0 (net)
                  0.11    0.00    5.73 ^ ringosc.dstage[0].id.delayen1/A (sky130_fd_sc_hd__einvp_2)
                  0.09    0.12    5.85 v ringosc.dstage[0].id.delayen1/Z (sky130_fd_sc_hd__einvp_2)
     1    0.01                           ringosc.dstage[0].id.d1 (net)
                  0.09    0.00    5.85 v ringosc.dstage[0].id.delayint0/A (sky130_fd_sc_hd__clkinv_1)
                  0.05    0.05    5.90 ^ ringosc.dstage[0].id.delayint0/Y (sky130_fd_sc_hd__clkinv_1)
     1    0.00                           ringosc.dstage[0].id.d2 (net)
                  0.05    0.00    5.90 ^ ringosc.dstage[0].id.delayen0/A (sky130_fd_sc_hd__einvp_2)
                  0.12    0.13    6.03 v ringosc.dstage[0].id.delayen0/Z (sky130_fd_sc_hd__einvp_2)
     1    0.01                           ringosc.dstage[0].id.out (net)
                  0.12    0.00    6.03 v ringosc.dstage[1].id.delaybuf0/A (sky130_fd_sc_hd__clkbuf_2)
                  0.19    0.26    6.29 v ringosc.dstage[1].id.delaybuf0/X (sky130_fd_sc_hd__clkbuf_2)
     3    0.03                           ringosc.dstage[1].id.ts (net)
                  0.19    0.00    6.29 v ringosc.dstage[1].id.delaybuf1/A (sky130_fd_sc_hd__clkbuf_1)
                  0.07    0.23    6.52 v ringosc.dstage[1].id.delaybuf1/X (sky130_fd_sc_hd__clkbuf_1)
     1    0.00                           ringosc.dstage[1].id.d0 (net)
                  0.07    0.00    6.52 v ringosc.dstage[1].id.delayen1/A (sky130_fd_sc_hd__einvp_2)
                  0.18    0.18    6.70 ^ ringosc.dstage[1].id.delayen1/Z (sky130_fd_sc_hd__einvp_2)
     1    0.01                           ringosc.dstage[1].id.d1 (net)
                  0.18    0.00    6.70 ^ ringosc.dstage[1].id.delayint0/A (sky130_fd_sc_hd__clkinv_1)
                  0.08    0.08    6.78 v ringosc.dstage[1].id.delayint0/Y (sky130_fd_sc_hd__clkinv_1)
     1    0.00                           ringosc.dstage[1].id.d2 (net)
                  0.08    0.00    6.78 v ringosc.dstage[1].id.delayen0/A (sky130_fd_sc_hd__einvp_2)
                  0.25    0.23    7.01 ^ ringosc.dstage[1].id.delayen0/Z (sky130_fd_sc_hd__einvp_2)
     1    0.01                           ringosc.dstage[1].id.out (net)
                  0.25    0.00    7.01 ^ ringosc.dstage[2].id.delaybuf0/A (sky130_fd_sc_hd__clkbuf_2)
                  0.25    0.29    7.30 ^ ringosc.dstage[2].id.delaybuf0/X (sky130_fd_sc_hd__clkbuf_2)
     3    0.03                           ringosc.dstage[2].id.ts (net)
                  0.25    0.00    7.30 ^ ringosc.dstage[2].id.delaybuf1/A (sky130_fd_sc_hd__clkbuf_1)
                  0.11    0.24    7.55 ^ ringosc.dstage[2].id.delaybuf1/X (sky130_fd_sc_hd__clkbuf_1)
     1    0.00                           ringosc.dstage[2].id.d0 (net)
                  0.11    0.00    7.55 ^ ringosc.dstage[2].id.delayen1/A (sky130_fd_sc_hd__einvp_2)
                  0.09    0.12    7.67 v ringosc.dstage[2].id.delayen1/Z (sky130_fd_sc_hd__einvp_2)
     1    0.01                           ringosc.dstage[2].id.d1 (net)
                  0.09    0.00    7.67 v ringosc.dstage[2].id.delayint0/A (sky130_fd_sc_hd__clkinv_1)
                  0.05    0.05    7.72 ^ ringosc.dstage[2].id.delayint0/Y (sky130_fd_sc_hd__clkinv_1)
     1    0.00                           ringosc.dstage[2].id.d2 (net)
                  0.05    0.00    7.72 ^ ringosc.dstage[2].id.delayen0/A (sky130_fd_sc_hd__einvp_2)
                  0.12    0.13    7.84 v ringosc.dstage[2].id.delayen0/Z (sky130_fd_sc_hd__einvp_2)
     1    0.01                           ringosc.dstage[2].id.out (net)
                  0.12    0.00    7.84 v ringosc.dstage[3].id.delaybuf0/A (sky130_fd_sc_hd__clkbuf_2)
                  0.19    0.26    8.11 v ringosc.dstage[3].id.delaybuf0/X (sky130_fd_sc_hd__clkbuf_2)
     3    0.03                           ringosc.dstage[3].id.ts (net)
                  0.19    0.00    8.11 v ringosc.dstage[3].id.delaybuf1/A (sky130_fd_sc_hd__clkbuf_1)
                  0.07    0.23    8.34 v ringosc.dstage[3].id.delaybuf1/X (sky130_fd_sc_hd__clkbuf_1)
     1    0.00                           ringosc.dstage[3].id.d0 (net)
                  0.07    0.00    8.34 v ringosc.dstage[3].id.delayen1/A (sky130_fd_sc_hd__einvp_2)
                  0.18    0.18    8.51 ^ ringosc.dstage[3].id.delayen1/Z (sky130_fd_sc_hd__einvp_2)
     1    0.01                           ringosc.dstage[3].id.d1 (net)
                  0.18    0.00    8.51 ^ ringosc.dstage[3].id.delayint0/A (sky130_fd_sc_hd__clkinv_1)
                  0.08    0.08    8.60 v ringosc.dstage[3].id.delayint0/Y (sky130_fd_sc_hd__clkinv_1)
     1    0.00                           ringosc.dstage[3].id.d2 (net)
                  0.08    0.00    8.60 v ringosc.dstage[3].id.delayen0/A (sky130_fd_sc_hd__einvp_2)
                  0.25    0.23    8.83 ^ ringosc.dstage[3].id.delayen0/Z (sky130_fd_sc_hd__einvp_2)
     1    0.01                           ringosc.dstage[3].id.out (net)
                  0.25    0.00    8.83 ^ ringosc.dstage[4].id.delaybuf0/A (sky130_fd_sc_hd__clkbuf_2)
                  0.25    0.29    9.12 ^ ringosc.dstage[4].id.delaybuf0/X (sky130_fd_sc_hd__clkbuf_2)
     3    0.03                           ringosc.dstage[4].id.ts (net)
                  0.25    0.00    9.12 ^ ringosc.dstage[4].id.delaybuf1/A (sky130_fd_sc_hd__clkbuf_1)
                  0.11    0.24    9.36 ^ ringosc.dstage[4].id.delaybuf1/X (sky130_fd_sc_hd__clkbuf_1)
     1    0.00                           ringosc.dstage[4].id.d0 (net)
                  0.11    0.00    9.36 ^ ringosc.dstage[4].id.delayen1/A (sky130_fd_sc_hd__einvp_2)
                  0.09    0.12    9.49 v ringosc.dstage[4].id.delayen1/Z (sky130_fd_sc_hd__einvp_2)
     1    0.01                           ringosc.dstage[4].id.d1 (net)
                  0.09    0.00    9.49 v ringosc.dstage[4].id.delayint0/A (sky130_fd_sc_hd__clkinv_1)
                  0.05    0.05    9.53 ^ ringosc.dstage[4].id.delayint0/Y (sky130_fd_sc_hd__clkinv_1)
     1    0.00                           ringosc.dstage[4].id.d2 (net)
                  0.05    0.00    9.53 ^ ringosc.dstage[4].id.delayen0/A (sky130_fd_sc_hd__einvp_2)
                  0.12    0.13    9.66 v ringosc.dstage[4].id.delayen0/Z (sky130_fd_sc_hd__einvp_2)
     1    0.01                           ringosc.dstage[4].id.out (net)
                  0.12    0.00    9.66 v ringosc.dstage[5].id.delaybuf0/A (sky130_fd_sc_hd__clkbuf_2)
                  0.19    0.26    9.92 v ringosc.dstage[5].id.delaybuf0/X (sky130_fd_sc_hd__clkbuf_2)
     3    0.03                           ringosc.dstage[5].id.ts (net)
                  0.19    0.00    9.92 v ringosc.dstage[5].id.delaybuf1/A (sky130_fd_sc_hd__clkbuf_1)
                  0.07    0.23   10.15 v ringosc.dstage[5].id.delaybuf1/X (sky130_fd_sc_hd__clkbuf_1)
     1    0.00                           ringosc.dstage[5].id.d0 (net)
                  0.07    0.00   10.15 v ringosc.dstage[5].id.delayen1/A (sky130_fd_sc_hd__einvp_2)
                  0.18    0.18   10.33 ^ ringosc.dstage[5].id.delayen1/Z (sky130_fd_sc_hd__einvp_2)
     1    0.01                           ringosc.dstage[5].id.d1 (net)
                  0.18    0.00   10.33 ^ ringosc.dstage[5].id.delayint0/A (sky130_fd_sc_hd__clkinv_1)
                  0.08    0.08   10.41 v ringosc.dstage[5].id.delayint0/Y (sky130_fd_sc_hd__clkinv_1)
     1    0.00                           ringosc.dstage[5].id.d2 (net)
                  0.08    0.00   10.41 v ringosc.dstage[5].id.delayen0/A (sky130_fd_sc_hd__einvp_2)
                  0.35    0.31   10.72 ^ ringosc.dstage[5].id.delayen0/Z (sky130_fd_sc_hd__einvp_2)
     2    0.02                           ringosc.dstage[5].id.out (net)
                  0.35    0.00   10.72 ^ ringosc.dstage[6].id.delaybuf0/A (sky130_fd_sc_hd__clkbuf_2)
                  0.25    0.29   11.01 ^ ringosc.dstage[6].id.delaybuf0/X (sky130_fd_sc_hd__clkbuf_2)
     3    0.03                           ringosc.dstage[6].id.ts (net)
                  0.25    0.00   11.01 ^ ringosc.dstage[6].id.delaybuf1/A (sky130_fd_sc_hd__clkbuf_1)
                  0.11    0.24   11.25 ^ ringosc.dstage[6].id.delaybuf1/X (sky130_fd_sc_hd__clkbuf_1)
     1    0.00                           ringosc.dstage[6].id.d0 (net)
                  0.11    0.00   11.25 ^ ringosc.dstage[6].id.delayen1/A (sky130_fd_sc_hd__einvp_2)
                  0.09    0.12   11.38 v ringosc.dstage[6].id.delayen1/Z (sky130_fd_sc_hd__einvp_2)
     1    0.01                           ringosc.dstage[6].id.d1 (net)
                  0.09    0.00   11.38 v ringosc.dstage[6].id.delayint0/A (sky130_fd_sc_hd__clkinv_1)
                  0.05    0.05   11.42 ^ ringosc.dstage[6].id.delayint0/Y (sky130_fd_sc_hd__clkinv_1)
     1    0.00                           ringosc.dstage[6].id.d2 (net)
                  0.05    0.00   11.42 ^ ringosc.dstage[6].id.delayen0/A (sky130_fd_sc_hd__einvp_2)
                  0.12    0.13   11.55 v ringosc.dstage[6].id.delayen0/Z (sky130_fd_sc_hd__einvp_2)
     1    0.01                           ringosc.dstage[6].id.out (net)
                  0.12    0.00   11.55 v ringosc.dstage[7].id.delaybuf0/A (sky130_fd_sc_hd__clkbuf_2)
                  0.19    0.26   11.81 v ringosc.dstage[7].id.delaybuf0/X (sky130_fd_sc_hd__clkbuf_2)
     3    0.03                           ringosc.dstage[7].id.ts (net)
                  0.19    0.00   11.81 v ringosc.dstage[7].id.delaybuf1/A (sky130_fd_sc_hd__clkbuf_1)
                  0.07    0.23   12.04 v ringosc.dstage[7].id.delaybuf1/X (sky130_fd_sc_hd__clkbuf_1)
     1    0.00                           ringosc.dstage[7].id.d0 (net)
                  0.07    0.00   12.04 v ringosc.dstage[7].id.delayen1/A (sky130_fd_sc_hd__einvp_2)
                  0.18    0.18   12.22 ^ ringosc.dstage[7].id.delayen1/Z (sky130_fd_sc_hd__einvp_2)
     1    0.01                           ringosc.dstage[7].id.d1 (net)
                  0.18    0.00   12.22 ^ ringosc.dstage[7].id.delayint0/A (sky130_fd_sc_hd__clkinv_1)
                  0.08    0.08   12.30 v ringosc.dstage[7].id.delayint0/Y (sky130_fd_sc_hd__clkinv_1)
     1    0.00                           ringosc.dstage[7].id.d2 (net)
                  0.08    0.00   12.30 v ringosc.dstage[7].id.delayen0/A (sky130_fd_sc_hd__einvp_2)
                  0.25    0.23   12.54 ^ ringosc.dstage[7].id.delayen0/Z (sky130_fd_sc_hd__einvp_2)
     1    0.01                           ringosc.dstage[7].id.out (net)
                  0.25    0.00   12.54 ^ ringosc.dstage[8].id.delaybuf0/A (sky130_fd_sc_hd__clkbuf_2)
                  0.25    0.29   12.83 ^ ringosc.dstage[8].id.delaybuf0/X (sky130_fd_sc_hd__clkbuf_2)
     3    0.03                           ringosc.dstage[8].id.ts (net)
                  0.25    0.00   12.83 ^ ringosc.dstage[8].id.delaybuf1/A (sky130_fd_sc_hd__clkbuf_1)
                  0.11    0.24   13.07 ^ ringosc.dstage[8].id.delaybuf1/X (sky130_fd_sc_hd__clkbuf_1)
     1    0.00                           ringosc.dstage[8].id.d0 (net)
                  0.11    0.00   13.07 ^ ringosc.dstage[8].id.delayen1/A (sky130_fd_sc_hd__einvp_2)
                  0.09    0.12   13.19 v ringosc.dstage[8].id.delayen1/Z (sky130_fd_sc_hd__einvp_2)
     1    0.01                           ringosc.dstage[8].id.d1 (net)
                  0.09    0.00   13.19 v ringosc.dstage[8].id.delayint0/A (sky130_fd_sc_hd__clkinv_1)
                  0.05    0.05   13.24 ^ ringosc.dstage[8].id.delayint0/Y (sky130_fd_sc_hd__clkinv_1)
     1    0.00                           ringosc.dstage[8].id.d2 (net)
                  0.05    0.00   13.24 ^ ringosc.dstage[8].id.delayen0/A (sky130_fd_sc_hd__einvp_2)
                  0.12    0.13   13.37 v ringosc.dstage[8].id.delayen0/Z (sky130_fd_sc_hd__einvp_2)
     1    0.01                           ringosc.dstage[8].id.out (net)
                  0.12    0.00   13.37 v ringosc.dstage[9].id.delaybuf0/A (sky130_fd_sc_hd__clkbuf_2)
                  0.19    0.26   13.63 v ringosc.dstage[9].id.delaybuf0/X (sky130_fd_sc_hd__clkbuf_2)
     3    0.03                           ringosc.dstage[9].id.ts (net)
                  0.19    0.00   13.63 v ringosc.dstage[9].id.delaybuf1/A (sky130_fd_sc_hd__clkbuf_1)
                  0.07    0.23   13.86 v ringosc.dstage[9].id.delaybuf1/X (sky130_fd_sc_hd__clkbuf_1)
     1    0.00                           ringosc.dstage[9].id.d0 (net)
                  0.07    0.00   13.86 v ringosc.dstage[9].id.delayen1/A (sky130_fd_sc_hd__einvp_2)
                  0.18    0.18   14.04 ^ ringosc.dstage[9].id.delayen1/Z (sky130_fd_sc_hd__einvp_2)
     1    0.01                           ringosc.dstage[9].id.d1 (net)
                  0.18    0.00   14.04 ^ ringosc.dstage[9].id.delayint0/A (sky130_fd_sc_hd__clkinv_1)
                  0.08    0.08   14.12 v ringosc.dstage[9].id.delayint0/Y (sky130_fd_sc_hd__clkinv_1)
     1    0.00                           ringosc.dstage[9].id.d2 (net)
                  0.08    0.00   14.12 v ringosc.dstage[9].id.delayen0/A (sky130_fd_sc_hd__einvp_2)
                  0.25    0.23   14.35 ^ ringosc.dstage[9].id.delayen0/Z (sky130_fd_sc_hd__einvp_2)
     1    0.01                           ringosc.dstage[10].id.in (net)
                  0.25    0.00   14.35 ^ ringosc.dstage[10].id.delaybuf0/A (sky130_fd_sc_hd__clkbuf_2)
                  0.25    0.29   14.64 ^ ringosc.dstage[10].id.delaybuf0/X (sky130_fd_sc_hd__clkbuf_2)
     3    0.03                           ringosc.dstage[10].id.ts (net)
                  0.25    0.00   14.64 ^ ringosc.dstage[10].id.delaybuf1/A (sky130_fd_sc_hd__clkbuf_1)
                  0.11    0.24   14.89 ^ ringosc.dstage[10].id.delaybuf1/X (sky130_fd_sc_hd__clkbuf_1)
     1    0.00                           ringosc.dstage[10].id.d0 (net)
                  0.11    0.00   14.89 ^ ringosc.dstage[10].id.delayen1/A (sky130_fd_sc_hd__einvp_2)
                  0.09    0.12   15.01 v ringosc.dstage[10].id.delayen1/Z (sky130_fd_sc_hd__einvp_2)
     1    0.01                           ringosc.dstage[10].id.d1 (net)
                  0.09    0.00   15.01 v ringosc.dstage[10].id.delayint0/A (sky130_fd_sc_hd__clkinv_1)
                  0.05    0.05   15.06 ^ ringosc.dstage[10].id.delayint0/Y (sky130_fd_sc_hd__clkinv_1)
     1    0.00                           ringosc.dstage[10].id.d2 (net)
                  0.05    0.00   15.06 ^ ringosc.dstage[10].id.delayen0/A (sky130_fd_sc_hd__einvp_2)
                  0.12    0.13   15.18 v ringosc.dstage[10].id.delayen0/Z (sky130_fd_sc_hd__einvp_2)
     1    0.01                           ringosc.dstage[10].id.out (net)
                  0.12    0.00   15.18 v ringosc.dstage[11].id.delaybuf0/A (sky130_fd_sc_hd__clkbuf_2)
                  0.19    0.26   15.45 v ringosc.dstage[11].id.delaybuf0/X (sky130_fd_sc_hd__clkbuf_2)
     3    0.03                           ringosc.dstage[11].id.ts (net)
                  0.19    0.00   15.45 v ringosc.dstage[11].id.delayenb0/A (sky130_fd_sc_hd__einvn_8)
                  0.22    0.26   15.71 ^ ringosc.dstage[11].id.delayenb0/Z (sky130_fd_sc_hd__einvn_8)
     3    0.04                           ringosc.dstage[11].id.out (net)
                  0.71    0.00   15.71 ^ ringosc.iss.delayenb0/A (sky130_fd_sc_hd__einvn_8)
                  0.14    0.21   15.91 v ringosc.iss.delayenb0/Z (sky130_fd_sc_hd__einvn_8)
     2    0.02                           ringosc.dstage[0].id.in (net)
                  0.31    0.00   15.91 v ringosc.ibufp00/A (sky130_fd_sc_hd__clkinv_2)
                  0.16    0.24   16.16 ^ ringosc.ibufp00/Y (sky130_fd_sc_hd__clkinv_2)
     1    0.02                           ringosc.c[0] (net)
                  0.16    0.00   16.16 ^ ringosc.ibufp01/A (sky130_fd_sc_hd__clkinv_8)
                  0.09    0.15   16.31 v ringosc.ibufp01/Y (sky130_fd_sc_hd__clkinv_8)
    25    0.04                           pll_control.clock (net)
                  0.09    0.00   16.31 v _353_/A1 (sky130_fd_sc_hd__mux2_1)
                  0.25    0.83   17.13 v _353_/X (sky130_fd_sc_hd__mux2_1)
     1    0.02                           clockc (net)
                  0.25    0.00   17.13 v clockc (out)
                                 17.13   data arrival time

                  0.00   15.80   15.80   clock w (rise edge)
                          0.00   15.80   clock network delay (ideal)
                          0.00   15.80   clock reconvergence pessimism
                         -3.16   12.64   output external delay
                                 12.64   data required time
-----------------------------------------------------------------------------
                                 12.64   data required time
                                -17.13   data arrival time
-----------------------------------------------------------------------------
                                 -4.49   slack (VIOLATED)


Startpoint: dco (input port clocked by w)
Endpoint: clockp[0] (output port clocked by w)
Path Group: w
Path Type: max

Fanout     Cap    Slew   Delay    Time   Description
-----------------------------------------------------------------------------
                  0.00    0.00    0.00   clock w (rise edge)
                          0.00    0.00   clock network delay (ideal)
                          3.16    3.16 v input external delay
                  0.10    0.07    3.23 v dco (in)
    27    0.09                           dco (net)
                  0.10    0.00    3.23 v _354_/S (sky130_fd_sc_hd__mux2_1)
                  0.23    0.52    3.75 ^ _354_/X (sky130_fd_sc_hd__mux2_1)
     2    0.02                           ringosc.dstage[11].id.trim[0] (net)
                  0.23    0.00    3.75 ^ ringosc.dstage[11].id.delayen0/TE (sky130_fd_sc_hd__einvp_2)
                  0.71    0.74    4.49 ^ ringosc.dstage[11].id.delayen0/Z (sky130_fd_sc_hd__einvp_2)
     3    0.04                           ringosc.dstage[11].id.out (net)
                  0.71    0.00    4.49 ^ ringosc.iss.delaybuf0/A (sky130_fd_sc_hd__clkbuf_1)
                  0.11    0.14    4.63 ^ ringosc.iss.delaybuf0/X (sky130_fd_sc_hd__clkbuf_1)
     1    0.00                           ringosc.iss.d0 (net)
                  0.11    0.00    4.63 ^ ringosc.iss.delayen1/A (sky130_fd_sc_hd__einvp_2)
                  0.09    0.12    4.76 v ringosc.iss.delayen1/Z (sky130_fd_sc_hd__einvp_2)
     1    0.01                           ringosc.iss.d1 (net)
                  0.13    0.00    4.76 v ringosc.iss.delayint0/A (sky130_fd_sc_hd__clkinv_1)
                  0.05    0.05    4.80 ^ ringosc.iss.delayint0/Y (sky130_fd_sc_hd__clkinv_1)
     1    0.00                           ringosc.iss.d2 (net)
                  0.05    0.00    4.80 ^ ringosc.iss.delayen0/A (sky130_fd_sc_hd__einvp_2)
                  0.18    0.17    4.97 v ringosc.iss.delayen0/Z (sky130_fd_sc_hd__einvp_2)
     2    0.02                           ringosc.dstage[0].id.in (net)
                  0.31    0.00    4.97 v ringosc.dstage[0].id.delaybuf0/A (sky130_fd_sc_hd__clkbuf_2)
                  0.19    0.26    5.24 v ringosc.dstage[0].id.delaybuf0/X (sky130_fd_sc_hd__clkbuf_2)
     3    0.03                           ringosc.dstage[0].id.ts (net)
                  0.19    0.00    5.24 v ringosc.dstage[0].id.delaybuf1/A (sky130_fd_sc_hd__clkbuf_1)
                  0.07    0.23    5.47 v ringosc.dstage[0].id.delaybuf1/X (sky130_fd_sc_hd__clkbuf_1)
     1    0.00                           ringosc.dstage[0].id.d0 (net)
                  0.07    0.00    5.47 v ringosc.dstage[0].id.delayen1/A (sky130_fd_sc_hd__einvp_2)
                  0.18    0.18    5.64 ^ ringosc.dstage[0].id.delayen1/Z (sky130_fd_sc_hd__einvp_2)
     1    0.01                           ringosc.dstage[0].id.d1 (net)
                  0.18    0.00    5.64 ^ ringosc.dstage[0].id.delayint0/A (sky130_fd_sc_hd__clkinv_1)
                  0.08    0.08    5.73 v ringosc.dstage[0].id.delayint0/Y (sky130_fd_sc_hd__clkinv_1)
     1    0.00                           ringosc.dstage[0].id.d2 (net)
                  0.08    0.00    5.73 v ringosc.dstage[0].id.delayen0/A (sky130_fd_sc_hd__einvp_2)
                  0.25    0.23    5.96 ^ ringosc.dstage[0].id.delayen0/Z (sky130_fd_sc_hd__einvp_2)
     1    0.01                           ringosc.dstage[0].id.out (net)
                  0.25    0.00    5.96 ^ ringosc.dstage[1].id.delaybuf0/A (sky130_fd_sc_hd__clkbuf_2)
                  0.25    0.29    6.25 ^ ringosc.dstage[1].id.delaybuf0/X (sky130_fd_sc_hd__clkbuf_2)
     3    0.03                           ringosc.dstage[1].id.ts (net)
                  0.25    0.00    6.25 ^ ringosc.dstage[1].id.delaybuf1/A (sky130_fd_sc_hd__clkbuf_1)
                  0.11    0.24    6.49 ^ ringosc.dstage[1].id.delaybuf1/X (sky130_fd_sc_hd__clkbuf_1)
     1    0.00                           ringosc.dstage[1].id.d0 (net)
                  0.11    0.00    6.49 ^ ringosc.dstage[1].id.delayen1/A (sky130_fd_sc_hd__einvp_2)
                  0.09    0.12    6.62 v ringosc.dstage[1].id.delayen1/Z (sky130_fd_sc_hd__einvp_2)
     1    0.01                           ringosc.dstage[1].id.d1 (net)
                  0.09    0.00    6.62 v ringosc.dstage[1].id.delayint0/A (sky130_fd_sc_hd__clkinv_1)
                  0.05    0.05    6.66 ^ ringosc.dstage[1].id.delayint0/Y (sky130_fd_sc_hd__clkinv_1)
     1    0.00                           ringosc.dstage[1].id.d2 (net)
                  0.05    0.00    6.66 ^ ringosc.dstage[1].id.delayen0/A (sky130_fd_sc_hd__einvp_2)
                  0.12    0.13    6.79 v ringosc.dstage[1].id.delayen0/Z (sky130_fd_sc_hd__einvp_2)
     1    0.01                           ringosc.dstage[1].id.out (net)
                  0.12    0.00    6.79 v ringosc.dstage[2].id.delaybuf0/A (sky130_fd_sc_hd__clkbuf_2)
                  0.19    0.26    7.05 v ringosc.dstage[2].id.delaybuf0/X (sky130_fd_sc_hd__clkbuf_2)
     3    0.03                           ringosc.dstage[2].id.ts (net)
                  0.19    0.00    7.05 v ringosc.dstage[2].id.delaybuf1/A (sky130_fd_sc_hd__clkbuf_1)
                  0.07    0.23    7.28 v ringosc.dstage[2].id.delaybuf1/X (sky130_fd_sc_hd__clkbuf_1)
     1    0.00                           ringosc.dstage[2].id.d0 (net)
                  0.07    0.00    7.28 v ringosc.dstage[2].id.delayen1/A (sky130_fd_sc_hd__einvp_2)
                  0.18    0.18    7.46 ^ ringosc.dstage[2].id.delayen1/Z (sky130_fd_sc_hd__einvp_2)
     1    0.01                           ringosc.dstage[2].id.d1 (net)
                  0.18    0.00    7.46 ^ ringosc.dstage[2].id.delayint0/A (sky130_fd_sc_hd__clkinv_1)
                  0.08    0.08    7.54 v ringosc.dstage[2].id.delayint0/Y (sky130_fd_sc_hd__clkinv_1)
     1    0.00                           ringosc.dstage[2].id.d2 (net)
                  0.08    0.00    7.54 v ringosc.dstage[2].id.delayen0/A (sky130_fd_sc_hd__einvp_2)
                  0.25    0.23    7.78 ^ ringosc.dstage[2].id.delayen0/Z (sky130_fd_sc_hd__einvp_2)
     1    0.01                           ringosc.dstage[2].id.out (net)
                  0.25    0.00    7.78 ^ ringosc.dstage[3].id.delaybuf0/A (sky130_fd_sc_hd__clkbuf_2)
                  0.25    0.29    8.07 ^ ringosc.dstage[3].id.delaybuf0/X (sky130_fd_sc_hd__clkbuf_2)
     3    0.03                           ringosc.dstage[3].id.ts (net)
                  0.25    0.00    8.07 ^ ringosc.dstage[3].id.delaybuf1/A (sky130_fd_sc_hd__clkbuf_1)
                  0.11    0.24    8.31 ^ ringosc.dstage[3].id.delaybuf1/X (sky130_fd_sc_hd__clkbuf_1)
     1    0.00                           ringosc.dstage[3].id.d0 (net)
                  0.11    0.00    8.31 ^ ringosc.dstage[3].id.delayen1/A (sky130_fd_sc_hd__einvp_2)
                  0.09    0.12    8.43 v ringosc.dstage[3].id.delayen1/Z (sky130_fd_sc_hd__einvp_2)
     1    0.01                           ringosc.dstage[3].id.d1 (net)
                  0.09    0.00    8.43 v ringosc.dstage[3].id.delayint0/A (sky130_fd_sc_hd__clkinv_1)
                  0.05    0.05    8.48 ^ ringosc.dstage[3].id.delayint0/Y (sky130_fd_sc_hd__clkinv_1)
     1    0.00                           ringosc.dstage[3].id.d2 (net)
                  0.05    0.00    8.48 ^ ringosc.dstage[3].id.delayen0/A (sky130_fd_sc_hd__einvp_2)
                  0.12    0.13    8.61 v ringosc.dstage[3].id.delayen0/Z (sky130_fd_sc_hd__einvp_2)
     1    0.01                           ringosc.dstage[3].id.out (net)
                  0.12    0.00    8.61 v ringosc.dstage[4].id.delaybuf0/A (sky130_fd_sc_hd__clkbuf_2)
                  0.19    0.26    8.87 v ringosc.dstage[4].id.delaybuf0/X (sky130_fd_sc_hd__clkbuf_2)
     3    0.03                           ringosc.dstage[4].id.ts (net)
                  0.19    0.00    8.87 v ringosc.dstage[4].id.delaybuf1/A (sky130_fd_sc_hd__clkbuf_1)
                  0.07    0.23    9.10 v ringosc.dstage[4].id.delaybuf1/X (sky130_fd_sc_hd__clkbuf_1)
     1    0.00                           ringosc.dstage[4].id.d0 (net)
                  0.07    0.00    9.10 v ringosc.dstage[4].id.delayen1/A (sky130_fd_sc_hd__einvp_2)
                  0.18    0.18    9.28 ^ ringosc.dstage[4].id.delayen1/Z (sky130_fd_sc_hd__einvp_2)
     1    0.01                           ringosc.dstage[4].id.d1 (net)
                  0.18    0.00    9.28 ^ ringosc.dstage[4].id.delayint0/A (sky130_fd_sc_hd__clkinv_1)
                  0.08    0.08    9.36 v ringosc.dstage[4].id.delayint0/Y (sky130_fd_sc_hd__clkinv_1)
     1    0.00                           ringosc.dstage[4].id.d2 (net)
                  0.08    0.00    9.36 v ringosc.dstage[4].id.delayen0/A (sky130_fd_sc_hd__einvp_2)
                  0.25    0.23    9.59 ^ ringosc.dstage[4].id.delayen0/Z (sky130_fd_sc_hd__einvp_2)
     1    0.01                           ringosc.dstage[4].id.out (net)
                  0.25    0.00    9.59 ^ ringosc.dstage[5].id.delaybuf0/A (sky130_fd_sc_hd__clkbuf_2)
                  0.25    0.29    9.88 ^ ringosc.dstage[5].id.delaybuf0/X (sky130_fd_sc_hd__clkbuf_2)
     3    0.03                           ringosc.dstage[5].id.ts (net)
                  0.25    0.00    9.88 ^ ringosc.dstage[5].id.delaybuf1/A (sky130_fd_sc_hd__clkbuf_1)
                  0.11    0.24   10.13 ^ ringosc.dstage[5].id.delaybuf1/X (sky130_fd_sc_hd__clkbuf_1)
     1    0.00                           ringosc.dstage[5].id.d0 (net)
                  0.11    0.00   10.13 ^ ringosc.dstage[5].id.delayen1/A (sky130_fd_sc_hd__einvp_2)
                  0.09    0.12   10.25 v ringosc.dstage[5].id.delayen1/Z (sky130_fd_sc_hd__einvp_2)
     1    0.01                           ringosc.dstage[5].id.d1 (net)
                  0.09    0.00   10.25 v ringosc.dstage[5].id.delayint0/A (sky130_fd_sc_hd__clkinv_1)
                  0.05    0.05   10.30 ^ ringosc.dstage[5].id.delayint0/Y (sky130_fd_sc_hd__clkinv_1)
     1    0.00                           ringosc.dstage[5].id.d2 (net)
                  0.05    0.00   10.30 ^ ringosc.dstage[5].id.delayen0/A (sky130_fd_sc_hd__einvp_2)
                  0.16    0.16   10.45 v ringosc.dstage[5].id.delayen0/Z (sky130_fd_sc_hd__einvp_2)
     2    0.02                           ringosc.dstage[5].id.out (net)
                  0.16    0.00   10.45 v ringosc.dstage[6].id.delaybuf0/A (sky130_fd_sc_hd__clkbuf_2)
                  0.19    0.26   10.72 v ringosc.dstage[6].id.delaybuf0/X (sky130_fd_sc_hd__clkbuf_2)
     3    0.03                           ringosc.dstage[6].id.ts (net)
                  0.19    0.00   10.72 v ringosc.dstage[6].id.delaybuf1/A (sky130_fd_sc_hd__clkbuf_1)
                  0.07    0.23   10.95 v ringosc.dstage[6].id.delaybuf1/X (sky130_fd_sc_hd__clkbuf_1)
     1    0.00                           ringosc.dstage[6].id.d0 (net)
                  0.07    0.00   10.95 v ringosc.dstage[6].id.delayen1/A (sky130_fd_sc_hd__einvp_2)
                  0.18    0.18   11.13 ^ ringosc.dstage[6].id.delayen1/Z (sky130_fd_sc_hd__einvp_2)
     1    0.01                           ringosc.dstage[6].id.d1 (net)
                  0.18    0.00   11.13 ^ ringosc.dstage[6].id.delayint0/A (sky130_fd_sc_hd__clkinv_1)
                  0.08    0.08   11.21 v ringosc.dstage[6].id.delayint0/Y (sky130_fd_sc_hd__clkinv_1)
     1    0.00                           ringosc.dstage[6].id.d2 (net)
                  0.08    0.00   11.21 v ringosc.dstage[6].id.delayen0/A (sky130_fd_sc_hd__einvp_2)
                  0.25    0.23   11.44 ^ ringosc.dstage[6].id.delayen0/Z (sky130_fd_sc_hd__einvp_2)
     1    0.01                           ringosc.dstage[6].id.out (net)
                  0.25    0.00   11.44 ^ ringosc.dstage[7].id.delaybuf0/A (sky130_fd_sc_hd__clkbuf_2)
                  0.25    0.29   11.73 ^ ringosc.dstage[7].id.delaybuf0/X (sky130_fd_sc_hd__clkbuf_2)
     3    0.03                           ringosc.dstage[7].id.ts (net)
                  0.25    0.00   11.73 ^ ringosc.dstage[7].id.delaybuf1/A (sky130_fd_sc_hd__clkbuf_1)
                  0.11    0.24   11.98 ^ ringosc.dstage[7].id.delaybuf1/X (sky130_fd_sc_hd__clkbuf_1)
     1    0.00                           ringosc.dstage[7].id.d0 (net)
                  0.11    0.00   11.98 ^ ringosc.dstage[7].id.delayen1/A (sky130_fd_sc_hd__einvp_2)
                  0.09    0.12   12.10 v ringosc.dstage[7].id.delayen1/Z (sky130_fd_sc_hd__einvp_2)
     1    0.01                           ringosc.dstage[7].id.d1 (net)
                  0.09    0.00   12.10 v ringosc.dstage[7].id.delayint0/A (sky130_fd_sc_hd__clkinv_1)
                  0.05    0.05   12.15 ^ ringosc.dstage[7].id.delayint0/Y (sky130_fd_sc_hd__clkinv_1)
     1    0.00                           ringosc.dstage[7].id.d2 (net)
                  0.05    0.00   12.15 ^ ringosc.dstage[7].id.delayen0/A (sky130_fd_sc_hd__einvp_2)
                  0.12    0.13   12.27 v ringosc.dstage[7].id.delayen0/Z (sky130_fd_sc_hd__einvp_2)
     1    0.01                           ringosc.dstage[7].id.out (net)
                  0.12    0.00   12.27 v ringosc.dstage[8].id.delaybuf0/A (sky130_fd_sc_hd__clkbuf_2)
                  0.19    0.26   12.54 v ringosc.dstage[8].id.delaybuf0/X (sky130_fd_sc_hd__clkbuf_2)
     3    0.03                           ringosc.dstage[8].id.ts (net)
                  0.19    0.00   12.54 v ringosc.dstage[8].id.delaybuf1/A (sky130_fd_sc_hd__clkbuf_1)
                  0.07    0.23   12.77 v ringosc.dstage[8].id.delaybuf1/X (sky130_fd_sc_hd__clkbuf_1)
     1    0.00                           ringosc.dstage[8].id.d0 (net)
                  0.07    0.00   12.77 v ringosc.dstage[8].id.delayen1/A (sky130_fd_sc_hd__einvp_2)
                  0.18    0.18   12.94 ^ ringosc.dstage[8].id.delayen1/Z (sky130_fd_sc_hd__einvp_2)
     1    0.01                           ringosc.dstage[8].id.d1 (net)
                  0.18    0.00   12.94 ^ ringosc.dstage[8].id.delayint0/A (sky130_fd_sc_hd__clkinv_1)
                  0.08    0.08   13.03 v ringosc.dstage[8].id.delayint0/Y (sky130_fd_sc_hd__clkinv_1)
     1    0.00                           ringosc.dstage[8].id.d2 (net)
                  0.08    0.00   13.03 v ringosc.dstage[8].id.delayen0/A (sky130_fd_sc_hd__einvp_2)
                  0.25    0.23   13.26 ^ ringosc.dstage[8].id.delayen0/Z (sky130_fd_sc_hd__einvp_2)
     1    0.01                           ringosc.dstage[8].id.out (net)
                  0.25    0.00   13.26 ^ ringosc.dstage[9].id.delaybuf0/A (sky130_fd_sc_hd__clkbuf_2)
                  0.25    0.29   13.55 ^ ringosc.dstage[9].id.delaybuf0/X (sky130_fd_sc_hd__clkbuf_2)
     3    0.03                           ringosc.dstage[9].id.ts (net)
                  0.25    0.00   13.55 ^ ringosc.dstage[9].id.delaybuf1/A (sky130_fd_sc_hd__clkbuf_1)
                  0.11    0.24   13.79 ^ ringosc.dstage[9].id.delaybuf1/X (sky130_fd_sc_hd__clkbuf_1)
     1    0.00                           ringosc.dstage[9].id.d0 (net)
                  0.11    0.00   13.79 ^ ringosc.dstage[9].id.delayen1/A (sky130_fd_sc_hd__einvp_2)
                  0.09    0.12   13.91 v ringosc.dstage[9].id.delayen1/Z (sky130_fd_sc_hd__einvp_2)
     1    0.01                           ringosc.dstage[9].id.d1 (net)
                  0.09    0.00   13.91 v ringosc.dstage[9].id.delayint0/A (sky130_fd_sc_hd__clkinv_1)
                  0.05    0.05   13.96 ^ ringosc.dstage[9].id.delayint0/Y (sky130_fd_sc_hd__clkinv_1)
     1    0.00                           ringosc.dstage[9].id.d2 (net)
                  0.05    0.00   13.96 ^ ringosc.dstage[9].id.delayen0/A (sky130_fd_sc_hd__einvp_2)
                  0.12    0.13   14.09 v ringosc.dstage[9].id.delayen0/Z (sky130_fd_sc_hd__einvp_2)
     1    0.01                           ringosc.dstage[10].id.in (net)
                  0.12    0.00   14.09 v ringosc.dstage[10].id.delaybuf0/A (sky130_fd_sc_hd__clkbuf_2)
                  0.19    0.26   14.35 v ringosc.dstage[10].id.delaybuf0/X (sky130_fd_sc_hd__clkbuf_2)
     3    0.03                           ringosc.dstage[10].id.ts (net)
                  0.19    0.00   14.35 v ringosc.dstage[10].id.delaybuf1/A (sky130_fd_sc_hd__clkbuf_1)
                  0.07    0.23   14.58 v ringosc.dstage[10].id.delaybuf1/X (sky130_fd_sc_hd__clkbuf_1)
     1    0.00                           ringosc.dstage[10].id.d0 (net)
                  0.07    0.00   14.58 v ringosc.dstage[10].id.delayen1/A (sky130_fd_sc_hd__einvp_2)
                  0.18    0.18   14.76 ^ ringosc.dstage[10].id.delayen1/Z (sky130_fd_sc_hd__einvp_2)
     1    0.01                           ringosc.dstage[10].id.d1 (net)
                  0.18    0.00   14.76 ^ ringosc.dstage[10].id.delayint0/A (sky130_fd_sc_hd__clkinv_1)
                  0.08    0.08   14.84 v ringosc.dstage[10].id.delayint0/Y (sky130_fd_sc_hd__clkinv_1)
     1    0.00                           ringosc.dstage[10].id.d2 (net)
                  0.08    0.00   14.84 v ringosc.dstage[10].id.delayen0/A (sky130_fd_sc_hd__einvp_2)
                  0.25    0.23   15.08 ^ ringosc.dstage[10].id.delayen0/Z (sky130_fd_sc_hd__einvp_2)
     1    0.01                           ringosc.dstage[10].id.out (net)
                  0.25    0.00   15.08 ^ ringosc.dstage[11].id.delaybuf0/A (sky130_fd_sc_hd__clkbuf_2)
                  0.25    0.29   15.37 ^ ringosc.dstage[11].id.delaybuf0/X (sky130_fd_sc_hd__clkbuf_2)
     3    0.03                           ringosc.dstage[11].id.ts (net)
                  0.25    0.00   15.37 ^ ringosc.dstage[11].id.delayenb0/A (sky130_fd_sc_hd__einvn_8)
                  0.11    0.18   15.54 v ringosc.dstage[11].id.delayenb0/Z (sky130_fd_sc_hd__einvn_8)
     3    0.04                           ringosc.dstage[11].id.out (net)
                  0.32    0.00   15.54 v ringosc.iss.delayenb0/A (sky130_fd_sc_hd__einvn_8)
                  0.15    0.23   15.77 ^ ringosc.iss.delayenb0/Z (sky130_fd_sc_hd__einvn_8)
     2    0.02                           ringosc.dstage[0].id.in (net)
                  0.67    0.00   15.77 ^ ringosc.ibufp00/A (sky130_fd_sc_hd__clkinv_2)
                  0.23    0.41   16.18 v ringosc.ibufp00/Y (sky130_fd_sc_hd__clkinv_2)
     1    0.02                           ringosc.c[0] (net)
                  0.23    0.00   16.18 v ringosc.ibufp01/A (sky130_fd_sc_hd__clkinv_8)
                  0.11    0.18   16.37 ^ ringosc.ibufp01/Y (sky130_fd_sc_hd__clkinv_8)
    25    0.04                           pll_control.clock (net)
                  0.11    0.00   16.37 ^ _349_/A (sky130_fd_sc_hd__buf_2)
                  0.15    0.27   16.64 ^ _349_/X (sky130_fd_sc_hd__buf_2)
     1    0.02                           clockp[0] (net)
                  0.15    0.00   16.64 ^ clockp[0] (out)
                                 16.64   data arrival time

                  0.00   15.80   15.80   clock w (rise edge)
                          0.00   15.80   clock network delay (ideal)
                          0.00   15.80   clock reconvergence pessimism
                         -3.16   12.64   output external delay
                                 12.64   data required time
-----------------------------------------------------------------------------
                                 12.64   data required time
                                -16.64   data arrival time
-----------------------------------------------------------------------------
                                 -4.00   slack (VIOLATED)


