Startpoint: idiv16 (rising edge-triggered flip-flop)
Endpoint: clockd[3] (output port clocked by w)
Path Group: w
Path Type: min

Fanout     Cap    Slew   Delay    Time   Description
-----------------------------------------------------------------------------
                  0.06    0.00    0.00 ^ idiv16/CLK (sky130_fd_sc_hd__dfrbp_1)
                  0.03    0.26    0.26 v idiv16/Q_N (sky130_fd_sc_hd__dfrbp_1)
     3    0.01                           net43 (net)
                  0.03    0.00    0.26 v output43/A (sky130_fd_sc_hd__clkbuf_2)
                  0.01    0.05    0.31 v output43/X (sky130_fd_sc_hd__clkbuf_2)
     1    0.02                           clockd[3] (net)
                  0.01    0.00    0.31 v clockd[3] (out)
                                  0.31   data arrival time

                  0.00    0.00    0.00   clock w (rise edge)
                          0.00    0.00   clock network delay (ideal)
                          0.00    0.00   clock reconvergence pessimism
                         -3.16   -3.16   output external delay
                                 -3.16   data required time
-----------------------------------------------------------------------------
                                 -3.16   data required time
                                 -0.31   data arrival time
-----------------------------------------------------------------------------
                                  3.47   slack (MET)


Startpoint: dco (input port clocked by w)
Endpoint: clockp[1] (output port clocked by w)
Path Group: w
Path Type: max

Fanout     Cap    Slew   Delay    Time   Description
-----------------------------------------------------------------------------
                  0.00    0.00    0.00   clock w (rise edge)
                          0.00    0.00   clock network delay (ideal)
                          3.16    3.16 v input external delay
                  0.01    0.00    3.16 v dco (in)
     1    0.00                           dco (net)
                  0.01    0.00    3.16 v input1/A (sky130_fd_sc_hd__buf_6)
                  0.05    0.20    3.36 v input1/X (sky130_fd_sc_hd__buf_6)
    12    0.02                           net1 (net)
                  0.05    0.00    3.36 v _357_/S (sky130_fd_sc_hd__mux2_1)
                  0.16    0.76    4.12 v _357_/X (sky130_fd_sc_hd__mux2_1)
     2    0.01                           ringosc.dstage[10].id.trim[1] (net)
                  0.16    0.00    4.12 v ringosc.dstage[10].id.delayen1/TE (sky130_fd_sc_hd__einvp_1)
                  0.12    0.26    4.38 v ringosc.dstage[10].id.delayen1/Z (sky130_fd_sc_hd__einvp_1)
     1    0.01                           ringosc.dstage[10].id.d1 (net)
                  0.12    0.00    4.38 v ringosc.dstage[10].id.delayint0/A (sky130_fd_sc_hd__clkinv_1)
                  0.04    0.04    4.42 ^ ringosc.dstage[10].id.delayint0/Y (sky130_fd_sc_hd__clkinv_1)
     1    0.00                           ringosc.dstage[10].id.d2 (net)
                  0.04    0.00    4.42 ^ ringosc.dstage[10].id.delayen0/A (sky130_fd_sc_hd__einvp_1)
                  0.11    0.12    4.53 v ringosc.dstage[10].id.delayen0/Z (sky130_fd_sc_hd__einvp_1)
     1    0.01                           ringosc.dstage[10].id.out (net)
                  0.11    0.00    4.53 v ringosc.dstage[11].id.delaybuf0/A (sky130_fd_sc_hd__clkbuf_2)
                  0.12    0.21    4.75 v ringosc.dstage[11].id.delaybuf0/X (sky130_fd_sc_hd__clkbuf_2)
     3    0.02                           ringosc.dstage[11].id.ts (net)
                  0.12    0.00    4.75 v ringosc.dstage[11].id.delaybuf1/A (sky130_fd_sc_hd__clkbuf_1)
                  0.05    0.18    4.93 v ringosc.dstage[11].id.delaybuf1/X (sky130_fd_sc_hd__clkbuf_1)
     1    0.00                           ringosc.dstage[11].id.d0 (net)
                  0.05    0.00    4.93 v ringosc.dstage[11].id.delayen1/A (sky130_fd_sc_hd__einvp_1)
                  0.30    0.27    5.20 ^ ringosc.dstage[11].id.delayen1/Z (sky130_fd_sc_hd__einvp_1)
     1    0.01                           ringosc.dstage[11].id.d1 (net)
                  0.30    0.00    5.20 ^ ringosc.dstage[11].id.delayint0/A (sky130_fd_sc_hd__clkinv_1)
                  0.14    0.13    5.33 v ringosc.dstage[11].id.delayint0/Y (sky130_fd_sc_hd__clkinv_1)
     1    0.01                           ringosc.dstage[11].id.d2 (net)
                  0.14    0.00    5.33 v ringosc.dstage[11].id.delayen0/A (sky130_fd_sc_hd__einvp_4)
                  0.16    0.19    5.52 ^ ringosc.dstage[11].id.delayen0/Z (sky130_fd_sc_hd__einvp_4)
     3    0.01                           ringosc.dstage[11].id.out (net)
                  0.16    0.00    5.52 ^ ringosc.iss.delaybuf0/A (sky130_fd_sc_hd__clkbuf_1)
                  0.07    0.12    5.64 ^ ringosc.iss.delaybuf0/X (sky130_fd_sc_hd__clkbuf_1)
     1    0.00                           ringosc.iss.d0 (net)
                  0.07    0.00    5.64 ^ ringosc.iss.delayen1/A (sky130_fd_sc_hd__einvp_1)
                  0.14    0.15    5.79 v ringosc.iss.delayen1/Z (sky130_fd_sc_hd__einvp_1)
     1    0.01                           ringosc.iss.d1 (net)
                  0.14    0.00    5.79 v ringosc.iss.delayint0/A (sky130_fd_sc_hd__clkinv_1)
                  0.10    0.08    5.87 ^ ringosc.iss.delayint0/Y (sky130_fd_sc_hd__clkinv_1)
     1    0.01                           ringosc.iss.d2 (net)
                  0.10    0.00    5.87 ^ ringosc.iss.delayen0/A (sky130_fd_sc_hd__einvp_4)
                  0.07    0.10    5.97 v ringosc.iss.delayen0/Z (sky130_fd_sc_hd__einvp_4)
     2    0.01                           ringosc.dstage[0].id.in (net)
                  0.07    0.00    5.97 v ringosc.dstage[0].id.delaybuf0/A (sky130_fd_sc_hd__clkbuf_2)
                  0.07    0.20    6.17 v ringosc.dstage[0].id.delaybuf0/X (sky130_fd_sc_hd__clkbuf_2)
     3    0.01                           ringosc.dstage[0].id.ts (net)
                  0.07    0.00    6.17 v ringosc.dstage[0].id.delaybuf1/A (sky130_fd_sc_hd__clkbuf_1)
                  0.05    0.15    6.32 v ringosc.dstage[0].id.delaybuf1/X (sky130_fd_sc_hd__clkbuf_1)
     1    0.00                           ringosc.dstage[0].id.d0 (net)
                  0.05    0.00    6.32 v ringosc.dstage[0].id.delayen1/A (sky130_fd_sc_hd__einvp_1)
                  0.28    0.25    6.57 ^ ringosc.dstage[0].id.delayen1/Z (sky130_fd_sc_hd__einvp_1)
     1    0.01                           ringosc.dstage[0].id.d1 (net)
                  0.28    0.00    6.57 ^ ringosc.dstage[0].id.delayint0/A (sky130_fd_sc_hd__clkinv_1)
                  0.09    0.18    6.75 v ringosc.dstage[0].id.delayint0/Y (sky130_fd_sc_hd__clkinv_1)
     1    0.00                           ringosc.dstage[0].id.d2 (net)
                  0.09    0.00    6.75 v ringosc.dstage[0].id.delayen0/A (sky130_fd_sc_hd__einvp_1)
                  0.27    0.25    7.00 ^ ringosc.dstage[0].id.delayen0/Z (sky130_fd_sc_hd__einvp_1)
     1    0.01                           ringosc.dstage[0].id.out (net)
                  0.27    0.00    7.00 ^ ringosc.dstage[1].id.delaybuf0/A (sky130_fd_sc_hd__clkbuf_2)
                  0.12    0.31    7.31 ^ ringosc.dstage[1].id.delaybuf0/X (sky130_fd_sc_hd__clkbuf_2)
     3    0.01                           ringosc.dstage[1].id.ts (net)
                  0.12    0.00    7.31 ^ ringosc.dstage[1].id.delaybuf1/A (sky130_fd_sc_hd__clkbuf_1)
                  0.08    0.17    7.49 ^ ringosc.dstage[1].id.delaybuf1/X (sky130_fd_sc_hd__clkbuf_1)
     1    0.00                           ringosc.dstage[1].id.d0 (net)
                  0.08    0.00    7.49 ^ ringosc.dstage[1].id.delayen1/A (sky130_fd_sc_hd__einvp_1)
                  0.13    0.14    7.63 v ringosc.dstage[1].id.delayen1/Z (sky130_fd_sc_hd__einvp_1)
     1    0.01                           ringosc.dstage[1].id.d1 (net)
                  0.13    0.00    7.63 v ringosc.dstage[1].id.delayint0/A (sky130_fd_sc_hd__clkinv_1)
                  0.05    0.09    7.72 ^ ringosc.dstage[1].id.delayint0/Y (sky130_fd_sc_hd__clkinv_1)
     1    0.00                           ringosc.dstage[1].id.d2 (net)
                  0.05    0.00    7.72 ^ ringosc.dstage[1].id.delayen0/A (sky130_fd_sc_hd__einvp_1)
                  0.11    0.12    7.85 v ringosc.dstage[1].id.delayen0/Z (sky130_fd_sc_hd__einvp_1)
     1    0.01                           ringosc.dstage[1].id.out (net)
                  0.11    0.00    7.85 v ringosc.dstage[2].id.delaybuf0/A (sky130_fd_sc_hd__clkbuf_2)
                  0.10    0.25    8.09 v ringosc.dstage[2].id.delaybuf0/X (sky130_fd_sc_hd__clkbuf_2)
     3    0.01                           ringosc.dstage[2].id.ts (net)
                  0.10    0.00    8.09 v ringosc.dstage[2].id.delaybuf1/A (sky130_fd_sc_hd__clkbuf_1)
                  0.05    0.17    8.26 v ringosc.dstage[2].id.delaybuf1/X (sky130_fd_sc_hd__clkbuf_1)
     1    0.00                           ringosc.dstage[2].id.d0 (net)
                  0.05    0.00    8.26 v ringosc.dstage[2].id.delayen1/A (sky130_fd_sc_hd__einvp_1)
                  0.28    0.25    8.51 ^ ringosc.dstage[2].id.delayen1/Z (sky130_fd_sc_hd__einvp_1)
     1    0.01                           ringosc.dstage[2].id.d1 (net)
                  0.28    0.00    8.51 ^ ringosc.dstage[2].id.delayint0/A (sky130_fd_sc_hd__clkinv_1)
                  0.09    0.17    8.69 v ringosc.dstage[2].id.delayint0/Y (sky130_fd_sc_hd__clkinv_1)
     1    0.00                           ringosc.dstage[2].id.d2 (net)
                  0.09    0.00    8.69 v ringosc.dstage[2].id.delayen0/A (sky130_fd_sc_hd__einvp_1)
                  0.24    0.23    8.92 ^ ringosc.dstage[2].id.delayen0/Z (sky130_fd_sc_hd__einvp_1)
     1    0.01                           ringosc.dstage[2].id.out (net)
                  0.24    0.00    8.92 ^ ringosc.dstage[3].id.delaybuf0/A (sky130_fd_sc_hd__clkbuf_2)
                  0.09    0.28    9.20 ^ ringosc.dstage[3].id.delaybuf0/X (sky130_fd_sc_hd__clkbuf_2)
     3    0.01                           ringosc.dstage[3].id.ts (net)
                  0.09    0.00    9.20 ^ ringosc.dstage[3].id.delaybuf1/A (sky130_fd_sc_hd__clkbuf_1)
                  0.08    0.16    9.35 ^ ringosc.dstage[3].id.delaybuf1/X (sky130_fd_sc_hd__clkbuf_1)
     1    0.00                           ringosc.dstage[3].id.d0 (net)
                  0.08    0.00    9.35 ^ ringosc.dstage[3].id.delayen1/A (sky130_fd_sc_hd__einvp_1)
                  0.13    0.14    9.50 v ringosc.dstage[3].id.delayen1/Z (sky130_fd_sc_hd__einvp_1)
     1    0.01                           ringosc.dstage[3].id.d1 (net)
                  0.13    0.00    9.50 v ringosc.dstage[3].id.delayint0/A (sky130_fd_sc_hd__clkinv_1)
                  0.05    0.09    9.59 ^ ringosc.dstage[3].id.delayint0/Y (sky130_fd_sc_hd__clkinv_1)
     1    0.00                           ringosc.dstage[3].id.d2 (net)
                  0.05    0.00    9.59 ^ ringosc.dstage[3].id.delayen0/A (sky130_fd_sc_hd__einvp_1)
                  0.12    0.12    9.72 v ringosc.dstage[3].id.delayen0/Z (sky130_fd_sc_hd__einvp_1)
     1    0.01                           ringosc.dstage[3].id.out (net)
                  0.12    0.00    9.72 v ringosc.dstage[4].id.delaybuf0/A (sky130_fd_sc_hd__clkbuf_2)
                  0.12    0.27    9.98 v ringosc.dstage[4].id.delaybuf0/X (sky130_fd_sc_hd__clkbuf_2)
     3    0.02                           ringosc.dstage[4].id.ts (net)
                  0.12    0.00    9.98 v ringosc.dstage[4].id.delaybuf1/A (sky130_fd_sc_hd__clkbuf_1)
                  0.05    0.19   10.17 v ringosc.dstage[4].id.delaybuf1/X (sky130_fd_sc_hd__clkbuf_1)
     1    0.00                           ringosc.dstage[4].id.d0 (net)
                  0.05    0.00   10.17 v ringosc.dstage[4].id.delayen1/A (sky130_fd_sc_hd__einvp_1)
                  0.27    0.25   10.42 ^ ringosc.dstage[4].id.delayen1/Z (sky130_fd_sc_hd__einvp_1)
     1    0.01                           ringosc.dstage[4].id.d1 (net)
                  0.27    0.00   10.42 ^ ringosc.dstage[4].id.delayint0/A (sky130_fd_sc_hd__clkinv_1)
                  0.11    0.21   10.62 v ringosc.dstage[4].id.delayint0/Y (sky130_fd_sc_hd__clkinv_1)
     1    0.00                           ringosc.dstage[4].id.d2 (net)
                  0.11    0.00   10.62 v ringosc.dstage[4].id.delayen0/A (sky130_fd_sc_hd__einvp_2)
                  0.21    0.21   10.84 ^ ringosc.dstage[4].id.delayen0/Z (sky130_fd_sc_hd__einvp_2)
     1    0.01                           ringosc.dstage[4].id.out (net)
                  0.21    0.00   10.84 ^ ringosc.dstage[5].id.delaybuf0/A (sky130_fd_sc_hd__clkbuf_2)
                  0.16    0.32   11.16 ^ ringosc.dstage[5].id.delaybuf0/X (sky130_fd_sc_hd__clkbuf_2)
     3    0.02                           ringosc.dstage[5].id.ts (net)
                  0.16    0.00   11.16 ^ ringosc.dstage[5].id.delaybuf1/A (sky130_fd_sc_hd__clkbuf_1)
                  0.08    0.19   11.35 ^ ringosc.dstage[5].id.delaybuf1/X (sky130_fd_sc_hd__clkbuf_1)
     1    0.00                           ringosc.dstage[5].id.d0 (net)
                  0.08    0.00   11.35 ^ ringosc.dstage[5].id.delayen1/A (sky130_fd_sc_hd__einvp_1)
                  0.13    0.15   11.50 v ringosc.dstage[5].id.delayen1/Z (sky130_fd_sc_hd__einvp_1)
     1    0.01                           ringosc.dstage[5].id.d1 (net)
                  0.13    0.00   11.50 v ringosc.dstage[5].id.delayint0/A (sky130_fd_sc_hd__clkinv_1)
                  0.07    0.11   11.61 ^ ringosc.dstage[5].id.delayint0/Y (sky130_fd_sc_hd__clkinv_1)
     1    0.00                           ringosc.dstage[5].id.d2 (net)
                  0.07    0.00   11.61 ^ ringosc.dstage[5].id.delayen0/A (sky130_fd_sc_hd__einvp_2)
                  0.12    0.13   11.74 v ringosc.dstage[5].id.delayen0/Z (sky130_fd_sc_hd__einvp_2)
     2    0.01                           ringosc.dstage[5].id.out (net)
                  0.12    0.00   11.74 v ringosc.ibufp10/A (sky130_fd_sc_hd__inv_1)
                  0.09    0.12   11.86 ^ ringosc.ibufp10/Y (sky130_fd_sc_hd__inv_1)
     1    0.00                           ringosc.c[1] (net)
                  0.09    0.00   11.86 ^ ringosc.ibufp11/A (sky130_fd_sc_hd__inv_2)
                  0.03    0.07   11.93 v ringosc.ibufp11/Y (sky130_fd_sc_hd__inv_2)
     2    0.00                           net45 (net)
                  0.03    0.00   11.93 v output45/A (sky130_fd_sc_hd__clkbuf_2)
                  0.03    0.14   12.07 v output45/X (sky130_fd_sc_hd__clkbuf_2)
     1    0.02                           clockp[1] (net)
                  0.03    0.00   12.07 v clockp[1] (out)
                                 12.07   data arrival time

                  0.00   15.80   15.80   clock w (rise edge)
                          0.00   15.80   clock network delay (ideal)
                          0.00   15.80   clock reconvergence pessimism
                         -3.16   12.64   output external delay
                                 12.64   data required time
-----------------------------------------------------------------------------
                                 12.64   data required time
                                -12.07   data arrival time
-----------------------------------------------------------------------------
                                  0.57   slack (MET)


