[INFO]: Current run directory is /openLANE_flow/designs/digital_pll/runs/second_run
[INFO]: Preparing LEF Files
[INFO]: Extracting the number of available metal layers from /home/mariam/openlane/pdks/sky130A/libs.ref/sky130_fd_sc_hd/techlef/sky130_fd_sc_hd.tlef
[INFO]: The number of available metal layers is 6
[INFO]: The available metal layers are li1 met1 met2 met3 met4 met5
[INFO]: Merging LEF Files...
[INFO]: Trimming Liberty...
[INFO]: Generating Exclude List...
[INFO]: Storing configs into config.tcl ...
[INFO]: Preparation complete
[INFO]: Running Synthesis...
[INFO]: current step index: 1
[INFO]: Changing netlist from 0 to /openLANE_flow/designs/digital_pll/runs/second_run/results/synthesis/digital_pll.synthesis.v
[INFO]: Running Static Timing Analysis...
[INFO]: current step index: 2
[INFO]: Synthesis was successful
[INFO]: Running Placement...
[INFO]: Running Global Placement...
[INFO]: current step index: 3
[ERROR]: during executing: "openroad -exit /openLANE_flow/scripts/openroad/or_replace.tcl |& tee >&@stdout /openLANE_flow/designs/digital_pll/runs/second_run/logs/placement/3-replace.log"
[ERROR]: Exit code: 1
[ERROR]: Last 10 lines:
child process exited abnormally

[ERROR]: Please check openroad  log file
[ERROR]: Dumping to /openLANE_flow/designs/digital_pll/runs/second_run/error.log
[INFO]: Calculating Runtime From the Start...
[INFO]: Flow failed for digital_pll/27-04_00-06 in 0h0m47s
[INFO]: Generating Final Summary Report...
[INFO]: Design Name: digital_pll
Run Directory: /openLANE_flow/designs/digital_pll/runs/second_run
Source not found.
----------------------------------------

LVS Summary:
Source: /openLANE_flow/designs/digital_pll/runs/second_run/results/lvs/digital_pll.lvs_parsed.gds.log
Source not found.
----------------------------------------

Antenna Summary:
No antenna report found.
[INFO]: check full report here: /openLANE_flow/designs/digital_pll/runs/second_run/reports/final_summary_report.csv
[ERROR]: Flow Failed.
[INFO]: Running Floorplanning...
[INFO]: Running Initial Floorplanning...
[INFO]: current step index: 4
[INFO]: Core area width: 89.7
[INFO]: Core area height: 89.76
[WARNING]: Current core area is too small for a power grid
[WARNING]: Minimizing the power grid!!!!
[INFO]: Changing layout from 0 to /openLANE_flow/designs/digital_pll/runs/second_run/tmp/floorplan/4-verilog2def_openroad.def
[INFO]: Running IO Placement...
[INFO]: current step index: 5
[INFO]: Changing layout from /openLANE_flow/designs/digital_pll/runs/second_run/tmp/floorplan/4-verilog2def_openroad.def to /openLANE_flow/designs/digital_pll/runs/second_run/tmp/floorplan/5-ioPlacer.def
[INFO]: Running Tap/Decap Insertion...
[INFO]: current step index: 6
[INFO]: Changing layout from /openLANE_flow/designs/digital_pll/runs/second_run/tmp/floorplan/5-ioPlacer.def to /openLANE_flow/designs/digital_pll/runs/second_run/results/floorplan/digital_pll.floorplan.def
[INFO]: Taking a Screenshot of the Layout Using Klayout...
[INFO]: current step index: 7
[INFO]: Screenshot taken.
[INFO]: Power planning the following nets
[INFO]: Power: VPWR
[INFO]: Ground: VGND
[INFO]: Generating PDN...
[INFO]: current step index: 8
[INFO]: PDN generation was successful.
[INFO]: Changing layout from /openLANE_flow/designs/digital_pll/runs/second_run/results/floorplan/digital_pll.floorplan.def to /openLANE_flow/designs/digital_pll/runs/second_run/tmp/floorplan/8-pdn.def
[INFO]: Running Placement...
[INFO]: Running Global Placement...
[INFO]: current step index: 9
[INFO]: Global placement was successful
[INFO]: Changing layout from /openLANE_flow/designs/digital_pll/runs/second_run/tmp/floorplan/8-pdn.def to /openLANE_flow/designs/digital_pll/runs/second_run/tmp/placement/9-replace.def
[INFO]: Skipping OpenPhySyn Timing Optimizations.
[INFO]: Running Resizer Design Optimizations...
[INFO]: Generating Exclude List...
[INFO]: Creating ::env(DONT_USE_CELLS)...
[INFO]: Changing layout from /openLANE_flow/designs/digital_pll/runs/second_run/tmp/placement/9-replace.def to /openLANE_flow/designs/digital_pll/runs/second_run/tmp/placement/9-resizer.def
[INFO]: Writing Verilog...
[INFO]: current step index: 10
[INFO]: Changing netlist from /openLANE_flow/designs/digital_pll/runs/second_run/results/synthesis/digital_pll.synthesis.v to /openLANE_flow/designs/digital_pll/runs/second_run/results/synthesis/digital_pll.synthesis_optimized.v
[INFO]: Running Static Timing Analysis...
[INFO]: current step index: 11
[INFO]: Running Detailed Placement...
[INFO]: current step index: 12
[INFO]: Changing layout from /openLANE_flow/designs/digital_pll/runs/second_run/tmp/placement/9-resizer.def to /openLANE_flow/designs/digital_pll/runs/second_run/results/placement/digital_pll.placement.def
[INFO]: Changing layout from /openLANE_flow/designs/digital_pll/runs/second_run/results/placement/digital_pll.placement.def to /openLANE_flow/designs/digital_pll/runs/second_run/results/placement/digital_pll.placement.def
[INFO]: Taking a Screenshot of the Layout Using Klayout...
[INFO]: current step index: 13
[INFO]: Screenshot taken.
[INFO]: current step index: 14
[INFO]: Routing...
[INFO]: Running Global Routing...
[INFO]: current step index: 15
[INFO]: Changing layout from /openLANE_flow/designs/digital_pll/runs/second_run/results/placement/digital_pll.placement.def to /openLANE_flow/designs/digital_pll/runs/second_run/tmp/routing/15-fastroute.def
[INFO]: Changing layout from 0 to /openLANE_flow/designs/digital_pll/runs/second_run/tmp/routing/15-fastroute.guide
[INFO]: Changing layout from /openLANE_flow/designs/digital_pll/runs/second_run/tmp/routing/15-fastroute.def to /openLANE_flow/designs/digital_pll/runs/second_run/tmp/routing/15-fastroute.def
[INFO]: Changing layout from /openLANE_flow/designs/digital_pll/runs/second_run/tmp/routing/15-fastroute.guide to /openLANE_flow/designs/digital_pll/runs/second_run/tmp/routing/15-fastroute.guide
[INFO]: Current Def is /openLANE_flow/designs/digital_pll/runs/second_run/tmp/routing/15-fastroute.def
[INFO]: Current Guide is /openLANE_flow/designs/digital_pll/runs/second_run/tmp/routing/15-fastroute.guide
[INFO]: Running Fill Insertion...
[INFO]: current step index: 16
[INFO]: Changing layout from /openLANE_flow/designs/digital_pll/runs/second_run/tmp/routing/15-fastroute.def to /openLANE_flow/designs/digital_pll/runs/second_run/tmp/routing/16-addspacers.def
[INFO]: Writing Verilog...
[INFO]: current step index: 17
[INFO]: Changing netlist from /openLANE_flow/designs/digital_pll/runs/second_run/results/synthesis/digital_pll.synthesis_optimized.v to /openLANE_flow/designs/digital_pll/runs/second_run/results/synthesis/digital_pll.synthesis_preroute.v
[INFO]: Running Detailed Routing...
[INFO]: current step index: 18
[INFO]: No DRC violations after detailed routing.
[INFO]: Changing layout from /openLANE_flow/designs/digital_pll/runs/second_run/tmp/routing/16-addspacers.def to /openLANE_flow/designs/digital_pll/runs/second_run/results/routing/digital_pll.def
[INFO]: Taking a Screenshot of the Layout Using Klayout...
[INFO]: current step index: 19
[INFO]: Screenshot taken.
[INFO]: Running SPEF Extraction...
[INFO]: current step index: 20
[INFO]: Running Static Timing Analysis...
[INFO]: current step index: 21
[INFO]: Calculating Runtime From the Start...
[INFO]: Routing completed for digital_pll/27-04_00-06 in 0h2m54s
[INFO]: Writing Powered Verilog...
[INFO]: current step index: 22
[INFO]: Writing Verilog...
[INFO]: current step index: 23
[INFO]: Yosys won't attempt to rewrite verilog, and the OpenROAD output will be used as is.
[INFO]: Changing netlist from /openLANE_flow/designs/digital_pll/runs/second_run/results/synthesis/digital_pll.synthesis_preroute.v to /openLANE_flow/designs/digital_pll/runs/second_run/results/lvs/digital_pll.lvs.powered.v
[INFO]: Running Magic to generate various views...
[INFO]: Streaming out GDS II...
[INFO]: current step index: 24
[INFO]: Taking a Screenshot of the Layout Using Klayout...
[INFO]: current step index: 25
[INFO]: Screenshot taken.
[INFO]: current step index: 26
[INFO]: current step index: 27
[INFO]: current step index: 28
[INFO]: Running Magic Spice Export from LEF...
[INFO]: current step index: 29
[INFO]: No Illegal overlaps detected during extraction.
[INFO]: Running Magic DRC...
[INFO]: current step index: 30
[INFO]: Converting Magic DRC Violations to Magic Readable Format...
[INFO]: Converting Magic DRC Violations to Klayout XML Database...
[INFO]: Converting DRC Violations to RDB Format...
[INFO]: Converted DRC Violations to RDB Format
[INFO]: No DRC violations after GDS streaming out.
[INFO]: Running LEF LVS...
[INFO]: /openLANE_flow/designs/digital_pll/runs/second_run/results/magic/digital_pll.spice against /openLANE_flow/designs/digital_pll/runs/second_run/results/lvs/digital_pll.lvs.powered.v
[INFO]: current step index: 31
[INFO]: No LVS mismatches.
[INFO]: Running Magic DRC...
[INFO]: current step index: 32
[INFO]: Converting Magic DRC Violations to Magic Readable Format...
[INFO]: Converting Magic DRC Violations to Klayout XML Database...
[INFO]: Converting DRC Violations to RDB Format...
[INFO]: Converted DRC Violations to RDB Format
[INFO]: No DRC violations after GDS streaming out.
[INFO]: Running Antenna Checks...
[INFO]: Running OpenROAD Antenna Rule Checker...
[INFO]: current step index: 33
[INFO]: current step index: 34
