0-prep 0h0m0s595ms
1-yosys 0h0m4s439ms
2-opensta 0h0m1s565ms
3-verilog2def_openroad 0h0m2s218ms
4-ioPlacer 0h0m1s651ms
5-tapcell 0h0m1s691ms
6-klayout_scrot 0h0m4s761ms
7-pdn 0h0m2s128ms
8-replace 0h0m7s850ms
8-resizer 0h0m6s890ms
9-write_verilog 0h0m1s638ms
10-opensta_post_resizer 0h0m1s580ms
11-opendp 0h0m1s610ms
12-klayout_scrot 0h0m4s908ms
14-fastroute 0h0m8s154ms
15-addspacers 0h0m1s681ms
16-write_verilog 0h0m1s607ms
17-tritonRoute 0h0m17s906ms
18-klayout_scrot 0h0m5s127ms
19-spef_extraction 0h0m0s763ms
20-opensta_spef 0h0m1s633ms
22-write_verilog 0h0m1s769ms
24-klayout_scrot 0h0m5s205ms
27-magic_gen 0h0m7s109ms
28-magic_ext_spice 0h0m1s839ms