
29. Printing statistics.

=== digital_pll ===

   Number of wires:                290
   Number of wire bits:            320
   Number of public wires:         126
   Number of public wire bits:     156
   Number of memories:               0
   Number of memory bits:            0
   Number of processes:              0
   Number of cells:                312
     sky130_fd_sc_hd__a21bo_2        1
     sky130_fd_sc_hd__a21o_2         1
     sky130_fd_sc_hd__a21oi_2        4
     sky130_fd_sc_hd__a221o_2        2
     sky130_fd_sc_hd__a22o_2        12
     sky130_fd_sc_hd__a22oi_2        1
     sky130_fd_sc_hd__a2bb2o_2       4
     sky130_fd_sc_hd__a311o_2        1
     sky130_fd_sc_hd__a31o_2         3
     sky130_fd_sc_hd__a32o_2         2
     sky130_fd_sc_hd__and2_2         1
     sky130_fd_sc_hd__and3_2         1
     sky130_fd_sc_hd__and4_2         2
     sky130_fd_sc_hd__buf_1         23
     sky130_fd_sc_hd__buf_2          1
     sky130_fd_sc_hd__clkbuf_1      13
     sky130_fd_sc_hd__clkbuf_2      12
     sky130_fd_sc_hd__clkinv_1      13
     sky130_fd_sc_hd__clkinv_2       2
     sky130_fd_sc_hd__clkinv_8       2
     sky130_fd_sc_hd__conb_1         1
     sky130_fd_sc_hd__dfrtp_2       23
     sky130_fd_sc_hd__einvn_4       13
     sky130_fd_sc_hd__einvn_8       13
     sky130_fd_sc_hd__einvp_1        1
     sky130_fd_sc_hd__einvp_2       26
     sky130_fd_sc_hd__inv_2         29
     sky130_fd_sc_hd__mux2_1        28
     sky130_fd_sc_hd__nand2_2        7
     sky130_fd_sc_hd__nor2_2         6
     sky130_fd_sc_hd__o2111ai_2      1
     sky130_fd_sc_hd__o211a_2        2
     sky130_fd_sc_hd__o21a_2         1
     sky130_fd_sc_hd__o21ai_2        4
     sky130_fd_sc_hd__o221a_2        5
     sky130_fd_sc_hd__o221ai_2       1
     sky130_fd_sc_hd__o22a_2         4
     sky130_fd_sc_hd__o22ai_2        1
     sky130_fd_sc_hd__o2bb2a_2       4
     sky130_fd_sc_hd__o2bb2ai_2      1
     sky130_fd_sc_hd__o311a_2        4
     sky130_fd_sc_hd__o31a_2         6
     sky130_fd_sc_hd__o32a_2         2
     sky130_fd_sc_hd__o41a_2         5
     sky130_fd_sc_hd__or2_2         17
     sky130_fd_sc_hd__or3_2          5
     sky130_fd_sc_hd__or4_2          1

   Chip area for module '\digital_pll': 3065.440000

