OpenROAD 0.9.0 1415572a73
This program is licensed under the BSD-3 license. See the LICENSE file for details.
Components of this program may be licensed under more restrictive licenses which must be honored.
Notice 0: Reading LEF file:  /openLANE_flow/designs/digital_pll/runs/run_name/tmp/merged_unpadded.lef
Notice 0:     Created 13 technology layers
Notice 0:     Created 25 technology vias
Notice 0:     Created 440 library cells
Notice 0: Finished LEF file:  /openLANE_flow/designs/digital_pll/runs/run_name/tmp/merged_unpadded.lef
Notice 0: 
Reading DEF file: /openLANE_flow/designs/digital_pll/runs/run_name/tmp/floorplan/8-pdn.def
Notice 0: Design: digital_pll
Notice 0:     Created 12 pins.
Notice 0:     Created 412 components and 2458 component-terminals.
Notice 0:     Created 2 special nets and 0 connections.
Notice 0:     Created 267 nets and 953 connections.
Notice 0: Finished DEF file: /openLANE_flow/designs/digital_pll/runs/run_name/tmp/floorplan/8-pdn.def
[INFO GPL-0002] DBU: 1000
[INFO GPL-0003] SiteSize: 460 2720
[INFO GPL-0004] CoreAreaLxLy: 5520 10880
[INFO GPL-0005] CoreAreaUxUy: 80500 84320
[INFO GPL-0006] NumInstances: 412
[INFO GPL-0007] NumPlaceInstances: 286
[INFO GPL-0008] NumFixedInstances: 126
[INFO GPL-0009] NumDummyInstances: 0
[INFO GPL-0010] NumNets: 267
[INFO GPL-0011] NumPins: 963
[INFO GPL-0012] DieAreaLxLy: 0 0
[INFO GPL-0013] DieAreaUxUy: 86230 96950
[INFO GPL-0014] CoreAreaLxLy: 5520 10880
[INFO GPL-0015] CoreAreaUxUy: 80500 84320
[INFO GPL-0016] CoreArea: 5506531200
[INFO GPL-0017] NonPlaceInstsArea: 292780800
[INFO GPL-0018] PlaceInstsArea: 2770156800
[INFO GPL-0019] Util(%): 53.13
[INFO GPL-0020] StdInstsArea: 2770156800
[INFO GPL-0021] MacroInstsArea: 0
Begin InitialPlace
[InitialPlace]  Iter: 1 CG Error: 0.00000011 HPWL: 3245500
[InitialPlace]  Iter: 2 CG Error: 0.00000007 HPWL: 3169836
[InitialPlace]  Iter: 3 CG Error: 0.00000009 HPWL: 3161751
[InitialPlace]  Iter: 4 CG Error: 0.00000012 HPWL: 3168739
[InitialPlace]  Iter: 5 CG Error: 0.00000009 HPWL: 3155694
End InitialPlace
[INFO GPL-0031] FillerInit: NumGCells: 291
[INFO GPL-0032] FillerInit: NumGNets: 267
[INFO GPL-0033] FillerInit: NumGPins: 963
[INFO GPL-0023] TargetDensity: 0.54
[INFO GPL-0024] AveragePlaceInstArea: 9685862
[INFO GPL-0025] IdealBinArea: 17936780
[INFO GPL-0026] IdealBinCnt: 306
[INFO GPL-0027] TotalBinArea: 5506531200
[INFO GPL-0028] BinCnt: 16 16
[INFO GPL-0029] BinSize: 4687 4590
[INFO GPL-0030] NumBins: 256
Begin NesterovInit
End NesterovInit
[NesterovSolve] Iter: 1 overflow: 0.93281 HPWL: 1254128
[NesterovSolve] Iter: 10 overflow: 0.860018 HPWL: 1567540
[NesterovSolve] Iter: 20 overflow: 0.85255 HPWL: 1569903
[NesterovSolve] Iter: 30 overflow: 0.851665 HPWL: 1556311
[NesterovSolve] Iter: 40 overflow: 0.854409 HPWL: 1555822
[NesterovSolve] Iter: 50 overflow: 0.853693 HPWL: 1552744
[NesterovSolve] Iter: 60 overflow: 0.854934 HPWL: 1550462
[NesterovSolve] Iter: 70 overflow: 0.853693 HPWL: 1548904
[NesterovSolve] Iter: 80 overflow: 0.851899 HPWL: 1546825
[NesterovSolve] Iter: 90 overflow: 0.851152 HPWL: 1546081
[NesterovSolve] Iter: 100 overflow: 0.85036 HPWL: 1547043
[NesterovSolve] Iter: 110 overflow: 0.85048 HPWL: 1549491
[NesterovSolve] Iter: 120 overflow: 0.850679 HPWL: 1553157
[NesterovSolve] Iter: 130 overflow: 0.8497 HPWL: 1558266
[NesterovSolve] Iter: 140 overflow: 0.845531 HPWL: 1565567
[NesterovSolve] Iter: 150 overflow: 0.841143 HPWL: 1577156
[NesterovSolve] Iter: 160 overflow: 0.836892 HPWL: 1598067
[NesterovSolve] Iter: 170 overflow: 0.832198 HPWL: 1635548
[NesterovSolve] Iter: 180 overflow: 0.811841 HPWL: 1691393
[NesterovSolve] Iter: 190 overflow: 0.792896 HPWL: 1759625
[NesterovSolve] Iter: 200 overflow: 0.774377 HPWL: 1843533
[NesterovSolve] Iter: 210 overflow: 0.745625 HPWL: 1953178
[NesterovSolve] Iter: 220 overflow: 0.71998 HPWL: 2053586
[NesterovSolve] Iter: 230 overflow: 0.67969 HPWL: 2172609
[NesterovSolve] Iter: 240 overflow: 0.643859 HPWL: 2291282
[NesterovSolve] Iter: 250 overflow: 0.608589 HPWL: 2428171
[NesterovSolve] Iter: 260 overflow: 0.569385 HPWL: 2539364
[NesterovSolve] Iter: 270 overflow: 0.527725 HPWL: 2679644
[NesterovSolve] Iter: 280 overflow: 0.480635 HPWL: 2797455
[NesterovSolve] Iter: 290 overflow: 0.433622 HPWL: 2924582
[NesterovSolve] Iter: 300 overflow: 0.392234 HPWL: 3058628
[NesterovSolve] Iter: 310 overflow: 0.346914 HPWL: 3153783
[NesterovSolve] Iter: 320 overflow: 0.309188 HPWL: 3204449
[NesterovSolve] Iter: 330 overflow: 0.275937 HPWL: 3291935
[NesterovSolve] Iter: 340 overflow: 0.250606 HPWL: 3353255
[NesterovSolve] Iter: 350 overflow: 0.213595 HPWL: 3399100
[NesterovSolve] Iter: 360 overflow: 0.181928 HPWL: 3431015
[NesterovSolve] Iter: 370 overflow: 0.165506 HPWL: 3475368
[NesterovSolve] Iter: 380 overflow: 0.140135 HPWL: 3522990
[NesterovSolve] Iter: 390 overflow: 0.114586 HPWL: 3544560
[NesterovSolve] Finished with Overflow: 0.098756
Warning: /home/atork/mabrains/pdks/sky130A/libs.ref/sky130_fd_sc_hd/lib/sky130_fd_sc_hd__ss_100C_1v60.lib line 32, default_operating_condition ss_100C_1v60 not found.
Warning: /home/atork/mabrains/pdks/sky130A/libs.ref/sky130_fd_sc_hd/lib/sky130_fd_sc_hd__ff_n40C_1v95.lib line 31, default_operating_condition ff_n40C_1v95 not found.
create_clock [get_ports $::env(CLOCK_PORT)]  -name $::env(CLOCK_PORT)  -period $::env(CLOCK_PERIOD)
[WARNING STA-0337] port 'w' not found.
set input_delay_value [expr $::env(CLOCK_PERIOD) * $::env(IO_PCT)]
set output_delay_value [expr $::env(CLOCK_PERIOD) * $::env(IO_PCT)]
puts "\[INFO\]: Setting output delay to: $output_delay_value"
[INFO]: Setting output delay to: 5.0
puts "\[INFO\]: Setting input delay to: $input_delay_value"
[INFO]: Setting input delay to: 5.0
set_max_fanout $::env(SYNTH_MAX_FANOUT) [current_design]
set clk_indx [lsearch [all_inputs] [get_port $::env(CLOCK_PORT)]]
[WARNING STA-0337] port 'w' not found.
#set rst_indx [lsearch [all_inputs] [get_port resetn]]
set all_inputs_wo_clk [lreplace [all_inputs] $clk_indx $clk_indx]
#set all_inputs_wo_clk_rst [lreplace $all_inputs_wo_clk $rst_indx $rst_indx]
set all_inputs_wo_clk_rst $all_inputs_wo_clk
# correct resetn
set_input_delay $input_delay_value  -clock [get_clocks $::env(CLOCK_PORT)] $all_inputs_wo_clk_rst
#set_input_delay 0.0 -clock [get_clocks $::env(CLOCK_PORT)] {resetn}
set_output_delay $output_delay_value  -clock [get_clocks $::env(CLOCK_PORT)] [all_outputs]
# TODO set this as parameter
set_driving_cell -lib_cell $::env(SYNTH_DRIVING_CELL) -pin $::env(SYNTH_DRIVING_CELL_PIN) [all_inputs]
set cap_load [expr $::env(SYNTH_CAP_LOAD) / 1000.0]
puts "\[INFO\]: Setting load to: $cap_load"
[INFO]: Setting load to: 0.01765
set_load  $cap_load [all_outputs]
No paths found.
Startpoint: _318_ (rising edge-triggered flip-flop)
Endpoint: clockp[1] (output port clocked by w)
Path Group: w
Path Type: min

Fanout     Cap    Slew   Delay    Time   Description
-----------------------------------------------------------------------------
                  0.06    0.00    0.00 ^ _318_/CLK (sky130_fd_sc_hd__dfrtp_2)
                  0.21    0.36    0.36 ^ _318_/Q (sky130_fd_sc_hd__dfrtp_2)
    19    0.06                           pll_control.tint[4] (net)
                  0.21    0.00    0.36 ^ _257_/A1 (sky130_fd_sc_hd__o31a_2)
                  0.07    0.15    0.50 ^ _257_/X (sky130_fd_sc_hd__o31a_2)
     2    0.02                           pll_control.trim[5] (net)
                  0.07    0.00    0.50 ^ ringosc.dstage[5].id.delayenb0/TE_B (sky130_fd_sc_hd__einvn_8)
                  0.00    0.04    0.54 v ringosc.dstage[5].id.delayenb0/Z (sky130_fd_sc_hd__einvn_8)
     2    0.02                           ringosc.dstage[5].id.out (net)
                  0.00    0.00    0.54 v ringosc.ibufp10/A (sky130_fd_sc_hd__clkinv_2)
                  0.06    0.05    0.59 ^ ringosc.ibufp10/Y (sky130_fd_sc_hd__clkinv_2)
     1    0.02                           ringosc.c[1] (net)
                  0.06    0.00    0.59 ^ ringosc.ibufp11/A (sky130_fd_sc_hd__clkinv_8)
                  0.03    0.03    0.62 v ringosc.ibufp11/Y (sky130_fd_sc_hd__clkinv_8)
     1    0.02                           clockp[1] (net)
                  0.03    0.00    0.62 v clockp[1] (out)
                                  0.62   data arrival time

                  0.00    0.00    0.00   clock w (rise edge)
                          0.00    0.00   clock network delay (ideal)
                          0.00    0.00   clock reconvergence pessimism
                         -5.00   -5.00   output external delay
                                 -5.00   data required time
-----------------------------------------------------------------------------
                                 -5.00   data required time
                                 -0.62   data arrival time
-----------------------------------------------------------------------------
                                  5.62   slack (MET)


Startpoint: resetb (input port clocked by w)
Endpoint: clockp[0] (output port clocked by w)
Path Group: w
Path Type: max

Fanout     Cap    Slew   Delay    Time   Description
-----------------------------------------------------------------------------
                  0.00    0.00    0.00   clock w (rise edge)
                          0.00    0.00   clock network delay (ideal)
                          5.00    5.00 ^ input external delay
                  0.04    0.02    5.02 ^ resetb (in)
     1    0.01                           resetb (net)
                  0.04    0.00    5.02 ^ _155_/B (sky130_fd_sc_hd__nand2_2)
                  0.09    0.11    5.13 v _155_/Y (sky130_fd_sc_hd__nand2_2)
     3    0.01                           pll_control.reset (net)
                  0.09    0.00    5.13 v ringosc.iss.ctrlen0/A (sky130_fd_sc_hd__or2_2)
                  0.15    0.73    5.86 v ringosc.iss.ctrlen0/X (sky130_fd_sc_hd__or2_2)
     1    0.01                           ringosc.iss.ctrl0 (net)
                  0.15    0.00    5.86 v ringosc.iss.delayenb0/TE_B (sky130_fd_sc_hd__einvn_8)
                  0.00    0.24    6.10 v ringosc.iss.delayenb0/Z (sky130_fd_sc_hd__einvn_8)
     2    0.02                           ringosc.dstage[0].id.in (net)
                  0.00    0.00    6.10 v ringosc.dstage[0].id.delaybuf0/A (sky130_fd_sc_hd__clkbuf_2)
                  0.19    0.27    6.37 v ringosc.dstage[0].id.delaybuf0/X (sky130_fd_sc_hd__clkbuf_2)
     3    0.03                           ringosc.dstage[0].id.ts (net)
                  0.19    0.00    6.37 v ringosc.dstage[0].id.delaybuf1/A (sky130_fd_sc_hd__clkbuf_1)
                  0.07    0.23    6.60 v ringosc.dstage[0].id.delaybuf1/X (sky130_fd_sc_hd__clkbuf_1)
     1    0.00                           ringosc.dstage[0].id.d0 (net)
                  0.07    0.00    6.60 v ringosc.dstage[0].id.delayen1/A (sky130_fd_sc_hd__einvp_2)
                  0.00    0.03    6.63 ^ ringosc.dstage[0].id.delayen1/Z (sky130_fd_sc_hd__einvp_2)
     1    0.01                           ringosc.dstage[0].id.d1 (net)
                  0.00    0.00    6.63 ^ ringosc.dstage[0].id.delayint0/A (sky130_fd_sc_hd__clkinv_1)
                  0.08    0.09    6.72 v ringosc.dstage[0].id.delayint0/Y (sky130_fd_sc_hd__clkinv_1)
     1    0.00                           ringosc.dstage[0].id.d2 (net)
                  0.08    0.00    6.72 v ringosc.dstage[0].id.delayen0/A (sky130_fd_sc_hd__einvp_2)
                  0.00    0.04    6.76 ^ ringosc.dstage[0].id.delayen0/Z (sky130_fd_sc_hd__einvp_2)
     1    0.01                           ringosc.dstage[0].id.out (net)
                  0.00    0.00    6.76 ^ ringosc.dstage[1].id.delaybuf0/A (sky130_fd_sc_hd__clkbuf_2)
                  0.25    0.30    7.05 ^ ringosc.dstage[1].id.delaybuf0/X (sky130_fd_sc_hd__clkbuf_2)
     3    0.03                           ringosc.dstage[1].id.ts (net)
                  0.25    0.00    7.05 ^ ringosc.dstage[1].id.delaybuf1/A (sky130_fd_sc_hd__clkbuf_1)
                  0.11    0.25    7.30 ^ ringosc.dstage[1].id.delaybuf1/X (sky130_fd_sc_hd__clkbuf_1)
     1    0.00                           ringosc.dstage[1].id.d0 (net)
                  0.11    0.00    7.30 ^ ringosc.dstage[1].id.delayen1/A (sky130_fd_sc_hd__einvp_2)
                  0.00    0.04    7.34 v ringosc.dstage[1].id.delayen1/Z (sky130_fd_sc_hd__einvp_2)
     1    0.01                           ringosc.dstage[1].id.d1 (net)
                  0.00    0.00    7.34 v ringosc.dstage[1].id.delayint0/A (sky130_fd_sc_hd__clkinv_1)
                  0.05    0.05    7.39 ^ ringosc.dstage[1].id.delayint0/Y (sky130_fd_sc_hd__clkinv_1)
     1    0.00                           ringosc.dstage[1].id.d2 (net)
                  0.05    0.00    7.39 ^ ringosc.dstage[1].id.delayen0/A (sky130_fd_sc_hd__einvp_2)
                  0.00    0.03    7.42 v ringosc.dstage[1].id.delayen0/Z (sky130_fd_sc_hd__einvp_2)
     1    0.01                           ringosc.dstage[1].id.out (net)
                  0.00    0.00    7.42 v ringosc.dstage[2].id.delaybuf0/A (sky130_fd_sc_hd__clkbuf_2)
                  0.19    0.27    7.69 v ringosc.dstage[2].id.delaybuf0/X (sky130_fd_sc_hd__clkbuf_2)
     3    0.03                           ringosc.dstage[2].id.ts (net)
                  0.19    0.00    7.69 v ringosc.dstage[2].id.delaybuf1/A (sky130_fd_sc_hd__clkbuf_1)
                  0.07    0.23    7.92 v ringosc.dstage[2].id.delaybuf1/X (sky130_fd_sc_hd__clkbuf_1)
     1    0.00                           ringosc.dstage[2].id.d0 (net)
                  0.07    0.00    7.92 v ringosc.dstage[2].id.delayen1/A (sky130_fd_sc_hd__einvp_2)
                  0.00    0.03    7.96 ^ ringosc.dstage[2].id.delayen1/Z (sky130_fd_sc_hd__einvp_2)
     1    0.01                           ringosc.dstage[2].id.d1 (net)
                  0.00    0.00    7.96 ^ ringosc.dstage[2].id.delayint0/A (sky130_fd_sc_hd__clkinv_1)
                  0.08    0.09    8.04 v ringosc.dstage[2].id.delayint0/Y (sky130_fd_sc_hd__clkinv_1)
     1    0.00                           ringosc.dstage[2].id.d2 (net)
                  0.08    0.00    8.04 v ringosc.dstage[2].id.delayen0/A (sky130_fd_sc_hd__einvp_2)
                  0.00    0.04    8.08 ^ ringosc.dstage[2].id.delayen0/Z (sky130_fd_sc_hd__einvp_2)
     1    0.01                           ringosc.dstage[2].id.out (net)
                  0.00    0.00    8.08 ^ ringosc.dstage[3].id.delaybuf0/A (sky130_fd_sc_hd__clkbuf_2)
                  0.25    0.30    8.38 ^ ringosc.dstage[3].id.delaybuf0/X (sky130_fd_sc_hd__clkbuf_2)
     3    0.03                           ringosc.dstage[3].id.ts (net)
                  0.25    0.00    8.38 ^ ringosc.dstage[3].id.delaybuf1/A (sky130_fd_sc_hd__clkbuf_1)
                  0.11    0.25    8.62 ^ ringosc.dstage[3].id.delaybuf1/X (sky130_fd_sc_hd__clkbuf_1)
     1    0.00                           ringosc.dstage[3].id.d0 (net)
                  0.11    0.00    8.62 ^ ringosc.dstage[3].id.delayen1/A (sky130_fd_sc_hd__einvp_2)
                  0.00    0.04    8.67 v ringosc.dstage[3].id.delayen1/Z (sky130_fd_sc_hd__einvp_2)
     1    0.01                           ringosc.dstage[3].id.d1 (net)
                  0.00    0.00    8.67 v ringosc.dstage[3].id.delayint0/A (sky130_fd_sc_hd__clkinv_1)
                  0.05    0.05    8.71 ^ ringosc.dstage[3].id.delayint0/Y (sky130_fd_sc_hd__clkinv_1)
     1    0.00                           ringosc.dstage[3].id.d2 (net)
                  0.05    0.00    8.71 ^ ringosc.dstage[3].id.delayen0/A (sky130_fd_sc_hd__einvp_2)
                  0.00    0.03    8.74 v ringosc.dstage[3].id.delayen0/Z (sky130_fd_sc_hd__einvp_2)
     1    0.01                           ringosc.dstage[3].id.out (net)
                  0.00    0.00    8.74 v ringosc.dstage[4].id.delaybuf0/A (sky130_fd_sc_hd__clkbuf_2)
                  0.20    0.27    9.02 v ringosc.dstage[4].id.delaybuf0/X (sky130_fd_sc_hd__clkbuf_2)
     3    0.03                           ringosc.dstage[4].id.ts (net)
                  0.20    0.00    9.02 v ringosc.dstage[4].id.delaybuf1/A (sky130_fd_sc_hd__clkbuf_1)
                  0.07    0.23    9.25 v ringosc.dstage[4].id.delaybuf1/X (sky130_fd_sc_hd__clkbuf_1)
     1    0.00                           ringosc.dstage[4].id.d0 (net)
                  0.07    0.00    9.25 v ringosc.dstage[4].id.delayen1/A (sky130_fd_sc_hd__einvp_2)
                  0.00    0.03    9.29 ^ ringosc.dstage[4].id.delayen1/Z (sky130_fd_sc_hd__einvp_2)
     1    0.01                           ringosc.dstage[4].id.d1 (net)
                  0.00    0.00    9.29 ^ ringosc.dstage[4].id.delayint0/A (sky130_fd_sc_hd__clkinv_1)
                  0.08    0.09    9.37 v ringosc.dstage[4].id.delayint0/Y (sky130_fd_sc_hd__clkinv_1)
     1    0.00                           ringosc.dstage[4].id.d2 (net)
                  0.08    0.00    9.37 v ringosc.dstage[4].id.delayen0/A (sky130_fd_sc_hd__einvp_2)
                  0.00    0.04    9.41 ^ ringosc.dstage[4].id.delayen0/Z (sky130_fd_sc_hd__einvp_2)
     1    0.01                           ringosc.dstage[4].id.out (net)
                  0.00    0.00    9.41 ^ ringosc.dstage[5].id.delaybuf0/A (sky130_fd_sc_hd__clkbuf_2)
                  0.26    0.30    9.71 ^ ringosc.dstage[5].id.delaybuf0/X (sky130_fd_sc_hd__clkbuf_2)
     3    0.03                           ringosc.dstage[5].id.ts (net)
                  0.26    0.00    9.71 ^ ringosc.dstage[5].id.delaybuf1/A (sky130_fd_sc_hd__clkbuf_1)
                  0.11    0.25    9.95 ^ ringosc.dstage[5].id.delaybuf1/X (sky130_fd_sc_hd__clkbuf_1)
     1    0.00                           ringosc.dstage[5].id.d0 (net)
                  0.11    0.00    9.95 ^ ringosc.dstage[5].id.delayen1/A (sky130_fd_sc_hd__einvp_2)
                  0.00    0.04   10.00 v ringosc.dstage[5].id.delayen1/Z (sky130_fd_sc_hd__einvp_2)
     1    0.01                           ringosc.dstage[5].id.d1 (net)
                  0.00    0.00   10.00 v ringosc.dstage[5].id.delayint0/A (sky130_fd_sc_hd__clkinv_1)
                  0.06    0.05   10.05 ^ ringosc.dstage[5].id.delayint0/Y (sky130_fd_sc_hd__clkinv_1)
     1    0.01                           ringosc.dstage[5].id.d2 (net)
                  0.06    0.00   10.05 ^ ringosc.dstage[5].id.delayen0/A (sky130_fd_sc_hd__einvp_2)
                  0.00    0.03   10.08 v ringosc.dstage[5].id.delayen0/Z (sky130_fd_sc_hd__einvp_2)
     2    0.02                           ringosc.dstage[5].id.out (net)
                  0.00    0.00   10.08 v ringosc.dstage[6].id.delaybuf0/A (sky130_fd_sc_hd__clkbuf_2)
                  0.19    0.27   10.35 v ringosc.dstage[6].id.delaybuf0/X (sky130_fd_sc_hd__clkbuf_2)
     3    0.03                           ringosc.dstage[6].id.ts (net)
                  0.19    0.00   10.35 v ringosc.dstage[6].id.delaybuf1/A (sky130_fd_sc_hd__clkbuf_1)
                  0.07    0.23   10.58 v ringosc.dstage[6].id.delaybuf1/X (sky130_fd_sc_hd__clkbuf_1)
     1    0.00                           ringosc.dstage[6].id.d0 (net)
                  0.07    0.00   10.58 v ringosc.dstage[6].id.delayen1/A (sky130_fd_sc_hd__einvp_2)
                  0.00    0.03   10.61 ^ ringosc.dstage[6].id.delayen1/Z (sky130_fd_sc_hd__einvp_2)
     1    0.01                           ringosc.dstage[6].id.d1 (net)
                  0.00    0.00   10.61 ^ ringosc.dstage[6].id.delayint0/A (sky130_fd_sc_hd__clkinv_1)
                  0.08    0.08   10.70 v ringosc.dstage[6].id.delayint0/Y (sky130_fd_sc_hd__clkinv_1)
     1    0.00                           ringosc.dstage[6].id.d2 (net)
                  0.08    0.00   10.70 v ringosc.dstage[6].id.delayen0/A (sky130_fd_sc_hd__einvp_2)
                  0.00    0.04   10.74 ^ ringosc.dstage[6].id.delayen0/Z (sky130_fd_sc_hd__einvp_2)
     1    0.01                           ringosc.dstage[6].id.out (net)
                  0.00    0.00   10.74 ^ ringosc.dstage[7].id.delaybuf0/A (sky130_fd_sc_hd__clkbuf_2)
                  0.26    0.30   11.03 ^ ringosc.dstage[7].id.delaybuf0/X (sky130_fd_sc_hd__clkbuf_2)
     3    0.03                           ringosc.dstage[7].id.ts (net)
                  0.26    0.00   11.03 ^ ringosc.dstage[7].id.delaybuf1/A (sky130_fd_sc_hd__clkbuf_1)
                  0.11    0.25   11.28 ^ ringosc.dstage[7].id.delaybuf1/X (sky130_fd_sc_hd__clkbuf_1)
     1    0.00                           ringosc.dstage[7].id.d0 (net)
                  0.11    0.00   11.28 ^ ringosc.dstage[7].id.delayen1/A (sky130_fd_sc_hd__einvp_2)
                  0.00    0.04   11.32 v ringosc.dstage[7].id.delayen1/Z (sky130_fd_sc_hd__einvp_2)
     1    0.01                           ringosc.dstage[7].id.d1 (net)
                  0.00    0.00   11.32 v ringosc.dstage[7].id.delayint0/A (sky130_fd_sc_hd__clkinv_1)
                  0.05    0.05   11.37 ^ ringosc.dstage[7].id.delayint0/Y (sky130_fd_sc_hd__clkinv_1)
     1    0.00                           ringosc.dstage[7].id.d2 (net)
                  0.05    0.00   11.37 ^ ringosc.dstage[7].id.delayen0/A (sky130_fd_sc_hd__einvp_2)
                  0.00    0.03   11.40 v ringosc.dstage[7].id.delayen0/Z (sky130_fd_sc_hd__einvp_2)
     1    0.01                           ringosc.dstage[7].id.out (net)
                  0.00    0.00   11.40 v ringosc.dstage[8].id.delaybuf0/A (sky130_fd_sc_hd__clkbuf_2)
                  0.19    0.27   11.67 v ringosc.dstage[8].id.delaybuf0/X (sky130_fd_sc_hd__clkbuf_2)
     3    0.03                           ringosc.dstage[8].id.ts (net)
                  0.19    0.00   11.67 v ringosc.dstage[8].id.delaybuf1/A (sky130_fd_sc_hd__clkbuf_1)
                  0.07    0.23   11.90 v ringosc.dstage[8].id.delaybuf1/X (sky130_fd_sc_hd__clkbuf_1)
     1    0.00                           ringosc.dstage[8].id.d0 (net)
                  0.07    0.00   11.90 v ringosc.dstage[8].id.delayen1/A (sky130_fd_sc_hd__einvp_2)
                  0.00    0.03   11.94 ^ ringosc.dstage[8].id.delayen1/Z (sky130_fd_sc_hd__einvp_2)
     1    0.01                           ringosc.dstage[8].id.d1 (net)
                  0.00    0.00   11.94 ^ ringosc.dstage[8].id.delayint0/A (sky130_fd_sc_hd__clkinv_1)
                  0.08    0.08   12.02 v ringosc.dstage[8].id.delayint0/Y (sky130_fd_sc_hd__clkinv_1)
     1    0.00                           ringosc.dstage[8].id.d2 (net)
                  0.08    0.00   12.02 v ringosc.dstage[8].id.delayen0/A (sky130_fd_sc_hd__einvp_2)
                  0.00    0.04   12.06 ^ ringosc.dstage[8].id.delayen0/Z (sky130_fd_sc_hd__einvp_2)
     1    0.01                           ringosc.dstage[8].id.out (net)
                  0.00    0.00   12.06 ^ ringosc.dstage[9].id.delaybuf0/A (sky130_fd_sc_hd__clkbuf_2)
                  0.25    0.30   12.36 ^ ringosc.dstage[9].id.delaybuf0/X (sky130_fd_sc_hd__clkbuf_2)
     3    0.03                           ringosc.dstage[9].id.ts (net)
                  0.25    0.00   12.36 ^ ringosc.dstage[9].id.delaybuf1/A (sky130_fd_sc_hd__clkbuf_1)
                  0.11    0.25   12.60 ^ ringosc.dstage[9].id.delaybuf1/X (sky130_fd_sc_hd__clkbuf_1)
     1    0.00                           ringosc.dstage[9].id.d0 (net)
                  0.11    0.00   12.60 ^ ringosc.dstage[9].id.delayen1/A (sky130_fd_sc_hd__einvp_2)
                  0.00    0.04   12.64 v ringosc.dstage[9].id.delayen1/Z (sky130_fd_sc_hd__einvp_2)
     1    0.01                           ringosc.dstage[9].id.d1 (net)
                  0.00    0.00   12.64 v ringosc.dstage[9].id.delayint0/A (sky130_fd_sc_hd__clkinv_1)
                  0.05    0.05   12.69 ^ ringosc.dstage[9].id.delayint0/Y (sky130_fd_sc_hd__clkinv_1)
     1    0.00                           ringosc.dstage[9].id.d2 (net)
                  0.05    0.00   12.69 ^ ringosc.dstage[9].id.delayen0/A (sky130_fd_sc_hd__einvp_2)
                  0.00    0.03   12.72 v ringosc.dstage[9].id.delayen0/Z (sky130_fd_sc_hd__einvp_2)
     1    0.01                           ringosc.dstage[10].id.in (net)
                  0.00    0.00   12.72 v ringosc.dstage[10].id.delaybuf0/A (sky130_fd_sc_hd__clkbuf_2)
                  0.19    0.27   12.99 v ringosc.dstage[10].id.delaybuf0/X (sky130_fd_sc_hd__clkbuf_2)
     3    0.03                           ringosc.dstage[10].id.ts (net)
                  0.19    0.00   12.99 v ringosc.dstage[10].id.delaybuf1/A (sky130_fd_sc_hd__clkbuf_1)
                  0.07    0.23   13.22 v ringosc.dstage[10].id.delaybuf1/X (sky130_fd_sc_hd__clkbuf_1)
     1    0.00                           ringosc.dstage[10].id.d0 (net)
                  0.07    0.00   13.22 v ringosc.dstage[10].id.delayen1/A (sky130_fd_sc_hd__einvp_2)
                  0.00    0.03   13.26 ^ ringosc.dstage[10].id.delayen1/Z (sky130_fd_sc_hd__einvp_2)
     1    0.01                           ringosc.dstage[10].id.d1 (net)
                  0.00    0.00   13.26 ^ ringosc.dstage[10].id.delayint0/A (sky130_fd_sc_hd__clkinv_1)
                  0.08    0.08   13.34 v ringosc.dstage[10].id.delayint0/Y (sky130_fd_sc_hd__clkinv_1)
     1    0.00                           ringosc.dstage[10].id.d2 (net)
                  0.08    0.00   13.34 v ringosc.dstage[10].id.delayen0/A (sky130_fd_sc_hd__einvp_2)
                  0.00    0.04   13.38 ^ ringosc.dstage[10].id.delayen0/Z (sky130_fd_sc_hd__einvp_2)
     1    0.01                           ringosc.dstage[10].id.out (net)
                  0.00    0.00   13.38 ^ ringosc.dstage[11].id.delaybuf0/A (sky130_fd_sc_hd__clkbuf_2)
                  0.25    0.29   13.68 ^ ringosc.dstage[11].id.delaybuf0/X (sky130_fd_sc_hd__clkbuf_2)
     3    0.03                           ringosc.dstage[11].id.ts (net)
                  0.25    0.00   13.68 ^ ringosc.dstage[11].id.delaybuf1/A (sky130_fd_sc_hd__clkbuf_1)
                  0.11    0.25   13.92 ^ ringosc.dstage[11].id.delaybuf1/X (sky130_fd_sc_hd__clkbuf_1)
     1    0.00                           ringosc.dstage[11].id.d0 (net)
                  0.11    0.00   13.92 ^ ringosc.dstage[11].id.delayen1/A (sky130_fd_sc_hd__einvp_2)
                  0.00    0.04   13.97 v ringosc.dstage[11].id.delayen1/Z (sky130_fd_sc_hd__einvp_2)
     1    0.01                           ringosc.dstage[11].id.d1 (net)
                  0.00    0.00   13.97 v ringosc.dstage[11].id.delayint0/A (sky130_fd_sc_hd__clkinv_1)
                  0.05    0.05   14.01 ^ ringosc.dstage[11].id.delayint0/Y (sky130_fd_sc_hd__clkinv_1)
     1    0.00                           ringosc.dstage[11].id.d2 (net)
                  0.05    0.00   14.01 ^ ringosc.dstage[11].id.delayen0/A (sky130_fd_sc_hd__einvp_2)
                  0.00    0.03   14.04 v ringosc.dstage[11].id.delayen0/Z (sky130_fd_sc_hd__einvp_2)
     3    0.04                           ringosc.dstage[11].id.out (net)
                  0.00    0.00   14.04 v ringosc.iss.delaybuf0/A (sky130_fd_sc_hd__clkbuf_1)
                  0.07    0.14   14.19 v ringosc.iss.delaybuf0/X (sky130_fd_sc_hd__clkbuf_1)
     1    0.00                           ringosc.iss.d0 (net)
                  0.07    0.00   14.19 v ringosc.iss.delayen1/A (sky130_fd_sc_hd__einvp_2)
                  0.00    0.03   14.22 ^ ringosc.iss.delayen1/Z (sky130_fd_sc_hd__einvp_2)
     1    0.01                           ringosc.iss.d1 (net)
                  0.00    0.00   14.22 ^ ringosc.iss.delayint0/A (sky130_fd_sc_hd__clkinv_1)
                  0.08    0.08   14.31 v ringosc.iss.delayint0/Y (sky130_fd_sc_hd__clkinv_1)
     1    0.00                           ringosc.iss.d2 (net)
                  0.08    0.00   14.31 v ringosc.iss.delayen0/A (sky130_fd_sc_hd__einvp_2)
                  0.00    0.04   14.34 ^ ringosc.iss.delayen0/Z (sky130_fd_sc_hd__einvp_2)
     2    0.02                           ringosc.dstage[0].id.in (net)
                  0.00    0.00   14.34 ^ ringosc.ibufp00/A (sky130_fd_sc_hd__clkinv_2)
                  0.15    0.13   14.47 v ringosc.ibufp00/Y (sky130_fd_sc_hd__clkinv_2)
     1    0.02                           ringosc.c[0] (net)
                  0.15    0.00   14.47 v ringosc.ibufp01/A (sky130_fd_sc_hd__clkinv_8)
                  0.12    0.16   14.64 ^ ringosc.ibufp01/Y (sky130_fd_sc_hd__clkinv_8)
    24    0.06                           pll_control.clock (net)
                  0.12    0.00   14.64 ^ _302_/A (sky130_fd_sc_hd__buf_2)
                  0.16    0.28   14.92 ^ _302_/X (sky130_fd_sc_hd__buf_2)
     1    0.02                           clockp[0] (net)
                  0.16    0.00   14.92 ^ clockp[0] (out)
                                 14.92   data arrival time

                  0.00   25.00   25.00   clock w (rise edge)
                          0.00   25.00   clock network delay (ideal)
                          0.00   25.00   clock reconvergence pessimism
                         -5.00   20.00   output external delay
                                 20.00   data required time
-----------------------------------------------------------------------------
                                 20.00   data required time
                                -14.92   data arrival time
-----------------------------------------------------------------------------
                                  5.08   slack (MET)


No paths found.
wns 0.00
tns 0.00
