0-prep 0h0m0s475ms
1-prep 0h0m2s117ms
2-yosys 0h0m3s472ms
3-opensta 0h0m1s447ms
4-verilog2def_openroad 0h0m1s941ms
5-ioPlacer 0h0m1s555ms
6-tapcell 0h0m1s426ms
7-klayout_scrot 0h0m4s845ms
8-pdn 0h0m1s826ms
9-replace 0h0m8s69ms
9-resizer 0h0m7s424ms
10-write_verilog 0h0m1s422ms
11-opensta_post_resizer 0h0m1s428ms
12-opendp 0h0m1s583ms
13-klayout_scrot 0h0m5s10ms
14-resizer_timing 0h0m6s951ms
15-write_verilog 0h0m1s418ms
16-opensta_post_resizer_timing 0h0m1s449ms
17-fastroute 0h0m8s456ms
18-addspacers 0h0m1s427ms
19-write_verilog 0h0m1s556ms
20-tritonRoute 0h0m20s533ms
21-klayout_scrot 0h0m5s97ms
22-spef_extraction 0h0m0s560ms
23-opensta_spef 0h0m1s501ms
25-write_verilog 0h0m1s442ms
27-klayout_scrot 0h0m5s125ms
30-magic_gen 0h0m6s671ms
31-klayout 0h0m4s630ms
32-klayout_scrot 0h0m5s93ms
34-klayout_scrot 0h0m5s127ms
35-klayout_xor 0h0m12s938ms
36-magic_ext_spice 0h0m1s117ms
37-lvs 0h0m0s270ms
38-magic_drc 0h0m2s679ms
40-or_antenna 0h0m1s485ms
41-cvc 0h0m0s184ms