Startpoint: idiv16 (rising edge-triggered flip-flop)
Endpoint: clockd[3] (output port clocked by w)
Path Group: w
Path Type: min

Fanout     Cap    Slew   Delay    Time   Description
-----------------------------------------------------------------------------
                  0.02    0.00    0.00 ^ idiv16/CLK (sky130_fd_sc_hd__dfrbp_1)
                  0.03    0.25    0.25 v idiv16/Q_N (sky130_fd_sc_hd__dfrbp_1)
     3    0.01                           net43 (net)
                  0.03    0.00    0.25 v output43/A (sky130_fd_sc_hd__clkbuf_2)
                  0.01    0.06    0.31 v output43/X (sky130_fd_sc_hd__clkbuf_2)
     1    0.02                           clockd[3] (net)
                  0.01    0.00    0.31 v clockd[3] (out)
                                  0.31   data arrival time

                  0.00    0.00    0.00   clock w (rise edge)
                          0.00    0.00   clock network delay (ideal)
                          0.00    0.00   clock reconvergence pessimism
                         -5.00   -5.00   output external delay
                                 -5.00   data required time
-----------------------------------------------------------------------------
                                 -5.00   data required time
                                 -0.31   data arrival time
-----------------------------------------------------------------------------
                                  5.31   slack (MET)


Startpoint: dco (input port clocked by w)
Endpoint: clockp[1] (output port clocked by w)
Path Group: w
Path Type: max

Fanout     Cap    Slew   Delay    Time   Description
-----------------------------------------------------------------------------
                  0.00    0.00    0.00   clock w (rise edge)
                          0.00    0.00   clock network delay (ideal)
                          5.00    5.00 v input external delay
                  0.01    0.00    5.00 v dco (in)
     1    0.00                           dco (net)
                  0.01    0.00    5.00 v input1/A (sky130_fd_sc_hd__buf_6)
                  0.03    0.17    5.17 v input1/X (sky130_fd_sc_hd__buf_6)
    12    0.00                           net1 (net)
                  0.03    0.00    5.17 v _357_/S (sky130_fd_sc_hd__mux2_2)
                  0.12    0.46    5.63 ^ _357_/X (sky130_fd_sc_hd__mux2_2)
     2    0.01                           ringosc.dstage[10].id.trim[1] (net)
                  0.12    0.00    5.63 ^ ringosc.dstage[10].id.delayen1/TE (sky130_fd_sc_hd__einvp_1)
                  0.27    0.34    5.98 ^ ringosc.dstage[10].id.delayen1/Z (sky130_fd_sc_hd__einvp_1)
     1    0.01                           ringosc.dstage[10].id.d1 (net)
                  0.27    0.00    5.98 ^ ringosc.dstage[10].id.delayint0/A (sky130_fd_sc_hd__clkinv_1)
                  0.06    0.07    6.04 v ringosc.dstage[10].id.delayint0/Y (sky130_fd_sc_hd__clkinv_1)
     1    0.00                           ringosc.dstage[10].id.d2 (net)
                  0.06    0.00    6.04 v ringosc.dstage[10].id.delayen0/A (sky130_fd_sc_hd__einvp_1)
                  0.23    0.22    6.26 ^ ringosc.dstage[10].id.delayen0/Z (sky130_fd_sc_hd__einvp_1)
     1    0.01                           ringosc.dstage[10].id.out (net)
                  0.23    0.00    6.26 ^ ringosc.dstage[11].id.delaybuf0/A (sky130_fd_sc_hd__clkbuf_2)
                  0.03    0.12    6.38 ^ ringosc.dstage[11].id.delaybuf0/X (sky130_fd_sc_hd__clkbuf_2)
     3    0.00                           ringosc.dstage[11].id.ts (net)
                  0.03    0.00    6.38 ^ ringosc.dstage[11].id.delaybuf1/A (sky130_fd_sc_hd__clkbuf_1)
                  0.07    0.13    6.51 ^ ringosc.dstage[11].id.delaybuf1/X (sky130_fd_sc_hd__clkbuf_1)
     1    0.00                           ringosc.dstage[11].id.d0 (net)
                  0.07    0.00    6.51 ^ ringosc.dstage[11].id.delayen1/A (sky130_fd_sc_hd__einvp_1)
                  0.03    0.07    6.57 v ringosc.dstage[11].id.delayen1/Z (sky130_fd_sc_hd__einvp_1)
     1    0.00                           ringosc.dstage[11].id.d1 (net)
                  0.06    0.00    6.57 v ringosc.dstage[11].id.delayint0/A (sky130_fd_sc_hd__clkinv_1)
                  0.09    0.07    6.65 ^ ringosc.dstage[11].id.delayint0/Y (sky130_fd_sc_hd__clkinv_1)
     1    0.01                           ringosc.dstage[11].id.d2 (net)
                  0.09    0.00    6.65 ^ ringosc.dstage[11].id.delayen0/A (sky130_fd_sc_hd__einvp_4)
                  0.11    0.13    6.78 v ringosc.dstage[11].id.delayen0/Z (sky130_fd_sc_hd__einvp_4)
     3    0.02                           ringosc.dstage[11].id.out (net)
                  0.11    0.00    6.78 v ringosc.iss.delaybuf0/A (sky130_fd_sc_hd__clkbuf_1)
                  0.05    0.13    6.91 v ringosc.iss.delaybuf0/X (sky130_fd_sc_hd__clkbuf_1)
     1    0.00                           ringosc.iss.d0 (net)
                  0.05    0.00    6.91 v ringosc.iss.delayen1/A (sky130_fd_sc_hd__einvp_1)
                  0.29    0.26    7.17 ^ ringosc.iss.delayen1/Z (sky130_fd_sc_hd__einvp_1)
     1    0.01                           ringosc.iss.d1 (net)
                  0.29    0.00    7.17 ^ ringosc.iss.delayint0/A (sky130_fd_sc_hd__clkinv_1)
                  0.14    0.13    7.29 v ringosc.iss.delayint0/Y (sky130_fd_sc_hd__clkinv_1)
     1    0.01                           ringosc.iss.d2 (net)
                  0.14    0.00    7.29 v ringosc.iss.delayen0/A (sky130_fd_sc_hd__einvp_4)
                  0.25    0.26    7.55 ^ ringosc.iss.delayen0/Z (sky130_fd_sc_hd__einvp_4)
     2    0.02                           ringosc.dstage[0].id.in (net)
                  0.25    0.00    7.55 ^ ringosc.dstage[0].id.delaybuf0/A (sky130_fd_sc_hd__clkbuf_2)
                  0.12    0.31    7.86 ^ ringosc.dstage[0].id.delaybuf0/X (sky130_fd_sc_hd__clkbuf_2)
     3    0.01                           ringosc.dstage[0].id.ts (net)
                  0.12    0.00    7.86 ^ ringosc.dstage[0].id.delaybuf1/A (sky130_fd_sc_hd__clkbuf_1)
                  0.07    0.17    8.03 ^ ringosc.dstage[0].id.delaybuf1/X (sky130_fd_sc_hd__clkbuf_1)
     1    0.00                           ringosc.dstage[0].id.d0 (net)
                  0.07    0.00    8.03 ^ ringosc.dstage[0].id.delayen1/A (sky130_fd_sc_hd__einvp_1)
                  0.13    0.14    8.17 v ringosc.dstage[0].id.delayen1/Z (sky130_fd_sc_hd__einvp_1)
     1    0.01                           ringosc.dstage[0].id.d1 (net)
                  0.13    0.00    8.17 v ringosc.dstage[0].id.delayint0/A (sky130_fd_sc_hd__clkinv_1)
                  0.05    0.09    8.26 ^ ringosc.dstage[0].id.delayint0/Y (sky130_fd_sc_hd__clkinv_1)
     1    0.00                           ringosc.dstage[0].id.d2 (net)
                  0.05    0.00    8.26 ^ ringosc.dstage[0].id.delayen0/A (sky130_fd_sc_hd__einvp_1)
                  0.12    0.13    8.39 v ringosc.dstage[0].id.delayen0/Z (sky130_fd_sc_hd__einvp_1)
     1    0.01                           ringosc.dstage[0].id.out (net)
                  0.12    0.00    8.39 v ringosc.dstage[1].id.delaybuf0/A (sky130_fd_sc_hd__clkbuf_2)
                  0.08    0.23    8.62 v ringosc.dstage[1].id.delaybuf0/X (sky130_fd_sc_hd__clkbuf_2)
     3    0.01                           ringosc.dstage[1].id.ts (net)
                  0.08    0.00    8.62 v ringosc.dstage[1].id.delaybuf1/A (sky130_fd_sc_hd__clkbuf_1)
                  0.05    0.16    8.78 v ringosc.dstage[1].id.delaybuf1/X (sky130_fd_sc_hd__clkbuf_1)
     1    0.00                           ringosc.dstage[1].id.d0 (net)
                  0.05    0.00    8.78 v ringosc.dstage[1].id.delayen1/A (sky130_fd_sc_hd__einvp_1)
                  0.18    0.17    8.96 ^ ringosc.dstage[1].id.delayen1/Z (sky130_fd_sc_hd__einvp_1)
     1    0.01                           ringosc.dstage[1].id.d1 (net)
                  0.18    0.00    8.96 ^ ringosc.dstage[1].id.delayint0/A (sky130_fd_sc_hd__clkinv_1)
                  0.07    0.14    9.10 v ringosc.dstage[1].id.delayint0/Y (sky130_fd_sc_hd__clkinv_1)
     1    0.00                           ringosc.dstage[1].id.d2 (net)
                  0.07    0.00    9.10 v ringosc.dstage[1].id.delayen0/A (sky130_fd_sc_hd__einvp_1)
                  0.24    0.23    9.33 ^ ringosc.dstage[1].id.delayen0/Z (sky130_fd_sc_hd__einvp_1)
     1    0.01                           ringosc.dstage[1].id.out (net)
                  0.24    0.00    9.33 ^ ringosc.dstage[2].id.delaybuf0/A (sky130_fd_sc_hd__clkbuf_2)
                  0.13    0.31    9.64 ^ ringosc.dstage[2].id.delaybuf0/X (sky130_fd_sc_hd__clkbuf_2)
     3    0.01                           ringosc.dstage[2].id.ts (net)
                  0.13    0.00    9.64 ^ ringosc.dstage[2].id.delaybuf1/A (sky130_fd_sc_hd__clkbuf_1)
                  0.07    0.17    9.81 ^ ringosc.dstage[2].id.delaybuf1/X (sky130_fd_sc_hd__clkbuf_1)
     1    0.00                           ringosc.dstage[2].id.d0 (net)
                  0.07    0.00    9.81 ^ ringosc.dstage[2].id.delayen1/A (sky130_fd_sc_hd__einvp_1)
                  0.13    0.14    9.95 v ringosc.dstage[2].id.delayen1/Z (sky130_fd_sc_hd__einvp_1)
     1    0.01                           ringosc.dstage[2].id.d1 (net)
                  0.13    0.00    9.95 v ringosc.dstage[2].id.delayint0/A (sky130_fd_sc_hd__clkinv_1)
                  0.05    0.09   10.04 ^ ringosc.dstage[2].id.delayint0/Y (sky130_fd_sc_hd__clkinv_1)
     1    0.00                           ringosc.dstage[2].id.d2 (net)
                  0.05    0.00   10.04 ^ ringosc.dstage[2].id.delayen0/A (sky130_fd_sc_hd__einvp_1)
                  0.11    0.12   10.16 v ringosc.dstage[2].id.delayen0/Z (sky130_fd_sc_hd__einvp_1)
     1    0.01                           ringosc.dstage[2].id.out (net)
                  0.11    0.00   10.16 v ringosc.dstage[3].id.delaybuf0/A (sky130_fd_sc_hd__clkbuf_2)
                  0.10    0.25   10.41 v ringosc.dstage[3].id.delaybuf0/X (sky130_fd_sc_hd__clkbuf_2)
     3    0.01                           ringosc.dstage[3].id.ts (net)
                  0.10    0.00   10.41 v ringosc.dstage[3].id.delaybuf1/A (sky130_fd_sc_hd__clkbuf_1)
                  0.05    0.17   10.58 v ringosc.dstage[3].id.delaybuf1/X (sky130_fd_sc_hd__clkbuf_1)
     1    0.00                           ringosc.dstage[3].id.d0 (net)
                  0.05    0.00   10.58 v ringosc.dstage[3].id.delayen1/A (sky130_fd_sc_hd__einvp_1)
                  0.26    0.24   10.82 ^ ringosc.dstage[3].id.delayen1/Z (sky130_fd_sc_hd__einvp_1)
     1    0.01                           ringosc.dstage[3].id.d1 (net)
                  0.26    0.00   10.82 ^ ringosc.dstage[3].id.delayint0/A (sky130_fd_sc_hd__clkinv_1)
                  0.08    0.17   10.99 v ringosc.dstage[3].id.delayint0/Y (sky130_fd_sc_hd__clkinv_1)
     1    0.00                           ringosc.dstage[3].id.d2 (net)
                  0.08    0.00   10.99 v ringosc.dstage[3].id.delayen0/A (sky130_fd_sc_hd__einvp_1)
                  0.24    0.23   11.22 ^ ringosc.dstage[3].id.delayen0/Z (sky130_fd_sc_hd__einvp_1)
     1    0.01                           ringosc.dstage[3].id.out (net)
                  0.24    0.00   11.22 ^ ringosc.dstage[4].id.delaybuf0/A (sky130_fd_sc_hd__clkbuf_2)
                  0.08    0.27   11.49 ^ ringosc.dstage[4].id.delaybuf0/X (sky130_fd_sc_hd__clkbuf_2)
     3    0.01                           ringosc.dstage[4].id.ts (net)
                  0.08    0.00   11.49 ^ ringosc.dstage[4].id.delaybuf1/A (sky130_fd_sc_hd__clkbuf_1)
                  0.07    0.15   11.64 ^ ringosc.dstage[4].id.delaybuf1/X (sky130_fd_sc_hd__clkbuf_1)
     1    0.00                           ringosc.dstage[4].id.d0 (net)
                  0.07    0.00   11.64 ^ ringosc.dstage[4].id.delayen1/A (sky130_fd_sc_hd__einvp_1)
                  0.03    0.07   11.71 v ringosc.dstage[4].id.delayen1/Z (sky130_fd_sc_hd__einvp_1)
     1    0.00                           ringosc.dstage[4].id.d1 (net)
                  0.05    0.00   11.71 v ringosc.dstage[4].id.delayint0/A (sky130_fd_sc_hd__clkinv_1)
                  0.04    0.06   11.77 ^ ringosc.dstage[4].id.delayint0/Y (sky130_fd_sc_hd__clkinv_1)
     1    0.00                           ringosc.dstage[4].id.d2 (net)
                  0.04    0.00   11.77 ^ ringosc.dstage[4].id.delayen0/A (sky130_fd_sc_hd__einvp_1)
                  0.12    0.12   11.89 v ringosc.dstage[4].id.delayen0/Z (sky130_fd_sc_hd__einvp_1)
     1    0.01                           ringosc.dstage[4].id.out (net)
                  0.12    0.00   11.89 v ringosc.dstage[5].id.delaybuf0/A (sky130_fd_sc_hd__clkbuf_2)
                  0.12    0.27   12.16 v ringosc.dstage[5].id.delaybuf0/X (sky130_fd_sc_hd__clkbuf_2)
     3    0.02                           ringosc.dstage[5].id.ts (net)
                  0.12    0.00   12.16 v ringosc.dstage[5].id.delaybuf1/A (sky130_fd_sc_hd__clkbuf_1)
                  0.05    0.18   12.34 v ringosc.dstage[5].id.delaybuf1/X (sky130_fd_sc_hd__clkbuf_1)
     1    0.00                           ringosc.dstage[5].id.d0 (net)
                  0.05    0.00   12.34 v ringosc.dstage[5].id.delayen1/A (sky130_fd_sc_hd__einvp_1)
                  0.27    0.25   12.59 ^ ringosc.dstage[5].id.delayen1/Z (sky130_fd_sc_hd__einvp_1)
     1    0.01                           ringosc.dstage[5].id.d1 (net)
                  0.27    0.00   12.59 ^ ringosc.dstage[5].id.delayint0/A (sky130_fd_sc_hd__clkinv_1)
                  0.10    0.20   12.78 v ringosc.dstage[5].id.delayint0/Y (sky130_fd_sc_hd__clkinv_1)
     1    0.00                           ringosc.dstage[5].id.d2 (net)
                  0.10    0.00   12.78 v ringosc.dstage[5].id.delayen0/A (sky130_fd_sc_hd__einvp_2)
                  0.23    0.23   13.01 ^ ringosc.dstage[5].id.delayen0/Z (sky130_fd_sc_hd__einvp_2)
     2    0.01                           ringosc.dstage[5].id.out (net)
                  0.23    0.00   13.01 ^ ringosc.ibufp10/A (sky130_fd_sc_hd__inv_1)
                  0.08    0.15   13.16 v ringosc.ibufp10/Y (sky130_fd_sc_hd__inv_1)
     1    0.00                           ringosc.c[1] (net)
                  0.08    0.00   13.16 v ringosc.ibufp11/A (sky130_fd_sc_hd__inv_2)
                  0.04    0.07   13.24 ^ ringosc.ibufp11/Y (sky130_fd_sc_hd__inv_2)
     2    0.00                           net45 (net)
                  0.04    0.00   13.24 ^ output45/A (sky130_fd_sc_hd__clkbuf_2)
                  0.03    0.13   13.37 ^ output45/X (sky130_fd_sc_hd__clkbuf_2)
     1    0.02                           clockp[1] (net)
                  0.03    0.00   13.37 ^ clockp[1] (out)
                                 13.37   data arrival time

                  0.00   25.00   25.00   clock w (rise edge)
                          0.00   25.00   clock network delay (ideal)
                          0.00   25.00   clock reconvergence pessimism
                         -5.00   20.00   output external delay
                                 20.00   data required time
-----------------------------------------------------------------------------
                                 20.00   data required time
                                -13.37   data arrival time
-----------------------------------------------------------------------------
                                  6.63   slack (MET)


