OpenROAD 0.9.0 1415572a73
This program is licensed under the BSD-3 license. See the LICENSE file for details.
Components of this program may be licensed under more restrictive licenses which must be honored.
Notice 0: Reading LEF file:  /openLANE_flow/designs/digital_pll/runs/sixth_run/tmp/merged_unpadded.lef
Notice 0:     Created 13 technology layers
Notice 0:     Created 25 technology vias
Notice 0:     Created 440 library cells
Notice 0: Finished LEF file:  /openLANE_flow/designs/digital_pll/runs/sixth_run/tmp/merged_unpadded.lef
Notice 0: 
Reading DEF file: /openLANE_flow/designs/digital_pll/runs/sixth_run/tmp/placement/8-resizer.def
Notice 0: Design: digital_pll
Notice 0:     Created 47 pins.
Notice 0:     Created 592 components and 3277 component-terminals.
Notice 0:     Created 2 special nets and 0 connections.
Notice 0:     Created 391 nets and 1188 connections.
Notice 0: Finished DEF file: /openLANE_flow/designs/digital_pll/runs/sixth_run/tmp/placement/8-resizer.def
Design Stats
--------------------------------
total instances           592
multi row instances         0
fixed instances           216
nets                      393
design area           10697.8 u^2
fixed area              460.4 u^2
movable area           3061.7 u^2
utilization                30 %
utilization padded         48 %
rows                       38
row height                2.7 u

Placement Analysis
--------------------------------
total displacement        0.0 u
average displacement      0.0 u
max displacement          0.0 u
original HPWL          8005.5 u
legalized HPWL         8240.5 u
delta HPWL                  3 %

[INFO DPL-0020] Mirrored 152 instances
[INFO DPL-0021] HPWL before            8240.5 u
[INFO DPL-0022] HPWL after             8005.5 u
[INFO DPL-0023] HPWL delta               -2.9 %
