Tue Apr 27 06:41:57 UTC 2021 - Executing "python3 /openLANE_flow/scripts/extract_metal_layers.py -t /home/mariam/openlane/pdks/sky130A/libs.ref/sky130_fd_sc_hd/techlef/sky130_fd_sc_hd.tlef -o /openLANE_flow/designs/digital_pll/runs/third_run/tmp/met_layers_list.txt"

Tue Apr 27 06:41:57 UTC 2021 - Executing "/openLANE_flow/scripts/mergeLef.py -i /home/mariam/openlane/pdks/sky130A/libs.ref/sky130_fd_sc_hd/techlef/sky130_fd_sc_hd.tlef {/home/mariam/openlane/pdks/sky130A/libs.ref/sky130_fd_sc_hd/lef/sky130_fd_sc_hd.lef /home/mariam/openlane/pdks/sky130A/libs.ref/sky130_fd_sc_hd/lef/sky130_ef_sc_hd__decap_12.lef /home/mariam/openlane/pdks/sky130A/libs.ref/sky130_fd_sc_hd/lef/sky130_ef_sc_hd__fakediode_2.lef /home/mariam/openlane/pdks/sky130A/libs.ref/sky130_fd_sc_hd/lef/sky130_ef_sc_hd__fill_12.lef} -o /openLANE_flow/designs/digital_pll/runs/third_run/tmp/merged_unpadded.lef |& tee >&@stdout"

Tue Apr 27 06:41:57 UTC 2021 - Executing "/openLANE_flow/scripts/libtrim.pl /home/mariam/openlane/pdks/sky130A/libs.ref/sky130_fd_sc_hd/lib/sky130_fd_sc_hd__tt_025C_1v80.lib /openLANE_flow/designs/digital_pll/runs/third_run/tmp/trimmed.lib.exclude.list > /openLANE_flow/designs/digital_pll/runs/third_run/tmp/trimmed.lib"

Tue Apr 27 06:41:57 UTC 2021 - Executing "echo {openlane v0.12-1-ga95f56d} > /openLANE_flow/designs/digital_pll/runs/third_run/OPENLANE_VERSION"

Tue Apr 27 06:42:18 UTC 2021 - Executing "sed -E {s/^([[:space:]]+)pg_pin(.*)/\1pin\2\n\1    direction : "inout";/g} /home/mariam/openlane/pdks/sky130A/libs.ref/sky130_fd_sc_hd/lib/sky130_fd_sc_hd__tt_025C_1v80.lib > /openLANE_flow/designs/digital_pll/runs/third_run/tmp/sky130_fd_sc_hd__tt_025C_1v80.no_pg.lib"

Tue Apr 27 06:42:18 UTC 2021 - Executing "yosys -c /openLANE_flow/scripts/synth.tcl -l /openLANE_flow/designs/digital_pll/runs/third_run/logs/synthesis/1-yosys.log |& tee >&@stdout"

Tue Apr 27 06:42:22 UTC 2021 - Executing "sed -i -e {s/\(set ::env(CURRENT_NETLIST)\).*/\1 \/openLANE_flow\/designs\/digital_pll\/runs\/third_run\/results\/synthesis\/digital_pll.synthesis.v/} /openLANE_flow/designs/digital_pll/runs/third_run/config.tcl"

Tue Apr 27 06:42:22 UTC 2021 - Executing "sed -i -e {s/\(set ::env(PREV_NETLIST)\).*/\1 0/} /openLANE_flow/designs/digital_pll/runs/third_run/config.tcl"

Tue Apr 27 06:42:22 UTC 2021 - Executing "sed -i /defparam/d /openLANE_flow/designs/digital_pll/runs/third_run/results/synthesis/digital_pll.synthesis.v"

Tue Apr 27 06:42:22 UTC 2021 - Executing "sta /openLANE_flow/scripts/sta.tcl |& tee >&@stdout /openLANE_flow/designs/digital_pll/runs/third_run/logs/synthesis/2-opensta"

Tue Apr 27 06:42:30 UTC 2021 - Executing "openroad -exit /openLANE_flow/scripts/openroad/or_floorplan.tcl |& tee >&@stdout /openLANE_flow/designs/digital_pll/runs/third_run/logs/floorplan/3-verilog2def.openroad.log"

Tue Apr 27 06:42:33 UTC 2021 - Executing "openroad -exit /openLANE_flow/scripts/openroad/or_ioplacer.tcl |& tee >&@stdout /openLANE_flow/designs/digital_pll/runs/third_run/logs/floorplan/4-ioPlacer.log"

Tue Apr 27 06:42:35 UTC 2021 - Executing "openroad -exit /openLANE_flow/scripts/openroad/or_tapcell.tcl |& tee >&@stdout /openLANE_flow/designs/digital_pll/runs/third_run/logs/floorplan/5-tapcell.log"

Tue Apr 27 06:42:36 UTC 2021 - Executing "bash /openLANE_flow/scripts/klayout/scrotLayout.sh /home/mariam/openlane/pdks/sky130A/libs.tech/klayout/sky130A.lyt /openLANE_flow/designs/digital_pll/runs/third_run/results/floorplan/digital_pll.floorplan.def |& tee >&@stdout /openLANE_flow/designs/digital_pll/runs/third_run/logs/klayout/6-klayout.scrot.log"

Tue Apr 27 06:42:41 UTC 2021 - Executing "openroad -exit /openLANE_flow/scripts/openroad/or_pdn.tcl |& tee >&@stdout /openLANE_flow/designs/digital_pll/runs/third_run/logs/floorplan/7-pdn.log"

Tue Apr 27 06:58:22 UTC 2021 - Executing "openroad -exit /openLANE_flow/scripts/openroad/or_replace.tcl |& tee >&@stdout /openLANE_flow/designs/digital_pll/runs/third_run/logs/placement/8-replace.log"

Tue Apr 27 06:58:31 UTC 2021 - Executing "openroad -exit /openLANE_flow/scripts/openroad/or_resizer.tcl |& tee >&@stdout /openLANE_flow/designs/digital_pll/runs/third_run/logs/placement/8-resizer.log"

Tue Apr 27 06:58:39 UTC 2021 - Executing "openroad -exit /openLANE_flow/scripts/openroad/or_write_verilog.tcl |& tee >&@stdout /openLANE_flow/designs/digital_pll/runs/third_run/logs/9-write_verilog.log"

Tue Apr 27 06:58:40 UTC 2021 - Executing "sed -i -e {s/\(set ::env(CURRENT_NETLIST)\).*/\1 \/openLANE_flow\/designs\/digital_pll\/runs\/third_run\/results\/synthesis\/digital_pll.synthesis_optimized.v/} /openLANE_flow/designs/digital_pll/runs/third_run/config.tcl"

Tue Apr 27 06:58:40 UTC 2021 - Executing "sed -i -e {s/\(set ::env(PREV_NETLIST)\).*/\1 \/openLANE_flow\/designs\/digital_pll\/runs\/third_run\/results\/synthesis\/digital_pll.synthesis.v/} /openLANE_flow/designs/digital_pll/runs/third_run/config.tcl"

Tue Apr 27 06:58:40 UTC 2021 - Executing "sta /openLANE_flow/scripts/sta.tcl |& tee >&@stdout /openLANE_flow/designs/digital_pll/runs/third_run/logs/synthesis/10-opensta_post_resizer"

Tue Apr 27 06:58:42 UTC 2021 - Executing "openroad -exit /openLANE_flow/scripts/openroad/or_opendp.tcl |& tee >&@stdout /openLANE_flow/designs/digital_pll/runs/third_run/logs/placement/11-opendp.log"

Tue Apr 27 06:58:44 UTC 2021 - Executing "bash /openLANE_flow/scripts/klayout/scrotLayout.sh /home/mariam/openlane/pdks/sky130A/libs.tech/klayout/sky130A.lyt /openLANE_flow/designs/digital_pll/runs/third_run/results/placement/digital_pll.placement.def |& tee >&@stdout /openLANE_flow/designs/digital_pll/runs/third_run/logs/klayout/12-klayout.scrot.log"

Tue Apr 27 06:58:56 UTC 2021 - Executing "openroad -exit /openLANE_flow/scripts/openroad/or_groute.tcl |& tee >&@stdout /openLANE_flow/designs/digital_pll/runs/third_run/logs/routing/13-fastroute.log"

Tue Apr 27 06:59:06 UTC 2021 - Executing "openroad -exit /openLANE_flow/scripts/openroad/or_fill.tcl |& tee >&@stdout /openLANE_flow/designs/digital_pll/runs/third_run/logs/routing/14-addspacers.log"

Tue Apr 27 06:59:08 UTC 2021 - Executing "openroad -exit /openLANE_flow/scripts/openroad/or_write_verilog.tcl |& tee >&@stdout /openLANE_flow/designs/digital_pll/runs/third_run/logs/15-write_verilog.log"

Tue Apr 27 06:59:10 UTC 2021 - Executing "sed -i -e {s/\(set ::env(CURRENT_NETLIST)\).*/\1 \/openLANE_flow\/designs\/digital_pll\/runs\/third_run\/results\/synthesis\/digital_pll.synthesis_preroute.v/} /openLANE_flow/designs/digital_pll/runs/third_run/config.tcl"

Tue Apr 27 06:59:10 UTC 2021 - Executing "sed -i -e {s/\(set ::env(PREV_NETLIST)\).*/\1 \/openLANE_flow\/designs\/digital_pll\/runs\/third_run\/results\/synthesis\/digital_pll.synthesis_optimized.v/} /openLANE_flow/designs/digital_pll/runs/third_run/config.tcl"

Tue Apr 27 06:59:10 UTC 2021 - Executing "envsubst < /openLANE_flow/scripts/tritonRoute.param > /openLANE_flow/designs/digital_pll/runs/third_run/tmp/routing/16-tritonRoute.param"

Tue Apr 27 06:59:10 UTC 2021 - Executing "TritonRoute /openLANE_flow/designs/digital_pll/runs/third_run/tmp/routing/16-tritonRoute.param |& tee >&@stdout /openLANE_flow/designs/digital_pll/runs/third_run/logs/routing/16-tritonRoute.log"

Tue Apr 27 06:59:32 UTC 2021 - Executing "python3 /openLANE_flow/scripts/tr2klayout.py -i /openLANE_flow/designs/digital_pll/runs/third_run/reports/routing/16-tritonRoute.drc -o /openLANE_flow/designs/digital_pll/runs/third_run/reports/routing/16-tritonRoute.klayout.xml --design-name digital_pll"

Tue Apr 27 06:59:32 UTC 2021 - Executing "bash /openLANE_flow/scripts/klayout/scrotLayout.sh /home/mariam/openlane/pdks/sky130A/libs.tech/klayout/sky130A.lyt /openLANE_flow/designs/digital_pll/runs/third_run/results/routing/digital_pll.def |& tee >&@stdout /openLANE_flow/designs/digital_pll/runs/third_run/logs/klayout/17-klayout.scrot.log"

Tue Apr 27 06:59:37 UTC 2021 - Executing "python3 /openLANE_flow/scripts/spef_extractor/main.py -l /openLANE_flow/designs/digital_pll/runs/third_run/tmp/merged_unpadded.lef -d /openLANE_flow/designs/digital_pll/runs/third_run/results/routing/digital_pll.def -mw L -ec 1 |& tee >&@stdout /openLANE_flow/designs/digital_pll/runs/third_run/logs/routing/18-spef_extraction.log"

Tue Apr 27 06:59:38 UTC 2021 - Executing "sta /openLANE_flow/scripts/sta.tcl |& tee >&@stdout /openLANE_flow/designs/digital_pll/runs/third_run/logs/synthesis/19-opensta_spef"

Tue Apr 27 06:59:51 UTC 2021 - Executing "python3 /openLANE_flow/scripts/write_powered_def.py -d /openLANE_flow/designs/digital_pll/runs/third_run/results/routing/digital_pll.def -l /openLANE_flow/designs/digital_pll/runs/third_run/tmp/merged.lef --power-port VPWR --ground-port VGND --powered-netlist {} -o /openLANE_flow/designs/digital_pll/runs/third_run/tmp/routing/20-digital_pll.powered.def |& tee >&@stdout /openLANE_flow/designs/digital_pll/runs/third_run/logs/lvs/20-write_powered_verilog.log"

Tue Apr 27 06:59:51 UTC 2021 - Executing "openroad -exit /openLANE_flow/scripts/openroad/or_write_verilog.tcl |& tee >&@stdout /openLANE_flow/designs/digital_pll/runs/third_run/logs/21-write_verilog.log"

Tue Apr 27 07:00:06 UTC 2021 - Executing "sed -i -e {s/\(set ::env(CURRENT_NETLIST)\).*/\1 \/openLANE_flow\/designs\/digital_pll\/runs\/third_run\/results\/lvs\/digital_pll.lvs.powered.v/} /openLANE_flow/designs/digital_pll/runs/third_run/config.tcl"

Tue Apr 27 07:00:06 UTC 2021 - Executing "sed -i -e {s/\(set ::env(PREV_NETLIST)\).*/\1 \/openLANE_flow\/designs\/digital_pll\/runs\/third_run\/results\/synthesis\/digital_pll.synthesis_preroute.v/} /openLANE_flow/designs/digital_pll/runs/third_run/config.tcl"

Tue Apr 27 07:00:13 UTC 2021 - Executing "magic -noconsole -dnull -rcfile /home/mariam/openlane/pdks/sky130A/libs.tech/magic/sky130A.magicrc /openLANE_flow/scripts/magic/mag_gds.tcl </dev/null |& tee >&@stdout /openLANE_flow/designs/digital_pll/runs/third_run/logs/magic/22-magic.log"

Tue Apr 27 07:00:14 UTC 2021 - Executing "bash /openLANE_flow/scripts/klayout/scrotLayout.sh /home/mariam/openlane/pdks/sky130A/libs.tech/klayout/sky130A.lyt /openLANE_flow/designs/digital_pll/runs/third_run/results/magic/digital_pll.gds |& tee >&@stdout /openLANE_flow/designs/digital_pll/runs/third_run/logs/klayout/23-klayout.scrot.log"

Tue Apr 27 07:00:19 UTC 2021 - Executing "magic -noconsole -dnull -rcfile /home/mariam/openlane/pdks/sky130A/libs.tech/magic/sky130A.magicrc /openLANE_flow/scripts/magic/gds_pointers.tcl </dev/null |& tee >&@stdout /openLANE_flow/designs/digital_pll/runs/third_run/logs/magic/24-magic.mag.gds_ptrs.log"

Tue Apr 27 07:00:20 UTC 2021 - Executing "sed -i -n {/^<< properties >>/,/^<< end >>/p} /openLANE_flow/designs/digital_pll/runs/third_run/tmp/magic/magic_gds_ptrs.mag"

Tue Apr 27 07:00:20 UTC 2021 - Executing "magic -noconsole -dnull -rcfile /home/mariam/openlane/pdks/sky130A/libs.tech/magic/sky130A.magicrc /openLANE_flow/scripts/magic/lef.tcl </dev/null |& tee >&@stdout /openLANE_flow/designs/digital_pll/runs/third_run/logs/magic/25-magic.lef.log"

Tue Apr 27 07:00:20 UTC 2021 - Executing "magic -noconsole -dnull -rcfile /home/mariam/openlane/pdks/sky130A/libs.tech/magic/sky130A.magicrc /openLANE_flow/scripts/magic/maglef.tcl </dev/null |& tee >&@stdout /openLANE_flow/designs/digital_pll/runs/third_run/logs/magic/26-magic.maglef.log"

Tue Apr 27 07:00:53 UTC 2021 - Executing "magic -noconsole -dnull -rcfile /home/mariam/openlane/pdks/sky130A/libs.tech/magic/sky130A.magicrc /openLANE_flow/designs/digital_pll/runs/third_run/tmp/magic_spice.tcl </dev/null |& tee >&@stdout /openLANE_flow/designs/digital_pll/runs/third_run/logs/magic/27-magic_spice.log"

Tue Apr 27 07:01:08 UTC 2021 - Executing "magic -noconsole -dnull -rcfile /home/mariam/openlane/pdks/sky130A/libs.tech/magic/sky130A.magicrc /openLANE_flow/scripts/magic/drc.tcl </dev/null |& tee >&@stdout /openLANE_flow/designs/digital_pll/runs/third_run/logs/magic/28-magic.drc.log"

Tue Apr 27 07:01:11 UTC 2021 - Executing "python3 /openLANE_flow/scripts/magic_drc_to_tcl.py -i /openLANE_flow/designs/digital_pll/runs/third_run/reports/magic/28-magic.drc -o /openLANE_flow/designs/digital_pll/runs/third_run/reports/magic/28-magic.drc.tcl"

Tue Apr 27 07:01:11 UTC 2021 - Executing "python3 /openLANE_flow/scripts/magic_drc_to_tr_drc.py -i /openLANE_flow/designs/digital_pll/runs/third_run/reports/magic/28-magic.drc -o /openLANE_flow/designs/digital_pll/runs/third_run/reports/magic/28-magic.tr.drc"

Tue Apr 27 07:01:11 UTC 2021 - Executing "python3 /openLANE_flow/scripts/tr2klayout.py -i /openLANE_flow/designs/digital_pll/runs/third_run/reports/magic/28-magic.tr.drc -o /openLANE_flow/designs/digital_pll/runs/third_run/reports/magic/28-magic.drc.klayout.xml --design-name digital_pll"

Tue Apr 27 07:01:11 UTC 2021 - Executing "python3 /openLANE_flow/scripts/magic_drc_to_rdb.py --magic_drc_in /openLANE_flow/designs/digital_pll/runs/third_run/reports/magic/28-magic.drc --rdb_out /openLANE_flow/designs/digital_pll/runs/third_run/reports/magic/28-magic.drc.rdb"

Tue Apr 27 07:01:42 UTC 2021 - Executing "netgen -batch source /openLANE_flow/designs/digital_pll/runs/third_run/tmp/lvs/setup_file.lef.lvs |& tee >&@stdout /openLANE_flow/designs/digital_pll/runs/third_run/logs/lvs/29-lvs.lef.log"

Tue Apr 27 07:01:51 UTC 2021 - Executing "openroad -exit /openLANE_flow/scripts/openroad/or_antenna_check.tcl |& tee >&@stdout /openLANE_flow/designs/digital_pll/runs/third_run/logs/routing/30-or_antenna.log"

Tue Apr 27 07:01:53 UTC 2021 - Executing "mv -f /openLANE_flow/designs/digital_pll/runs/third_run/reports/routing/antenna.rpt /openLANE_flow/designs/digital_pll/runs/third_run/reports/routing/31-antenna.rpt"

