Thu Jun 17 00:34:14 UTC 2021 - Executing "python3 /openLANE_flow/scripts/extract_metal_layers.py -t /home/atork/mabrains/pdks/sky130A/libs.ref/sky130_fd_sc_hd/techlef/sky130_fd_sc_hd.tlef -o /openLANE_flow/designs/digital_pll/runs/run_name/tmp/met_layers_list.txt"

Thu Jun 17 00:34:14 UTC 2021 - Executing "/openLANE_flow/scripts/mergeLef.py -i /home/atork/mabrains/pdks/sky130A/libs.ref/sky130_fd_sc_hd/techlef/sky130_fd_sc_hd.tlef {/home/atork/mabrains/pdks/sky130A/libs.ref/sky130_fd_sc_hd/lef/sky130_ef_sc_hd__decap_12.lef /home/atork/mabrains/pdks/sky130A/libs.ref/sky130_fd_sc_hd/lef/sky130_ef_sc_hd__fill_12.lef /home/atork/mabrains/pdks/sky130A/libs.ref/sky130_fd_sc_hd/lef/sky130_ef_sc_hd__fakediode_2.lef /home/atork/mabrains/pdks/sky130A/libs.ref/sky130_fd_sc_hd/lef/sky130_fd_sc_hd.lef} -o /openLANE_flow/designs/digital_pll/runs/run_name/tmp/merged_unpadded.lef |& tee >&@stdout"

Thu Jun 17 00:34:14 UTC 2021 - Executing "/openLANE_flow/scripts/libtrim.pl /home/atork/mabrains/pdks/sky130A/libs.ref/sky130_fd_sc_hd/lib/sky130_fd_sc_hd__tt_025C_1v80.lib /openLANE_flow/designs/digital_pll/runs/run_name/tmp/trimmed.lib.exclude.list > /openLANE_flow/designs/digital_pll/runs/run_name/tmp/trimmed.lib"

Thu Jun 17 00:34:15 UTC 2021 - Executing "echo {openlane v0.20} > /openLANE_flow/designs/digital_pll/runs/run_name/OPENLANE_VERSION"

Thu Jun 17 00:34:15 UTC 2021 - Executing "sed -E {s/^([[:space:]]+)pg_pin(.*)/\1pin\2\n\1    direction : "inout";/g} /home/atork/mabrains/pdks/sky130A/libs.ref/sky130_fd_sc_hd/lib/sky130_fd_sc_hd__tt_025C_1v80.lib > /openLANE_flow/designs/digital_pll/runs/run_name/tmp/sky130_fd_sc_hd__tt_025C_1v80.no_pg.lib"

Thu Jun 17 00:34:15 UTC 2021 - Executing "yosys -c /openLANE_flow/scripts/synth.tcl -l /openLANE_flow/designs/digital_pll/runs/run_name/logs/synthesis/1-yosys.log |& tee >&@stdout"

Thu Jun 17 00:34:15 UTC 2021 - Executing "python3 /openLANE_flow/report_generation_wrapper.py -d /openLANE_flow/designs/digital_pll -dn digital_pll -t run_name -o /openLANE_flow/designs/digital_pll/runs/run_name/reports/final_summary_report.csv -m /openLANE_flow/designs/digital_pll/runs/run_name/reports/manufacturability_report.rpt -rs /openLANE_flow/designs/digital_pll/runs/run_name/reports/runtime_summary_report.rpt -r /openLANE_flow/designs/digital_pll/runs/run_name"

Thu Jun 17 00:35:28 UTC 2021 - Executing "echo {openlane v0.20} > /openLANE_flow/designs/digital_pll/runs/run_name/OPENLANE_VERSION"

Thu Jun 17 00:35:28 UTC 2021 - Executing "sed -E {s/^([[:space:]]+)pg_pin(.*)/\1pin\2\n\1    direction : "inout";/g} /home/atork/mabrains/pdks/sky130A/libs.ref/sky130_fd_sc_hd/lib/sky130_fd_sc_hd__tt_025C_1v80.lib > /openLANE_flow/designs/digital_pll/runs/run_name/tmp/sky130_fd_sc_hd__tt_025C_1v80.no_pg.lib"

Thu Jun 17 00:35:28 UTC 2021 - Executing "yosys -c /openLANE_flow/scripts/synth.tcl -l /openLANE_flow/designs/digital_pll/runs/run_name/logs/synthesis/2-yosys.log |& tee >&@stdout"

Thu Jun 17 00:35:31 UTC 2021 - Executing "sed -i -e {s/\(set ::env(CURRENT_NETLIST)\).*/\1 \/openLANE_flow\/designs\/digital_pll\/runs\/run_name\/results\/synthesis\/digital_pll.synthesis.v/} /openLANE_flow/designs/digital_pll/runs/run_name/config.tcl"

Thu Jun 17 00:35:31 UTC 2021 - Executing "sed -i -e {s/\(set ::env(PREV_NETLIST)\).*/\1 0/} /openLANE_flow/designs/digital_pll/runs/run_name/config.tcl"

Thu Jun 17 00:35:31 UTC 2021 - Executing "sed -i /defparam/d /openLANE_flow/designs/digital_pll/runs/run_name/results/synthesis/digital_pll.synthesis.v"

Thu Jun 17 00:35:31 UTC 2021 - Executing "sta /openLANE_flow/scripts/sta.tcl |& tee >&@stdout /openLANE_flow/designs/digital_pll/runs/run_name/logs/synthesis/3-opensta"

Thu Jun 17 00:35:33 UTC 2021 - Executing "openroad -exit /openLANE_flow/scripts/openroad/or_floorplan.tcl |& tee >&@stdout /openLANE_flow/designs/digital_pll/runs/run_name/logs/floorplan/4-verilog2def.openroad.log"

Thu Jun 17 00:35:35 UTC 2021 - Executing "openroad -exit /openLANE_flow/scripts/openroad/or_ioplacer.tcl |& tee >&@stdout /openLANE_flow/designs/digital_pll/runs/run_name/logs/floorplan/5-ioPlacer.log"

Thu Jun 17 00:35:36 UTC 2021 - Executing "openroad -exit /openLANE_flow/scripts/openroad/or_tapcell.tcl |& tee >&@stdout /openLANE_flow/designs/digital_pll/runs/run_name/logs/floorplan/6-tapcell.log"

Thu Jun 17 00:35:38 UTC 2021 - Executing "bash /openLANE_flow/scripts/klayout/scrotLayout.sh /home/atork/mabrains/pdks/sky130A/libs.tech/klayout/sky130A.lyt /openLANE_flow/designs/digital_pll/runs/run_name/results/floorplan/digital_pll.floorplan.def |& tee >&@stdout /openLANE_flow/designs/digital_pll/runs/run_name/logs/klayout/7-klayout.scrot.log"

Thu Jun 17 00:35:43 UTC 2021 - Executing "openroad -exit /openLANE_flow/scripts/openroad/or_pdn.tcl |& tee >&@stdout /openLANE_flow/designs/digital_pll/runs/run_name/logs/floorplan/8-pdn.log"

Thu Jun 17 00:35:45 UTC 2021 - Executing "openroad -exit /openLANE_flow/scripts/openroad/or_replace.tcl |& tee >&@stdout /openLANE_flow/designs/digital_pll/runs/run_name/logs/placement/9-replace.log"

Thu Jun 17 00:35:53 UTC 2021 - Executing "openroad -exit /openLANE_flow/scripts/openroad/or_resizer.tcl |& tee >&@stdout /openLANE_flow/designs/digital_pll/runs/run_name/logs/placement/9-resizer.log"

Thu Jun 17 00:36:00 UTC 2021 - Executing "openroad -exit /openLANE_flow/scripts/openroad/or_write_verilog.tcl |& tee >&@stdout /openLANE_flow/designs/digital_pll/runs/run_name/logs/10-write_verilog.log"

Thu Jun 17 00:36:02 UTC 2021 - Executing "sed -i -e {s/\(set ::env(CURRENT_NETLIST)\).*/\1 \/openLANE_flow\/designs\/digital_pll\/runs\/run_name\/results\/synthesis\/digital_pll.synthesis_optimized.v/} /openLANE_flow/designs/digital_pll/runs/run_name/config.tcl"

Thu Jun 17 00:36:02 UTC 2021 - Executing "sed -i -e {s/\(set ::env(PREV_NETLIST)\).*/\1 \/openLANE_flow\/designs\/digital_pll\/runs\/run_name\/results\/synthesis\/digital_pll.synthesis.v/} /openLANE_flow/designs/digital_pll/runs/run_name/config.tcl"

Thu Jun 17 00:36:02 UTC 2021 - Executing "sta /openLANE_flow/scripts/sta.tcl |& tee >&@stdout /openLANE_flow/designs/digital_pll/runs/run_name/logs/synthesis/11-opensta_post_resizer"

Thu Jun 17 00:36:03 UTC 2021 - Executing "openroad -exit /openLANE_flow/scripts/openroad/or_opendp.tcl |& tee >&@stdout /openLANE_flow/designs/digital_pll/runs/run_name/logs/placement/12-opendp.log"

Thu Jun 17 00:36:05 UTC 2021 - Executing "bash /openLANE_flow/scripts/klayout/scrotLayout.sh /home/atork/mabrains/pdks/sky130A/libs.tech/klayout/sky130A.lyt /openLANE_flow/designs/digital_pll/runs/run_name/results/placement/digital_pll.placement.def |& tee >&@stdout /openLANE_flow/designs/digital_pll/runs/run_name/logs/klayout/13-klayout.scrot.log"

Thu Jun 17 00:36:10 UTC 2021 - Executing "openroad -exit /openLANE_flow/scripts/openroad/or_resizer_timing.tcl |& tee >&@stdout /openLANE_flow/designs/digital_pll/runs/run_name/logs/placement/14-resizer_timing.log"

Thu Jun 17 00:36:17 UTC 2021 - Executing "openroad -exit /openLANE_flow/scripts/openroad/or_write_verilog.tcl |& tee >&@stdout /openLANE_flow/designs/digital_pll/runs/run_name/logs/15-write_verilog.log"

Thu Jun 17 00:36:18 UTC 2021 - Executing "sed -i -e {s/\(set ::env(CURRENT_NETLIST)\).*/\1 \/openLANE_flow\/designs\/digital_pll\/runs\/run_name\/results\/synthesis\/digital_pll.synthesis_optimized.v/} /openLANE_flow/designs/digital_pll/runs/run_name/config.tcl"

Thu Jun 17 00:36:18 UTC 2021 - Executing "sed -i -e {s/\(set ::env(PREV_NETLIST)\).*/\1 \/openLANE_flow\/designs\/digital_pll\/runs\/run_name\/results\/synthesis\/digital_pll.synthesis_optimized.v/} /openLANE_flow/designs/digital_pll/runs/run_name/config.tcl"

Thu Jun 17 00:36:18 UTC 2021 - Executing "sta /openLANE_flow/scripts/sta.tcl |& tee >&@stdout /openLANE_flow/designs/digital_pll/runs/run_name/logs/synthesis/16-opensta_post_resizer_timing"

Thu Jun 17 00:36:19 UTC 2021 - Executing "openroad -exit /openLANE_flow/scripts/openroad/or_groute.tcl |& tee >&@stdout /openLANE_flow/designs/digital_pll/runs/run_name/logs/routing/17-fastroute.log"

Thu Jun 17 00:36:28 UTC 2021 - Executing "openroad -exit /openLANE_flow/scripts/openroad/or_fill.tcl |& tee >&@stdout /openLANE_flow/designs/digital_pll/runs/run_name/logs/routing/18-addspacers.log"

Thu Jun 17 00:36:29 UTC 2021 - Executing "openroad -exit /openLANE_flow/scripts/openroad/or_write_verilog.tcl |& tee >&@stdout /openLANE_flow/designs/digital_pll/runs/run_name/logs/19-write_verilog.log"

Thu Jun 17 00:36:31 UTC 2021 - Executing "sed -i -e {s/\(set ::env(CURRENT_NETLIST)\).*/\1 \/openLANE_flow\/designs\/digital_pll\/runs\/run_name\/results\/synthesis\/digital_pll.synthesis_preroute.v/} /openLANE_flow/designs/digital_pll/runs/run_name/config.tcl"

Thu Jun 17 00:36:31 UTC 2021 - Executing "sed -i -e {s/\(set ::env(PREV_NETLIST)\).*/\1 \/openLANE_flow\/designs\/digital_pll\/runs\/run_name\/results\/synthesis\/digital_pll.synthesis_optimized.v/} /openLANE_flow/designs/digital_pll/runs/run_name/config.tcl"

Thu Jun 17 00:36:31 UTC 2021 - Executing "envsubst < /openLANE_flow/scripts/tritonRoute.param > /openLANE_flow/designs/digital_pll/runs/run_name/tmp/routing/20-tritonRoute.param"

Thu Jun 17 00:36:31 UTC 2021 - Executing "TritonRoute /openLANE_flow/designs/digital_pll/runs/run_name/tmp/routing/20-tritonRoute.param |& tee >&@stdout /openLANE_flow/designs/digital_pll/runs/run_name/logs/routing/20-tritonRoute.log"

Thu Jun 17 00:36:51 UTC 2021 - Executing "python3 /openLANE_flow/scripts/tr2klayout.py -i /openLANE_flow/designs/digital_pll/runs/run_name/reports/routing/20-tritonRoute.drc -o /openLANE_flow/designs/digital_pll/runs/run_name/reports/routing/20-tritonRoute.klayout.xml --design-name digital_pll"

Thu Jun 17 00:36:51 UTC 2021 - Executing "bash /openLANE_flow/scripts/klayout/scrotLayout.sh /home/atork/mabrains/pdks/sky130A/libs.tech/klayout/sky130A.lyt /openLANE_flow/designs/digital_pll/runs/run_name/results/routing/digital_pll.def |& tee >&@stdout /openLANE_flow/designs/digital_pll/runs/run_name/logs/klayout/21-klayout.scrot.log"

Thu Jun 17 00:36:57 UTC 2021 - Executing "python3 /openLANE_flow/scripts/spef_extractor/main.py -l /openLANE_flow/designs/digital_pll/runs/run_name/tmp/merged_unpadded.lef -d /openLANE_flow/designs/digital_pll/runs/run_name/results/routing/digital_pll.def -mw L -ec 1 |& tee >&@stdout /openLANE_flow/designs/digital_pll/runs/run_name/logs/routing/22-spef_extraction.log"

Thu Jun 17 00:36:57 UTC 2021 - Executing "sta /openLANE_flow/scripts/sta.tcl |& tee >&@stdout /openLANE_flow/designs/digital_pll/runs/run_name/logs/synthesis/23-opensta_spef"

Thu Jun 17 00:36:59 UTC 2021 - Executing "python3 /openLANE_flow/scripts/write_powered_def.py -d /openLANE_flow/designs/digital_pll/runs/run_name/results/routing/digital_pll.def -l /openLANE_flow/designs/digital_pll/runs/run_name/tmp/merged.lef --power-port VPWR --ground-port VGND --powered-netlist {} -o /openLANE_flow/designs/digital_pll/runs/run_name/tmp/routing/24-digital_pll.powered.def |& tee >&@stdout /openLANE_flow/designs/digital_pll/runs/run_name/logs/lvs/24-write_powered_verilog.log"

Thu Jun 17 00:36:59 UTC 2021 - Executing "openroad -exit /openLANE_flow/scripts/openroad/or_write_verilog.tcl |& tee >&@stdout /openLANE_flow/designs/digital_pll/runs/run_name/logs/25-write_verilog.log"

Thu Jun 17 00:37:01 UTC 2021 - Executing "sed -i -e {s/\(set ::env(CURRENT_NETLIST)\).*/\1 \/openLANE_flow\/designs\/digital_pll\/runs\/run_name\/results\/lvs\/digital_pll.lvs.powered.v/} /openLANE_flow/designs/digital_pll/runs/run_name/config.tcl"

Thu Jun 17 00:37:01 UTC 2021 - Executing "sed -i -e {s/\(set ::env(PREV_NETLIST)\).*/\1 \/openLANE_flow\/designs\/digital_pll\/runs\/run_name\/results\/synthesis\/digital_pll.synthesis_preroute.v/} /openLANE_flow/designs/digital_pll/runs/run_name/config.tcl"

Thu Jun 17 00:37:01 UTC 2021 - Executing "magic -noconsole -dnull -rcfile /home/atork/mabrains/pdks/sky130A/libs.tech/magic/sky130A.magicrc /openLANE_flow/scripts/magic/mag_gds.tcl </dev/null |& tee >&@stdout /openLANE_flow/designs/digital_pll/runs/run_name/logs/magic/26-magic.log"

Thu Jun 17 00:37:01 UTC 2021 - Executing "bash /openLANE_flow/scripts/klayout/scrotLayout.sh /home/atork/mabrains/pdks/sky130A/libs.tech/klayout/sky130A.lyt /openLANE_flow/designs/digital_pll/runs/run_name/results/magic/digital_pll.gds |& tee >&@stdout /openLANE_flow/designs/digital_pll/runs/run_name/logs/klayout/27-klayout.scrot.log"

Thu Jun 17 00:37:06 UTC 2021 - Executing "magic -noconsole -dnull -rcfile /home/atork/mabrains/pdks/sky130A/libs.tech/magic/sky130A.magicrc /openLANE_flow/scripts/magic/gds_pointers.tcl </dev/null |& tee >&@stdout /openLANE_flow/designs/digital_pll/runs/run_name/logs/magic/28-magic.mag.gds_ptrs.log"

Thu Jun 17 00:37:07 UTC 2021 - Executing "sed -i -n {/^<< properties >>/,/^<< end >>/p} /openLANE_flow/designs/digital_pll/runs/run_name/tmp/magic/magic_gds_ptrs.mag"

Thu Jun 17 00:37:07 UTC 2021 - Executing "magic -noconsole -dnull -rcfile /home/atork/mabrains/pdks/sky130A/libs.tech/magic/sky130A.magicrc /openLANE_flow/scripts/magic/lef.tcl </dev/null |& tee >&@stdout /openLANE_flow/designs/digital_pll/runs/run_name/logs/magic/29-magic.lef.log"

Thu Jun 17 00:37:07 UTC 2021 - Executing "magic -noconsole -dnull -rcfile /home/atork/mabrains/pdks/sky130A/libs.tech/magic/sky130A.magicrc /openLANE_flow/scripts/magic/maglef.tcl </dev/null |& tee >&@stdout /openLANE_flow/designs/digital_pll/runs/run_name/logs/magic/30-magic.maglef.log"

Thu Jun 17 00:37:08 UTC 2021 - Executing "bash /openLANE_flow/scripts/klayout/def2gds.sh /home/atork/mabrains/pdks/sky130A/libs.tech/klayout/sky130A.lyt /openLANE_flow/designs/digital_pll/runs/run_name/results/routing/digital_pll.def digital_pll /openLANE_flow/designs/digital_pll/runs/run_name/results/klayout/digital_pll.gds {/home/atork/mabrains/pdks/sky130A/libs.ref/sky130_fd_sc_hd/gds/sky130_ef_sc_hd__fakediode_2.gds /home/atork/mabrains/pdks/sky130A/libs.ref/sky130_fd_sc_hd/gds/sky130_fd_sc_hd.gds /home/atork/mabrains/pdks/sky130A/libs.ref/sky130_fd_sc_hd/gds/sky130_ef_sc_hd__fill_12.gds /home/atork/mabrains/pdks/sky130A/libs.ref/sky130_fd_sc_hd/gds/sky130_ef_sc_hd__decap_12.gds } |& tee >&@stdout /openLANE_flow/designs/digital_pll/runs/run_name/logs/klayout/31-klayout.log"

Thu Jun 17 00:37:12 UTC 2021 - Executing "bash /openLANE_flow/scripts/klayout/scrotLayout.sh /home/atork/mabrains/pdks/sky130A/libs.tech/klayout/sky130A.lyt /openLANE_flow/designs/digital_pll/runs/run_name/results/klayout/digital_pll.gds |& tee >&@stdout /openLANE_flow/designs/digital_pll/runs/run_name/logs/klayout/32-klayout.scrot.log"

Thu Jun 17 00:37:18 UTC 2021 - Executing "bash /openLANE_flow/scripts/klayout/xor.sh /openLANE_flow/designs/digital_pll/runs/run_name/results/magic/digital_pll.gds /openLANE_flow/designs/digital_pll/runs/run_name/results/klayout/digital_pll.gds digital_pll /openLANE_flow/designs/digital_pll/runs/run_name/results/klayout/digital_pll.xor.gds |& tee >&@stdout /openLANE_flow/designs/digital_pll/runs/run_name/logs/klayout/33-klayout.xor.log"

Thu Jun 17 00:37:24 UTC 2021 - Executing "python3 /openLANE_flow/scripts/parse_klayout_xor_log.py -l /openLANE_flow/designs/digital_pll/runs/run_name/logs/klayout/33-klayout.xor.log -o /openLANE_flow/designs/digital_pll/runs/run_name/reports/klayout/33-klayout.xor.rpt"

Thu Jun 17 00:37:24 UTC 2021 - Executing "bash /openLANE_flow/scripts/klayout/scrotLayout.sh /home/atork/mabrains/pdks/sky130A/libs.tech/klayout/sky130A.lyt /openLANE_flow/designs/digital_pll/runs/run_name/results/klayout/digital_pll.xor.gds |& tee >&@stdout /openLANE_flow/designs/digital_pll/runs/run_name/logs/klayout/34-klayout.scrot.log"

Thu Jun 17 00:37:29 UTC 2021 - Executing "bash /openLANE_flow/scripts/klayout/xor.sh /openLANE_flow/designs/digital_pll/runs/run_name/results/magic/digital_pll.gds /openLANE_flow/designs/digital_pll/runs/run_name/results/klayout/digital_pll.gds digital_pll /openLANE_flow/designs/digital_pll/runs/run_name/results/klayout/digital_pll.xor.xml |& tee >&@stdout /openLANE_flow/designs/digital_pll/runs/run_name/logs/klayout/35-klayout.xor.log"

Thu Jun 17 00:37:37 UTC 2021 - Executing "python3 /openLANE_flow/scripts/parse_klayout_xor_log.py -l /openLANE_flow/designs/digital_pll/runs/run_name/logs/klayout/35-klayout.xor.log -o /openLANE_flow/designs/digital_pll/runs/run_name/reports/klayout/35-klayout.xor.rpt"

Thu Jun 17 00:37:37 UTC 2021 - Executing "magic -noconsole -dnull -rcfile /home/atork/mabrains/pdks/sky130A/libs.tech/magic/sky130A.magicrc /openLANE_flow/designs/digital_pll/runs/run_name/tmp/magic_spice.tcl </dev/null |& tee >&@stdout /openLANE_flow/designs/digital_pll/runs/run_name/logs/magic/36-magic_spice.log"

Thu Jun 17 00:37:38 UTC 2021 - Executing "netgen -batch source /openLANE_flow/designs/digital_pll/runs/run_name/tmp/lvs/setup_file.lef.lvs |& tee >&@stdout /openLANE_flow/designs/digital_pll/runs/run_name/logs/lvs/37-lvs.lef.log"

Thu Jun 17 00:37:39 UTC 2021 - Executing "magic -noconsole -dnull -rcfile /home/atork/mabrains/pdks/sky130A/libs.tech/magic/sky130A.magicrc /openLANE_flow/scripts/magic/drc.tcl </dev/null |& tee >&@stdout /openLANE_flow/designs/digital_pll/runs/run_name/logs/magic/38-magic.drc.log"

Thu Jun 17 00:37:41 UTC 2021 - Executing "python3 /openLANE_flow/scripts/magic_drc_to_tcl.py -i /openLANE_flow/designs/digital_pll/runs/run_name/reports/magic/38-magic.drc -o /openLANE_flow/designs/digital_pll/runs/run_name/reports/magic/38-magic.drc.tcl"

Thu Jun 17 00:37:41 UTC 2021 - Executing "python3 /openLANE_flow/scripts/magic_drc_to_tr_drc.py -i /openLANE_flow/designs/digital_pll/runs/run_name/reports/magic/38-magic.drc -o /openLANE_flow/designs/digital_pll/runs/run_name/reports/magic/38-magic.tr.drc"

Thu Jun 17 00:37:41 UTC 2021 - Executing "python3 /openLANE_flow/scripts/tr2klayout.py -i /openLANE_flow/designs/digital_pll/runs/run_name/reports/magic/38-magic.tr.drc -o /openLANE_flow/designs/digital_pll/runs/run_name/reports/magic/38-magic.drc.klayout.xml --design-name digital_pll"

Thu Jun 17 00:37:41 UTC 2021 - Executing "python3 /openLANE_flow/scripts/magic_drc_to_rdb.py --magic_drc_in /openLANE_flow/designs/digital_pll/runs/run_name/reports/magic/38-magic.drc --rdb_out /openLANE_flow/designs/digital_pll/runs/run_name/reports/magic/38-magic.drc.rdb"

Thu Jun 17 00:37:41 UTC 2021 - Executing "openroad -exit /openLANE_flow/scripts/openroad/or_antenna_check.tcl |& tee >&@stdout /openLANE_flow/designs/digital_pll/runs/run_name/logs/routing/39-or_antenna.log"

Thu Jun 17 00:37:43 UTC 2021 - Executing "mv -f /openLANE_flow/designs/digital_pll/runs/run_name/reports/routing/antenna.rpt /openLANE_flow/designs/digital_pll/runs/run_name/reports/routing/40-antenna.rpt"

Thu Jun 17 00:37:43 UTC 2021 - Executing "awk { BEGIN {  # Print power and standard_input definitions
    print "VPWR power 1.8";
    print "VGND power 0.0";
    print "#define std_input min@VGND max@VPWR";
}
$1 == "input" {  # Print input nets
    gsub(/;/, "");
    if ( $2 == "VPWR" || $2 == "VGND" ) {  # ignore power nets
        next;
    }
    if ( NF == 3 ) {  # print buses as net[range]
        $2 = $3 $2;
    }
    print $2, "input std_input";
}} /openLANE_flow/designs/digital_pll/runs/run_name/results/lvs/digital_pll.lvs.powered.v > /openLANE_flow/designs/digital_pll/runs/run_name/results/cvc/digital_pll.power"

Thu Jun 17 00:37:43 UTC 2021 - Executing "awk { /Black-box entry subcircuit/ {  # remove black-box defintions
    while ( $1 != ".ends" ) {
        getline;
    }
    getline;
}
/^\*/ {  # remove comments
    next;
}
/^.ENDS .*/ {  # remove name from ends lines
    print $1;
    next;
}
 {
    print $0;
}} /home/atork/mabrains/pdks/sky130A/libs.ref/sky130_fd_sc_hd/cdl/sky130_fd_sc_hd.cdl /openLANE_flow/designs/digital_pll/runs/run_name/results/magic/digital_pll.lef.spice > /openLANE_flow/designs/digital_pll/runs/run_name/results/cvc/digital_pll.cdl"

Thu Jun 17 00:37:43 UTC 2021 - Executing "cvc /openLANE_flow/scripts/cvc/sky130A/cvcrc.sky130A |& tee >&@stdout /openLANE_flow/designs/digital_pll/runs/run_name/logs/cvc/41-cvc_screen.log"

Thu Jun 17 00:37:43 UTC 2021 - Executing "python3 /openLANE_flow/report_generation_wrapper.py -d /openLANE_flow/designs/digital_pll -dn digital_pll -t run_name -o /openLANE_flow/designs/digital_pll/runs/run_name/reports/final_summary_report.csv -m /openLANE_flow/designs/digital_pll/runs/run_name/reports/manufacturability_report.rpt -rs /openLANE_flow/designs/digital_pll/runs/run_name/reports/runtime_summary_report.rpt -r /openLANE_flow/designs/digital_pll/runs/run_name"

