Startpoint: idiv16 (rising edge-triggered flip-flop)
Endpoint: clockd[3] (output port clocked by w)
Path Group: w
Path Type: min

Fanout     Cap    Slew   Delay    Time   Description
-----------------------------------------------------------------------------
                  0.05    0.00    0.00 ^ idiv16/CLK (sky130_fd_sc_hd__dfrbp_1)
                  0.03    0.26    0.26 v idiv16/Q_N (sky130_fd_sc_hd__dfrbp_1)
     3    0.01                           net43 (net)
                  0.03    0.00    0.26 v output43/A (sky130_fd_sc_hd__clkbuf_2)
                  0.02    0.07    0.33 v output43/X (sky130_fd_sc_hd__clkbuf_2)
     1    0.02                           clockd[3] (net)
                  0.02    0.00    0.33 v clockd[3] (out)
                                  0.33   data arrival time

                  0.00    0.00    0.00   clock w (rise edge)
                          0.00    0.00   clock network delay (ideal)
                          0.00    0.00   clock reconvergence pessimism
                         -3.16   -3.16   output external delay
                                 -3.16   data required time
-----------------------------------------------------------------------------
                                 -3.16   data required time
                                 -0.33   data arrival time
-----------------------------------------------------------------------------
                                  3.49   slack (MET)


Startpoint: dco (input port clocked by w)
Endpoint: clockp[1] (output port clocked by w)
Path Group: w
Path Type: max

Fanout     Cap    Slew   Delay    Time   Description
-----------------------------------------------------------------------------
                  0.00    0.00    0.00   clock w (rise edge)
                          0.00    0.00   clock network delay (ideal)
                          3.16    3.16 ^ input external delay
                  0.03    0.01    3.17 ^ dco (in)
     1    0.00                           dco (net)
                  0.03    0.00    3.17 ^ input1/A (sky130_fd_sc_hd__buf_6)
                  0.11    0.19    3.36 ^ input1/X (sky130_fd_sc_hd__buf_6)
    12    0.03                           net1 (net)
                  0.11    0.00    3.36 ^ _357_/S (sky130_fd_sc_hd__mux2_1)
                  0.16    0.78    4.14 v _357_/X (sky130_fd_sc_hd__mux2_1)
     2    0.01                           ringosc.dstage[10].id.trim[1] (net)
                  0.16    0.00    4.14 v ringosc.dstage[10].id.delayen1/TE (sky130_fd_sc_hd__einvp_1)
                  0.13    0.25    4.39 v ringosc.dstage[10].id.delayen1/Z (sky130_fd_sc_hd__einvp_1)
     1    0.01                           ringosc.dstage[10].id.d1 (net)
                  0.13    0.00    4.39 v ringosc.dstage[10].id.delayint0/A (sky130_fd_sc_hd__clkinv_1)
                  0.04    0.04    4.43 ^ ringosc.dstage[10].id.delayint0/Y (sky130_fd_sc_hd__clkinv_1)
     1    0.00                           ringosc.dstage[10].id.d2 (net)
                  0.04    0.00    4.43 ^ ringosc.dstage[10].id.delayen0/A (sky130_fd_sc_hd__einvp_1)
                  0.11    0.12    4.55 v ringosc.dstage[10].id.delayen0/Z (sky130_fd_sc_hd__einvp_1)
     1    0.01                           ringosc.dstage[10].id.out (net)
                  0.11    0.00    4.55 v ringosc.dstage[11].id.delaybuf0/A (sky130_fd_sc_hd__clkbuf_2)
                  0.04    0.15    4.70 v ringosc.dstage[11].id.delaybuf0/X (sky130_fd_sc_hd__clkbuf_2)
     3    0.00                           ringosc.dstage[11].id.ts (net)
                  0.04    0.00    4.70 v ringosc.dstage[11].id.delaybuf1/A (sky130_fd_sc_hd__clkbuf_1)
                  0.05    0.15    4.85 v ringosc.dstage[11].id.delaybuf1/X (sky130_fd_sc_hd__clkbuf_1)
     1    0.00                           ringosc.dstage[11].id.d0 (net)
                  0.05    0.00    4.85 v ringosc.dstage[11].id.delayen1/A (sky130_fd_sc_hd__einvp_1)
                  0.27    0.24    5.09 ^ ringosc.dstage[11].id.delayen1/Z (sky130_fd_sc_hd__einvp_1)
     1    0.01                           ringosc.dstage[11].id.d1 (net)
                  0.27    0.00    5.09 ^ ringosc.dstage[11].id.delayint0/A (sky130_fd_sc_hd__clkinv_1)
                  0.14    0.13    5.22 v ringosc.dstage[11].id.delayint0/Y (sky130_fd_sc_hd__clkinv_1)
     1    0.01                           ringosc.dstage[11].id.d2 (net)
                  0.14    0.00    5.22 v ringosc.dstage[11].id.delayen0/A (sky130_fd_sc_hd__einvp_4)
                  0.27    0.28    5.49 ^ ringosc.dstage[11].id.delayen0/Z (sky130_fd_sc_hd__einvp_4)
     3    0.03                           ringosc.dstage[11].id.out (net)
                  0.27    0.00    5.49 ^ ringosc.iss.delaybuf0/A (sky130_fd_sc_hd__clkbuf_1)
                  0.08    0.12    5.61 ^ ringosc.iss.delaybuf0/X (sky130_fd_sc_hd__clkbuf_1)
     1    0.00                           ringosc.iss.d0 (net)
                  0.08    0.00    5.61 ^ ringosc.iss.delayen1/A (sky130_fd_sc_hd__einvp_1)
                  0.03    0.07    5.68 v ringosc.iss.delayen1/Z (sky130_fd_sc_hd__einvp_1)
     1    0.00                           ringosc.iss.d1 (net)
                  0.08    0.00    5.68 v ringosc.iss.delayint0/A (sky130_fd_sc_hd__clkinv_1)
                  0.09    0.08    5.76 ^ ringosc.iss.delayint0/Y (sky130_fd_sc_hd__clkinv_1)
     1    0.01                           ringosc.iss.d2 (net)
                  0.09    0.00    5.76 ^ ringosc.iss.delayen0/A (sky130_fd_sc_hd__einvp_4)
                  0.09    0.12    5.87 v ringosc.iss.delayen0/Z (sky130_fd_sc_hd__einvp_4)
     2    0.02                           ringosc.dstage[0].id.in (net)
                  0.11    0.00    5.87 v ringosc.dstage[0].id.delaybuf0/A (sky130_fd_sc_hd__clkbuf_2)
                  0.09    0.24    6.12 v ringosc.dstage[0].id.delaybuf0/X (sky130_fd_sc_hd__clkbuf_2)
     3    0.01                           ringosc.dstage[0].id.ts (net)
                  0.09    0.00    6.12 v ringosc.dstage[0].id.delaybuf1/A (sky130_fd_sc_hd__clkbuf_1)
                  0.05    0.17    6.29 v ringosc.dstage[0].id.delaybuf1/X (sky130_fd_sc_hd__clkbuf_1)
     1    0.00                           ringosc.dstage[0].id.d0 (net)
                  0.05    0.00    6.29 v ringosc.dstage[0].id.delayen1/A (sky130_fd_sc_hd__einvp_1)
                  0.28    0.25    6.54 ^ ringosc.dstage[0].id.delayen1/Z (sky130_fd_sc_hd__einvp_1)
     1    0.01                           ringosc.dstage[0].id.d1 (net)
                  0.28    0.00    6.54 ^ ringosc.dstage[0].id.delayint0/A (sky130_fd_sc_hd__clkinv_1)
                  0.09    0.18    6.71 v ringosc.dstage[0].id.delayint0/Y (sky130_fd_sc_hd__clkinv_1)
     1    0.00                           ringosc.dstage[0].id.d2 (net)
                  0.09    0.00    6.71 v ringosc.dstage[0].id.delayen0/A (sky130_fd_sc_hd__einvp_1)
                  0.24    0.24    6.95 ^ ringosc.dstage[0].id.delayen0/Z (sky130_fd_sc_hd__einvp_1)
     1    0.01                           ringosc.dstage[0].id.out (net)
                  0.24    0.00    6.95 ^ ringosc.dstage[1].id.delaybuf0/A (sky130_fd_sc_hd__clkbuf_2)
                  0.09    0.28    7.23 ^ ringosc.dstage[1].id.delaybuf0/X (sky130_fd_sc_hd__clkbuf_2)
     3    0.01                           ringosc.dstage[1].id.ts (net)
                  0.09    0.00    7.23 ^ ringosc.dstage[1].id.delaybuf1/A (sky130_fd_sc_hd__clkbuf_1)
                  0.08    0.16    7.39 ^ ringosc.dstage[1].id.delaybuf1/X (sky130_fd_sc_hd__clkbuf_1)
     1    0.00                           ringosc.dstage[1].id.d0 (net)
                  0.08    0.00    7.39 ^ ringosc.dstage[1].id.delayen1/A (sky130_fd_sc_hd__einvp_1)
                  0.14    0.15    7.54 v ringosc.dstage[1].id.delayen1/Z (sky130_fd_sc_hd__einvp_1)
     1    0.01                           ringosc.dstage[1].id.d1 (net)
                  0.14    0.00    7.54 v ringosc.dstage[1].id.delayint0/A (sky130_fd_sc_hd__clkinv_1)
                  0.05    0.09    7.63 ^ ringosc.dstage[1].id.delayint0/Y (sky130_fd_sc_hd__clkinv_1)
     1    0.00                           ringosc.dstage[1].id.d2 (net)
                  0.05    0.00    7.63 ^ ringosc.dstage[1].id.delayen0/A (sky130_fd_sc_hd__einvp_1)
                  0.12    0.13    7.76 v ringosc.dstage[1].id.delayen0/Z (sky130_fd_sc_hd__einvp_1)
     1    0.01                           ringosc.dstage[1].id.out (net)
                  0.12    0.00    7.76 v ringosc.dstage[2].id.delaybuf0/A (sky130_fd_sc_hd__clkbuf_2)
                  0.10    0.25    8.01 v ringosc.dstage[2].id.delaybuf0/X (sky130_fd_sc_hd__clkbuf_2)
     3    0.01                           ringosc.dstage[2].id.ts (net)
                  0.10    0.00    8.01 v ringosc.dstage[2].id.delaybuf1/A (sky130_fd_sc_hd__clkbuf_1)
                  0.05    0.17    8.18 v ringosc.dstage[2].id.delaybuf1/X (sky130_fd_sc_hd__clkbuf_1)
     1    0.00                           ringosc.dstage[2].id.d0 (net)
                  0.05    0.00    8.18 v ringosc.dstage[2].id.delayen1/A (sky130_fd_sc_hd__einvp_1)
                  0.27    0.24    8.42 ^ ringosc.dstage[2].id.delayen1/Z (sky130_fd_sc_hd__einvp_1)
     1    0.01                           ringosc.dstage[2].id.d1 (net)
                  0.27    0.00    8.42 ^ ringosc.dstage[2].id.delayint0/A (sky130_fd_sc_hd__clkinv_1)
                  0.09    0.17    8.60 v ringosc.dstage[2].id.delayint0/Y (sky130_fd_sc_hd__clkinv_1)
     1    0.00                           ringosc.dstage[2].id.d2 (net)
                  0.09    0.00    8.60 v ringosc.dstage[2].id.delayen0/A (sky130_fd_sc_hd__einvp_1)
                  0.24    0.23    8.82 ^ ringosc.dstage[2].id.delayen0/Z (sky130_fd_sc_hd__einvp_1)
     1    0.01                           ringosc.dstage[2].id.out (net)
                  0.24    0.00    8.82 ^ ringosc.dstage[3].id.delaybuf0/A (sky130_fd_sc_hd__clkbuf_2)
                  0.12    0.30    9.13 ^ ringosc.dstage[3].id.delaybuf0/X (sky130_fd_sc_hd__clkbuf_2)
     3    0.01                           ringosc.dstage[3].id.ts (net)
                  0.12    0.00    9.13 ^ ringosc.dstage[3].id.delaybuf1/A (sky130_fd_sc_hd__clkbuf_1)
                  0.08    0.17    9.30 ^ ringosc.dstage[3].id.delaybuf1/X (sky130_fd_sc_hd__clkbuf_1)
     1    0.00                           ringosc.dstage[3].id.d0 (net)
                  0.08    0.00    9.30 ^ ringosc.dstage[3].id.delayen1/A (sky130_fd_sc_hd__einvp_1)
                  0.13    0.14    9.44 v ringosc.dstage[3].id.delayen1/Z (sky130_fd_sc_hd__einvp_1)
     1    0.01                           ringosc.dstage[3].id.d1 (net)
                  0.13    0.00    9.44 v ringosc.dstage[3].id.delayint0/A (sky130_fd_sc_hd__clkinv_1)
                  0.05    0.09    9.53 ^ ringosc.dstage[3].id.delayint0/Y (sky130_fd_sc_hd__clkinv_1)
     1    0.00                           ringosc.dstage[3].id.d2 (net)
                  0.05    0.00    9.53 ^ ringosc.dstage[3].id.delayen0/A (sky130_fd_sc_hd__einvp_1)
                  0.12    0.13    9.66 v ringosc.dstage[3].id.delayen0/Z (sky130_fd_sc_hd__einvp_1)
     1    0.01                           ringosc.dstage[3].id.out (net)
                  0.12    0.00    9.66 v ringosc.dstage[4].id.delaybuf0/A (sky130_fd_sc_hd__clkbuf_2)
                  0.10    0.25    9.91 v ringosc.dstage[4].id.delaybuf0/X (sky130_fd_sc_hd__clkbuf_2)
     3    0.01                           ringosc.dstage[4].id.ts (net)
                  0.10    0.00    9.91 v ringosc.dstage[4].id.delaybuf1/A (sky130_fd_sc_hd__clkbuf_1)
                  0.05    0.17   10.09 v ringosc.dstage[4].id.delaybuf1/X (sky130_fd_sc_hd__clkbuf_1)
     1    0.00                           ringosc.dstage[4].id.d0 (net)
                  0.05    0.00   10.09 v ringosc.dstage[4].id.delayen1/A (sky130_fd_sc_hd__einvp_1)
                  0.17    0.17   10.25 ^ ringosc.dstage[4].id.delayen1/Z (sky130_fd_sc_hd__einvp_1)
     1    0.01                           ringosc.dstage[4].id.d1 (net)
                  0.17    0.00   10.25 ^ ringosc.dstage[4].id.delayint0/A (sky130_fd_sc_hd__clkinv_1)
                  0.07    0.13   10.39 v ringosc.dstage[4].id.delayint0/Y (sky130_fd_sc_hd__clkinv_1)
     1    0.00                           ringosc.dstage[4].id.d2 (net)
                  0.07    0.00   10.39 v ringosc.dstage[4].id.delayen0/A (sky130_fd_sc_hd__einvp_1)
                  0.29    0.27   10.65 ^ ringosc.dstage[4].id.delayen0/Z (sky130_fd_sc_hd__einvp_1)
     1    0.01                           ringosc.dstage[4].id.out (net)
                  0.29    0.00   10.65 ^ ringosc.dstage[5].id.delaybuf0/A (sky130_fd_sc_hd__clkbuf_2)
                  0.16    0.35   11.00 ^ ringosc.dstage[5].id.delaybuf0/X (sky130_fd_sc_hd__clkbuf_2)
     3    0.02                           ringosc.dstage[5].id.ts (net)
                  0.16    0.00   11.00 ^ ringosc.dstage[5].id.delaybuf1/A (sky130_fd_sc_hd__clkbuf_1)
                  0.09    0.20   11.21 ^ ringosc.dstage[5].id.delaybuf1/X (sky130_fd_sc_hd__clkbuf_1)
     1    0.00                           ringosc.dstage[5].id.d0 (net)
                  0.09    0.00   11.21 ^ ringosc.dstage[5].id.delayen1/A (sky130_fd_sc_hd__einvp_1)
                  0.13    0.15   11.36 v ringosc.dstage[5].id.delayen1/Z (sky130_fd_sc_hd__einvp_1)
     1    0.01                           ringosc.dstage[5].id.d1 (net)
                  0.13    0.00   11.36 v ringosc.dstage[5].id.delayint0/A (sky130_fd_sc_hd__clkinv_1)
                  0.07    0.11   11.47 ^ ringosc.dstage[5].id.delayint0/Y (sky130_fd_sc_hd__clkinv_1)
     1    0.01                           ringosc.dstage[5].id.d2 (net)
                  0.07    0.00   11.47 ^ ringosc.dstage[5].id.delayen0/A (sky130_fd_sc_hd__einvp_2)
                  0.12    0.13   11.59 v ringosc.dstage[5].id.delayen0/Z (sky130_fd_sc_hd__einvp_2)
     2    0.01                           ringosc.dstage[5].id.out (net)
                  0.12    0.00   11.59 v ringosc.ibufp10/A (sky130_fd_sc_hd__inv_1)
                  0.09    0.12   11.71 ^ ringosc.ibufp10/Y (sky130_fd_sc_hd__inv_1)
     1    0.01                           ringosc.c[1] (net)
                  0.09    0.00   11.71 ^ ringosc.ibufp11/A (sky130_fd_sc_hd__inv_2)
                  0.03    0.07   11.78 v ringosc.ibufp11/Y (sky130_fd_sc_hd__inv_2)
     2    0.00                           net45 (net)
                  0.03    0.00   11.78 v output45/A (sky130_fd_sc_hd__clkbuf_2)
                  0.03    0.14   11.92 v output45/X (sky130_fd_sc_hd__clkbuf_2)
     1    0.02                           clockp[1] (net)
                  0.03    0.00   11.92 v clockp[1] (out)
                                 11.92   data arrival time

                  0.00   15.80   15.80   clock w (rise edge)
                          0.00   15.80   clock network delay (ideal)
                          0.00   15.80   clock reconvergence pessimism
                         -3.16   12.64   output external delay
                                 12.64   data required time
-----------------------------------------------------------------------------
                                 12.64   data required time
                                -11.92   data arrival time
-----------------------------------------------------------------------------
                                  0.72   slack (MET)


