OpenROAD 0.9.0 1415572a73
This program is licensed under the BSD-3 license. See the LICENSE file for details.
Components of this program may be licensed under more restrictive licenses which must be honored.
Notice 0: Reading LEF file:  /openLANE_flow/designs/digital_pll/runs/seventh_run/tmp/merged_unpadded.lef
Notice 0:     Created 13 technology layers
Notice 0:     Created 25 technology vias
Notice 0:     Created 440 library cells
Notice 0: Finished LEF file:  /openLANE_flow/designs/digital_pll/runs/seventh_run/tmp/merged_unpadded.lef
Notice 0: 
Reading DEF file: /openLANE_flow/designs/digital_pll/runs/seventh_run/tmp/placement/8-resizer.def
Notice 0: Design: digital_pll
Notice 0:     Created 47 pins.
Notice 0:     Created 547 components and 3167 component-terminals.
Notice 0:     Created 2 special nets and 0 connections.
Notice 0:     Created 391 nets and 1188 connections.
Notice 0: Finished DEF file: /openLANE_flow/designs/digital_pll/runs/seventh_run/tmp/placement/8-resizer.def
Design Stats
--------------------------------
total instances           547
multi row instances         0
fixed instances           171
nets                      393
design area            8051.5 u^2
fixed area              379.1 u^2
movable area           3054.2 u^2
utilization                40 %
utilization padded         40 %
rows                       33
row height                2.7 u

Placement Analysis
--------------------------------
total displacement        0.0 u
average displacement      0.0 u
max displacement          0.0 u
original HPWL          6769.8 u
legalized HPWL         6994.3 u
delta HPWL                  3 %

[INFO DPL-0020] Mirrored 154 instances
[INFO DPL-0021] HPWL before            6994.3 u
[INFO DPL-0022] HPWL after             6769.8 u
[INFO DPL-0023] HPWL delta               -3.2 %
