OpenROAD 0.9.0 1415572a73
This program is licensed under the BSD-3 license. See the LICENSE file for details.
Components of this program may be licensed under more restrictive licenses which must be honored.
Notice 0: Reading LEF file:  /openLANE_flow/designs/digital_pll/runs/seventh_run/tmp/merged_unpadded.lef
Notice 0:     Created 13 technology layers
Notice 0:     Created 25 technology vias
Notice 0:     Created 440 library cells
Notice 0: Finished LEF file:  /openLANE_flow/designs/digital_pll/runs/seventh_run/tmp/merged_unpadded.lef
Notice 0: 
Reading DEF file: /openLANE_flow/designs/digital_pll/runs/seventh_run/tmp/floorplan/7-pdn.def
Notice 0: Design: digital_pll
Notice 0:     Created 47 pins.
Notice 0:     Created 501 components and 2891 component-terminals.
Notice 0:     Created 2 special nets and 0 connections.
Notice 0:     Created 345 nets and 1096 connections.
Notice 0: Finished DEF file: /openLANE_flow/designs/digital_pll/runs/seventh_run/tmp/floorplan/7-pdn.def
[INFO GPL-0002] DBU: 1000
[INFO GPL-0003] SiteSize: 460 2720
[INFO GPL-0004] CoreAreaLxLy: 5520 10880
[INFO GPL-0005] CoreAreaUxUy: 95220 100640
[INFO GPL-0006] NumInstances: 501
[INFO GPL-0007] NumPlaceInstances: 330
[INFO GPL-0008] NumFixedInstances: 171
[INFO GPL-0009] NumDummyInstances: 0
[INFO GPL-0010] NumNets: 345
[INFO GPL-0011] NumPins: 1141
[INFO GPL-0012] DieAreaLxLy: 0 0
[INFO GPL-0013] DieAreaUxUy: 100980 111700
[INFO GPL-0014] CoreAreaLxLy: 5520 10880
[INFO GPL-0015] CoreAreaUxUy: 95220 100640
[INFO GPL-0016] CoreArea: 8051472000
[INFO GPL-0017] NonPlaceInstsArea: 379113600
[INFO GPL-0018] PlaceInstsArea: 3235603200
[INFO GPL-0019] Util(%): 42.17
[INFO GPL-0020] StdInstsArea: 3235603200
[INFO GPL-0021] MacroInstsArea: 0
Begin InitialPlace
[InitialPlace]  Iter: 1 CG Error: 0.00000009 HPWL: 7466450
[InitialPlace]  Iter: 2 CG Error: 0.00000008 HPWL: 6491850
[InitialPlace]  Iter: 3 CG Error: 0.00000009 HPWL: 6474101
[InitialPlace]  Iter: 4 CG Error: 0.00000011 HPWL: 6480524
[InitialPlace]  Iter: 5 CG Error: 0.00000011 HPWL: 6476375
End InitialPlace
[INFO GPL-0031] FillerInit: NumGCells: 353
[INFO GPL-0032] FillerInit: NumGNets: 345
[INFO GPL-0033] FillerInit: NumGPins: 1141
[INFO GPL-0023] TargetDensity: 0.45
[INFO GPL-0024] AveragePlaceInstArea: 9804858
[INFO GPL-0025] IdealBinArea: 21788574
[INFO GPL-0026] IdealBinCnt: 369
[INFO GPL-0027] TotalBinArea: 8051472000
[INFO GPL-0028] BinCnt: 16 16
[INFO GPL-0029] BinSize: 5607 5610
[INFO GPL-0030] NumBins: 256
Begin NesterovInit
End NesterovInit
[NesterovSolve] Iter: 1 overflow: 0.816835 HPWL: 4716240
[NesterovSolve] Iter: 10 overflow: 0.669192 HPWL: 5632484
[NesterovSolve] Iter: 20 overflow: 0.656655 HPWL: 5595780
[NesterovSolve] Iter: 30 overflow: 0.657869 HPWL: 5579182
[NesterovSolve] Iter: 40 overflow: 0.655705 HPWL: 5568922
[NesterovSolve] Iter: 50 overflow: 0.654898 HPWL: 5562454
[NesterovSolve] Iter: 60 overflow: 0.655936 HPWL: 5565877
[NesterovSolve] Iter: 70 overflow: 0.656428 HPWL: 5567498
[NesterovSolve] Iter: 80 overflow: 0.656788 HPWL: 5567706
[NesterovSolve] Iter: 90 overflow: 0.656542 HPWL: 5567416
[NesterovSolve] Iter: 100 overflow: 0.656254 HPWL: 5566809
[NesterovSolve] Iter: 110 overflow: 0.655875 HPWL: 5567050
[NesterovSolve] Iter: 120 overflow: 0.655594 HPWL: 5568905
[NesterovSolve] Iter: 130 overflow: 0.655219 HPWL: 5572404
[NesterovSolve] Iter: 140 overflow: 0.654189 HPWL: 5577303
[NesterovSolve] Iter: 150 overflow: 0.652165 HPWL: 5583523
[NesterovSolve] Iter: 160 overflow: 0.648782 HPWL: 5589746
[NesterovSolve] Iter: 170 overflow: 0.644269 HPWL: 5599850
[NesterovSolve] Iter: 180 overflow: 0.639522 HPWL: 5618565
[NesterovSolve] Iter: 190 overflow: 0.630701 HPWL: 5645871
[NesterovSolve] Iter: 200 overflow: 0.618924 HPWL: 5686951
[NesterovSolve] Iter: 210 overflow: 0.599428 HPWL: 5730341
[NesterovSolve] Iter: 220 overflow: 0.568991 HPWL: 5753490
[NesterovSolve] Iter: 230 overflow: 0.544277 HPWL: 5809656
[NesterovSolve] Iter: 240 overflow: 0.510281 HPWL: 5876932
[NesterovSolve] Iter: 250 overflow: 0.467313 HPWL: 5925010
[NesterovSolve] Iter: 260 overflow: 0.422309 HPWL: 5897521
[NesterovSolve] Iter: 270 overflow: 0.380944 HPWL: 5947108
[NesterovSolve] Iter: 280 overflow: 0.34283 HPWL: 5995963
[NesterovSolve] Iter: 290 overflow: 0.29841 HPWL: 5996339
[NesterovSolve] Iter: 300 overflow: 0.27052 HPWL: 6068533
[NesterovSolve] Iter: 310 overflow: 0.246977 HPWL: 6115190
[NesterovSolve] Iter: 320 overflow: 0.221294 HPWL: 6150459
[NesterovSolve] Iter: 330 overflow: 0.197779 HPWL: 6206494
[NesterovSolve] Iter: 340 overflow: 0.172892 HPWL: 6253297
[NesterovSolve] Iter: 350 overflow: 0.151598 HPWL: 6285433
[NesterovSolve] Iter: 360 overflow: 0.134122 HPWL: 6319441
[NesterovSolve] Iter: 370 overflow: 0.111628 HPWL: 6369072
[NesterovSolve] Finished with Overflow: 0.098573
Warning: /home/mariam/openlane/pdks/sky130A/libs.ref/sky130_fd_sc_hd/lib/sky130_fd_sc_hd__ss_100C_1v60.lib line 32, default_operating_condition ss_100C_1v60 not found.
Warning: /home/mariam/openlane/pdks/sky130A/libs.ref/sky130_fd_sc_hd/lib/sky130_fd_sc_hd__ff_n40C_1v95.lib line 31, default_operating_condition ff_n40C_1v95 not found.
create_clock [get_ports $::env(CLOCK_PORT)]  -name $::env(CLOCK_PORT)  -period $::env(CLOCK_PERIOD)
[WARNING STA-0337] port 'w' not found.
set input_delay_value [expr $::env(CLOCK_PERIOD) * $::env(IO_PCT)]
set output_delay_value [expr $::env(CLOCK_PERIOD) * $::env(IO_PCT)]
puts "\[INFO\]: Setting output delay to: $output_delay_value"
[INFO]: Setting output delay to: 5.0
puts "\[INFO\]: Setting input delay to: $input_delay_value"
[INFO]: Setting input delay to: 5.0
set_max_fanout $::env(SYNTH_MAX_FANOUT) [current_design]
set clk_indx [lsearch [all_inputs] [get_port $::env(CLOCK_PORT)]]
[WARNING STA-0337] port 'w' not found.
#set rst_indx [lsearch [all_inputs] [get_port resetn]]
set all_inputs_wo_clk [lreplace [all_inputs] $clk_indx $clk_indx]
#set all_inputs_wo_clk_rst [lreplace $all_inputs_wo_clk $rst_indx $rst_indx]
set all_inputs_wo_clk_rst $all_inputs_wo_clk
# correct resetn
set_input_delay $input_delay_value  -clock [get_clocks $::env(CLOCK_PORT)] $all_inputs_wo_clk_rst
#set_input_delay 0.0 -clock [get_clocks $::env(CLOCK_PORT)] {resetn}
set_output_delay $output_delay_value  -clock [get_clocks $::env(CLOCK_PORT)] [all_outputs]
# TODO set this as parameter
set_driving_cell -lib_cell $::env(SYNTH_DRIVING_CELL) -pin $::env(SYNTH_DRIVING_CELL_PIN) [all_inputs]
set cap_load [expr $::env(SYNTH_CAP_LOAD) / 1000.0]
puts "\[INFO\]: Setting load to: $cap_load"
[INFO]: Setting load to: 0.01765
set_load  $cap_load [all_outputs]
No paths found.
Startpoint: idiv2 (rising edge-triggered flip-flop)
Endpoint: clockd[0] (output port clocked by w)
Path Group: w
Path Type: min

Fanout     Cap    Slew   Delay    Time   Description
-----------------------------------------------------------------------------
                  0.03    0.00    0.00 ^ idiv2/CLK (sky130_fd_sc_hd__dfrbp_1)
                  0.11    0.32    0.32 v idiv2/Q_N (sky130_fd_sc_hd__dfrbp_1)
     4    0.02                           clockd[0] (net)
                  0.11    0.00    0.32 v clockd[0] (out)
                                  0.32   data arrival time

                  0.00    0.00    0.00   clock w (rise edge)
                          0.00    0.00   clock network delay (ideal)
                          0.00    0.00   clock reconvergence pessimism
                         -5.00   -5.00   output external delay
                                 -5.00   data required time
-----------------------------------------------------------------------------
                                 -5.00   data required time
                                 -0.32   data arrival time
-----------------------------------------------------------------------------
                                  5.32   slack (MET)


Startpoint: dco (input port clocked by w)
Endpoint: clockc (output port clocked by w)
Path Group: w
Path Type: max

Fanout     Cap    Slew   Delay    Time   Description
-----------------------------------------------------------------------------
                  0.00    0.00    0.00   clock w (rise edge)
                          0.00    0.00   clock network delay (ideal)
                          5.00    5.00 ^ input external delay
                  0.27    0.19    5.19 ^ dco (in)
    27    0.11                           dco (net)
                  0.27    0.00    5.19 ^ _354_/S (sky130_fd_sc_hd__mux2_1)
                  0.23    0.93    6.11 v _354_/X (sky130_fd_sc_hd__mux2_1)
     2    0.02                           ringosc.dstage[11].id.trim[0] (net)
                  0.23    0.00    6.12 v ringosc.dstage[11].id.delayen0/TE (sky130_fd_sc_hd__einvp_2)
                  0.00    0.27    6.39 v ringosc.dstage[11].id.delayen0/Z (sky130_fd_sc_hd__einvp_2)
     3    0.04                           ringosc.dstage[11].id.out (net)
                  0.00    0.00    6.39 v ringosc.iss.delaybuf0/A (sky130_fd_sc_hd__clkbuf_1)
                  0.07    0.14    6.53 v ringosc.iss.delaybuf0/X (sky130_fd_sc_hd__clkbuf_1)
     1    0.00                           ringosc.iss.d0 (net)
                  0.07    0.00    6.53 v ringosc.iss.delayen1/A (sky130_fd_sc_hd__einvp_2)
                  0.00    0.03    6.57 ^ ringosc.iss.delayen1/Z (sky130_fd_sc_hd__einvp_2)
     1    0.01                           ringosc.iss.d1 (net)
                  0.00    0.00    6.57 ^ ringosc.iss.delayint0/A (sky130_fd_sc_hd__clkinv_1)
                  0.08    0.09    6.65 v ringosc.iss.delayint0/Y (sky130_fd_sc_hd__clkinv_1)
     1    0.00                           ringosc.iss.d2 (net)
                  0.08    0.00    6.65 v ringosc.iss.delayen0/A (sky130_fd_sc_hd__einvp_2)
                  0.00    0.04    6.69 ^ ringosc.iss.delayen0/Z (sky130_fd_sc_hd__einvp_2)
     2    0.02                           ringosc.dstage[0].id.in (net)
                  0.00    0.00    6.69 ^ ringosc.dstage[0].id.delaybuf0/A (sky130_fd_sc_hd__clkbuf_2)
                  0.26    0.30    6.99 ^ ringosc.dstage[0].id.delaybuf0/X (sky130_fd_sc_hd__clkbuf_2)
     3    0.03                           ringosc.dstage[0].id.ts (net)
                  0.26    0.00    6.99 ^ ringosc.dstage[0].id.delaybuf1/A (sky130_fd_sc_hd__clkbuf_1)
                  0.11    0.25    7.24 ^ ringosc.dstage[0].id.delaybuf1/X (sky130_fd_sc_hd__clkbuf_1)
     1    0.00                           ringosc.dstage[0].id.d0 (net)
                  0.11    0.00    7.24 ^ ringosc.dstage[0].id.delayen1/A (sky130_fd_sc_hd__einvp_2)
                  0.00    0.04    7.28 v ringosc.dstage[0].id.delayen1/Z (sky130_fd_sc_hd__einvp_2)
     1    0.01                           ringosc.dstage[0].id.d1 (net)
                  0.00    0.00    7.28 v ringosc.dstage[0].id.delayint0/A (sky130_fd_sc_hd__clkinv_1)
                  0.06    0.05    7.33 ^ ringosc.dstage[0].id.delayint0/Y (sky130_fd_sc_hd__clkinv_1)
     1    0.00                           ringosc.dstage[0].id.d2 (net)
                  0.06    0.00    7.33 ^ ringosc.dstage[0].id.delayen0/A (sky130_fd_sc_hd__einvp_2)
                  0.00    0.03    7.36 v ringosc.dstage[0].id.delayen0/Z (sky130_fd_sc_hd__einvp_2)
     1    0.01                           ringosc.dstage[0].id.out (net)
                  0.00    0.00    7.36 v ringosc.dstage[1].id.delaybuf0/A (sky130_fd_sc_hd__clkbuf_2)
                  0.19    0.27    7.63 v ringosc.dstage[1].id.delaybuf0/X (sky130_fd_sc_hd__clkbuf_2)
     3    0.03                           ringosc.dstage[1].id.ts (net)
                  0.19    0.00    7.63 v ringosc.dstage[1].id.delaybuf1/A (sky130_fd_sc_hd__clkbuf_1)
                  0.07    0.23    7.86 v ringosc.dstage[1].id.delaybuf1/X (sky130_fd_sc_hd__clkbuf_1)
     1    0.00                           ringosc.dstage[1].id.d0 (net)
                  0.07    0.00    7.86 v ringosc.dstage[1].id.delayen1/A (sky130_fd_sc_hd__einvp_2)
                  0.00    0.03    7.90 ^ ringosc.dstage[1].id.delayen1/Z (sky130_fd_sc_hd__einvp_2)
     1    0.01                           ringosc.dstage[1].id.d1 (net)
                  0.00    0.00    7.90 ^ ringosc.dstage[1].id.delayint0/A (sky130_fd_sc_hd__clkinv_1)
                  0.08    0.09    7.98 v ringosc.dstage[1].id.delayint0/Y (sky130_fd_sc_hd__clkinv_1)
     1    0.00                           ringosc.dstage[1].id.d2 (net)
                  0.08    0.00    7.98 v ringosc.dstage[1].id.delayen0/A (sky130_fd_sc_hd__einvp_2)
                  0.00    0.04    8.02 ^ ringosc.dstage[1].id.delayen0/Z (sky130_fd_sc_hd__einvp_2)
     1    0.01                           ringosc.dstage[1].id.out (net)
                  0.00    0.00    8.02 ^ ringosc.dstage[2].id.delaybuf0/A (sky130_fd_sc_hd__clkbuf_2)
                  0.26    0.30    8.32 ^ ringosc.dstage[2].id.delaybuf0/X (sky130_fd_sc_hd__clkbuf_2)
     3    0.03                           ringosc.dstage[2].id.ts (net)
                  0.26    0.00    8.32 ^ ringosc.dstage[2].id.delaybuf1/A (sky130_fd_sc_hd__clkbuf_1)
                  0.11    0.25    8.57 ^ ringosc.dstage[2].id.delaybuf1/X (sky130_fd_sc_hd__clkbuf_1)
     1    0.00                           ringosc.dstage[2].id.d0 (net)
                  0.11    0.00    8.57 ^ ringosc.dstage[2].id.delayen1/A (sky130_fd_sc_hd__einvp_2)
                  0.00    0.04    8.61 v ringosc.dstage[2].id.delayen1/Z (sky130_fd_sc_hd__einvp_2)
     1    0.01                           ringosc.dstage[2].id.d1 (net)
                  0.00    0.00    8.61 v ringosc.dstage[2].id.delayint0/A (sky130_fd_sc_hd__clkinv_1)
                  0.05    0.05    8.66 ^ ringosc.dstage[2].id.delayint0/Y (sky130_fd_sc_hd__clkinv_1)
     1    0.00                           ringosc.dstage[2].id.d2 (net)
                  0.05    0.00    8.66 ^ ringosc.dstage[2].id.delayen0/A (sky130_fd_sc_hd__einvp_2)
                  0.00    0.03    8.69 v ringosc.dstage[2].id.delayen0/Z (sky130_fd_sc_hd__einvp_2)
     1    0.01                           ringosc.dstage[2].id.out (net)
                  0.00    0.00    8.69 v ringosc.dstage[3].id.delaybuf0/A (sky130_fd_sc_hd__clkbuf_2)
                  0.20    0.27    8.96 v ringosc.dstage[3].id.delaybuf0/X (sky130_fd_sc_hd__clkbuf_2)
     3    0.03                           ringosc.dstage[3].id.ts (net)
                  0.20    0.00    8.96 v ringosc.dstage[3].id.delaybuf1/A (sky130_fd_sc_hd__clkbuf_1)
                  0.07    0.24    9.20 v ringosc.dstage[3].id.delaybuf1/X (sky130_fd_sc_hd__clkbuf_1)
     1    0.00                           ringosc.dstage[3].id.d0 (net)
                  0.07    0.00    9.20 v ringosc.dstage[3].id.delayen1/A (sky130_fd_sc_hd__einvp_2)
                  0.00    0.03    9.23 ^ ringosc.dstage[3].id.delayen1/Z (sky130_fd_sc_hd__einvp_2)
     1    0.01                           ringosc.dstage[3].id.d1 (net)
                  0.00    0.00    9.23 ^ ringosc.dstage[3].id.delayint0/A (sky130_fd_sc_hd__clkinv_1)
                  0.08    0.09    9.32 v ringosc.dstage[3].id.delayint0/Y (sky130_fd_sc_hd__clkinv_1)
     1    0.00                           ringosc.dstage[3].id.d2 (net)
                  0.08    0.00    9.32 v ringosc.dstage[3].id.delayen0/A (sky130_fd_sc_hd__einvp_2)
                  0.00    0.04    9.36 ^ ringosc.dstage[3].id.delayen0/Z (sky130_fd_sc_hd__einvp_2)
     1    0.02                           ringosc.dstage[3].id.out (net)
                  0.00    0.00    9.36 ^ ringosc.dstage[4].id.delaybuf0/A (sky130_fd_sc_hd__clkbuf_2)
                  0.27    0.30    9.66 ^ ringosc.dstage[4].id.delaybuf0/X (sky130_fd_sc_hd__clkbuf_2)
     3    0.03                           ringosc.dstage[4].id.ts (net)
                  0.27    0.00    9.66 ^ ringosc.dstage[4].id.delaybuf1/A (sky130_fd_sc_hd__clkbuf_1)
                  0.11    0.25    9.91 ^ ringosc.dstage[4].id.delaybuf1/X (sky130_fd_sc_hd__clkbuf_1)
     1    0.00                           ringosc.dstage[4].id.d0 (net)
                  0.11    0.00    9.91 ^ ringosc.dstage[4].id.delayen1/A (sky130_fd_sc_hd__einvp_2)
                  0.00    0.04    9.96 v ringosc.dstage[4].id.delayen1/Z (sky130_fd_sc_hd__einvp_2)
     1    0.01                           ringosc.dstage[4].id.d1 (net)
                  0.00    0.00    9.96 v ringosc.dstage[4].id.delayint0/A (sky130_fd_sc_hd__clkinv_1)
                  0.06    0.05   10.01 ^ ringosc.dstage[4].id.delayint0/Y (sky130_fd_sc_hd__clkinv_1)
     1    0.00                           ringosc.dstage[4].id.d2 (net)
                  0.06    0.00   10.01 ^ ringosc.dstage[4].id.delayen0/A (sky130_fd_sc_hd__einvp_2)
                  0.00    0.03   10.04 v ringosc.dstage[4].id.delayen0/Z (sky130_fd_sc_hd__einvp_2)
     1    0.02                           ringosc.dstage[4].id.out (net)
                  0.00    0.00   10.04 v ringosc.dstage[5].id.delaybuf0/A (sky130_fd_sc_hd__clkbuf_2)
                  0.19    0.27   10.30 v ringosc.dstage[5].id.delaybuf0/X (sky130_fd_sc_hd__clkbuf_2)
     3    0.03                           ringosc.dstage[5].id.ts (net)
                  0.19    0.00   10.31 v ringosc.dstage[5].id.delaybuf1/A (sky130_fd_sc_hd__clkbuf_1)
                  0.07    0.23   10.54 v ringosc.dstage[5].id.delaybuf1/X (sky130_fd_sc_hd__clkbuf_1)
     1    0.00                           ringosc.dstage[5].id.d0 (net)
                  0.07    0.00   10.54 v ringosc.dstage[5].id.delayen1/A (sky130_fd_sc_hd__einvp_2)
                  0.00    0.03   10.57 ^ ringosc.dstage[5].id.delayen1/Z (sky130_fd_sc_hd__einvp_2)
     1    0.01                           ringosc.dstage[5].id.d1 (net)
                  0.00    0.00   10.57 ^ ringosc.dstage[5].id.delayint0/A (sky130_fd_sc_hd__clkinv_1)
                  0.08    0.09   10.66 v ringosc.dstage[5].id.delayint0/Y (sky130_fd_sc_hd__clkinv_1)
     1    0.00                           ringosc.dstage[5].id.d2 (net)
                  0.08    0.00   10.66 v ringosc.dstage[5].id.delayen0/A (sky130_fd_sc_hd__einvp_2)
                  0.00    0.04   10.70 ^ ringosc.dstage[5].id.delayen0/Z (sky130_fd_sc_hd__einvp_2)
     2    0.02                           ringosc.dstage[5].id.out (net)
                  0.00    0.00   10.70 ^ ringosc.dstage[6].id.delaybuf0/A (sky130_fd_sc_hd__clkbuf_2)
                  0.27    0.30   11.00 ^ ringosc.dstage[6].id.delaybuf0/X (sky130_fd_sc_hd__clkbuf_2)
     3    0.03                           ringosc.dstage[6].id.ts (net)
                  0.27    0.00   11.00 ^ ringosc.dstage[6].id.delaybuf1/A (sky130_fd_sc_hd__clkbuf_1)
                  0.11    0.25   11.25 ^ ringosc.dstage[6].id.delaybuf1/X (sky130_fd_sc_hd__clkbuf_1)
     1    0.00                           ringosc.dstage[6].id.d0 (net)
                  0.11    0.00   11.25 ^ ringosc.dstage[6].id.delayen1/A (sky130_fd_sc_hd__einvp_2)
                  0.00    0.04   11.29 v ringosc.dstage[6].id.delayen1/Z (sky130_fd_sc_hd__einvp_2)
     1    0.01                           ringosc.dstage[6].id.d1 (net)
                  0.00    0.00   11.29 v ringosc.dstage[6].id.delayint0/A (sky130_fd_sc_hd__clkinv_1)
                  0.05    0.05   11.34 ^ ringosc.dstage[6].id.delayint0/Y (sky130_fd_sc_hd__clkinv_1)
     1    0.00                           ringosc.dstage[6].id.d2 (net)
                  0.05    0.00   11.34 ^ ringosc.dstage[6].id.delayen0/A (sky130_fd_sc_hd__einvp_2)
                  0.00    0.03   11.37 v ringosc.dstage[6].id.delayen0/Z (sky130_fd_sc_hd__einvp_2)
     1    0.01                           ringosc.dstage[6].id.out (net)
                  0.00    0.00   11.37 v ringosc.dstage[7].id.delaybuf0/A (sky130_fd_sc_hd__clkbuf_2)
                  0.19    0.27   11.64 v ringosc.dstage[7].id.delaybuf0/X (sky130_fd_sc_hd__clkbuf_2)
     3    0.03                           ringosc.dstage[7].id.ts (net)
                  0.19    0.00   11.64 v ringosc.dstage[7].id.delaybuf1/A (sky130_fd_sc_hd__clkbuf_1)
                  0.07    0.23   11.87 v ringosc.dstage[7].id.delaybuf1/X (sky130_fd_sc_hd__clkbuf_1)
     1    0.00                           ringosc.dstage[7].id.d0 (net)
                  0.07    0.00   11.87 v ringosc.dstage[7].id.delayen1/A (sky130_fd_sc_hd__einvp_2)
                  0.00    0.03   11.91 ^ ringosc.dstage[7].id.delayen1/Z (sky130_fd_sc_hd__einvp_2)
     1    0.01                           ringosc.dstage[7].id.d1 (net)
                  0.00    0.00   11.91 ^ ringosc.dstage[7].id.delayint0/A (sky130_fd_sc_hd__clkinv_1)
                  0.08    0.09   11.99 v ringosc.dstage[7].id.delayint0/Y (sky130_fd_sc_hd__clkinv_1)
     1    0.00                           ringosc.dstage[7].id.d2 (net)
                  0.08    0.00   11.99 v ringosc.dstage[7].id.delayen0/A (sky130_fd_sc_hd__einvp_2)
                  0.00    0.04   12.03 ^ ringosc.dstage[7].id.delayen0/Z (sky130_fd_sc_hd__einvp_2)
     1    0.02                           ringosc.dstage[7].id.out (net)
                  0.00    0.00   12.03 ^ ringosc.dstage[8].id.delaybuf0/A (sky130_fd_sc_hd__clkbuf_2)
                  0.25    0.30   12.33 ^ ringosc.dstage[8].id.delaybuf0/X (sky130_fd_sc_hd__clkbuf_2)
     3    0.03                           ringosc.dstage[8].id.ts (net)
                  0.25    0.00   12.33 ^ ringosc.dstage[8].id.delaybuf1/A (sky130_fd_sc_hd__clkbuf_1)
                  0.11    0.25   12.57 ^ ringosc.dstage[8].id.delaybuf1/X (sky130_fd_sc_hd__clkbuf_1)
     1    0.00                           ringosc.dstage[8].id.d0 (net)
                  0.11    0.00   12.57 ^ ringosc.dstage[8].id.delayen1/A (sky130_fd_sc_hd__einvp_2)
                  0.00    0.04   12.62 v ringosc.dstage[8].id.delayen1/Z (sky130_fd_sc_hd__einvp_2)
     1    0.01                           ringosc.dstage[8].id.d1 (net)
                  0.00    0.00   12.62 v ringosc.dstage[8].id.delayint0/A (sky130_fd_sc_hd__clkinv_1)
                  0.06    0.05   12.67 ^ ringosc.dstage[8].id.delayint0/Y (sky130_fd_sc_hd__clkinv_1)
     1    0.00                           ringosc.dstage[8].id.d2 (net)
                  0.06    0.00   12.67 ^ ringosc.dstage[8].id.delayen0/A (sky130_fd_sc_hd__einvp_2)
                  0.00    0.03   12.70 v ringosc.dstage[8].id.delayen0/Z (sky130_fd_sc_hd__einvp_2)
     1    0.02                           ringosc.dstage[8].id.out (net)
                  0.00    0.00   12.70 v ringosc.dstage[9].id.delaybuf0/A (sky130_fd_sc_hd__clkbuf_2)
                  0.22    0.29   12.99 v ringosc.dstage[9].id.delaybuf0/X (sky130_fd_sc_hd__clkbuf_2)
     3    0.03                           ringosc.dstage[9].id.ts (net)
                  0.22    0.00   12.99 v ringosc.dstage[9].id.delaybuf1/A (sky130_fd_sc_hd__clkbuf_1)
                  0.07    0.25   13.23 v ringosc.dstage[9].id.delaybuf1/X (sky130_fd_sc_hd__clkbuf_1)
     1    0.00                           ringosc.dstage[9].id.d0 (net)
                  0.07    0.00   13.23 v ringosc.dstage[9].id.delayen1/A (sky130_fd_sc_hd__einvp_2)
                  0.00    0.03   13.27 ^ ringosc.dstage[9].id.delayen1/Z (sky130_fd_sc_hd__einvp_2)
     1    0.01                           ringosc.dstage[9].id.d1 (net)
                  0.00    0.00   13.27 ^ ringosc.dstage[9].id.delayint0/A (sky130_fd_sc_hd__clkinv_1)
                  0.09    0.09   13.36 v ringosc.dstage[9].id.delayint0/Y (sky130_fd_sc_hd__clkinv_1)
     1    0.00                           ringosc.dstage[9].id.d2 (net)
                  0.09    0.00   13.36 v ringosc.dstage[9].id.delayen0/A (sky130_fd_sc_hd__einvp_2)
                  0.00    0.04   13.40 ^ ringosc.dstage[9].id.delayen0/Z (sky130_fd_sc_hd__einvp_2)
     1    0.01                           ringosc.dstage[10].id.in (net)
                  0.00    0.00   13.40 ^ ringosc.dstage[10].id.delaybuf0/A (sky130_fd_sc_hd__clkbuf_2)
                  0.26    0.30   13.69 ^ ringosc.dstage[10].id.delaybuf0/X (sky130_fd_sc_hd__clkbuf_2)
     3    0.03                           ringosc.dstage[10].id.ts (net)
                  0.26    0.00   13.69 ^ ringosc.dstage[10].id.delaybuf1/A (sky130_fd_sc_hd__clkbuf_1)
                  0.11    0.25   13.94 ^ ringosc.dstage[10].id.delaybuf1/X (sky130_fd_sc_hd__clkbuf_1)
     1    0.00                           ringosc.dstage[10].id.d0 (net)
                  0.11    0.00   13.94 ^ ringosc.dstage[10].id.delayen1/A (sky130_fd_sc_hd__einvp_2)
                  0.00    0.04   13.98 v ringosc.dstage[10].id.delayen1/Z (sky130_fd_sc_hd__einvp_2)
     1    0.01                           ringosc.dstage[10].id.d1 (net)
                  0.00    0.00   13.98 v ringosc.dstage[10].id.delayint0/A (sky130_fd_sc_hd__clkinv_1)
                  0.05    0.05   14.03 ^ ringosc.dstage[10].id.delayint0/Y (sky130_fd_sc_hd__clkinv_1)
     1    0.00                           ringosc.dstage[10].id.d2 (net)
                  0.05    0.00   14.03 ^ ringosc.dstage[10].id.delayen0/A (sky130_fd_sc_hd__einvp_2)
                  0.00    0.03   14.06 v ringosc.dstage[10].id.delayen0/Z (sky130_fd_sc_hd__einvp_2)
     1    0.01                           ringosc.dstage[10].id.out (net)
                  0.00    0.00   14.06 v ringosc.dstage[11].id.delaybuf0/A (sky130_fd_sc_hd__clkbuf_2)
                  0.19    0.27   14.33 v ringosc.dstage[11].id.delaybuf0/X (sky130_fd_sc_hd__clkbuf_2)
     3    0.03                           ringosc.dstage[11].id.ts (net)
                  0.19    0.00   14.33 v ringosc.dstage[11].id.delayenb0/A (sky130_fd_sc_hd__einvn_8)
                  0.00    0.07   14.40 ^ ringosc.dstage[11].id.delayenb0/Z (sky130_fd_sc_hd__einvn_8)
     3    0.04                           ringosc.dstage[11].id.out (net)
                  0.00    0.00   14.40 ^ ringosc.iss.delayenb0/A (sky130_fd_sc_hd__einvn_8)
                  0.00    0.01   14.41 v ringosc.iss.delayenb0/Z (sky130_fd_sc_hd__einvn_8)
     2    0.02                           ringosc.dstage[0].id.in (net)
                  0.00    0.00   14.41 v ringosc.ibufp00/A (sky130_fd_sc_hd__clkinv_2)
                  0.13    0.10   14.51 ^ ringosc.ibufp00/Y (sky130_fd_sc_hd__clkinv_2)
     1    0.02                           ringosc.c[0] (net)
                  0.13    0.00   14.51 ^ ringosc.ibufp01/A (sky130_fd_sc_hd__clkinv_8)
                  0.13    0.17   14.68 v ringosc.ibufp01/Y (sky130_fd_sc_hd__clkinv_8)
    25    0.07                           pll_control.clock (net)
                  0.13    0.00   14.68 v _353_/A1 (sky130_fd_sc_hd__mux2_1)
                  0.29    0.89   15.57 v _353_/X (sky130_fd_sc_hd__mux2_1)
     1    0.02                           clockc (net)
                  0.29    0.00   15.58 v clockc (out)
                                 15.58   data arrival time

                  0.00   25.00   25.00   clock w (rise edge)
                          0.00   25.00   clock network delay (ideal)
                          0.00   25.00   clock reconvergence pessimism
                         -5.00   20.00   output external delay
                                 20.00   data required time
-----------------------------------------------------------------------------
                                 20.00   data required time
                                -15.58   data arrival time
-----------------------------------------------------------------------------
                                  4.42   slack (MET)


No paths found.
wns 0.00
tns 0.00
