0-prep 0h0m1s608ms
1-yosys 0h0m4s429ms
2-opensta 0h0m1s576ms
3-verilog2def_openroad 0h0m2s8ms
4-ioPlacer 0h0m1s642ms
5-tapcell 0h0m1s465ms
6-klayout_scrot 0h0m4s752ms
7-pdn 0h0m2s67ms
8-replace 0h0m7s672ms
8-resizer 0h0m6s595ms
9-write_verilog 0h0m1s522ms
10-opensta_post_resizer 0h0m1s571ms
11-opendp 0h0m1s598ms
12-klayout_scrot 0h0m4s883ms
13-replace 0h0m7s831ms
13-resizer 0h0m6s934ms
14-write_verilog 0h0m1s515ms
15-opensta_post_resizer 0h0m1s566ms
16-opendp 0h0m1s721ms
17-klayout_scrot 0h0m4s885ms
19-fastroute 0h0m8s322ms
20-addspacers 0h0m1s532ms
21-write_verilog 0h0m1s655ms
22-tritonRoute 0h0m17s417ms
23-klayout_scrot 0h0m5s97ms
24-spef_extraction 0h0m0s781ms
25-opensta_spef 0h0m1s620ms
27-write_verilog 0h0m1s670ms
29-klayout_scrot 0h0m5s161ms
32-magic_gen 0h0m7s125ms
33-magic_ext_spice 0h0m1s850ms