OpenROAD 0.9.0 1415572a73
This program is licensed under the BSD-3 license. See the LICENSE file for details.
Components of this program may be licensed under more restrictive licenses which must be honored.
Warning: /home/mariam/openlane/pdks/sky130A/libs.ref/sky130_fd_sc_hd/lib/sky130_fd_sc_hd__tt_025C_1v80.lib line 31, default_operating_condition tt_025C_1v80 not found.
Notice 0: Reading LEF file:  /openLANE_flow/designs/digital_pll/runs/fourth_run/tmp/merged_unpadded.lef
Notice 0:     Created 13 technology layers
Notice 0:     Created 25 technology vias
Notice 0:     Created 440 library cells
Notice 0: Finished LEF file:  /openLANE_flow/designs/digital_pll/runs/fourth_run/tmp/merged_unpadded.lef
Notice 0: 
Reading DEF file: /openLANE_flow/designs/digital_pll/runs/fourth_run/results/placement/digital_pll.placement.def
Notice 0: Design: digital_pll
Notice 0:     Created 47 pins.
Notice 0:     Created 684 components and 3493 component-terminals.
Notice 0:     Created 2 special nets and 0 connections.
Notice 0:     Created 391 nets and 1188 connections.
Notice 0: Finished DEF file: /openLANE_flow/designs/digital_pll/runs/fourth_run/results/placement/digital_pll.placement.def
Min routing layer: 2
Max routing layer: 6
Global adjustment: 0.0
Unidirectional routing: true
Grid origin: (0, 0)
[INFO GRT-0004] #DB Obstructions: 0
[INFO GRT-0005] #DB Obstacles: 14575
[INFO GRT-0006] #DB Macros: 0
[WARNING GRT-0022] Net VPWR has wires outside die area
[WARNING GRT-0022] Net VPWR has wires outside die area
[WARNING GRT-0022] Net VPWR has wires outside die area
[WARNING GRT-0022] Net VPWR has wires outside die area
[WARNING GRT-0022] Net VPWR has wires outside die area
[WARNING GRT-0022] Net VPWR has wires outside die area
[WARNING GRT-0022] Net VPWR has wires outside die area
[WARNING GRT-0022] Net VGND has wires outside die area
[WARNING GRT-0022] Net VGND has wires outside die area
[WARNING GRT-0022] Net VGND has wires outside die area
[WARNING GRT-0022] Net VGND has wires outside die area
[WARNING GRT-0022] Net VGND has wires outside die area
[WARNING GRT-0022] Net VGND has wires outside die area
[INFO GRT-0017] Found 0 clock nets
[INFO GRT-0001] Minimum degree: 2
[INFO GRT-0002] Maximum degree: 26
[INFO GRT-0018] Processing 10623 obstacles on layer 1
[INFO GRT-0019] Processing 1960 obstacles on layer 2
[INFO GRT-0022] Processing 9 obstacles on layer 5
[INFO GRT-0023] Processing 9 obstacles on layer 6
[INFO GRT-0020] Reducing resources of layer 1 by 99%
[INFO] WIRELEN : 1447, WIRELEN1 : 0
[INFO] NumSeg  : 727
[INFO] NumShift: 0
First L Route
[INFO] WIRELEN : 1442, WIRELEN1 : 1442
[INFO] NumSeg  : 728
[INFO] NumShift: 16
[Overflow Report] Total hCap    : 11685
[Overflow Report] Total vCap    : 8560
[Overflow Report] Total Usage   : 1442
[Overflow Report] Max H Overflow: 0
[Overflow Report] Max V Overflow: 0
[Overflow Report] Max Overflow  : 0
[Overflow Report] Num Overflow e: 0
[Overflow Report] H   Overflow  : 0
[Overflow Report] V   Overflow  : 0
[Overflow Report] Final Overflow: 0

Second L Route
[Overflow Report] Total hCap    : 11685
[Overflow Report] Total vCap    : 8560
[Overflow Report] Total Usage   : 1442
[Overflow Report] Max H Overflow: 0
[Overflow Report] Max V Overflow: 0
[Overflow Report] Max Overflow  : 0
[Overflow Report] Num Overflow e: 0
[Overflow Report] H   Overflow  : 0
[Overflow Report] V   Overflow  : 0
[Overflow Report] Final Overflow: 0

First Z Route
[Overflow Report] Total hCap    : 11685
[Overflow Report] Total vCap    : 8560
[Overflow Report] Total Usage   : 1442
[Overflow Report] Max H Overflow: 0
[Overflow Report] Max V Overflow: 0
[Overflow Report] Max Overflow  : 0
[Overflow Report] Num Overflow e: 0
[Overflow Report] H   Overflow  : 0
[Overflow Report] V   Overflow  : 0
[Overflow Report] Final Overflow: 0

[INFO] LV routing round 0, enlarge 10 
[INFO] 10 threshold, 10 expand
[Overflow Report] total Usage   : 1442
[Overflow Report] Max H Overflow: 0
[Overflow Report] Max V Overflow: 0
[Overflow Report] Max Overflow  : 0
[Overflow Report] Num Overflow e: 0
[Overflow Report] H   Overflow  : 0
[Overflow Report] V   Overflow  : 0
[Overflow Report] Final Overflow: 0

[INFO] LV routing round 1, enlarge 15 
[INFO] 5 threshold, 15 expand
[Overflow Report] total Usage   : 1442
[Overflow Report] Max H Overflow: 0
[Overflow Report] Max V Overflow: 0
[Overflow Report] Max Overflow  : 0
[Overflow Report] Num Overflow e: 0
[Overflow Report] H   Overflow  : 0
[Overflow Report] V   Overflow  : 0
[Overflow Report] Final Overflow: 0

[INFO] LV routing round 2, enlarge 20 
[INFO] 1 threshold, 20 expand
[Overflow Report] total Usage   : 1442
[Overflow Report] Max H Overflow: 0
[Overflow Report] Max V Overflow: 0
[Overflow Report] Max Overflow  : 0
[Overflow Report] Num Overflow e: 0
[Overflow Report] H   Overflow  : 0
[Overflow Report] V   Overflow  : 0
[Overflow Report] Final Overflow: 0

Usage checked
Maze routing finished
[INFO] P3 runtime: 0.000000 sec
[INFO] Final 2D results: 
[Overflow Report] total Usage   : 1442
[Overflow Report] Max H Overflow: 0
[Overflow Report] Max V Overflow: 0
[Overflow Report] Max Overflow  : 0
[Overflow Report] Num Overflow e: 0
[Overflow Report] H   Overflow  : 0
[Overflow Report] V   Overflow  : 0
[Overflow Report] Final Overflow: 0

Layer Assignment Begins
Layer assignment finished
[INFO] 2D + Layer Assignment Runtime: 5.150000 sec
Post Processing Begins 
Post Processsing finished
 Starting via filling
[INFO] Via related to pin nodes 1547
[INFO] Via related stiner nodes 52
Via filling finished

Final usage/overflow report: 
[INFO] Usage per layer: 
    Layer 1 usage: 0
    Layer 2 usage: 738
    Layer 3 usage: 709
    Layer 4 usage: 0
    Layer 5 usage: 0
    Layer 6 usage: 0

[INFO] Capacity per layer: 
    Layer 1 capacity: 0
    Layer 2 capacity: 6840
    Layer 3 capacity: 5980
    Layer 4 capacity: 4066
    Layer 5 capacity: 2580
    Layer 6 capacity: 779

[INFO] Use percentage per layer: 
    Layer 1 use percentage: 0.0%
    Layer 2 use percentage: 10.79%
    Layer 3 use percentage: 11.86%
    Layer 4 use percentage: 0.00%
    Layer 5 use percentage: 0.00%
    Layer 6 use percentage: 0.00%

[INFO] Overflow per layer: 
    Layer 1 overflow: 0
    Layer 2 overflow: 0
    Layer 3 overflow: 0
    Layer 4 overflow: 0
    Layer 5 overflow: 0
    Layer 6 overflow: 0

[Overflow Report] Total Usage   : 1447
[Overflow Report] Total Capacity: 20245
[Overflow Report] Max H Overflow: 0
[Overflow Report] Max V Overflow: 0
[Overflow Report] Max Overflow  : 0
[Overflow Report] H   Overflow  : 0
[Overflow Report] V   Overflow  : 0
[Overflow Report] Final Overflow: 0

[INFO] Final usage          : 1447
[INFO] Final number of vias : 1711
[INFO] Final usage 3D       : 6580
[INFO GRT-0018] Total wirelength: 16691 um
Repairing antennas...
[WARNING GRT-0025] No OR_DEFAULT vias defined
Notice 0: Split top of 1 T shapes.
Notice 0: Split top of 1 T shapes.
Notice 0: Split top of 1 T shapes.
Notice 0: Split top of 1 T shapes.
Notice 0: Split top of 1 T shapes.
Notice 0: Split top of 1 T shapes.
Notice 0: Split top of 1 T shapes.
Notice 0: Split top of 1 T shapes.
Notice 0: Split top of 1 T shapes.
Notice 0: Split top of 1 T shapes.
Notice 0: Split top of 1 T shapes.
Notice 0: Split top of 1 T shapes.
Notice 0: Split top of 1 T shapes.
Notice 0: Split top of 1 T shapes.
Notice 0: Split top of 1 T shapes.
Notice 0: Split top of 1 T shapes.
Notice 0: Split top of 1 T shapes.
Notice 0: Split top of 1 T shapes.
Notice 0: Split top of 1 T shapes.
Notice 0: Split top of 1 T shapes.
Notice 0: Split top of 1 T shapes.
Notice 0: Split top of 1 T shapes.
Notice 0: Split top of 1 T shapes.
Notice 0: Split top of 1 T shapes.
Notice 0: Split top of 1 T shapes.
Notice 0: Split top of 1 T shapes.
Notice 0: Split top of 1 T shapes.
Notice 0: Split top of 1 T shapes.
Notice 0: Split top of 1 T shapes.
Notice 0: Split top of 1 T shapes.
Notice 0: Split top of 1 T shapes.
Notice 0: Split top of 1 T shapes.
Notice 0: Split top of 1 T shapes.
Notice 0: Split top of 1 T shapes.
Notice 0: Split top of 1 T shapes.
Notice 0: Split top of 1 T shapes.
Notice 0: Split top of 1 T shapes.
Notice 0: Split top of 1 T shapes.
Notice 0: Split top of 1 T shapes.
Notice 0: Split top of 1 T shapes.
Notice 0: Split top of 1 T shapes.
Notice 0: Split top of 1 T shapes.
Notice 0: Split top of 1 T shapes.
Notice 0: Split top of 1 T shapes.
Notice 0: Split top of 1 T shapes.
Notice 0: Split top of 1 T shapes.
Notice 0: Split top of 1 T shapes.
Notice 0: Split top of 1 T shapes.
Notice 0: Split top of 1 T shapes.
Notice 0: Split top of 1 T shapes.
Notice 0: Split top of 1 T shapes.
Notice 0: Split top of 1 T shapes.
Notice 0: Split top of 1 T shapes.
Notice 0: Split top of 1 T shapes.
Notice 0: Split top of 1 T shapes.
Notice 0: Split top of 1 T shapes.
Notice 0: Split top of 1 T shapes.
Notice 0: Split top of 1 T shapes.
Notice 0: Split top of 1 T shapes.
Notice 0: Split top of 1 T shapes.
Notice 0: Split top of 1 T shapes.
Notice 0: Split top of 1 T shapes.
Notice 0: Split top of 1 T shapes.
Notice 0: Split top of 1 T shapes.
Notice 0: Split top of 1 T shapes.
Notice 0: Split top of 1 T shapes.
Notice 0: Split top of 1 T shapes.
Notice 0: Split top of 1 T shapes.
Notice 0: Split top of 1 T shapes.
Notice 0: Split top of 1 T shapes.
Notice 0: Split top of 1 T shapes.
Notice 0: Split top of 1 T shapes.
Notice 0: Split top of 1 T shapes.
Notice 0: Split top of 1 T shapes.
Notice 0: Split top of 1 T shapes.
Notice 0: Split top of 1 T shapes.
[INFO GRT-0012] #Antenna violations: 0
[INFO GRT-0014] Num routed nets: 387
Warning: /home/mariam/openlane/pdks/sky130A/libs.ref/sky130_fd_sc_hd/lib/sky130_fd_sc_hd__ss_100C_1v60.lib line 32, default_operating_condition ss_100C_1v60 not found.
Warning: /home/mariam/openlane/pdks/sky130A/libs.ref/sky130_fd_sc_hd/lib/sky130_fd_sc_hd__ff_n40C_1v95.lib line 31, default_operating_condition ff_n40C_1v95 not found.
create_clock [get_ports $::env(CLOCK_PORT)]  -name $::env(CLOCK_PORT)  -period $::env(CLOCK_PERIOD)
[WARNING STA-0337] port 'w' not found.
set input_delay_value [expr $::env(CLOCK_PERIOD) * $::env(IO_PCT)]
set output_delay_value [expr $::env(CLOCK_PERIOD) * $::env(IO_PCT)]
puts "\[INFO\]: Setting output delay to: $output_delay_value"
[INFO]: Setting output delay to: 5.0
puts "\[INFO\]: Setting input delay to: $input_delay_value"
[INFO]: Setting input delay to: 5.0
set_max_fanout $::env(SYNTH_MAX_FANOUT) [current_design]
set clk_indx [lsearch [all_inputs] [get_port $::env(CLOCK_PORT)]]
[WARNING STA-0337] port 'w' not found.
#set rst_indx [lsearch [all_inputs] [get_port resetn]]
set all_inputs_wo_clk [lreplace [all_inputs] $clk_indx $clk_indx]
#set all_inputs_wo_clk_rst [lreplace $all_inputs_wo_clk $rst_indx $rst_indx]
set all_inputs_wo_clk_rst $all_inputs_wo_clk
# correct resetn
set_input_delay $input_delay_value  -clock [get_clocks $::env(CLOCK_PORT)] $all_inputs_wo_clk_rst
#set_input_delay 0.0 -clock [get_clocks $::env(CLOCK_PORT)] {resetn}
set_output_delay $output_delay_value  -clock [get_clocks $::env(CLOCK_PORT)] [all_outputs]
# TODO set this as parameter
set_driving_cell -lib_cell $::env(SYNTH_DRIVING_CELL) -pin $::env(SYNTH_DRIVING_CELL_PIN) [all_inputs]
set cap_load [expr $::env(SYNTH_CAP_LOAD) / 1000.0]
puts "\[INFO\]: Setting load to: $cap_load"
[INFO]: Setting load to: 0.01765
set_load  $cap_load [all_outputs]
No paths found.
Startpoint: idiv16 (rising edge-triggered flip-flop)
Endpoint: clockd[3] (output port clocked by w)
Path Group: w
Path Type: min

Fanout     Cap    Slew   Delay    Time   Description
-----------------------------------------------------------------------------
                  0.08    0.00    0.00 ^ idiv16/CLK (sky130_fd_sc_hd__dfrbp_1)
                  0.03    0.27    0.27 v idiv16/Q_N (sky130_fd_sc_hd__dfrbp_1)
     3    0.01                           net43 (net)
                  0.03    0.00    0.27 v output43/A (sky130_fd_sc_hd__clkbuf_2)
                  0.06    0.10    0.37 v output43/X (sky130_fd_sc_hd__clkbuf_2)
     1    0.02                           clockd[3] (net)
                  0.06    0.01    0.38 v clockd[3] (out)
                                  0.38   data arrival time

                  0.00    0.00    0.00   clock w (rise edge)
                          0.00    0.00   clock network delay (ideal)
                          0.00    0.00   clock reconvergence pessimism
                         -5.00   -5.00   output external delay
                                 -5.00   data required time
-----------------------------------------------------------------------------
                                 -5.00   data required time
                                 -0.38   data arrival time
-----------------------------------------------------------------------------
                                  5.38   slack (MET)


Startpoint: dco (input port clocked by w)
Endpoint: clockc (output port clocked by w)
Path Group: w
Path Type: max

Fanout     Cap    Slew   Delay    Time   Description
-----------------------------------------------------------------------------
                  0.00    0.00    0.00   clock w (rise edge)
                          0.00    0.00   clock network delay (ideal)
                          5.00    5.00 ^ input external delay
                  0.04    0.02    5.02 ^ dco (in)
     1    0.01                           dco (net)
                  0.04    0.00    5.02 ^ input1/A (sky130_fd_sc_hd__buf_8)
                  0.21    0.25    5.27 ^ input1/X (sky130_fd_sc_hd__buf_8)
    17    0.08                           net1 (net)
                  0.22    0.02    5.30 ^ _378_/S (sky130_fd_sc_hd__mux2_1)
                  0.18    0.84    6.14 v _378_/X (sky130_fd_sc_hd__mux2_1)
     2    0.01                           ringosc.iss.trim[0] (net)
                  0.18    0.00    6.14 v ringosc.iss.ctrlen0/B (sky130_fd_sc_hd__or2_2)
                  0.14    0.70    6.84 v ringosc.iss.ctrlen0/X (sky130_fd_sc_hd__or2_2)
     1    0.01                           ringosc.iss.ctrl0 (net)
                  0.14    0.00    6.85 v ringosc.iss.delayenb0/TE_B (sky130_fd_sc_hd__einvn_4)
                  0.00    0.10    6.95 ^ ringosc.iss.delayenb0/Z (sky130_fd_sc_hd__einvn_4)
     2    0.03                           ringosc.dstage[0].id.in (net)
                  0.00    0.01    6.95 ^ ringosc.dstage[0].id.delaybuf0/A (sky130_fd_sc_hd__clkbuf_2)
                  0.13    0.20    7.15 ^ ringosc.dstage[0].id.delaybuf0/X (sky130_fd_sc_hd__clkbuf_2)
     3    0.01                           ringosc.dstage[0].id.ts (net)
                  0.13    0.00    7.16 ^ ringosc.dstage[0].id.delaybuf1/A (sky130_fd_sc_hd__clkbuf_1)
                  0.09    0.19    7.35 ^ ringosc.dstage[0].id.delaybuf1/X (sky130_fd_sc_hd__clkbuf_1)
     1    0.00                           ringosc.dstage[0].id.d0 (net)
                  0.09    0.00    7.35 ^ ringosc.dstage[0].id.delayen1/A (sky130_fd_sc_hd__einvp_1)
                  0.00    0.04    7.39 v ringosc.dstage[0].id.delayen1/Z (sky130_fd_sc_hd__einvp_1)
     1    0.01                           ringosc.dstage[0].id.d1 (net)
                  0.00    0.00    7.39 v ringosc.dstage[0].id.delayint0/A (sky130_fd_sc_hd__clkinv_1)
                  0.04    0.04    7.43 ^ ringosc.dstage[0].id.delayint0/Y (sky130_fd_sc_hd__clkinv_1)
     1    0.00                           ringosc.dstage[0].id.d2 (net)
                  0.04    0.00    7.43 ^ ringosc.dstage[0].id.delayen0/A (sky130_fd_sc_hd__einvp_1)
                  0.00    0.03    7.46 v ringosc.dstage[0].id.delayen0/Z (sky130_fd_sc_hd__einvp_1)
     1    0.01                           ringosc.dstage[0].id.out (net)
                  0.00    0.00    7.46 v ringosc.dstage[1].id.delaybuf0/A (sky130_fd_sc_hd__clkbuf_2)
                  0.11    0.20    7.66 v ringosc.dstage[1].id.delaybuf0/X (sky130_fd_sc_hd__clkbuf_2)
     3    0.01                           ringosc.dstage[1].id.ts (net)
                  0.11    0.01    7.66 v ringosc.dstage[1].id.delaybuf1/A (sky130_fd_sc_hd__clkbuf_1)
                  0.06    0.18    7.85 v ringosc.dstage[1].id.delaybuf1/X (sky130_fd_sc_hd__clkbuf_1)
     1    0.00                           ringosc.dstage[1].id.d0 (net)
                  0.06    0.00    7.85 v ringosc.dstage[1].id.delayen1/A (sky130_fd_sc_hd__einvp_1)
                  0.00    0.03    7.88 ^ ringosc.dstage[1].id.delayen1/Z (sky130_fd_sc_hd__einvp_1)
     1    0.01                           ringosc.dstage[1].id.d1 (net)
                  0.00    0.00    7.88 ^ ringosc.dstage[1].id.delayint0/A (sky130_fd_sc_hd__clkinv_1)
                  0.06    0.07    7.96 v ringosc.dstage[1].id.delayint0/Y (sky130_fd_sc_hd__clkinv_1)
     1    0.00                           ringosc.dstage[1].id.d2 (net)
                  0.06    0.00    7.96 v ringosc.dstage[1].id.delayen0/A (sky130_fd_sc_hd__einvp_1)
                  0.00    0.04    7.99 ^ ringosc.dstage[1].id.delayen0/Z (sky130_fd_sc_hd__einvp_1)
     1    0.01                           ringosc.dstage[1].id.out (net)
                  0.00    0.00    7.99 ^ ringosc.dstage[2].id.delaybuf0/A (sky130_fd_sc_hd__clkbuf_2)
                  0.13    0.20    8.20 ^ ringosc.dstage[2].id.delaybuf0/X (sky130_fd_sc_hd__clkbuf_2)
     3    0.01                           ringosc.dstage[2].id.ts (net)
                  0.13    0.00    8.20 ^ ringosc.dstage[2].id.delaybuf1/A (sky130_fd_sc_hd__clkbuf_1)
                  0.09    0.19    8.39 ^ ringosc.dstage[2].id.delaybuf1/X (sky130_fd_sc_hd__clkbuf_1)
     1    0.00                           ringosc.dstage[2].id.d0 (net)
                  0.09    0.00    8.39 ^ ringosc.dstage[2].id.delayen1/A (sky130_fd_sc_hd__einvp_1)
                  0.00    0.04    8.44 v ringosc.dstage[2].id.delayen1/Z (sky130_fd_sc_hd__einvp_1)
     1    0.01                           ringosc.dstage[2].id.d1 (net)
                  0.00    0.00    8.44 v ringosc.dstage[2].id.delayint0/A (sky130_fd_sc_hd__clkinv_1)
                  0.04    0.04    8.48 ^ ringosc.dstage[2].id.delayint0/Y (sky130_fd_sc_hd__clkinv_1)
     1    0.00                           ringosc.dstage[2].id.d2 (net)
                  0.04    0.00    8.48 ^ ringosc.dstage[2].id.delayen0/A (sky130_fd_sc_hd__einvp_1)
                  0.00    0.03    8.50 v ringosc.dstage[2].id.delayen0/Z (sky130_fd_sc_hd__einvp_1)
     1    0.01                           ringosc.dstage[2].id.out (net)
                  0.00    0.00    8.51 v ringosc.dstage[3].id.delaybuf0/A (sky130_fd_sc_hd__clkbuf_2)
                  0.11    0.20    8.70 v ringosc.dstage[3].id.delaybuf0/X (sky130_fd_sc_hd__clkbuf_2)
     3    0.01                           ringosc.dstage[3].id.ts (net)
                  0.11    0.01    8.71 v ringosc.dstage[3].id.delaybuf1/A (sky130_fd_sc_hd__clkbuf_1)
                  0.05    0.18    8.89 v ringosc.dstage[3].id.delaybuf1/X (sky130_fd_sc_hd__clkbuf_1)
     1    0.00                           ringosc.dstage[3].id.d0 (net)
                  0.05    0.00    8.89 v ringosc.dstage[3].id.delayen1/A (sky130_fd_sc_hd__einvp_1)
                  0.00    0.03    8.92 ^ ringosc.dstage[3].id.delayen1/Z (sky130_fd_sc_hd__einvp_1)
     1    0.01                           ringosc.dstage[3].id.d1 (net)
                  0.00    0.00    8.92 ^ ringosc.dstage[3].id.delayint0/A (sky130_fd_sc_hd__clkinv_1)
                  0.06    0.07    9.00 v ringosc.dstage[3].id.delayint0/Y (sky130_fd_sc_hd__clkinv_1)
     1    0.00                           ringosc.dstage[3].id.d2 (net)
                  0.06    0.00    9.00 v ringosc.dstage[3].id.delayen0/A (sky130_fd_sc_hd__einvp_1)
                  0.00    0.04    9.03 ^ ringosc.dstage[3].id.delayen0/Z (sky130_fd_sc_hd__einvp_1)
     1    0.01                           ringosc.dstage[3].id.out (net)
                  0.00    0.00    9.03 ^ ringosc.dstage[4].id.delaybuf0/A (sky130_fd_sc_hd__clkbuf_2)
                  0.16    0.22    9.26 ^ ringosc.dstage[4].id.delaybuf0/X (sky130_fd_sc_hd__clkbuf_2)
     3    0.02                           ringosc.dstage[4].id.ts (net)
                  0.16    0.01    9.26 ^ ringosc.dstage[4].id.delaybuf1/A (sky130_fd_sc_hd__clkbuf_1)
                  0.10    0.21    9.47 ^ ringosc.dstage[4].id.delaybuf1/X (sky130_fd_sc_hd__clkbuf_1)
     1    0.00                           ringosc.dstage[4].id.d0 (net)
                  0.10    0.00    9.47 ^ ringosc.dstage[4].id.delayen1/A (sky130_fd_sc_hd__einvp_1)
                  0.00    0.04    9.51 v ringosc.dstage[4].id.delayen1/Z (sky130_fd_sc_hd__einvp_1)
     1    0.01                           ringosc.dstage[4].id.d1 (net)
                  0.00    0.00    9.52 v ringosc.dstage[4].id.delayint0/A (sky130_fd_sc_hd__clkinv_1)
                  0.06    0.05    9.57 ^ ringosc.dstage[4].id.delayint0/Y (sky130_fd_sc_hd__clkinv_1)
     1    0.01                           ringosc.dstage[4].id.d2 (net)
                  0.06    0.00    9.57 ^ ringosc.dstage[4].id.delayen0/A (sky130_fd_sc_hd__einvp_2)
                  0.00    0.03    9.60 v ringosc.dstage[4].id.delayen0/Z (sky130_fd_sc_hd__einvp_2)
     1    0.01                           ringosc.dstage[4].id.out (net)
                  0.00    0.00    9.61 v ringosc.dstage[5].id.delaybuf0/A (sky130_fd_sc_hd__clkbuf_2)
                  0.13    0.22    9.82 v ringosc.dstage[5].id.delaybuf0/X (sky130_fd_sc_hd__clkbuf_2)
     3    0.02                           ringosc.dstage[5].id.ts (net)
                  0.13    0.01    9.83 v ringosc.dstage[5].id.delaybuf1/A (sky130_fd_sc_hd__clkbuf_1)
                  0.05    0.19   10.02 v ringosc.dstage[5].id.delaybuf1/X (sky130_fd_sc_hd__clkbuf_1)
     1    0.00                           ringosc.dstage[5].id.d0 (net)
                  0.05    0.00   10.02 v ringosc.dstage[5].id.delayen1/A (sky130_fd_sc_hd__einvp_1)
                  0.00    0.03   10.05 ^ ringosc.dstage[5].id.delayen1/Z (sky130_fd_sc_hd__einvp_1)
     1    0.01                           ringosc.dstage[5].id.d1 (net)
                  0.00    0.00   10.05 ^ ringosc.dstage[5].id.delayint0/A (sky130_fd_sc_hd__clkinv_1)
                  0.08    0.09   10.14 v ringosc.dstage[5].id.delayint0/Y (sky130_fd_sc_hd__clkinv_1)
     1    0.00                           ringosc.dstage[5].id.d2 (net)
                  0.08    0.00   10.14 v ringosc.dstage[5].id.delayen0/A (sky130_fd_sc_hd__einvp_2)
                  0.00    0.04   10.18 ^ ringosc.dstage[5].id.delayen0/Z (sky130_fd_sc_hd__einvp_2)
     2    0.02                           ringosc.dstage[5].id.out (net)
                  0.00    0.00   10.19 ^ ringosc.dstage[6].id.delaybuf0/A (sky130_fd_sc_hd__clkbuf_2)
                  0.14    0.21   10.39 ^ ringosc.dstage[6].id.delaybuf0/X (sky130_fd_sc_hd__clkbuf_2)
     3    0.01                           ringosc.dstage[6].id.ts (net)
                  0.14    0.01   10.40 ^ ringosc.dstage[6].id.delaybuf1/A (sky130_fd_sc_hd__clkbuf_1)
                  0.09    0.19   10.59 ^ ringosc.dstage[6].id.delaybuf1/X (sky130_fd_sc_hd__clkbuf_1)
     1    0.00                           ringosc.dstage[6].id.d0 (net)
                  0.09    0.00   10.59 ^ ringosc.dstage[6].id.delayen1/A (sky130_fd_sc_hd__einvp_1)
                  0.00    0.04   10.64 v ringosc.dstage[6].id.delayen1/Z (sky130_fd_sc_hd__einvp_1)
     1    0.01                           ringosc.dstage[6].id.d1 (net)
                  0.00    0.00   10.64 v ringosc.dstage[6].id.delayint0/A (sky130_fd_sc_hd__clkinv_1)
                  0.05    0.04   10.68 ^ ringosc.dstage[6].id.delayint0/Y (sky130_fd_sc_hd__clkinv_1)
     1    0.00                           ringosc.dstage[6].id.d2 (net)
                  0.05    0.00   10.68 ^ ringosc.dstage[6].id.delayen0/A (sky130_fd_sc_hd__einvp_1)
                  0.00    0.03   10.71 v ringosc.dstage[6].id.delayen0/Z (sky130_fd_sc_hd__einvp_1)
     1    0.01                           ringosc.dstage[6].id.out (net)
                  0.00    0.00   10.71 v ringosc.dstage[7].id.delaybuf0/A (sky130_fd_sc_hd__clkbuf_2)
                  0.11    0.20   10.91 v ringosc.dstage[7].id.delaybuf0/X (sky130_fd_sc_hd__clkbuf_2)
     3    0.01                           ringosc.dstage[7].id.ts (net)
                  0.11    0.00   10.92 v ringosc.dstage[7].id.delaybuf1/A (sky130_fd_sc_hd__clkbuf_1)
                  0.05    0.18   11.09 v ringosc.dstage[7].id.delaybuf1/X (sky130_fd_sc_hd__clkbuf_1)
     1    0.00                           ringosc.dstage[7].id.d0 (net)
                  0.05    0.00   11.10 v ringosc.dstage[7].id.delayen1/A (sky130_fd_sc_hd__einvp_1)
                  0.00    0.03   11.13 ^ ringosc.dstage[7].id.delayen1/Z (sky130_fd_sc_hd__einvp_1)
     1    0.01                           ringosc.dstage[7].id.d1 (net)
                  0.00    0.00   11.13 ^ ringosc.dstage[7].id.delayint0/A (sky130_fd_sc_hd__clkinv_1)
                  0.06    0.07   11.20 v ringosc.dstage[7].id.delayint0/Y (sky130_fd_sc_hd__clkinv_1)
     1    0.00                           ringosc.dstage[7].id.d2 (net)
                  0.06    0.00   11.20 v ringosc.dstage[7].id.delayen0/A (sky130_fd_sc_hd__einvp_1)
                  0.00    0.03   11.23 ^ ringosc.dstage[7].id.delayen0/Z (sky130_fd_sc_hd__einvp_1)
     1    0.01                           ringosc.dstage[7].id.out (net)
                  0.00    0.00   11.23 ^ ringosc.dstage[8].id.delaybuf0/A (sky130_fd_sc_hd__clkbuf_2)
                  0.15    0.22   11.45 ^ ringosc.dstage[8].id.delaybuf0/X (sky130_fd_sc_hd__clkbuf_2)
     3    0.02                           ringosc.dstage[8].id.ts (net)
                  0.15    0.01   11.46 ^ ringosc.dstage[8].id.delaybuf1/A (sky130_fd_sc_hd__clkbuf_1)
                  0.09    0.20   11.65 ^ ringosc.dstage[8].id.delaybuf1/X (sky130_fd_sc_hd__clkbuf_1)
     1    0.00                           ringosc.dstage[8].id.d0 (net)
                  0.09    0.00   11.66 ^ ringosc.dstage[8].id.delayen1/A (sky130_fd_sc_hd__einvp_1)
                  0.00    0.04   11.70 v ringosc.dstage[8].id.delayen1/Z (sky130_fd_sc_hd__einvp_1)
     1    0.01                           ringosc.dstage[8].id.d1 (net)
                  0.00    0.00   11.70 v ringosc.dstage[8].id.delayint0/A (sky130_fd_sc_hd__clkinv_1)
                  0.04    0.04   11.74 ^ ringosc.dstage[8].id.delayint0/Y (sky130_fd_sc_hd__clkinv_1)
     1    0.00                           ringosc.dstage[8].id.d2 (net)
                  0.04    0.00   11.75 ^ ringosc.dstage[8].id.delayen0/A (sky130_fd_sc_hd__einvp_1)
                  0.00    0.03   11.77 v ringosc.dstage[8].id.delayen0/Z (sky130_fd_sc_hd__einvp_1)
     1    0.01                           ringosc.dstage[8].id.out (net)
                  0.00    0.00   11.78 v ringosc.dstage[9].id.delaybuf0/A (sky130_fd_sc_hd__clkbuf_2)
                  0.13    0.22   12.00 v ringosc.dstage[9].id.delaybuf0/X (sky130_fd_sc_hd__clkbuf_2)
     3    0.02                           ringosc.dstage[9].id.ts (net)
                  0.13    0.01   12.00 v ringosc.dstage[9].id.delaybuf1/A (sky130_fd_sc_hd__clkbuf_1)
                  0.05    0.19   12.19 v ringosc.dstage[9].id.delaybuf1/X (sky130_fd_sc_hd__clkbuf_1)
     1    0.00                           ringosc.dstage[9].id.d0 (net)
                  0.05    0.00   12.19 v ringosc.dstage[9].id.delayen1/A (sky130_fd_sc_hd__einvp_1)
                  0.00    0.03   12.22 ^ ringosc.dstage[9].id.delayen1/Z (sky130_fd_sc_hd__einvp_1)
     1    0.01                           ringosc.dstage[9].id.d1 (net)
                  0.00    0.00   12.22 ^ ringosc.dstage[9].id.delayint0/A (sky130_fd_sc_hd__clkinv_1)
                  0.07    0.07   12.30 v ringosc.dstage[9].id.delayint0/Y (sky130_fd_sc_hd__clkinv_1)
     1    0.00                           ringosc.dstage[9].id.d2 (net)
                  0.07    0.00   12.30 v ringosc.dstage[9].id.delayen0/A (sky130_fd_sc_hd__einvp_1)
                  0.00    0.04   12.34 ^ ringosc.dstage[9].id.delayen0/Z (sky130_fd_sc_hd__einvp_1)
     1    0.01                           ringosc.dstage[10].id.in (net)
                  0.00    0.00   12.34 ^ ringosc.dstage[10].id.delaybuf0/A (sky130_fd_sc_hd__clkbuf_2)
                  0.13    0.20   12.54 ^ ringosc.dstage[10].id.delaybuf0/X (sky130_fd_sc_hd__clkbuf_2)
     3    0.01                           ringosc.dstage[10].id.ts (net)
                  0.13    0.00   12.54 ^ ringosc.dstage[10].id.delaybuf1/A (sky130_fd_sc_hd__clkbuf_1)
                  0.09    0.19   12.73 ^ ringosc.dstage[10].id.delaybuf1/X (sky130_fd_sc_hd__clkbuf_1)
     1    0.00                           ringosc.dstage[10].id.d0 (net)
                  0.09    0.00   12.73 ^ ringosc.dstage[10].id.delayen1/A (sky130_fd_sc_hd__einvp_1)
                  0.00    0.04   12.78 v ringosc.dstage[10].id.delayen1/Z (sky130_fd_sc_hd__einvp_1)
     1    0.01                           ringosc.dstage[10].id.d1 (net)
                  0.00    0.00   12.78 v ringosc.dstage[10].id.delayint0/A (sky130_fd_sc_hd__clkinv_1)
                  0.04    0.04   12.82 ^ ringosc.dstage[10].id.delayint0/Y (sky130_fd_sc_hd__clkinv_1)
     1    0.00                           ringosc.dstage[10].id.d2 (net)
                  0.04    0.00   12.82 ^ ringosc.dstage[10].id.delayen0/A (sky130_fd_sc_hd__einvp_1)
                  0.00    0.03   12.85 v ringosc.dstage[10].id.delayen0/Z (sky130_fd_sc_hd__einvp_1)
     1    0.01                           ringosc.dstage[10].id.out (net)
                  0.00    0.00   12.85 v ringosc.dstage[11].id.delaybuf0/A (sky130_fd_sc_hd__clkbuf_2)
                  0.13    0.22   13.07 v ringosc.dstage[11].id.delaybuf0/X (sky130_fd_sc_hd__clkbuf_2)
     3    0.02                           ringosc.dstage[11].id.ts (net)
                  0.13    0.01   13.08 v ringosc.dstage[11].id.delaybuf1/A (sky130_fd_sc_hd__clkbuf_1)
                  0.05    0.19   13.26 v ringosc.dstage[11].id.delaybuf1/X (sky130_fd_sc_hd__clkbuf_1)
     1    0.00                           ringosc.dstage[11].id.d0 (net)
                  0.05    0.00   13.26 v ringosc.dstage[11].id.delayen1/A (sky130_fd_sc_hd__einvp_1)
                  0.00    0.03   13.29 ^ ringosc.dstage[11].id.delayen1/Z (sky130_fd_sc_hd__einvp_1)
     1    0.01                           ringosc.dstage[11].id.d1 (net)
                  0.00    0.00   13.30 ^ ringosc.dstage[11].id.delayint0/A (sky130_fd_sc_hd__clkinv_1)
                  0.14    0.13   13.42 v ringosc.dstage[11].id.delayint0/Y (sky130_fd_sc_hd__clkinv_1)
     1    0.01                           ringosc.dstage[11].id.d2 (net)
                  0.14    0.00   13.43 v ringosc.dstage[11].id.delayen0/A (sky130_fd_sc_hd__einvp_4)
                  0.00    0.06   13.49 ^ ringosc.dstage[11].id.delayen0/Z (sky130_fd_sc_hd__einvp_4)
     3    0.03                           ringosc.dstage[11].id.out (net)
                  0.00    0.01   13.50 ^ ringosc.iss.delaybuf0/A (sky130_fd_sc_hd__clkbuf_1)
                  0.08    0.12   13.62 ^ ringosc.iss.delaybuf0/X (sky130_fd_sc_hd__clkbuf_1)
     1    0.00                           ringosc.iss.d0 (net)
                  0.08    0.00   13.62 ^ ringosc.iss.delayen1/A (sky130_fd_sc_hd__einvp_1)
                  0.00    0.04   13.66 v ringosc.iss.delayen1/Z (sky130_fd_sc_hd__einvp_1)
     1    0.01                           ringosc.iss.d1 (net)
                  0.00    0.00   13.66 v ringosc.iss.delayint0/A (sky130_fd_sc_hd__clkinv_1)
                  0.10    0.08   13.74 ^ ringosc.iss.delayint0/Y (sky130_fd_sc_hd__clkinv_1)
     1    0.01                           ringosc.iss.d2 (net)
                  0.10    0.00   13.74 ^ ringosc.iss.delayen0/A (sky130_fd_sc_hd__einvp_4)
                  0.00    0.04   13.78 v ringosc.iss.delayen0/Z (sky130_fd_sc_hd__einvp_4)
     2    0.03                           ringosc.dstage[0].id.in (net)
                  0.00    0.01   13.79 v ringosc.ibufp00/A (sky130_fd_sc_hd__clkinv_2)
                  0.13    0.10   13.89 ^ ringosc.ibufp00/Y (sky130_fd_sc_hd__clkinv_2)
     1    0.02                           ringosc.c[0] (net)
                  0.13    0.01   13.90 ^ ringosc.ibufp01/A (sky130_fd_sc_hd__clkinv_8)
                  0.16    0.17   14.07 v ringosc.ibufp01/Y (sky130_fd_sc_hd__clkinv_8)
    25    0.08                           pll_control.clock (net)
                  0.17    0.02   14.09 v _353_/A1 (sky130_fd_sc_hd__mux2_2)
                  0.14    0.65   14.75 v _353_/X (sky130_fd_sc_hd__mux2_2)
     1    0.01                           net39 (net)
                  0.14    0.00   14.75 v output39/A (sky130_fd_sc_hd__clkbuf_2)
                  0.15    0.30   15.05 v output39/X (sky130_fd_sc_hd__clkbuf_2)
     1    0.02                           clockc (net)
                  0.16    0.01   15.06 v clockc (out)
                                 15.06   data arrival time

                  0.00   25.00   25.00   clock w (rise edge)
                          0.00   25.00   clock network delay (ideal)
                          0.00   25.00   clock reconvergence pessimism
                         -5.00   20.00   output external delay
                                 20.00   data required time
-----------------------------------------------------------------------------
                                 20.00   data required time
                                -15.06   data arrival time
-----------------------------------------------------------------------------
                                  4.94   slack (MET)


No paths found.
wns 0.00
tns 0.00
