Wed Apr 28 17:53:26 UTC 2021 - Executing "python3 /openLANE_flow/scripts/extract_metal_layers.py -t /home/mariam/openlane/pdks/sky130A/libs.ref/sky130_fd_sc_hd/techlef/sky130_fd_sc_hd.tlef -o /openLANE_flow/designs/digital_pll/runs/sixth_run/tmp/met_layers_list.txt"

Wed Apr 28 17:53:26 UTC 2021 - Executing "/openLANE_flow/scripts/mergeLef.py -i /home/mariam/openlane/pdks/sky130A/libs.ref/sky130_fd_sc_hd/techlef/sky130_fd_sc_hd.tlef {/home/mariam/openlane/pdks/sky130A/libs.ref/sky130_fd_sc_hd/lef/sky130_fd_sc_hd.lef /home/mariam/openlane/pdks/sky130A/libs.ref/sky130_fd_sc_hd/lef/sky130_ef_sc_hd__decap_12.lef /home/mariam/openlane/pdks/sky130A/libs.ref/sky130_fd_sc_hd/lef/sky130_ef_sc_hd__fakediode_2.lef /home/mariam/openlane/pdks/sky130A/libs.ref/sky130_fd_sc_hd/lef/sky130_ef_sc_hd__fill_12.lef} -o /openLANE_flow/designs/digital_pll/runs/sixth_run/tmp/merged_unpadded.lef |& tee >&@stdout"

Wed Apr 28 17:53:26 UTC 2021 - Executing "/openLANE_flow/scripts/libtrim.pl /home/mariam/openlane/pdks/sky130A/libs.ref/sky130_fd_sc_hd/lib/sky130_fd_sc_hd__tt_025C_1v80.lib /openLANE_flow/designs/digital_pll/runs/sixth_run/tmp/trimmed.lib.exclude.list > /openLANE_flow/designs/digital_pll/runs/sixth_run/tmp/trimmed.lib"

Wed Apr 28 17:53:27 UTC 2021 - Executing "echo {openlane v0.12-2-gbb865f7} > /openLANE_flow/designs/digital_pll/runs/sixth_run/OPENLANE_VERSION"

Wed Apr 28 17:53:33 UTC 2021 - Executing "sed -E {s/^([[:space:]]+)pg_pin(.*)/\1pin\2\n\1    direction : "inout";/g} /home/mariam/openlane/pdks/sky130A/libs.ref/sky130_fd_sc_hd/lib/sky130_fd_sc_hd__tt_025C_1v80.lib > /openLANE_flow/designs/digital_pll/runs/sixth_run/tmp/sky130_fd_sc_hd__tt_025C_1v80.no_pg.lib"

Wed Apr 28 17:53:33 UTC 2021 - Executing "yosys -c /openLANE_flow/scripts/synth.tcl -l /openLANE_flow/designs/digital_pll/runs/sixth_run/logs/synthesis/1-yosys.log |& tee >&@stdout"

Wed Apr 28 17:53:38 UTC 2021 - Executing "sed -i -e {s/\(set ::env(CURRENT_NETLIST)\).*/\1 \/openLANE_flow\/designs\/digital_pll\/runs\/sixth_run\/results\/synthesis\/digital_pll.synthesis.v/} /openLANE_flow/designs/digital_pll/runs/sixth_run/config.tcl"

Wed Apr 28 17:53:38 UTC 2021 - Executing "sed -i -e {s/\(set ::env(PREV_NETLIST)\).*/\1 0/} /openLANE_flow/designs/digital_pll/runs/sixth_run/config.tcl"

Wed Apr 28 17:53:38 UTC 2021 - Executing "sed -i /defparam/d /openLANE_flow/designs/digital_pll/runs/sixth_run/results/synthesis/digital_pll.synthesis.v"

Wed Apr 28 17:53:38 UTC 2021 - Executing "sta /openLANE_flow/scripts/sta.tcl |& tee >&@stdout /openLANE_flow/designs/digital_pll/runs/sixth_run/logs/synthesis/2-opensta"

Wed Apr 28 17:53:46 UTC 2021 - Executing "openroad -exit /openLANE_flow/scripts/openroad/or_floorplan.tcl |& tee >&@stdout /openLANE_flow/designs/digital_pll/runs/sixth_run/logs/floorplan/3-verilog2def.openroad.log"

Wed Apr 28 17:53:48 UTC 2021 - Executing "openroad -exit /openLANE_flow/scripts/openroad/or_ioplacer.tcl |& tee >&@stdout /openLANE_flow/designs/digital_pll/runs/sixth_run/logs/floorplan/4-ioPlacer.log"

Wed Apr 28 17:53:50 UTC 2021 - Executing "openroad -exit /openLANE_flow/scripts/openroad/or_tapcell.tcl |& tee >&@stdout /openLANE_flow/designs/digital_pll/runs/sixth_run/logs/floorplan/5-tapcell.log"

Wed Apr 28 17:53:52 UTC 2021 - Executing "bash /openLANE_flow/scripts/klayout/scrotLayout.sh /home/mariam/openlane/pdks/sky130A/libs.tech/klayout/sky130A.lyt /openLANE_flow/designs/digital_pll/runs/sixth_run/results/floorplan/digital_pll.floorplan.def |& tee >&@stdout /openLANE_flow/designs/digital_pll/runs/sixth_run/logs/klayout/6-klayout.scrot.log"

Wed Apr 28 17:53:56 UTC 2021 - Executing "openroad -exit /openLANE_flow/scripts/openroad/or_pdn.tcl |& tee >&@stdout /openLANE_flow/designs/digital_pll/runs/sixth_run/logs/floorplan/7-pdn.log"

Wed Apr 28 17:54:06 UTC 2021 - Executing "openroad -exit /openLANE_flow/scripts/openroad/or_replace.tcl |& tee >&@stdout /openLANE_flow/designs/digital_pll/runs/sixth_run/logs/placement/8-replace.log"

Wed Apr 28 17:54:14 UTC 2021 - Executing "openroad -exit /openLANE_flow/scripts/openroad/or_resizer.tcl |& tee >&@stdout /openLANE_flow/designs/digital_pll/runs/sixth_run/logs/placement/8-resizer.log"

Wed Apr 28 17:54:21 UTC 2021 - Executing "openroad -exit /openLANE_flow/scripts/openroad/or_write_verilog.tcl |& tee >&@stdout /openLANE_flow/designs/digital_pll/runs/sixth_run/logs/9-write_verilog.log"

Wed Apr 28 17:54:22 UTC 2021 - Executing "sed -i -e {s/\(set ::env(CURRENT_NETLIST)\).*/\1 \/openLANE_flow\/designs\/digital_pll\/runs\/sixth_run\/results\/synthesis\/digital_pll.synthesis_optimized.v/} /openLANE_flow/designs/digital_pll/runs/sixth_run/config.tcl"

Wed Apr 28 17:54:22 UTC 2021 - Executing "sed -i -e {s/\(set ::env(PREV_NETLIST)\).*/\1 \/openLANE_flow\/designs\/digital_pll\/runs\/sixth_run\/results\/synthesis\/digital_pll.synthesis.v/} /openLANE_flow/designs/digital_pll/runs/sixth_run/config.tcl"

Wed Apr 28 17:54:22 UTC 2021 - Executing "sta /openLANE_flow/scripts/sta.tcl |& tee >&@stdout /openLANE_flow/designs/digital_pll/runs/sixth_run/logs/synthesis/10-opensta_post_resizer"

Wed Apr 28 17:54:24 UTC 2021 - Executing "openroad -exit /openLANE_flow/scripts/openroad/or_opendp.tcl |& tee >&@stdout /openLANE_flow/designs/digital_pll/runs/sixth_run/logs/placement/11-opendp.log"

Wed Apr 28 17:54:26 UTC 2021 - Executing "bash /openLANE_flow/scripts/klayout/scrotLayout.sh /home/mariam/openlane/pdks/sky130A/libs.tech/klayout/sky130A.lyt /openLANE_flow/designs/digital_pll/runs/sixth_run/results/placement/digital_pll.placement.def |& tee >&@stdout /openLANE_flow/designs/digital_pll/runs/sixth_run/logs/klayout/12-klayout.scrot.log"

Wed Apr 28 17:54:57 UTC 2021 - Executing "openroad -exit /openLANE_flow/scripts/openroad/or_groute.tcl |& tee >&@stdout /openLANE_flow/designs/digital_pll/runs/sixth_run/logs/routing/14-fastroute.log"

Wed Apr 28 17:55:05 UTC 2021 - Executing "openroad -exit /openLANE_flow/scripts/openroad/or_fill.tcl |& tee >&@stdout /openLANE_flow/designs/digital_pll/runs/sixth_run/logs/routing/15-addspacers.log"

Wed Apr 28 17:55:07 UTC 2021 - Executing "openroad -exit /openLANE_flow/scripts/openroad/or_write_verilog.tcl |& tee >&@stdout /openLANE_flow/designs/digital_pll/runs/sixth_run/logs/16-write_verilog.log"

Wed Apr 28 17:55:08 UTC 2021 - Executing "sed -i -e {s/\(set ::env(CURRENT_NETLIST)\).*/\1 \/openLANE_flow\/designs\/digital_pll\/runs\/sixth_run\/results\/synthesis\/digital_pll.synthesis_preroute.v/} /openLANE_flow/designs/digital_pll/runs/sixth_run/config.tcl"

Wed Apr 28 17:55:08 UTC 2021 - Executing "sed -i -e {s/\(set ::env(PREV_NETLIST)\).*/\1 \/openLANE_flow\/designs\/digital_pll\/runs\/sixth_run\/results\/synthesis\/digital_pll.synthesis_optimized.v/} /openLANE_flow/designs/digital_pll/runs/sixth_run/config.tcl"

Wed Apr 28 17:55:08 UTC 2021 - Executing "envsubst < /openLANE_flow/scripts/tritonRoute.param > /openLANE_flow/designs/digital_pll/runs/sixth_run/tmp/routing/17-tritonRoute.param"

Wed Apr 28 17:55:08 UTC 2021 - Executing "TritonRoute /openLANE_flow/designs/digital_pll/runs/sixth_run/tmp/routing/17-tritonRoute.param |& tee >&@stdout /openLANE_flow/designs/digital_pll/runs/sixth_run/logs/routing/17-tritonRoute.log"

Wed Apr 28 17:55:29 UTC 2021 - Executing "python3 /openLANE_flow/scripts/tr2klayout.py -i /openLANE_flow/designs/digital_pll/runs/sixth_run/reports/routing/17-tritonRoute.drc -o /openLANE_flow/designs/digital_pll/runs/sixth_run/reports/routing/17-tritonRoute.klayout.xml --design-name digital_pll"

Wed Apr 28 17:55:29 UTC 2021 - Executing "bash /openLANE_flow/scripts/klayout/scrotLayout.sh /home/mariam/openlane/pdks/sky130A/libs.tech/klayout/sky130A.lyt /openLANE_flow/designs/digital_pll/runs/sixth_run/results/routing/digital_pll.def |& tee >&@stdout /openLANE_flow/designs/digital_pll/runs/sixth_run/logs/klayout/18-klayout.scrot.log"

Wed Apr 28 17:55:35 UTC 2021 - Executing "python3 /openLANE_flow/scripts/spef_extractor/main.py -l /openLANE_flow/designs/digital_pll/runs/sixth_run/tmp/merged_unpadded.lef -d /openLANE_flow/designs/digital_pll/runs/sixth_run/results/routing/digital_pll.def -mw L -ec 1 |& tee >&@stdout /openLANE_flow/designs/digital_pll/runs/sixth_run/logs/routing/19-spef_extraction.log"

Wed Apr 28 17:55:36 UTC 2021 - Executing "sta /openLANE_flow/scripts/sta.tcl |& tee >&@stdout /openLANE_flow/designs/digital_pll/runs/sixth_run/logs/synthesis/20-opensta_spef"

Wed Apr 28 17:55:57 UTC 2021 - Executing "python3 /openLANE_flow/scripts/write_powered_def.py -d /openLANE_flow/designs/digital_pll/runs/sixth_run/results/routing/digital_pll.def -l /openLANE_flow/designs/digital_pll/runs/sixth_run/tmp/merged.lef --power-port VPWR --ground-port VGND --powered-netlist {} -o /openLANE_flow/designs/digital_pll/runs/sixth_run/tmp/routing/21-digital_pll.powered.def |& tee >&@stdout /openLANE_flow/designs/digital_pll/runs/sixth_run/logs/lvs/21-write_powered_verilog.log"

Wed Apr 28 17:55:57 UTC 2021 - Executing "openroad -exit /openLANE_flow/scripts/openroad/or_write_verilog.tcl |& tee >&@stdout /openLANE_flow/designs/digital_pll/runs/sixth_run/logs/22-write_verilog.log"

Wed Apr 28 17:56:05 UTC 2021 - Executing "sed -i -e {s/\(set ::env(CURRENT_NETLIST)\).*/\1 \/openLANE_flow\/designs\/digital_pll\/runs\/sixth_run\/results\/lvs\/digital_pll.lvs.powered.v/} /openLANE_flow/designs/digital_pll/runs/sixth_run/config.tcl"

Wed Apr 28 17:56:05 UTC 2021 - Executing "sed -i -e {s/\(set ::env(PREV_NETLIST)\).*/\1 \/openLANE_flow\/designs\/digital_pll\/runs\/sixth_run\/results\/synthesis\/digital_pll.synthesis_preroute.v/} /openLANE_flow/designs/digital_pll/runs/sixth_run/config.tcl"

Wed Apr 28 17:56:11 UTC 2021 - Executing "magic -noconsole -dnull -rcfile /home/mariam/openlane/pdks/sky130A/libs.tech/magic/sky130A.magicrc /openLANE_flow/scripts/magic/mag_gds.tcl </dev/null |& tee >&@stdout /openLANE_flow/designs/digital_pll/runs/sixth_run/logs/magic/23-magic.log"

Wed Apr 28 17:56:12 UTC 2021 - Executing "bash /openLANE_flow/scripts/klayout/scrotLayout.sh /home/mariam/openlane/pdks/sky130A/libs.tech/klayout/sky130A.lyt /openLANE_flow/designs/digital_pll/runs/sixth_run/results/magic/digital_pll.gds |& tee >&@stdout /openLANE_flow/designs/digital_pll/runs/sixth_run/logs/klayout/24-klayout.scrot.log"

Wed Apr 28 17:56:17 UTC 2021 - Executing "magic -noconsole -dnull -rcfile /home/mariam/openlane/pdks/sky130A/libs.tech/magic/sky130A.magicrc /openLANE_flow/scripts/magic/gds_pointers.tcl </dev/null |& tee >&@stdout /openLANE_flow/designs/digital_pll/runs/sixth_run/logs/magic/25-magic.mag.gds_ptrs.log"

Wed Apr 28 17:56:18 UTC 2021 - Executing "sed -i -n {/^<< properties >>/,/^<< end >>/p} /openLANE_flow/designs/digital_pll/runs/sixth_run/tmp/magic/magic_gds_ptrs.mag"

Wed Apr 28 17:56:18 UTC 2021 - Executing "magic -noconsole -dnull -rcfile /home/mariam/openlane/pdks/sky130A/libs.tech/magic/sky130A.magicrc /openLANE_flow/scripts/magic/lef.tcl </dev/null |& tee >&@stdout /openLANE_flow/designs/digital_pll/runs/sixth_run/logs/magic/26-magic.lef.log"

Wed Apr 28 17:56:19 UTC 2021 - Executing "magic -noconsole -dnull -rcfile /home/mariam/openlane/pdks/sky130A/libs.tech/magic/sky130A.magicrc /openLANE_flow/scripts/magic/maglef.tcl </dev/null |& tee >&@stdout /openLANE_flow/designs/digital_pll/runs/sixth_run/logs/magic/27-magic.maglef.log"

Wed Apr 28 17:56:22 UTC 2021 - Executing "magic -noconsole -dnull -rcfile /home/mariam/openlane/pdks/sky130A/libs.tech/magic/sky130A.magicrc /openLANE_flow/designs/digital_pll/runs/sixth_run/tmp/magic_spice.tcl </dev/null |& tee >&@stdout /openLANE_flow/designs/digital_pll/runs/sixth_run/logs/magic/28-magic_spice.log"

Wed Apr 28 17:56:24 UTC 2021 - Executing "python3 /openLANE_flow/report_generation_wrapper.py -d /openLANE_flow/designs/digital_pll -dn digital_pll -t sixth_run -o /openLANE_flow/designs/digital_pll/runs/sixth_run/reports/final_summary_report.csv -m /openLANE_flow/designs/digital_pll/runs/sixth_run/reports/manufacturability_report.rpt -rs /openLANE_flow/designs/digital_pll/runs/sixth_run/reports/runtime_summary_report.rpt -r /openLANE_flow/designs/digital_pll/runs/sixth_run"

