0-prep 0h0m1s679ms
1-yosys 0h0m5s157ms
2-opensta 0h0m1s737ms
3-verilog2def_openroad 0h0m2s385ms
4-ioPlacer 0h0m1s998ms
5-tapcell 0h0m2s6ms
6-klayout_scrot 0h0m4s902ms
7-pdn 0h0m2s369ms
8-replace 0h0m9s559ms
8-resizer 0h0m8s557ms
9-write_verilog 0h0m1s901ms
10-opensta_post_resizer 0h0m1s752ms
11-opendp 0h0m2s74ms
12-klayout_scrot 0h0m5s124ms
13-fastroute 0h0m10s368ms
14-addspacers 0h0m1s931ms
15-write_verilog 0h0m2s28ms
16-tritonRoute 0h0m25s632ms
17-klayout_scrot 0h0m5s397ms
18-spef_extraction 0h0m0s845ms
19-opensta_spef 0h0m1s893ms
21-write_verilog 0h0m2s189ms
23-klayout_scrot 0h0m5s385ms
26-magic_gen 0h0m7s549ms
27-magic_ext_spice 0h0m2s98ms