OpenROAD 0.9.0 1415572a73
This program is licensed under the BSD-3 license. See the LICENSE file for details.
Components of this program may be licensed under more restrictive licenses which must be honored.
Warning: /openLANE_flow/designs/digital_pll/runs/fourth_run/tmp/resizer.lib line 32, default_operating_condition ss_100C_1v60 not found.
Notice 0: Reading LEF file:  /openLANE_flow/designs/digital_pll/runs/fourth_run/tmp/merged_unpadded.lef
Notice 0:     Created 13 technology layers
Notice 0:     Created 25 technology vias
Notice 0:     Created 440 library cells
Notice 0: Finished LEF file:  /openLANE_flow/designs/digital_pll/runs/fourth_run/tmp/merged_unpadded.lef
Notice 0: 
Reading DEF file: /openLANE_flow/designs/digital_pll/runs/fourth_run/tmp/placement/13-replace.def
Notice 0: Design: digital_pll
Notice 0:     Created 47 pins.
Notice 0:     Created 592 components and 3277 component-terminals.
Notice 0:     Created 2 special nets and 0 connections.
Notice 0:     Created 391 nets and 1188 connections.
Notice 0: Finished DEF file: /openLANE_flow/designs/digital_pll/runs/fourth_run/tmp/placement/13-replace.def
create_clock [get_ports $::env(CLOCK_PORT)]  -name $::env(CLOCK_PORT)  -period $::env(CLOCK_PERIOD)
[WARNING STA-0337] port 'w' not found.
set input_delay_value [expr $::env(CLOCK_PERIOD) * $::env(IO_PCT)]
set output_delay_value [expr $::env(CLOCK_PERIOD) * $::env(IO_PCT)]
puts "\[INFO\]: Setting output delay to: $output_delay_value"
[INFO]: Setting output delay to: 5.0
puts "\[INFO\]: Setting input delay to: $input_delay_value"
[INFO]: Setting input delay to: 5.0
set_max_fanout $::env(SYNTH_MAX_FANOUT) [current_design]
set clk_indx [lsearch [all_inputs] [get_port $::env(CLOCK_PORT)]]
[WARNING STA-0337] port 'w' not found.
#set rst_indx [lsearch [all_inputs] [get_port resetn]]
set all_inputs_wo_clk [lreplace [all_inputs] $clk_indx $clk_indx]
#set all_inputs_wo_clk_rst [lreplace $all_inputs_wo_clk $rst_indx $rst_indx]
set all_inputs_wo_clk_rst $all_inputs_wo_clk
# correct resetn
set_input_delay $input_delay_value  -clock [get_clocks $::env(CLOCK_PORT)] $all_inputs_wo_clk_rst
#set_input_delay 0.0 -clock [get_clocks $::env(CLOCK_PORT)] {resetn}
set_output_delay $output_delay_value  -clock [get_clocks $::env(CLOCK_PORT)] [all_outputs]
# TODO set this as parameter
set_driving_cell -lib_cell $::env(SYNTH_DRIVING_CELL) -pin $::env(SYNTH_DRIVING_CELL_PIN) [all_inputs]
set cap_load [expr $::env(SYNTH_CAP_LOAD) / 1000.0]
puts "\[INFO\]: Setting load to: $cap_load"
[INFO]: Setting load to: 0.01765
set_load  $cap_load [all_outputs]
[INFO RSZ-0027] Inserted 38 input buffers.
[INFO RSZ-0028] Inserted 7 output buffers.
[INFO RSZ-0039] Resized 101 instances.
Design Stats
--------------------------------
total instances           637
multi row instances         0
fixed instances           216
nets                      438
design area           10697.8 u^2
fixed area              460.4 u^2
movable area           3156.8 u^2
utilization                31 %
utilization padded         55 %
rows                       38
row height                2.7 u

Placement Analysis
--------------------------------
total displacement     1403.2 u
average displacement      2.2 u
max displacement         13.6 u
original HPWL          6877.0 u
legalized HPWL         8012.3 u
delta HPWL                 17 %

[INFO DPL-0020] Mirrored 162 instances
[INFO DPL-0021] HPWL before            8012.3 u
[INFO DPL-0022] HPWL after             7785.2 u
[INFO DPL-0023] HPWL delta               -2.8 %
