0-prep 0h0m0s466ms
1-yosys 0h0m3s581ms
2-opensta 0h0m1s440ms
3-verilog2def_openroad 0h0m1s810ms
4-ioPlacer 0h0m1s408ms
5-tapcell 0h0m1s431ms
6-klayout_scrot 0h0m4s909ms
7-pdn 0h0m1s824ms
8-replace 0h0m8s32ms
8-resizer 0h0m7s326ms
9-write_verilog 0h0m1s413ms
10-opensta_post_resizer 0h0m1s428ms
11-opendp 0h0m1s432ms
12-klayout_scrot 0h0m5s66ms
13-resizer_timing 0h0m7s721ms
14-write_verilog 0h0m1s558ms
15-opensta_post_resizer_timing 0h0m1s444ms
16-fastroute 0h0m9s216ms
17-addspacers 0h0m1s434ms
18-write_verilog 0h0m1s422ms
19-tritonRoute 0h0m16s547ms
20-klayout_scrot 0h0m5s114ms
21-spef_extraction 0h0m0s529ms
22-opensta_spef 0h0m1s469ms
24-write_verilog 0h0m1s444ms
26-klayout_scrot 0h0m5s185ms
29-magic_gen 0h0m6s735ms
30-klayout 0h0m4s610ms
31-klayout_scrot 0h0m5s97ms
33-klayout_scrot 0h0m5s110ms
34-klayout_xor 0h0m12s837ms
35-magic_ext_spice 0h0m1s107ms
36-lvs 0h0m0s270ms
37-magic_drc 0h0m2s573ms
39-or_antenna 0h0m1s482ms
40-cvc 0h0m0s182ms