0-prep 0h0m0s600ms
1-yosys 0h0m4s756ms
2-opensta 0h0m1s620ms
3-verilog2def_openroad 0h0m2s36ms
4-ioPlacer 0h0m1s585ms
5-tapcell 0h0m1s720ms
6-klayout_scrot 0h0m4s795ms
7-pdn 0h0m2s205ms
8-replace 0h0m7s970ms
8-resizer 0h0m7s109ms
9-write_verilog 0h0m1s534ms
10-opensta_post_resizer 0h0m1s608ms
11-opendp 0h0m1s651ms
12-klayout_scrot 0h0m5s37ms
13-resizer_timing 0h0m6s447ms
14-write_verilog 0h0m1s644ms
15-opensta_post_resizer_timing 0h0m1s618ms
16-fastroute 0h0m8s530ms
17-addspacers 0h0m1s753ms
18-write_verilog 0h0m1s749ms
19-tritonRoute 0h0m26s6ms
20-klayout_scrot 0h0m5s45ms
21-spef_extraction 0h0m0s741ms
22-opensta_spef 0h0m1s668ms
24-write_verilog 0h0m1s566ms
26-klayout_scrot 0h0m5s114ms
29-magic_gen 0h0m6s783ms
30-klayout 0h0m4s534ms
31-klayout_scrot 0h0m5s111ms
33-klayout_scrot 0h0m5s312ms
34-klayout_xor 0h0m13s577ms
35-magic_ext_spice 0h0m1s279ms
36-lvs 0h0m0s260ms
37-magic_drc 0h0m2s972ms
39-or_antenna 0h0m1s643ms
40-cvc 0h0m0s214ms