
29. Printing statistics.

=== digital_pll ===

   Number of wires:                310
   Number of wire bits:            345
   Number of public wires:         134
   Number of public wire bits:     169
   Number of memories:               0
   Number of memory bits:            0
   Number of processes:              0
   Number of cells:                330
     sky130_fd_sc_hd__a21bo_2        2
     sky130_fd_sc_hd__a21boi_2       1
     sky130_fd_sc_hd__a21o_2         3
     sky130_fd_sc_hd__a21oi_2        2
     sky130_fd_sc_hd__a221o_2        3
     sky130_fd_sc_hd__a221oi_2       1
     sky130_fd_sc_hd__a22o_2        10
     sky130_fd_sc_hd__a2bb2o_2       2
     sky130_fd_sc_hd__a311o_2        1
     sky130_fd_sc_hd__a31o_2         6
     sky130_fd_sc_hd__a32o_2         3
     sky130_fd_sc_hd__a41o_2         2
     sky130_fd_sc_hd__and2_2         1
     sky130_fd_sc_hd__and3_2         1
     sky130_fd_sc_hd__and4_2         1
     sky130_fd_sc_hd__buf_1         23
     sky130_fd_sc_hd__buf_2          1
     sky130_fd_sc_hd__clkbuf_1      13
     sky130_fd_sc_hd__clkbuf_2      12
     sky130_fd_sc_hd__clkinv_1      13
     sky130_fd_sc_hd__clkinv_2       2
     sky130_fd_sc_hd__clkinv_8       2
     sky130_fd_sc_hd__conb_1         1
     sky130_fd_sc_hd__dfrbp_1        4
     sky130_fd_sc_hd__dfrtp_2       23
     sky130_fd_sc_hd__einvn_4       13
     sky130_fd_sc_hd__einvn_8       13
     sky130_fd_sc_hd__einvp_1        1
     sky130_fd_sc_hd__einvp_2       26
     sky130_fd_sc_hd__inv_2         38
     sky130_fd_sc_hd__inv_4          1
     sky130_fd_sc_hd__mux2_1        31
     sky130_fd_sc_hd__nand2_2        6
     sky130_fd_sc_hd__nand4_2        1
     sky130_fd_sc_hd__nor2_2         5
     sky130_fd_sc_hd__nor3_2         4
     sky130_fd_sc_hd__o21a_2         5
     sky130_fd_sc_hd__o21ai_2       11
     sky130_fd_sc_hd__o221a_2        4
     sky130_fd_sc_hd__o22a_2         6
     sky130_fd_sc_hd__o2bb2a_2       4
     sky130_fd_sc_hd__o2bb2ai_2      1
     sky130_fd_sc_hd__o32a_2         2
     sky130_fd_sc_hd__o41a_2         2
     sky130_fd_sc_hd__or2_2         17
     sky130_fd_sc_hd__or3_2          6

   Chip area for module '\digital_pll': 3235.603200

