[INFO]: Current run directory is /openLANE_flow/designs/digital_pll/runs/first_run
[INFO]: Preparing LEF Files
[INFO]: Extracting the number of available metal layers from /home/mariam/openlane/pdks/sky130A/libs.ref/sky130_fd_sc_hd/techlef/sky130_fd_sc_hd.tlef
[INFO]: The number of available metal layers is 6
[INFO]: The available metal layers are li1 met1 met2 met3 met4 met5
[INFO]: Merging LEF Files...
[INFO]: Trimming Liberty...
[INFO]: Generating Exclude List...
[INFO]: Storing configs into config.tcl ...
[INFO]: Preparation complete
[INFO]: Running Synthesis...
[INFO]: current step index: 1
[INFO]: Changing netlist from 0 to /openLANE_flow/designs/digital_pll/runs/first_run/results/synthesis/digital_pll.synthesis.v
[INFO]: Running Static Timing Analysis...
[INFO]: current step index: 2
[INFO]: Synthesis was successful
[INFO]: Running Floorplanning...
[INFO]: Running Initial Floorplanning...
[INFO]: current step index: 3
[INFO]: Core area width: 80.96000000000001
[INFO]: Core area height: 78.88000000000001
[WARNING]: Current core area is too small for a power grid
[WARNING]: Minimizing the power grid!!!!
[INFO]: Changing layout from 0 to /openLANE_flow/designs/digital_pll/runs/first_run/tmp/floorplan/3-verilog2def_openroad.def
[INFO]: Running IO Placement...
[INFO]: current step index: 4
[INFO]: Changing layout from /openLANE_flow/designs/digital_pll/runs/first_run/tmp/floorplan/3-verilog2def_openroad.def to /openLANE_flow/designs/digital_pll/runs/first_run/tmp/floorplan/4-ioPlacer.def
[INFO]: Running Tap/Decap Insertion...
[INFO]: current step index: 5
[INFO]: Changing layout from /openLANE_flow/designs/digital_pll/runs/first_run/tmp/floorplan/4-ioPlacer.def to /openLANE_flow/designs/digital_pll/runs/first_run/results/floorplan/digital_pll.floorplan.def
[INFO]: Taking a Screenshot of the Layout Using Klayout...
[INFO]: current step index: 6
[INFO]: Screenshot taken.
[INFO]: Power planning the following nets
[INFO]: Power: VPWR
[INFO]: Ground: VGND
[INFO]: Generating PDN...
[INFO]: current step index: 7
[INFO]: PDN generation was successful.
[INFO]: Changing layout from /openLANE_flow/designs/digital_pll/runs/first_run/results/floorplan/digital_pll.floorplan.def to /openLANE_flow/designs/digital_pll/runs/first_run/tmp/floorplan/7-pdn.def
[INFO]: Running Placement...
[INFO]: Running Global Placement...
[INFO]: current step index: 8
[INFO]: Global placement was successful
[INFO]: Changing layout from /openLANE_flow/designs/digital_pll/runs/first_run/tmp/floorplan/7-pdn.def to /openLANE_flow/designs/digital_pll/runs/first_run/tmp/placement/8-replace.def
[INFO]: Skipping OpenPhySyn Timing Optimizations.
[INFO]: Running Resizer Design Optimizations...
[INFO]: Generating Exclude List...
[INFO]: Creating ::env(DONT_USE_CELLS)...
[INFO]: Changing layout from /openLANE_flow/designs/digital_pll/runs/first_run/tmp/placement/8-replace.def to /openLANE_flow/designs/digital_pll/runs/first_run/tmp/placement/8-resizer.def
[INFO]: Writing Verilog...
[INFO]: current step index: 9
[INFO]: Changing netlist from /openLANE_flow/designs/digital_pll/runs/first_run/results/synthesis/digital_pll.synthesis.v to /openLANE_flow/designs/digital_pll/runs/first_run/results/synthesis/digital_pll.synthesis_optimized.v
[INFO]: Running Static Timing Analysis...
[INFO]: current step index: 10
[INFO]: Running Detailed Placement...
[INFO]: current step index: 11
[INFO]: Changing layout from /openLANE_flow/designs/digital_pll/runs/first_run/tmp/placement/8-resizer.def to /openLANE_flow/designs/digital_pll/runs/first_run/results/placement/digital_pll.placement.def
[INFO]: Changing layout from /openLANE_flow/designs/digital_pll/runs/first_run/results/placement/digital_pll.placement.def to /openLANE_flow/designs/digital_pll/runs/first_run/results/placement/digital_pll.placement.def
[INFO]: Taking a Screenshot of the Layout Using Klayout...
[INFO]: current step index: 12
[INFO]: Screenshot taken.
[INFO]: current step index: 13
[INFO]: Routing...
[INFO]: Running Global Routing...
[INFO]: current step index: 14
[INFO]: Changing layout from /openLANE_flow/designs/digital_pll/runs/first_run/results/placement/digital_pll.placement.def to /openLANE_flow/designs/digital_pll/runs/first_run/tmp/routing/14-fastroute.def
[INFO]: Changing layout from 0 to /openLANE_flow/designs/digital_pll/runs/first_run/tmp/routing/14-fastroute.guide
[INFO]: Changing layout from /openLANE_flow/designs/digital_pll/runs/first_run/tmp/routing/14-fastroute.def to /openLANE_flow/designs/digital_pll/runs/first_run/tmp/routing/14-fastroute.def
[INFO]: Changing layout from /openLANE_flow/designs/digital_pll/runs/first_run/tmp/routing/14-fastroute.guide to /openLANE_flow/designs/digital_pll/runs/first_run/tmp/routing/14-fastroute.guide
[INFO]: Current Def is /openLANE_flow/designs/digital_pll/runs/first_run/tmp/routing/14-fastroute.def
[INFO]: Current Guide is /openLANE_flow/designs/digital_pll/runs/first_run/tmp/routing/14-fastroute.guide
[INFO]: Running Fill Insertion...
[INFO]: current step index: 15
[INFO]: Changing layout from /openLANE_flow/designs/digital_pll/runs/first_run/tmp/routing/14-fastroute.def to /openLANE_flow/designs/digital_pll/runs/first_run/tmp/routing/15-addspacers.def
[INFO]: Writing Verilog...
[INFO]: current step index: 16
[INFO]: Changing netlist from /openLANE_flow/designs/digital_pll/runs/first_run/results/synthesis/digital_pll.synthesis_optimized.v to /openLANE_flow/designs/digital_pll/runs/first_run/results/synthesis/digital_pll.synthesis_preroute.v
[INFO]: Running Detailed Routing...
[INFO]: current step index: 17
[INFO]: No DRC violations after detailed routing.
[INFO]: Changing layout from /openLANE_flow/designs/digital_pll/runs/first_run/tmp/routing/15-addspacers.def to /openLANE_flow/designs/digital_pll/runs/first_run/results/routing/digital_pll.def
[INFO]: Taking a Screenshot of the Layout Using Klayout...
[INFO]: current step index: 18
[INFO]: Screenshot taken.
[INFO]: Running SPEF Extraction...
[INFO]: current step index: 19
[INFO]: Running Static Timing Analysis...
[INFO]: current step index: 20
[INFO]: Calculating Runtime From the Start...
[INFO]: Routing completed for digital_pll/26-04_14-19 in 0h7m51s
[INFO]: Writing Powered Verilog...
[INFO]: current step index: 21
[INFO]: Writing Verilog...
[INFO]: current step index: 22
[INFO]: Yosys won't attempt to rewrite verilog, and the OpenROAD output will be used as is.
[INFO]: Changing netlist from /openLANE_flow/designs/digital_pll/runs/first_run/results/synthesis/digital_pll.synthesis_preroute.v to /openLANE_flow/designs/digital_pll/runs/first_run/results/lvs/digital_pll.lvs.powered.v
[INFO]: Running Magic to generate various views...
[INFO]: Streaming out GDS II...
[INFO]: current step index: 23
[INFO]: Taking a Screenshot of the Layout Using Klayout...
[INFO]: current step index: 24
[INFO]: Screenshot taken.
[INFO]: current step index: 25
[INFO]: current step index: 26
[INFO]: current step index: 27
[INFO]: Running Magic Antenna Checks...
[INFO]: current step index: 28
[INFO]: Running Magic Antenna Checks...
[INFO]: current step index: 29
[INFO]: Running Magic Antenna Checks...
[INFO]: current step index: 30
[INFO]: Running Magic Spice Export from LEF...
[INFO]: current step index: 31
[INFO]: No Illegal overlaps detected during extraction.
[INFO]: Running Magic DRC...
[INFO]: current step index: 32
[INFO]: Converting Magic DRC Violations to Magic Readable Format...
[INFO]: Converting Magic DRC Violations to Klayout XML Database...
[INFO]: Converting DRC Violations to RDB Format...
[INFO]: Converted DRC Violations to RDB Format
[INFO]: No DRC violations after GDS streaming out.
[INFO]: Running LEF LVS...
[INFO]: /openLANE_flow/designs/digital_pll/runs/first_run/results/magic/digital_pll.spice against /openLANE_flow/designs/digital_pll/runs/first_run/results/lvs/digital_pll.lvs.powered.v
[INFO]: current step index: 33
[INFO]: No LVS mismatches.
[INFO]: Running Antenna Checks...
[INFO]: Running OpenROAD Antenna Rule Checker...
[INFO]: current step index: 34
[INFO]: current step index: 35
[WARNING]: A run for digital_pll with tag 'first_run' already exists. Pass -overwrite option to overwrite it
[INFO]: Now you can run commands that pick up where 'first_run' left off
[INFO]: Current run directory is /openLANE_flow/digital_pll/runs/first_run
[INFO]: Sourcing /openLANE_flow/digital_pll/runs/first_run/config.tcl
Any changes to the DESIGN config file will NOT be applied
