
reading lef ...

units:       1000
#layers:     13
#macros:     440
#vias:       25
#viarulegen: 25

reading def ...

design:      digital_pll
die area:    ( 0 0 ) ( 86230 96950 )
trackPts:    12
defvias:     4
#components: 802
#terminals:  20
#snets:      2
#nets:       276

reading guide ...

#guides:     1728
Warning: met2 does not have viaDef align with layer direction, generating new viaDef via2_FR...
Warning: met4 does not have viaDef align with layer direction, generating new viaDef via4_FR...
done initConstraintLayerIdx
List of default vias:
  Layer mcon
    default via: L1M1_PR_MR
  Layer via
    default via: M1M2_PR
  Layer via2
    default via: via2_FR
  Layer via3
    default via: M3M4_PR_M
  Layer via4
    default via: via4_FR
Writing reference output def...

libcell analysis ...

instance analysis ...
#unique instances = 147

init region query ...
  complete FR_MASTERSLICE
  complete FR_VIA
  complete li1
  complete mcon
  complete met1
  complete via
  complete met2
  complete via2
  complete met3
  complete via3
  complete met4
  complete via4
  complete met5

FR_MASTERSLICE shape region query size = 0
FR_VIA shape region query size = 0
li1 shape region query size = 9795
mcon shape region query size = 9013
met1 shape region query size = 2172
via shape region query size = 280
met2 shape region query size = 146
via2 shape region query size = 280
met3 shape region query size = 144
via3 shape region query size = 280
met4 shape region query size = 93
via4 shape region query size = 13
met5 shape region query size = 23


start pin access
  complete 100 pins
  complete 200 pins
  complete 300 pins
  complete 400 pins
  complete 496 pins
  complete 100 unique inst patterns
  complete 141 unique inst patterns
  complete 193 groups
Expt1 runtime (pin-level access point gen): 1.28052
Expt2 runtime (design-level access pattern gen): 0.30487
#scanned instances     = 802
#unique  instances     = 147
#stdCellGenAp          = 3092
#stdCellValidPlanarAp  = 90
#stdCellValidViaAp     = 2118
#stdCellPinNoAp        = 0
#stdCellPinCnt         = 971
#instTermValidViaApCnt = 0
#macroGenAp            = 0
#macroValidPlanarAp    = 0
#macroValidViaAp       = 0
#macroNoAp             = 0

complete pin access
cpu time = 00:00:06, elapsed time = 00:00:01, memory = 15.33 (MB), peak = 15.37 (MB)

post process guides ...
GCELLGRID X 0 DO 14 STEP 6900 ;
GCELLGRID Y 0 DO 12 STEP 6900 ;
  complete FR_MASTERSLICE
  complete FR_VIA
  complete li1
  complete mcon
  complete met1
  complete via
  complete met2
  complete via2
  complete met3
  complete via3
  complete met4
  complete via4
  complete met5

building cmap ... 

init guide query ...
  complete FR_MASTERSLICE (guide)
  complete FR_VIA (guide)
  complete li1 (guide)
  complete mcon (guide)
  complete met1 (guide)
  complete via (guide)
  complete met2 (guide)
  complete via2 (guide)
  complete met3 (guide)
  complete via3 (guide)
  complete met4 (guide)
  complete via4 (guide)
  complete met5 (guide)

FR_MASTERSLICE guide region query size = 0
FR_VIA guide region query size = 0
li1 guide region query size = 688
mcon guide region query size = 0
met1 guide region query size = 475
via guide region query size = 0
met2 guide region query size = 223
via2 guide region query size = 0
met3 guide region query size = 4
via3 guide region query size = 0
met4 guide region query size = 0
via4 guide region query size = 0
met5 guide region query size = 0

init gr pin query ...


start track assignment
Done with 911 vertical wires in 1 frboxes and 479 horizontal wires in 1 frboxes.
Done with 79 vertical wires in 1 frboxes and 136 horizontal wires in 1 frboxes.

complete track assignment
cpu time = 00:00:00, elapsed time = 00:00:00, memory = 18.79 (MB), peak = 21.30 (MB)

post processing ...

start routing data preparation
initVia2ViaMinLen_minSpc li1 (d2d, d2u, u2d, u2u) = (0, 0, 0, 370)
initVia2ViaMinLen_minSpc met1 (d2d, d2u, u2d, u2u) = (430, 445, 445, 460)
initVia2ViaMinLen_minSpc met2 (d2d, d2u, u2d, u2u) = (460, 485, 485, 630)
initVia2ViaMinLen_minSpc met3 (d2d, d2u, u2d, u2u) = (630, 655, 655, 680)
initVia2ViaMinLen_minSpc met4 (d2d, d2u, u2d, u2u) = (630, 1055, 1055, 3020)
initVia2ViaMinLen_minSpc met5 (d2d, d2u, u2d, u2u) = (1480, 0, 0, 0)
initVia2ViaMinLen_minimumcut li1 (d2d, d2u, u2d, u2u) = (0, 0, 0, 370)
initVia2ViaMinLen_minimumcut li1 zerolen (b, b, b, b) = (1, 1, 1, 1)
initVia2ViaMinLen_minimumcut met1 (d2d, d2u, u2d, u2u) = (430, 445, 445, 460)
initVia2ViaMinLen_minimumcut met1 zerolen (b, b, b, b) = (1, 1, 1, 1)
initVia2ViaMinLen_minimumcut met2 (d2d, d2u, u2d, u2u) = (460, 485, 485, 630)
initVia2ViaMinLen_minimumcut met2 zerolen (b, b, b, b) = (1, 1, 1, 1)
initVia2ViaMinLen_minimumcut met3 (d2d, d2u, u2d, u2u) = (630, 655, 655, 680)
initVia2ViaMinLen_minimumcut met3 zerolen (b, b, b, b) = (1, 1, 1, 1)
initVia2ViaMinLen_minimumcut met4 (d2d, d2u, u2d, u2u) = (630, 1055, 1055, 3020)
initVia2ViaMinLen_minimumcut met4 zerolen (b, b, b, b) = (1, 1, 1, 1)
initVia2ViaMinLen_minimumcut met5 (d2d, d2u, u2d, u2u) = (1480, 0, 0, 0)
initVia2ViaMinLen_minimumcut met5 zerolen (b, b, b, b) = (1, 1, 1, 1)
initVia2ViaMinLenNew_minSpc li1 (d2d-x, d2d-y, d2u-x, d2u-y, u2d-x, u2d-y, u2u-x, u2u-y) = (0, 0, 0, 0, 0, 0, 430, 370)
initVia2ViaMinLenNew_minSpc met1 (d2d-x, d2d-y, d2u-x, d2u-y, u2d-x, u2d-y, u2u-x, u2u-y) = (430, 370, 445, 385, 445, 385, 460, 460)
initVia2ViaMinLenNew_minSpc met2 (d2d-x, d2d-y, d2u-x, d2u-y, u2d-x, u2d-y, u2u-x, u2u-y) = (460, 460, 410, 485, 410, 485, 630, 630)
initVia2ViaMinLenNew_minSpc met3 (d2d-x, d2d-y, d2u-x, d2u-y, u2d-x, u2d-y, u2u-x, u2u-y) = (630, 630, 655, 625, 655, 625, 680, 630)
initVia2ViaMinLenNew_minSpc met4 (d2d-x, d2d-y, d2u-x, d2u-y, u2d-x, u2d-y, u2u-x, u2u-y) = (680, 630, 1055, 1055, 1055, 1055, 3020, 3020)
initVia2ViaMinLenNew_minSpc met5 (d2d-x, d2d-y, d2u-x, d2u-y, u2d-x, u2d-y, u2u-x, u2u-y) = (1480, 1480, 0, 0, 0, 0, 0, 0)
initVia2ViaMinLenNew_minimumcut li1 (d2d-x, d2d-y, d2u-x, d2u-y, u2d-x, u2d-y, u2u-x, u2u-y) = (0, 0, 0, 0, 0, 0, 430, 370)
initVia2ViaMinLenNew_minimumcut met1 (d2d-x, d2d-y, d2u-x, d2u-y, u2d-x, u2d-y, u2u-x, u2u-y) = (430, 370, 445, 385, 445, 385, 460, 460)
initVia2ViaMinLenNew_minimumcut met2 (d2d-x, d2d-y, d2u-x, d2u-y, u2d-x, u2d-y, u2u-x, u2u-y) = (460, 460, 410, 485, 410, 485, 630, 630)
initVia2ViaMinLenNew_minimumcut met3 (d2d-x, d2d-y, d2u-x, d2u-y, u2d-x, u2d-y, u2u-x, u2u-y) = (630, 630, 655, 625, 655, 625, 680, 630)
initVia2ViaMinLenNew_minimumcut met4 (d2d-x, d2d-y, d2u-x, d2u-y, u2d-x, u2d-y, u2u-x, u2u-y) = (680, 630, 1055, 1055, 1055, 1055, 3020, 3020)
initVia2ViaMinLenNew_minimumcut met5 (d2d-x, d2d-y, d2u-x, d2u-y, u2d-x, u2d-y, u2u-x, u2u-y) = (1480, 1480, 0, 0, 0, 0, 0, 0)
initVia2ViaMinLenNew_cutSpc li1 (d2d-x, d2d-y, d2u-x, d2u-y, u2d-x, u2d-y, u2u-x, u2u-y) = (0, 0, 0, 0, 0, 0, 430, 370)
initVia2ViaMinLenNew_cutSpc met1 (d2d-x, d2d-y, d2u-x, d2u-y, u2d-x, u2d-y, u2u-x, u2u-y) = (430, 370, 445, 385, 445, 385, 460, 460)
initVia2ViaMinLenNew_cutSpc met2 (d2d-x, d2d-y, d2u-x, d2u-y, u2d-x, u2d-y, u2u-x, u2u-y) = (460, 460, 410, 485, 410, 485, 630, 630)
initVia2ViaMinLenNew_cutSpc met3 (d2d-x, d2d-y, d2u-x, d2u-y, u2d-x, u2d-y, u2u-x, u2u-y) = (630, 630, 655, 625, 655, 625, 680, 630)
initVia2ViaMinLenNew_cutSpc met4 (d2d-x, d2d-y, d2u-x, d2u-y, u2d-x, u2d-y, u2u-x, u2u-y) = (680, 630, 1055, 1055, 1055, 1055, 3020, 3020)
initVia2ViaMinLenNew_cutSpc met5 (d2d-x, d2d-y, d2u-x, d2u-y, u2d-x, u2d-y, u2u-x, u2u-y) = (1600, 1600, 0, 0, 0, 0, 0, 0)
cpu time = 00:00:00, elapsed time = 00:00:00, memory = 18.80 (MB), peak = 21.30 (MB)

start detail routing ...
start 0th optimization iteration ...
    completing 10% with 0 violations
    elapsed time = 00:00:00, memory = 28.69 (MB)
    completing 20% with 5 violations
    elapsed time = 00:00:02, memory = 48.41 (MB)
    completing 30% with 30 violations
    elapsed time = 00:00:02, memory = 30.92 (MB)
    completing 40% with 35 violations
    elapsed time = 00:00:03, memory = 44.29 (MB)
  number of violations = 93
cpu time = 00:00:03, elapsed time = 00:00:03, memory = 370.73 (MB), peak = 382.72 (MB)
total wire length = 4821 um
total wire length on LAYER li1 = 2 um
total wire length on LAYER met1 = 2653 um
total wire length on LAYER met2 = 2137 um
total wire length on LAYER met3 = 28 um
total wire length on LAYER met4 = 0 um
total wire length on LAYER met5 = 0 um
total number of vias = 1824
up-via summary (total 1824):

-----------------------
 FR_MASTERSLICE       0
            li1     955
           met1     865
           met2       4
           met3       0
           met4       0
-----------------------
                   1824


start 1st optimization iteration ...
    completing 10% with 93 violations
    elapsed time = 00:00:00, memory = 372.02 (MB)
    completing 20% with 93 violations
    elapsed time = 00:00:00, memory = 372.28 (MB)
    completing 30% with 95 violations
    elapsed time = 00:00:01, memory = 393.93 (MB)
    completing 40% with 89 violations
    elapsed time = 00:00:01, memory = 372.78 (MB)
    completing 50% with 89 violations
    elapsed time = 00:00:01, memory = 372.85 (MB)
    completing 60% with 83 violations
    elapsed time = 00:00:03, memory = 398.37 (MB)
  number of violations = 33
cpu time = 00:00:03, elapsed time = 00:00:03, memory = 373.26 (MB), peak = 398.55 (MB)
total wire length = 4790 um
total wire length on LAYER li1 = 5 um
total wire length on LAYER met1 = 2631 um
total wire length on LAYER met2 = 2125 um
total wire length on LAYER met3 = 28 um
total wire length on LAYER met4 = 0 um
total wire length on LAYER met5 = 0 um
total number of vias = 1830
up-via summary (total 1830):

-----------------------
 FR_MASTERSLICE       0
            li1     960
           met1     866
           met2       4
           met3       0
           met4       0
-----------------------
                   1830


start 2nd optimization iteration ...
    completing 10% with 33 violations
    elapsed time = 00:00:00, memory = 373.26 (MB)
    completing 20% with 33 violations
    elapsed time = 00:00:00, memory = 373.26 (MB)
    completing 30% with 33 violations
    elapsed time = 00:00:00, memory = 374.03 (MB)
    completing 40% with 33 violations
    elapsed time = 00:00:00, memory = 375.06 (MB)
    completing 50% with 33 violations
    elapsed time = 00:00:00, memory = 375.66 (MB)
    completing 60% with 33 violations
    elapsed time = 00:00:00, memory = 375.70 (MB)
    completing 70% with 33 violations
    elapsed time = 00:00:00, memory = 381.11 (MB)
    completing 80% with 33 violations
    elapsed time = 00:00:00, memory = 391.16 (MB)
    completing 90% with 26 violations
    elapsed time = 00:00:02, memory = 404.31 (MB)
    completing 100% with 30 violations
    elapsed time = 00:00:02, memory = 375.93 (MB)
  number of violations = 30
cpu time = 00:00:03, elapsed time = 00:00:03, memory = 387.53 (MB), peak = 412.32 (MB)
total wire length = 4808 um
total wire length on LAYER li1 = 4 um
total wire length on LAYER met1 = 2633 um
total wire length on LAYER met2 = 2129 um
total wire length on LAYER met3 = 40 um
total wire length on LAYER met4 = 0 um
total wire length on LAYER met5 = 0 um
total number of vias = 1840
up-via summary (total 1840):

-----------------------
 FR_MASTERSLICE       0
            li1     958
           met1     875
           met2       7
           met3       0
           met4       0
-----------------------
                   1840


start 3rd optimization iteration ...
    completing 10% with 30 violations
    elapsed time = 00:00:00, memory = 407.56 (MB)
    completing 20% with 18 violations
    elapsed time = 00:00:02, memory = 386.15 (MB)
    completing 30% with 5 violations
    elapsed time = 00:00:02, memory = 392.07 (MB)
    completing 40% with 5 violations
    elapsed time = 00:00:02, memory = 401.89 (MB)
  number of violations = 0
cpu time = 00:00:02, elapsed time = 00:00:02, memory = 385.62 (MB), peak = 412.32 (MB)
total wire length = 4816 um
total wire length on LAYER li1 = 4 um
total wire length on LAYER met1 = 2566 um
total wire length on LAYER met2 = 2145 um
total wire length on LAYER met3 = 85 um
total wire length on LAYER met4 = 14 um
total wire length on LAYER met5 = 0 um
total number of vias = 1862
up-via summary (total 1862):

-----------------------
 FR_MASTERSLICE       0
            li1     956
           met1     884
           met2      19
           met3       3
           met4       0
-----------------------
                   1862


start 17th optimization iteration ...
    completing 10% with 0 violations
    elapsed time = 00:00:00, memory = 385.62 (MB)
    completing 20% with 0 violations
    elapsed time = 00:00:00, memory = 386.13 (MB)
    completing 30% with 0 violations
    elapsed time = 00:00:00, memory = 386.42 (MB)
    completing 40% with 0 violations
    elapsed time = 00:00:00, memory = 387.71 (MB)
    completing 50% with 0 violations
    elapsed time = 00:00:00, memory = 387.78 (MB)
    completing 60% with 0 violations
    elapsed time = 00:00:00, memory = 391.64 (MB)
    completing 70% with 0 violations
    elapsed time = 00:00:00, memory = 391.81 (MB)
    completing 80% with 0 violations
    elapsed time = 00:00:00, memory = 391.81 (MB)
    completing 90% with 0 violations
    elapsed time = 00:00:00, memory = 391.81 (MB)
    completing 100% with 0 violations
    elapsed time = 00:00:00, memory = 391.81 (MB)
  number of violations = 0
cpu time = 00:00:00, elapsed time = 00:00:00, memory = 391.81 (MB), peak = 412.32 (MB)
total wire length = 4816 um
total wire length on LAYER li1 = 4 um
total wire length on LAYER met1 = 2566 um
total wire length on LAYER met2 = 2145 um
total wire length on LAYER met3 = 85 um
total wire length on LAYER met4 = 14 um
total wire length on LAYER met5 = 0 um
total number of vias = 1862
up-via summary (total 1862):

-----------------------
 FR_MASTERSLICE       0
            li1     956
           met1     884
           met2      19
           met3       3
           met4       0
-----------------------
                   1862


start 25th optimization iteration ...
    completing 10% with 0 violations
    elapsed time = 00:00:00, memory = 393.10 (MB)
    completing 20% with 0 violations
    elapsed time = 00:00:00, memory = 393.61 (MB)
    completing 30% with 0 violations
    elapsed time = 00:00:00, memory = 393.81 (MB)
    completing 40% with 0 violations
    elapsed time = 00:00:00, memory = 393.81 (MB)
    completing 50% with 0 violations
    elapsed time = 00:00:00, memory = 393.81 (MB)
    completing 60% with 0 violations
    elapsed time = 00:00:00, memory = 396.39 (MB)
    completing 70% with 0 violations
    elapsed time = 00:00:00, memory = 396.99 (MB)
    completing 80% with 0 violations
    elapsed time = 00:00:00, memory = 399.82 (MB)
    completing 90% with 0 violations
    elapsed time = 00:00:00, memory = 399.91 (MB)
    completing 100% with 0 violations
    elapsed time = 00:00:00, memory = 399.91 (MB)
  number of violations = 0
cpu time = 00:00:00, elapsed time = 00:00:00, memory = 399.91 (MB), peak = 412.32 (MB)
total wire length = 4816 um
total wire length on LAYER li1 = 4 um
total wire length on LAYER met1 = 2566 um
total wire length on LAYER met2 = 2145 um
total wire length on LAYER met3 = 85 um
total wire length on LAYER met4 = 14 um
total wire length on LAYER met5 = 0 um
total number of vias = 1862
up-via summary (total 1862):

-----------------------
 FR_MASTERSLICE       0
            li1     956
           met1     884
           met2      19
           met3       3
           met4       0
-----------------------
                   1862


start 33rd optimization iteration ...
    completing 10% with 0 violations
    elapsed time = 00:00:00, memory = 399.91 (MB)
    completing 20% with 0 violations
    elapsed time = 00:00:00, memory = 399.91 (MB)
    completing 30% with 0 violations
    elapsed time = 00:00:00, memory = 399.91 (MB)
    completing 40% with 0 violations
    elapsed time = 00:00:00, memory = 399.91 (MB)
    completing 50% with 0 violations
    elapsed time = 00:00:00, memory = 399.91 (MB)
    completing 60% with 0 violations
    elapsed time = 00:00:00, memory = 399.91 (MB)
    completing 70% with 0 violations
    elapsed time = 00:00:00, memory = 399.91 (MB)
    completing 80% with 0 violations
    elapsed time = 00:00:00, memory = 399.91 (MB)
    completing 90% with 0 violations
    elapsed time = 00:00:00, memory = 399.91 (MB)
    completing 100% with 0 violations
    elapsed time = 00:00:00, memory = 399.91 (MB)
  number of violations = 0
cpu time = 00:00:00, elapsed time = 00:00:00, memory = 399.91 (MB), peak = 412.32 (MB)
total wire length = 4816 um
total wire length on LAYER li1 = 4 um
total wire length on LAYER met1 = 2566 um
total wire length on LAYER met2 = 2145 um
total wire length on LAYER met3 = 85 um
total wire length on LAYER met4 = 14 um
total wire length on LAYER met5 = 0 um
total number of vias = 1862
up-via summary (total 1862):

-----------------------
 FR_MASTERSLICE       0
            li1     956
           met1     884
           met2      19
           met3       3
           met4       0
-----------------------
                   1862


start 41st optimization iteration ...
    completing 10% with 0 violations
    elapsed time = 00:00:00, memory = 399.91 (MB)
    completing 20% with 0 violations
    elapsed time = 00:00:00, memory = 399.91 (MB)
    completing 30% with 0 violations
    elapsed time = 00:00:00, memory = 399.91 (MB)
    completing 40% with 0 violations
    elapsed time = 00:00:00, memory = 399.91 (MB)
    completing 50% with 0 violations
    elapsed time = 00:00:00, memory = 399.91 (MB)
    completing 60% with 0 violations
    elapsed time = 00:00:00, memory = 399.91 (MB)
    completing 70% with 0 violations
    elapsed time = 00:00:00, memory = 399.91 (MB)
    completing 80% with 0 violations
    elapsed time = 00:00:00, memory = 399.91 (MB)
    completing 90% with 0 violations
    elapsed time = 00:00:00, memory = 399.91 (MB)
    completing 100% with 0 violations
    elapsed time = 00:00:00, memory = 399.91 (MB)
  number of violations = 0
cpu time = 00:00:00, elapsed time = 00:00:00, memory = 399.91 (MB), peak = 412.32 (MB)
total wire length = 4816 um
total wire length on LAYER li1 = 4 um
total wire length on LAYER met1 = 2566 um
total wire length on LAYER met2 = 2145 um
total wire length on LAYER met3 = 85 um
total wire length on LAYER met4 = 14 um
total wire length on LAYER met5 = 0 um
total number of vias = 1862
up-via summary (total 1862):

-----------------------
 FR_MASTERSLICE       0
            li1     956
           met1     884
           met2      19
           met3       3
           met4       0
-----------------------
                   1862


start 49th optimization iteration ...
    completing 10% with 0 violations
    elapsed time = 00:00:00, memory = 399.91 (MB)
    completing 20% with 0 violations
    elapsed time = 00:00:00, memory = 399.91 (MB)
    completing 30% with 0 violations
    elapsed time = 00:00:00, memory = 399.91 (MB)
    completing 40% with 0 violations
    elapsed time = 00:00:00, memory = 399.91 (MB)
    completing 50% with 0 violations
    elapsed time = 00:00:00, memory = 399.91 (MB)
    completing 60% with 0 violations
    elapsed time = 00:00:00, memory = 399.91 (MB)
    completing 70% with 0 violations
    elapsed time = 00:00:00, memory = 399.91 (MB)
    completing 80% with 0 violations
    elapsed time = 00:00:00, memory = 399.91 (MB)
    completing 90% with 0 violations
    elapsed time = 00:00:00, memory = 399.91 (MB)
    completing 100% with 0 violations
    elapsed time = 00:00:00, memory = 399.91 (MB)
  number of violations = 0
cpu time = 00:00:00, elapsed time = 00:00:00, memory = 399.91 (MB), peak = 412.32 (MB)
total wire length = 4816 um
total wire length on LAYER li1 = 4 um
total wire length on LAYER met1 = 2566 um
total wire length on LAYER met2 = 2145 um
total wire length on LAYER met3 = 85 um
total wire length on LAYER met4 = 14 um
total wire length on LAYER met5 = 0 um
total number of vias = 1862
up-via summary (total 1862):

-----------------------
 FR_MASTERSLICE       0
            li1     956
           met1     884
           met2      19
           met3       3
           met4       0
-----------------------
                   1862


start 57th optimization iteration ...
    completing 10% with 0 violations
    elapsed time = 00:00:00, memory = 399.91 (MB)
    completing 20% with 0 violations
    elapsed time = 00:00:00, memory = 399.91 (MB)
    completing 30% with 0 violations
    elapsed time = 00:00:00, memory = 399.91 (MB)
    completing 40% with 0 violations
    elapsed time = 00:00:00, memory = 399.91 (MB)
    completing 50% with 0 violations
    elapsed time = 00:00:00, memory = 399.91 (MB)
    completing 60% with 0 violations
    elapsed time = 00:00:00, memory = 399.91 (MB)
    completing 70% with 0 violations
    elapsed time = 00:00:00, memory = 399.91 (MB)
    completing 80% with 0 violations
    elapsed time = 00:00:00, memory = 399.91 (MB)
    completing 90% with 0 violations
    elapsed time = 00:00:00, memory = 399.91 (MB)
    completing 100% with 0 violations
    elapsed time = 00:00:00, memory = 399.91 (MB)
  number of violations = 0
cpu time = 00:00:00, elapsed time = 00:00:00, memory = 399.91 (MB), peak = 412.32 (MB)
total wire length = 4816 um
total wire length on LAYER li1 = 4 um
total wire length on LAYER met1 = 2566 um
total wire length on LAYER met2 = 2145 um
total wire length on LAYER met3 = 85 um
total wire length on LAYER met4 = 14 um
total wire length on LAYER met5 = 0 um
total number of vias = 1862
up-via summary (total 1862):

-----------------------
 FR_MASTERSLICE       0
            li1     956
           met1     884
           met2      19
           met3       3
           met4       0
-----------------------
                   1862


complete detail routing
total wire length = 4816 um
total wire length on LAYER li1 = 4 um
total wire length on LAYER met1 = 2566 um
total wire length on LAYER met2 = 2145 um
total wire length on LAYER met3 = 85 um
total wire length on LAYER met4 = 14 um
total wire length on LAYER met5 = 0 um
total number of vias = 1862
up-via summary (total 1862):

-----------------------
 FR_MASTERSLICE       0
            li1     956
           met1     884
           met2      19
           met3       3
           met4       0
-----------------------
                   1862

cpu time = 00:00:15, elapsed time = 00:00:13, memory = 399.91 (MB), peak = 412.32 (MB)

post processing ...

Runtime taken (hrt): 16.434
