Tue Apr 27 00:06:56 UTC 2021 - Executing "python3 /openLANE_flow/scripts/extract_metal_layers.py -t /home/mariam/openlane/pdks/sky130A/libs.ref/sky130_fd_sc_hd/techlef/sky130_fd_sc_hd.tlef -o /openLANE_flow/designs/digital_pll/runs/second_run/tmp/met_layers_list.txt"

Tue Apr 27 00:06:56 UTC 2021 - Executing "/openLANE_flow/scripts/mergeLef.py -i /home/mariam/openlane/pdks/sky130A/libs.ref/sky130_fd_sc_hd/techlef/sky130_fd_sc_hd.tlef {/home/mariam/openlane/pdks/sky130A/libs.ref/sky130_fd_sc_hd/lef/sky130_fd_sc_hd.lef /home/mariam/openlane/pdks/sky130A/libs.ref/sky130_fd_sc_hd/lef/sky130_ef_sc_hd__decap_12.lef /home/mariam/openlane/pdks/sky130A/libs.ref/sky130_fd_sc_hd/lef/sky130_ef_sc_hd__fakediode_2.lef /home/mariam/openlane/pdks/sky130A/libs.ref/sky130_fd_sc_hd/lef/sky130_ef_sc_hd__fill_12.lef} -o /openLANE_flow/designs/digital_pll/runs/second_run/tmp/merged_unpadded.lef |& tee >&@stdout"

Tue Apr 27 00:06:56 UTC 2021 - Executing "/openLANE_flow/scripts/libtrim.pl /home/mariam/openlane/pdks/sky130A/libs.ref/sky130_fd_sc_hd/lib/sky130_fd_sc_hd__tt_025C_1v80.lib /openLANE_flow/designs/digital_pll/runs/second_run/tmp/trimmed.lib.exclude.list > /openLANE_flow/designs/digital_pll/runs/second_run/tmp/trimmed.lib"

Tue Apr 27 00:06:56 UTC 2021 - Executing "echo {openlane v0.12-1-ga95f56d} > /openLANE_flow/designs/digital_pll/runs/second_run/OPENLANE_VERSION"

Tue Apr 27 00:07:16 UTC 2021 - Executing "sed -E {s/^([[:space:]]+)pg_pin(.*)/\1pin\2\n\1    direction : "inout";/g} /home/mariam/openlane/pdks/sky130A/libs.ref/sky130_fd_sc_hd/lib/sky130_fd_sc_hd__tt_025C_1v80.lib > /openLANE_flow/designs/digital_pll/runs/second_run/tmp/sky130_fd_sc_hd__tt_025C_1v80.no_pg.lib"

Tue Apr 27 00:07:17 UTC 2021 - Executing "yosys -c /openLANE_flow/scripts/synth.tcl -l /openLANE_flow/designs/digital_pll/runs/second_run/logs/synthesis/1-yosys.log |& tee >&@stdout"

Tue Apr 27 00:07:21 UTC 2021 - Executing "sed -i -e {s/\(set ::env(CURRENT_NETLIST)\).*/\1 \/openLANE_flow\/designs\/digital_pll\/runs\/second_run\/results\/synthesis\/digital_pll.synthesis.v/} /openLANE_flow/designs/digital_pll/runs/second_run/config.tcl"

Tue Apr 27 00:07:21 UTC 2021 - Executing "sed -i -e {s/\(set ::env(PREV_NETLIST)\).*/\1 0/} /openLANE_flow/designs/digital_pll/runs/second_run/config.tcl"

Tue Apr 27 00:07:21 UTC 2021 - Executing "sed -i /defparam/d /openLANE_flow/designs/digital_pll/runs/second_run/results/synthesis/digital_pll.synthesis.v"

Tue Apr 27 00:07:21 UTC 2021 - Executing "sta /openLANE_flow/scripts/sta.tcl |& tee >&@stdout /openLANE_flow/designs/digital_pll/runs/second_run/logs/synthesis/2-opensta"

Tue Apr 27 00:07:40 UTC 2021 - Executing "openroad -exit /openLANE_flow/scripts/openroad/or_replace.tcl |& tee >&@stdout /openLANE_flow/designs/digital_pll/runs/second_run/logs/placement/3-replace.log"

Tue Apr 27 00:07:42 UTC 2021 - Executing "python3 /openLANE_flow/report_generation_wrapper.py -d /openLANE_flow/designs/digital_pll -dn digital_pll -t second_run -o /openLANE_flow/designs/digital_pll/runs/second_run/reports/final_summary_report.csv -m /openLANE_flow/designs/digital_pll/runs/second_run/reports/manufacturability_report.rpt -rs /openLANE_flow/designs/digital_pll/runs/second_run/reports/runtime_summary_report.rpt -r /openLANE_flow/designs/digital_pll/runs/second_run"

Tue Apr 27 00:07:50 UTC 2021 - Executing "openroad -exit /openLANE_flow/scripts/openroad/or_floorplan.tcl |& tee >&@stdout /openLANE_flow/designs/digital_pll/runs/second_run/logs/floorplan/4-verilog2def.openroad.log"

Tue Apr 27 00:07:52 UTC 2021 - Executing "openroad -exit /openLANE_flow/scripts/openroad/or_ioplacer.tcl |& tee >&@stdout /openLANE_flow/designs/digital_pll/runs/second_run/logs/floorplan/5-ioPlacer.log"

Tue Apr 27 00:07:53 UTC 2021 - Executing "openroad -exit /openLANE_flow/scripts/openroad/or_tapcell.tcl |& tee >&@stdout /openLANE_flow/designs/digital_pll/runs/second_run/logs/floorplan/6-tapcell.log"

Tue Apr 27 00:07:55 UTC 2021 - Executing "bash /openLANE_flow/scripts/klayout/scrotLayout.sh /home/mariam/openlane/pdks/sky130A/libs.tech/klayout/sky130A.lyt /openLANE_flow/designs/digital_pll/runs/second_run/results/floorplan/digital_pll.floorplan.def |& tee >&@stdout /openLANE_flow/designs/digital_pll/runs/second_run/logs/klayout/7-klayout.scrot.log"

Tue Apr 27 00:08:00 UTC 2021 - Executing "openroad -exit /openLANE_flow/scripts/openroad/or_pdn.tcl |& tee >&@stdout /openLANE_flow/designs/digital_pll/runs/second_run/logs/floorplan/8-pdn.log"

Tue Apr 27 00:08:25 UTC 2021 - Executing "openroad -exit /openLANE_flow/scripts/openroad/or_replace.tcl |& tee >&@stdout /openLANE_flow/designs/digital_pll/runs/second_run/logs/placement/9-replace.log"

Tue Apr 27 00:08:32 UTC 2021 - Executing "openroad -exit /openLANE_flow/scripts/openroad/or_resizer.tcl |& tee >&@stdout /openLANE_flow/designs/digital_pll/runs/second_run/logs/placement/9-resizer.log"

Tue Apr 27 00:08:39 UTC 2021 - Executing "openroad -exit /openLANE_flow/scripts/openroad/or_write_verilog.tcl |& tee >&@stdout /openLANE_flow/designs/digital_pll/runs/second_run/logs/10-write_verilog.log"

Tue Apr 27 00:08:41 UTC 2021 - Executing "sed -i -e {s/\(set ::env(CURRENT_NETLIST)\).*/\1 \/openLANE_flow\/designs\/digital_pll\/runs\/second_run\/results\/synthesis\/digital_pll.synthesis_optimized.v/} /openLANE_flow/designs/digital_pll/runs/second_run/config.tcl"

Tue Apr 27 00:08:41 UTC 2021 - Executing "sed -i -e {s/\(set ::env(PREV_NETLIST)\).*/\1 \/openLANE_flow\/designs\/digital_pll\/runs\/second_run\/results\/synthesis\/digital_pll.synthesis.v/} /openLANE_flow/designs/digital_pll/runs/second_run/config.tcl"

Tue Apr 27 00:08:41 UTC 2021 - Executing "sta /openLANE_flow/scripts/sta.tcl |& tee >&@stdout /openLANE_flow/designs/digital_pll/runs/second_run/logs/synthesis/11-opensta_post_resizer"

Tue Apr 27 00:08:42 UTC 2021 - Executing "openroad -exit /openLANE_flow/scripts/openroad/or_opendp.tcl |& tee >&@stdout /openLANE_flow/designs/digital_pll/runs/second_run/logs/placement/12-opendp.log"

Tue Apr 27 00:08:44 UTC 2021 - Executing "bash /openLANE_flow/scripts/klayout/scrotLayout.sh /home/mariam/openlane/pdks/sky130A/libs.tech/klayout/sky130A.lyt /openLANE_flow/designs/digital_pll/runs/second_run/results/placement/digital_pll.placement.def |& tee >&@stdout /openLANE_flow/designs/digital_pll/runs/second_run/logs/klayout/13-klayout.scrot.log"

Tue Apr 27 00:09:10 UTC 2021 - Executing "openroad -exit /openLANE_flow/scripts/openroad/or_groute.tcl |& tee >&@stdout /openLANE_flow/designs/digital_pll/runs/second_run/logs/routing/15-fastroute.log"

Tue Apr 27 00:09:18 UTC 2021 - Executing "openroad -exit /openLANE_flow/scripts/openroad/or_fill.tcl |& tee >&@stdout /openLANE_flow/designs/digital_pll/runs/second_run/logs/routing/16-addspacers.log"

Tue Apr 27 00:09:20 UTC 2021 - Executing "openroad -exit /openLANE_flow/scripts/openroad/or_write_verilog.tcl |& tee >&@stdout /openLANE_flow/designs/digital_pll/runs/second_run/logs/17-write_verilog.log"

Tue Apr 27 00:09:22 UTC 2021 - Executing "sed -i -e {s/\(set ::env(CURRENT_NETLIST)\).*/\1 \/openLANE_flow\/designs\/digital_pll\/runs\/second_run\/results\/synthesis\/digital_pll.synthesis_preroute.v/} /openLANE_flow/designs/digital_pll/runs/second_run/config.tcl"

Tue Apr 27 00:09:22 UTC 2021 - Executing "sed -i -e {s/\(set ::env(PREV_NETLIST)\).*/\1 \/openLANE_flow\/designs\/digital_pll\/runs\/second_run\/results\/synthesis\/digital_pll.synthesis_optimized.v/} /openLANE_flow/designs/digital_pll/runs/second_run/config.tcl"

Tue Apr 27 00:09:22 UTC 2021 - Executing "envsubst < /openLANE_flow/scripts/tritonRoute.param > /openLANE_flow/designs/digital_pll/runs/second_run/tmp/routing/18-tritonRoute.param"

Tue Apr 27 00:09:22 UTC 2021 - Executing "TritonRoute /openLANE_flow/designs/digital_pll/runs/second_run/tmp/routing/18-tritonRoute.param |& tee >&@stdout /openLANE_flow/designs/digital_pll/runs/second_run/logs/routing/18-tritonRoute.log"

Tue Apr 27 00:09:41 UTC 2021 - Executing "python3 /openLANE_flow/scripts/tr2klayout.py -i /openLANE_flow/designs/digital_pll/runs/second_run/reports/routing/18-tritonRoute.drc -o /openLANE_flow/designs/digital_pll/runs/second_run/reports/routing/18-tritonRoute.klayout.xml --design-name digital_pll"

Tue Apr 27 00:09:41 UTC 2021 - Executing "bash /openLANE_flow/scripts/klayout/scrotLayout.sh /home/mariam/openlane/pdks/sky130A/libs.tech/klayout/sky130A.lyt /openLANE_flow/designs/digital_pll/runs/second_run/results/routing/digital_pll.def |& tee >&@stdout /openLANE_flow/designs/digital_pll/runs/second_run/logs/klayout/19-klayout.scrot.log"

Tue Apr 27 00:09:46 UTC 2021 - Executing "python3 /openLANE_flow/scripts/spef_extractor/main.py -l /openLANE_flow/designs/digital_pll/runs/second_run/tmp/merged_unpadded.lef -d /openLANE_flow/designs/digital_pll/runs/second_run/results/routing/digital_pll.def -mw L -ec 1 |& tee >&@stdout /openLANE_flow/designs/digital_pll/runs/second_run/logs/routing/20-spef_extraction.log"

Tue Apr 27 00:09:47 UTC 2021 - Executing "sta /openLANE_flow/scripts/sta.tcl |& tee >&@stdout /openLANE_flow/designs/digital_pll/runs/second_run/logs/synthesis/21-opensta_spef"

Tue Apr 27 00:11:22 UTC 2021 - Executing "python3 /openLANE_flow/scripts/write_powered_def.py -d /openLANE_flow/designs/digital_pll/runs/second_run/results/routing/digital_pll.def -l /openLANE_flow/designs/digital_pll/runs/second_run/tmp/merged.lef --power-port VPWR --ground-port VGND --powered-netlist {} -o /openLANE_flow/designs/digital_pll/runs/second_run/tmp/routing/22-digital_pll.powered.def |& tee >&@stdout /openLANE_flow/designs/digital_pll/runs/second_run/logs/lvs/22-write_powered_verilog.log"

Tue Apr 27 00:11:23 UTC 2021 - Executing "openroad -exit /openLANE_flow/scripts/openroad/or_write_verilog.tcl |& tee >&@stdout /openLANE_flow/designs/digital_pll/runs/second_run/logs/23-write_verilog.log"

Tue Apr 27 00:11:58 UTC 2021 - Executing "sed -i -e {s/\(set ::env(CURRENT_NETLIST)\).*/\1 \/openLANE_flow\/designs\/digital_pll\/runs\/second_run\/results\/lvs\/digital_pll.lvs.powered.v/} /openLANE_flow/designs/digital_pll/runs/second_run/config.tcl"

Tue Apr 27 00:11:58 UTC 2021 - Executing "sed -i -e {s/\(set ::env(PREV_NETLIST)\).*/\1 \/openLANE_flow\/designs\/digital_pll\/runs\/second_run\/results\/synthesis\/digital_pll.synthesis_preroute.v/} /openLANE_flow/designs/digital_pll/runs/second_run/config.tcl"

Tue Apr 27 00:12:07 UTC 2021 - Executing "magic -noconsole -dnull -rcfile /home/mariam/openlane/pdks/sky130A/libs.tech/magic/sky130A.magicrc /openLANE_flow/scripts/magic/mag_gds.tcl </dev/null |& tee >&@stdout /openLANE_flow/designs/digital_pll/runs/second_run/logs/magic/24-magic.log"

Tue Apr 27 00:12:08 UTC 2021 - Executing "bash /openLANE_flow/scripts/klayout/scrotLayout.sh /home/mariam/openlane/pdks/sky130A/libs.tech/klayout/sky130A.lyt /openLANE_flow/designs/digital_pll/runs/second_run/results/magic/digital_pll.gds |& tee >&@stdout /openLANE_flow/designs/digital_pll/runs/second_run/logs/klayout/25-klayout.scrot.log"

Tue Apr 27 00:12:13 UTC 2021 - Executing "magic -noconsole -dnull -rcfile /home/mariam/openlane/pdks/sky130A/libs.tech/magic/sky130A.magicrc /openLANE_flow/scripts/magic/gds_pointers.tcl </dev/null |& tee >&@stdout /openLANE_flow/designs/digital_pll/runs/second_run/logs/magic/26-magic.mag.gds_ptrs.log"

Tue Apr 27 00:12:14 UTC 2021 - Executing "sed -i -n {/^<< properties >>/,/^<< end >>/p} /openLANE_flow/designs/digital_pll/runs/second_run/tmp/magic/magic_gds_ptrs.mag"

Tue Apr 27 00:12:14 UTC 2021 - Executing "magic -noconsole -dnull -rcfile /home/mariam/openlane/pdks/sky130A/libs.tech/magic/sky130A.magicrc /openLANE_flow/scripts/magic/lef.tcl </dev/null |& tee >&@stdout /openLANE_flow/designs/digital_pll/runs/second_run/logs/magic/27-magic.lef.log"

Tue Apr 27 00:12:15 UTC 2021 - Executing "magic -noconsole -dnull -rcfile /home/mariam/openlane/pdks/sky130A/libs.tech/magic/sky130A.magicrc /openLANE_flow/scripts/magic/maglef.tcl </dev/null |& tee >&@stdout /openLANE_flow/designs/digital_pll/runs/second_run/logs/magic/28-magic.maglef.log"

Tue Apr 27 00:14:26 UTC 2021 - Executing "magic -noconsole -dnull -rcfile /home/mariam/openlane/pdks/sky130A/libs.tech/magic/sky130A.magicrc /openLANE_flow/designs/digital_pll/runs/second_run/tmp/magic_spice.tcl </dev/null |& tee >&@stdout /openLANE_flow/designs/digital_pll/runs/second_run/logs/magic/29-magic_spice.log"

Tue Apr 27 00:15:40 UTC 2021 - Executing "magic -noconsole -dnull -rcfile /home/mariam/openlane/pdks/sky130A/libs.tech/magic/sky130A.magicrc /openLANE_flow/scripts/magic/drc.tcl </dev/null |& tee >&@stdout /openLANE_flow/designs/digital_pll/runs/second_run/logs/magic/30-magic.drc.log"

Tue Apr 27 00:15:43 UTC 2021 - Executing "python3 /openLANE_flow/scripts/magic_drc_to_tcl.py -i /openLANE_flow/designs/digital_pll/runs/second_run/reports/magic/30-magic.drc -o /openLANE_flow/designs/digital_pll/runs/second_run/reports/magic/30-magic.drc.tcl"

Tue Apr 27 00:15:43 UTC 2021 - Executing "python3 /openLANE_flow/scripts/magic_drc_to_tr_drc.py -i /openLANE_flow/designs/digital_pll/runs/second_run/reports/magic/30-magic.drc -o /openLANE_flow/designs/digital_pll/runs/second_run/reports/magic/30-magic.tr.drc"

Tue Apr 27 00:15:43 UTC 2021 - Executing "python3 /openLANE_flow/scripts/tr2klayout.py -i /openLANE_flow/designs/digital_pll/runs/second_run/reports/magic/30-magic.tr.drc -o /openLANE_flow/designs/digital_pll/runs/second_run/reports/magic/30-magic.drc.klayout.xml --design-name digital_pll"

Tue Apr 27 00:15:43 UTC 2021 - Executing "python3 /openLANE_flow/scripts/magic_drc_to_rdb.py --magic_drc_in /openLANE_flow/designs/digital_pll/runs/second_run/reports/magic/30-magic.drc --rdb_out /openLANE_flow/designs/digital_pll/runs/second_run/reports/magic/30-magic.drc.rdb"

Tue Apr 27 00:16:35 UTC 2021 - Executing "netgen -batch source /openLANE_flow/designs/digital_pll/runs/second_run/tmp/lvs/setup_file.lef.lvs |& tee >&@stdout /openLANE_flow/designs/digital_pll/runs/second_run/logs/lvs/31-lvs.lef.log"

Tue Apr 27 00:17:34 UTC 2021 - Executing "magic -noconsole -dnull -rcfile /home/mariam/openlane/pdks/sky130A/libs.tech/magic/sky130A.magicrc /openLANE_flow/scripts/magic/drc.tcl </dev/null |& tee >&@stdout /openLANE_flow/designs/digital_pll/runs/second_run/logs/magic/32-magic.drc.log"

Tue Apr 27 00:17:37 UTC 2021 - Executing "python3 /openLANE_flow/scripts/magic_drc_to_tcl.py -i /openLANE_flow/designs/digital_pll/runs/second_run/reports/magic/32-magic.drc -o /openLANE_flow/designs/digital_pll/runs/second_run/reports/magic/32-magic.drc.tcl"

Tue Apr 27 00:17:37 UTC 2021 - Executing "python3 /openLANE_flow/scripts/magic_drc_to_tr_drc.py -i /openLANE_flow/designs/digital_pll/runs/second_run/reports/magic/32-magic.drc -o /openLANE_flow/designs/digital_pll/runs/second_run/reports/magic/32-magic.tr.drc"

Tue Apr 27 00:17:37 UTC 2021 - Executing "python3 /openLANE_flow/scripts/tr2klayout.py -i /openLANE_flow/designs/digital_pll/runs/second_run/reports/magic/32-magic.tr.drc -o /openLANE_flow/designs/digital_pll/runs/second_run/reports/magic/32-magic.drc.klayout.xml --design-name digital_pll"

Tue Apr 27 00:17:37 UTC 2021 - Executing "python3 /openLANE_flow/scripts/magic_drc_to_rdb.py --magic_drc_in /openLANE_flow/designs/digital_pll/runs/second_run/reports/magic/32-magic.drc --rdb_out /openLANE_flow/designs/digital_pll/runs/second_run/reports/magic/32-magic.drc.rdb"

Tue Apr 27 00:17:54 UTC 2021 - Executing "openroad -exit /openLANE_flow/scripts/openroad/or_antenna_check.tcl |& tee >&@stdout /openLANE_flow/designs/digital_pll/runs/second_run/logs/routing/33-or_antenna.log"

Tue Apr 27 00:17:56 UTC 2021 - Executing "mv -f /openLANE_flow/designs/digital_pll/runs/second_run/reports/routing/antenna.rpt /openLANE_flow/designs/digital_pll/runs/second_run/reports/routing/34-antenna.rpt"

