First Layout: /openLANE_flow/designs/digital_pll/runs/run_name/results/magic/digital_pll.gds
Second Layout: /openLANE_flow/designs/digital_pll/runs/run_name/results/klayout/digital_pll.gds
Design Name: digital_pll
Output GDS will be: /openLANE_flow/designs/digital_pll/runs/run_name/results/klayout/digital_pll.xor.xml
Reading /openLANE_flow/designs/digital_pll/runs/run_name/results/magic/digital_pll.gds ..
Reading /openLANE_flow/designs/digital_pll/runs/run_name/results/klayout/digital_pll.gds ..
--- Running XOR for 122/16 ---
"_input" in: xor.drc:38
Elapsed: 0.010s
"_input" in: xor.drc:38
Elapsed: 0.010s
"^" in: xor.drc:38
Elapsed: 0.020s
XOR differences: 1135
"_output" in: xor.drc:40
Elapsed: 0.010s
--- Running XOR for 235/4 ---
"_input" in: xor.drc:38
Elapsed: 0.010s
"_input" in: xor.drc:38
Elapsed: 0.000s
"^" in: xor.drc:38
Elapsed: 0.010s
XOR differences: 1
"_output" in: xor.drc:40
Elapsed: 0.010s
--- Running XOR for 236/0 ---
"_input" in: xor.drc:38
Elapsed: 0.010s
"_input" in: xor.drc:38
Elapsed: 0.000s
"^" in: xor.drc:38
Elapsed: 0.020s
XOR differences: 2
"_output" in: xor.drc:40
Elapsed: 0.000s
--- Running XOR for 237/0 ---
"_input" in: xor.drc:38
Elapsed: 0.010s
"_input" in: xor.drc:38
Elapsed: 0.010s
"^" in: xor.drc:38
Elapsed: 0.010s
XOR differences: 1
"_output" in: xor.drc:40
Elapsed: 0.010s
--- Running XOR for 64/16 ---
"_input" in: xor.drc:38
Elapsed: 0.000s
"_input" in: xor.drc:38
Elapsed: 0.010s
"^" in: xor.drc:38
Elapsed: 0.020s
XOR differences: 1173
"_output" in: xor.drc:40
Elapsed: 0.010s
--- Running XOR for 64/20 ---
"_input" in: xor.drc:38
Elapsed: 0.010s
"_input" in: xor.drc:38
Elapsed: 0.010s
"^" in: xor.drc:38
Elapsed: 0.010s
XOR differences: 13
"_output" in: xor.drc:40
Elapsed: 0.010s
--- Running XOR for 64/5 ---
"_input" in: xor.drc:38
Elapsed: 0.010s
"_input" in: xor.drc:38
Elapsed: 0.010s
"^" in: xor.drc:38
Elapsed: 0.010s
XOR differences: 0
"_output" in: xor.drc:40
Elapsed: 0.010s
--- Running XOR for 64/59 ---
"_input" in: xor.drc:38
Elapsed: 0.010s
"_input" in: xor.drc:38
Elapsed: 0.010s
"^" in: xor.drc:38
Elapsed: 0.010s
XOR differences: 0
"_output" in: xor.drc:40
Elapsed: 0.000s
--- Running XOR for 65/20 ---
"_input" in: xor.drc:38
Elapsed: 0.010s
"_input" in: xor.drc:38
Elapsed: 0.010s
"^" in: xor.drc:38
Elapsed: 0.050s
XOR differences: 1456
"_output" in: xor.drc:40
Elapsed: 0.010s
--- Running XOR for 65/44 ---
"_input" in: xor.drc:38
Elapsed: 0.010s
"_input" in: xor.drc:38
Elapsed: 0.000s
"^" in: xor.drc:38
Elapsed: 0.010s
XOR differences: 288
"_output" in: xor.drc:40
Elapsed: 0.010s
--- Running XOR for 66/15 ---
"_input" in: xor.drc:38
Elapsed: 0.010s
"_input" in: xor.drc:38
Elapsed: 0.010s
"^" in: xor.drc:38
Elapsed: 0.010s
XOR differences: 4
"_output" in: xor.drc:40
Elapsed: 0.010s
--- Running XOR for 66/20 ---
"_input" in: xor.drc:38
Elapsed: 0.000s
"_input" in: xor.drc:38
Elapsed: 0.000s
"^" in: xor.drc:38
Elapsed: 0.160s
XOR differences: 1837
"_output" in: xor.drc:40
Elapsed: 0.010s
--- Running XOR for 66/44 ---
"_input" in: xor.drc:38
Elapsed: 0.010s
"_input" in: xor.drc:38
Elapsed: 0.010s
"^" in: xor.drc:38
Elapsed: 0.150s
XOR differences: 10943
"_output" in: xor.drc:40
Elapsed: 0.030s
--- Running XOR for 67/16 ---
"_input" in: xor.drc:38
Elapsed: 0.020s
"_input" in: xor.drc:38
Elapsed: 0.010s
"^" in: xor.drc:38
Elapsed: 0.020s
XOR differences: 3580
"_output" in: xor.drc:40
Elapsed: 0.020s
--- Running XOR for 67/20 ---
"_input" in: xor.drc:38
Elapsed: 0.010s
"_input" in: xor.drc:38
Elapsed: 0.010s
"^" in: xor.drc:38
Elapsed: 0.320s
XOR differences: 1658
"_output" in: xor.drc:40
Elapsed: 0.010s
--- Running XOR for 67/44 ---
"_input" in: xor.drc:38
Elapsed: 0.010s
"_input" in: xor.drc:38
Elapsed: 0.010s
"^" in: xor.drc:38
Elapsed: 0.100s
XOR differences: 7932
"_output" in: xor.drc:40
Elapsed: 0.020s
--- Running XOR for 67/5 ---
"_input" in: xor.drc:38
Elapsed: 0.010s
"_input" in: xor.drc:38
Elapsed: 0.010s
"^" in: xor.drc:38
Elapsed: 0.010s
XOR differences: 0
"_output" in: xor.drc:40
Elapsed: 0.010s
--- Running XOR for 68/16 ---
"_input" in: xor.drc:38
Elapsed: 0.010s
"_input" in: xor.drc:38
Elapsed: 0.010s
"^" in: xor.drc:38
Elapsed: 0.030s
XOR differences: 2333
"_output" in: xor.drc:40
Elapsed: 0.010s
--- Running XOR for 68/20 ---
"_input" in: xor.drc:38
Elapsed: 0.010s
"_input" in: xor.drc:38
Elapsed: 0.010s
"^" in: xor.drc:38
Elapsed: 0.090s
XOR differences: 883
"_output" in: xor.drc:40
Elapsed: 0.020s
--- Running XOR for 68/44 ---
"_input" in: xor.drc:38
Elapsed: 0.000s
"_input" in: xor.drc:38
Elapsed: 0.010s
"^" in: xor.drc:38
Elapsed: 0.020s
XOR differences: 2327
"_output" in: xor.drc:40
Elapsed: 0.030s
--- Running XOR for 68/5 ---
"_input" in: xor.drc:38
Elapsed: 0.000s
"_input" in: xor.drc:38
Elapsed: 0.010s
"^" in: xor.drc:38
Elapsed: 0.010s
XOR differences: 0
"_output" in: xor.drc:40
Elapsed: 0.010s
--- Running XOR for 69/16 ---
"_input" in: xor.drc:38
Elapsed: 0.010s
"_input" in: xor.drc:38
Elapsed: 0.010s
"^" in: xor.drc:38
Elapsed: 0.010s
XOR differences: 12
"_output" in: xor.drc:40
Elapsed: 0.010s
--- Running XOR for 69/20 ---
"_input" in: xor.drc:38
Elapsed: 0.000s
"_input" in: xor.drc:38
Elapsed: 0.010s
"^" in: xor.drc:38
Elapsed: 0.030s
XOR differences: 856
"_output" in: xor.drc:40
Elapsed: 0.010s
--- Running XOR for 69/44 ---
"_input" in: xor.drc:38
Elapsed: 0.010s
"_input" in: xor.drc:38
Elapsed: 0.010s
"^" in: xor.drc:38
Elapsed: 0.010s
XOR differences: 584
"_output" in: xor.drc:40
Elapsed: 0.010s
--- Running XOR for 69/5 ---
"_input" in: xor.drc:38
Elapsed: 0.010s
"_input" in: xor.drc:38
Elapsed: 0.010s
"^" in: xor.drc:38
Elapsed: 0.010s
XOR differences: 0
"_output" in: xor.drc:40
Elapsed: 0.010s
--- Running XOR for 70/16 ---
"_input" in: xor.drc:38
Elapsed: 0.000s
"_input" in: xor.drc:38
Elapsed: 0.010s
"^" in: xor.drc:38
Elapsed: 0.010s
XOR differences: 8
"_output" in: xor.drc:40
Elapsed: 0.010s
--- Running XOR for 70/20 ---
"_input" in: xor.drc:38
Elapsed: 0.010s
"_input" in: xor.drc:38
Elapsed: 0.010s
"^" in: xor.drc:38
Elapsed: 0.010s
XOR differences: 156
"_output" in: xor.drc:40
Elapsed: 0.010s
--- Running XOR for 70/44 ---
"_input" in: xor.drc:38
Elapsed: 0.010s
"_input" in: xor.drc:38
Elapsed: 0.010s
"^" in: xor.drc:38
Elapsed: 0.010s
XOR differences: 560
"_output" in: xor.drc:40
Elapsed: 0.010s
--- Running XOR for 70/5 ---
"_input" in: xor.drc:38
Elapsed: 0.010s
"_input" in: xor.drc:38
Elapsed: 0.010s
"^" in: xor.drc:38
Elapsed: 0.010s
XOR differences: 0
"_output" in: xor.drc:40
Elapsed: 0.010s
--- Running XOR for 71/16 ---
"_input" in: xor.drc:38
Elapsed: 0.010s
"_input" in: xor.drc:38
Elapsed: 0.000s
"^" in: xor.drc:38
Elapsed: 0.020s
XOR differences: 10
"_output" in: xor.drc:40
Elapsed: 0.000s
--- Running XOR for 71/20 ---
"_input" in: xor.drc:38
Elapsed: 0.000s
"_input" in: xor.drc:38
Elapsed: 0.010s
"^" in: xor.drc:38
Elapsed: 0.010s
XOR differences: 93
"_output" in: xor.drc:40
Elapsed: 0.010s
--- Running XOR for 71/44 ---
"_input" in: xor.drc:38
Elapsed: 0.010s
"_input" in: xor.drc:38
Elapsed: 0.010s
"^" in: xor.drc:38
Elapsed: 0.010s
XOR differences: 26
"_output" in: xor.drc:40
Elapsed: 0.010s
--- Running XOR for 71/5 ---
"_input" in: xor.drc:38
Elapsed: 0.000s
"_input" in: xor.drc:38
Elapsed: 0.010s
"^" in: xor.drc:38
Elapsed: 0.010s
XOR differences: 0
"_output" in: xor.drc:40
Elapsed: 0.010s
--- Running XOR for 72/16 ---
"_input" in: xor.drc:38
Elapsed: 0.010s
"_input" in: xor.drc:38
Elapsed: 0.000s
"^" in: xor.drc:38
Elapsed: 0.010s
XOR differences: 10
"_output" in: xor.drc:40
Elapsed: 0.010s
--- Running XOR for 72/20 ---
"_input" in: xor.drc:38
Elapsed: 0.000s
"_input" in: xor.drc:38
Elapsed: 0.010s
"^" in: xor.drc:38
Elapsed: 0.010s
XOR differences: 23
"_output" in: xor.drc:40
Elapsed: 0.010s
--- Running XOR for 72/5 ---
"_input" in: xor.drc:38
Elapsed: 0.010s
"_input" in: xor.drc:38
Elapsed: 0.010s
"^" in: xor.drc:38
Elapsed: 0.000s
XOR differences: 0
"_output" in: xor.drc:40
Elapsed: 0.010s
--- Running XOR for 78/44 ---
"_input" in: xor.drc:38
Elapsed: 0.000s
"_input" in: xor.drc:38
Elapsed: 0.010s
"^" in: xor.drc:38
Elapsed: 0.030s
XOR differences: 13
"_output" in: xor.drc:40
Elapsed: 0.010s
--- Running XOR for 81/4 ---
"_input" in: xor.drc:38
Elapsed: 0.000s
"_input" in: xor.drc:38
Elapsed: 0.010s
"^" in: xor.drc:38
Elapsed: 0.030s
XOR differences: 1
"_output" in: xor.drc:40
Elapsed: 0.010s
--- Running XOR for 83/44 ---
"_input" in: xor.drc:38
Elapsed: 0.000s
"_input" in: xor.drc:38
Elapsed: 0.010s
"^" in: xor.drc:38
Elapsed: 0.010s
XOR differences: 0
"_output" in: xor.drc:40
Elapsed: 0.010s
--- Running XOR for 93/44 ---
"_input" in: xor.drc:38
Elapsed: 0.010s
"_input" in: xor.drc:38
Elapsed: 0.010s
"^" in: xor.drc:38
Elapsed: 0.020s
XOR differences: 85
"_output" in: xor.drc:40
Elapsed: 0.010s
--- Running XOR for 94/20 ---
"_input" in: xor.drc:38
Elapsed: 0.010s
"_input" in: xor.drc:38
Elapsed: 0.000s
"^" in: xor.drc:38
Elapsed: 0.040s
XOR differences: 83
"_output" in: xor.drc:40
Elapsed: 0.010s
--- Running XOR for 95/20 ---
"_input" in: xor.drc:38
Elapsed: 0.000s
"_input" in: xor.drc:38
Elapsed: 0.010s
"^" in: xor.drc:38
Elapsed: 0.030s
XOR differences: 191
"_output" in: xor.drc:40
Elapsed: 0.010s
Writing report database: /openLANE_flow/designs/digital_pll/runs/run_name/results/klayout/digital_pll.xor.xml ..
Total run time: 3.560s
