Startpoint: _318_ (rising edge-triggered flip-flop)
Endpoint: clockp[1] (output port clocked by osc)
Path Group: osc
Path Type: min

Fanout     Cap    Slew   Delay    Time   Description
-----------------------------------------------------------------------------
                  0.05    0.00    0.00 ^ _318_/CLK (sky130_fd_sc_hd__dfrtp_2)
                  0.18    0.33    0.33 ^ _318_/Q (sky130_fd_sc_hd__dfrtp_2)
    19    0.05                           pll_control.tint[4] (net)
                  0.18    0.00    0.33 ^ _257_/A1 (sky130_fd_sc_hd__o31a_2)
                  0.07    0.14    0.47 ^ _257_/X (sky130_fd_sc_hd__o31a_2)
     2    0.01                           pll_control.trim[5] (net)
                  0.07    0.00    0.47 ^ ringosc.dstage[5].id.delayenb0/TE_B (sky130_fd_sc_hd__einvn_8)
                  0.00    0.04    0.50 v ringosc.dstage[5].id.delayenb0/Z (sky130_fd_sc_hd__einvn_8)
     2    0.02                           ringosc.dstage[5].id.out (net)
                  0.00    0.00    0.50 v ringosc.ibufp10/A (sky130_fd_sc_hd__clkinv_2)
                  0.06    0.05    0.55 ^ ringosc.ibufp10/Y (sky130_fd_sc_hd__clkinv_2)
     1    0.02                           ringosc.c[1] (net)
                  0.06    0.00    0.55 ^ ringosc.ibufp11/A (sky130_fd_sc_hd__clkinv_8)
                  0.03    0.03    0.59 v ringosc.ibufp11/Y (sky130_fd_sc_hd__clkinv_8)
     1    0.02                           clockp[1] (net)
                  0.03    0.00    0.59 v clockp[1] (out)
                                  0.59   data arrival time

                  0.00    0.00    0.00   clock osc (rise edge)
                          0.00    0.00   clock network delay (ideal)
                          0.00    0.00   clock reconvergence pessimism
                         -5.00   -5.00   output external delay
                                 -5.00   data required time
-----------------------------------------------------------------------------
                                 -5.00   data required time
                                 -0.59   data arrival time
-----------------------------------------------------------------------------
                                  5.59   slack (MET)


Startpoint: resetb (input port clocked by osc)
Endpoint: clockp[0] (output port clocked by osc)
Path Group: osc
Path Type: max

Fanout     Cap    Slew   Delay    Time   Description
-----------------------------------------------------------------------------
                  0.00    0.00    0.00   clock osc (rise edge)
                          0.00    0.00   clock network delay (ideal)
                          5.00    5.00 ^ input external delay
                  0.03    0.01    5.01 ^ resetb (in)
     1    0.00                           resetb (net)
                  0.03    0.00    5.01 ^ _155_/B (sky130_fd_sc_hd__nand2_2)
                  0.09    0.11    5.11 v _155_/Y (sky130_fd_sc_hd__nand2_2)
     3    0.01                           pll_control.reset (net)
                  0.09    0.00    5.11 v ringosc.iss.ctrlen0/A (sky130_fd_sc_hd__or2_2)
                  0.15    0.73    5.84 v ringosc.iss.ctrlen0/X (sky130_fd_sc_hd__or2_2)
     1    0.01                           ringosc.iss.ctrl0 (net)
                  0.15    0.00    5.84 v ringosc.iss.delayenb0/TE_B (sky130_fd_sc_hd__einvn_8)
                  0.06    0.30    6.14 v ringosc.iss.delayenb0/Z (sky130_fd_sc_hd__einvn_8)
     2    0.02                           ringosc.dstage[0].id.in (net)
                  0.31    0.00    6.14 v ringosc.dstage[0].id.delaybuf0/A (sky130_fd_sc_hd__clkbuf_2)
                  0.19    0.26    6.40 v ringosc.dstage[0].id.delaybuf0/X (sky130_fd_sc_hd__clkbuf_2)
     3    0.03                           ringosc.dstage[0].id.ts (net)
                  0.19    0.00    6.40 v ringosc.dstage[0].id.delaybuf1/A (sky130_fd_sc_hd__clkbuf_1)
                  0.07    0.23    6.63 v ringosc.dstage[0].id.delaybuf1/X (sky130_fd_sc_hd__clkbuf_1)
     1    0.00                           ringosc.dstage[0].id.d0 (net)
                  0.07    0.00    6.63 v ringosc.dstage[0].id.delayen1/A (sky130_fd_sc_hd__einvp_2)
                  0.18    0.18    6.81 ^ ringosc.dstage[0].id.delayen1/Z (sky130_fd_sc_hd__einvp_2)
     1    0.01                           ringosc.dstage[0].id.d1 (net)
                  0.18    0.00    6.81 ^ ringosc.dstage[0].id.delayint0/A (sky130_fd_sc_hd__clkinv_1)
                  0.08    0.08    6.89 v ringosc.dstage[0].id.delayint0/Y (sky130_fd_sc_hd__clkinv_1)
     1    0.00                           ringosc.dstage[0].id.d2 (net)
                  0.08    0.00    6.89 v ringosc.dstage[0].id.delayen0/A (sky130_fd_sc_hd__einvp_2)
                  0.25    0.23    7.12 ^ ringosc.dstage[0].id.delayen0/Z (sky130_fd_sc_hd__einvp_2)
     1    0.01                           ringosc.dstage[0].id.out (net)
                  0.25    0.00    7.12 ^ ringosc.dstage[1].id.delaybuf0/A (sky130_fd_sc_hd__clkbuf_2)
                  0.25    0.29    7.41 ^ ringosc.dstage[1].id.delaybuf0/X (sky130_fd_sc_hd__clkbuf_2)
     3    0.03                           ringosc.dstage[1].id.ts (net)
                  0.25    0.00    7.41 ^ ringosc.dstage[1].id.delaybuf1/A (sky130_fd_sc_hd__clkbuf_1)
                  0.11    0.24    7.66 ^ ringosc.dstage[1].id.delaybuf1/X (sky130_fd_sc_hd__clkbuf_1)
     1    0.00                           ringosc.dstage[1].id.d0 (net)
                  0.11    0.00    7.66 ^ ringosc.dstage[1].id.delayen1/A (sky130_fd_sc_hd__einvp_2)
                  0.09    0.12    7.78 v ringosc.dstage[1].id.delayen1/Z (sky130_fd_sc_hd__einvp_2)
     1    0.01                           ringosc.dstage[1].id.d1 (net)
                  0.09    0.00    7.78 v ringosc.dstage[1].id.delayint0/A (sky130_fd_sc_hd__clkinv_1)
                  0.05    0.05    7.83 ^ ringosc.dstage[1].id.delayint0/Y (sky130_fd_sc_hd__clkinv_1)
     1    0.00                           ringosc.dstage[1].id.d2 (net)
                  0.05    0.00    7.83 ^ ringosc.dstage[1].id.delayen0/A (sky130_fd_sc_hd__einvp_2)
                  0.12    0.13    7.95 v ringosc.dstage[1].id.delayen0/Z (sky130_fd_sc_hd__einvp_2)
     1    0.01                           ringosc.dstage[1].id.out (net)
                  0.12    0.00    7.95 v ringosc.dstage[2].id.delaybuf0/A (sky130_fd_sc_hd__clkbuf_2)
                  0.19    0.26    8.22 v ringosc.dstage[2].id.delaybuf0/X (sky130_fd_sc_hd__clkbuf_2)
     3    0.03                           ringosc.dstage[2].id.ts (net)
                  0.19    0.00    8.22 v ringosc.dstage[2].id.delaybuf1/A (sky130_fd_sc_hd__clkbuf_1)
                  0.07    0.23    8.45 v ringosc.dstage[2].id.delaybuf1/X (sky130_fd_sc_hd__clkbuf_1)
     1    0.00                           ringosc.dstage[2].id.d0 (net)
                  0.07    0.00    8.45 v ringosc.dstage[2].id.delayen1/A (sky130_fd_sc_hd__einvp_2)
                  0.18    0.18    8.62 ^ ringosc.dstage[2].id.delayen1/Z (sky130_fd_sc_hd__einvp_2)
     1    0.01                           ringosc.dstage[2].id.d1 (net)
                  0.18    0.00    8.62 ^ ringosc.dstage[2].id.delayint0/A (sky130_fd_sc_hd__clkinv_1)
                  0.08    0.08    8.71 v ringosc.dstage[2].id.delayint0/Y (sky130_fd_sc_hd__clkinv_1)
     1    0.00                           ringosc.dstage[2].id.d2 (net)
                  0.08    0.00    8.71 v ringosc.dstage[2].id.delayen0/A (sky130_fd_sc_hd__einvp_2)
                  0.25    0.23    8.94 ^ ringosc.dstage[2].id.delayen0/Z (sky130_fd_sc_hd__einvp_2)
     1    0.01                           ringosc.dstage[2].id.out (net)
                  0.25    0.00    8.94 ^ ringosc.dstage[3].id.delaybuf0/A (sky130_fd_sc_hd__clkbuf_2)
                  0.25    0.29    9.23 ^ ringosc.dstage[3].id.delaybuf0/X (sky130_fd_sc_hd__clkbuf_2)
     3    0.03                           ringosc.dstage[3].id.ts (net)
                  0.25    0.00    9.23 ^ ringosc.dstage[3].id.delaybuf1/A (sky130_fd_sc_hd__clkbuf_1)
                  0.11    0.24    9.47 ^ ringosc.dstage[3].id.delaybuf1/X (sky130_fd_sc_hd__clkbuf_1)
     1    0.00                           ringosc.dstage[3].id.d0 (net)
                  0.11    0.00    9.47 ^ ringosc.dstage[3].id.delayen1/A (sky130_fd_sc_hd__einvp_2)
                  0.09    0.12    9.60 v ringosc.dstage[3].id.delayen1/Z (sky130_fd_sc_hd__einvp_2)
     1    0.01                           ringosc.dstage[3].id.d1 (net)
                  0.09    0.00    9.60 v ringosc.dstage[3].id.delayint0/A (sky130_fd_sc_hd__clkinv_1)
                  0.05    0.05    9.64 ^ ringosc.dstage[3].id.delayint0/Y (sky130_fd_sc_hd__clkinv_1)
     1    0.00                           ringosc.dstage[3].id.d2 (net)
                  0.05    0.00    9.64 ^ ringosc.dstage[3].id.delayen0/A (sky130_fd_sc_hd__einvp_2)
                  0.12    0.13    9.77 v ringosc.dstage[3].id.delayen0/Z (sky130_fd_sc_hd__einvp_2)
     1    0.01                           ringosc.dstage[3].id.out (net)
                  0.12    0.00    9.77 v ringosc.dstage[4].id.delaybuf0/A (sky130_fd_sc_hd__clkbuf_2)
                  0.19    0.26   10.03 v ringosc.dstage[4].id.delaybuf0/X (sky130_fd_sc_hd__clkbuf_2)
     3    0.03                           ringosc.dstage[4].id.ts (net)
                  0.19    0.00   10.03 v ringosc.dstage[4].id.delaybuf1/A (sky130_fd_sc_hd__clkbuf_1)
                  0.07    0.23   10.26 v ringosc.dstage[4].id.delaybuf1/X (sky130_fd_sc_hd__clkbuf_1)
     1    0.00                           ringosc.dstage[4].id.d0 (net)
                  0.07    0.00   10.26 v ringosc.dstage[4].id.delayen1/A (sky130_fd_sc_hd__einvp_2)
                  0.18    0.18   10.44 ^ ringosc.dstage[4].id.delayen1/Z (sky130_fd_sc_hd__einvp_2)
     1    0.01                           ringosc.dstage[4].id.d1 (net)
                  0.18    0.00   10.44 ^ ringosc.dstage[4].id.delayint0/A (sky130_fd_sc_hd__clkinv_1)
                  0.08    0.08   10.52 v ringosc.dstage[4].id.delayint0/Y (sky130_fd_sc_hd__clkinv_1)
     1    0.00                           ringosc.dstage[4].id.d2 (net)
                  0.08    0.00   10.52 v ringosc.dstage[4].id.delayen0/A (sky130_fd_sc_hd__einvp_2)
                  0.25    0.23   10.76 ^ ringosc.dstage[4].id.delayen0/Z (sky130_fd_sc_hd__einvp_2)
     1    0.01                           ringosc.dstage[4].id.out (net)
                  0.25    0.00   10.76 ^ ringosc.dstage[5].id.delaybuf0/A (sky130_fd_sc_hd__clkbuf_2)
                  0.25    0.29   11.05 ^ ringosc.dstage[5].id.delaybuf0/X (sky130_fd_sc_hd__clkbuf_2)
     3    0.03                           ringosc.dstage[5].id.ts (net)
                  0.25    0.00   11.05 ^ ringosc.dstage[5].id.delaybuf1/A (sky130_fd_sc_hd__clkbuf_1)
                  0.11    0.24   11.29 ^ ringosc.dstage[5].id.delaybuf1/X (sky130_fd_sc_hd__clkbuf_1)
     1    0.00                           ringosc.dstage[5].id.d0 (net)
                  0.11    0.00   11.29 ^ ringosc.dstage[5].id.delayen1/A (sky130_fd_sc_hd__einvp_2)
                  0.09    0.12   11.41 v ringosc.dstage[5].id.delayen1/Z (sky130_fd_sc_hd__einvp_2)
     1    0.01                           ringosc.dstage[5].id.d1 (net)
                  0.09    0.00   11.41 v ringosc.dstage[5].id.delayint0/A (sky130_fd_sc_hd__clkinv_1)
                  0.05    0.05   11.46 ^ ringosc.dstage[5].id.delayint0/Y (sky130_fd_sc_hd__clkinv_1)
     1    0.00                           ringosc.dstage[5].id.d2 (net)
                  0.05    0.00   11.46 ^ ringosc.dstage[5].id.delayen0/A (sky130_fd_sc_hd__einvp_2)
                  0.16    0.16   11.62 v ringosc.dstage[5].id.delayen0/Z (sky130_fd_sc_hd__einvp_2)
     2    0.02                           ringosc.dstage[5].id.out (net)
                  0.16    0.00   11.62 v ringosc.dstage[6].id.delaybuf0/A (sky130_fd_sc_hd__clkbuf_2)
                  0.19    0.26   11.88 v ringosc.dstage[6].id.delaybuf0/X (sky130_fd_sc_hd__clkbuf_2)
     3    0.03                           ringosc.dstage[6].id.ts (net)
                  0.19    0.00   11.88 v ringosc.dstage[6].id.delaybuf1/A (sky130_fd_sc_hd__clkbuf_1)
                  0.07    0.23   12.11 v ringosc.dstage[6].id.delaybuf1/X (sky130_fd_sc_hd__clkbuf_1)
     1    0.00                           ringosc.dstage[6].id.d0 (net)
                  0.07    0.00   12.11 v ringosc.dstage[6].id.delayen1/A (sky130_fd_sc_hd__einvp_2)
                  0.18    0.18   12.29 ^ ringosc.dstage[6].id.delayen1/Z (sky130_fd_sc_hd__einvp_2)
     1    0.01                           ringosc.dstage[6].id.d1 (net)
                  0.18    0.00   12.29 ^ ringosc.dstage[6].id.delayint0/A (sky130_fd_sc_hd__clkinv_1)
                  0.08    0.08   12.37 v ringosc.dstage[6].id.delayint0/Y (sky130_fd_sc_hd__clkinv_1)
     1    0.00                           ringosc.dstage[6].id.d2 (net)
                  0.08    0.00   12.37 v ringosc.dstage[6].id.delayen0/A (sky130_fd_sc_hd__einvp_2)
                  0.25    0.23   12.61 ^ ringosc.dstage[6].id.delayen0/Z (sky130_fd_sc_hd__einvp_2)
     1    0.01                           ringosc.dstage[6].id.out (net)
                  0.25    0.00   12.61 ^ ringosc.dstage[7].id.delaybuf0/A (sky130_fd_sc_hd__clkbuf_2)
                  0.25    0.29   12.90 ^ ringosc.dstage[7].id.delaybuf0/X (sky130_fd_sc_hd__clkbuf_2)
     3    0.03                           ringosc.dstage[7].id.ts (net)
                  0.25    0.00   12.90 ^ ringosc.dstage[7].id.delaybuf1/A (sky130_fd_sc_hd__clkbuf_1)
                  0.11    0.24   13.14 ^ ringosc.dstage[7].id.delaybuf1/X (sky130_fd_sc_hd__clkbuf_1)
     1    0.00                           ringosc.dstage[7].id.d0 (net)
                  0.11    0.00   13.14 ^ ringosc.dstage[7].id.delayen1/A (sky130_fd_sc_hd__einvp_2)
                  0.09    0.12   13.26 v ringosc.dstage[7].id.delayen1/Z (sky130_fd_sc_hd__einvp_2)
     1    0.01                           ringosc.dstage[7].id.d1 (net)
                  0.09    0.00   13.26 v ringosc.dstage[7].id.delayint0/A (sky130_fd_sc_hd__clkinv_1)
                  0.05    0.05   13.31 ^ ringosc.dstage[7].id.delayint0/Y (sky130_fd_sc_hd__clkinv_1)
     1    0.00                           ringosc.dstage[7].id.d2 (net)
                  0.05    0.00   13.31 ^ ringosc.dstage[7].id.delayen0/A (sky130_fd_sc_hd__einvp_2)
                  0.12    0.13   13.44 v ringosc.dstage[7].id.delayen0/Z (sky130_fd_sc_hd__einvp_2)
     1    0.01                           ringosc.dstage[7].id.out (net)
                  0.12    0.00   13.44 v ringosc.dstage[8].id.delaybuf0/A (sky130_fd_sc_hd__clkbuf_2)
                  0.19    0.26   13.70 v ringosc.dstage[8].id.delaybuf0/X (sky130_fd_sc_hd__clkbuf_2)
     3    0.03                           ringosc.dstage[8].id.ts (net)
                  0.19    0.00   13.70 v ringosc.dstage[8].id.delaybuf1/A (sky130_fd_sc_hd__clkbuf_1)
                  0.07    0.23   13.93 v ringosc.dstage[8].id.delaybuf1/X (sky130_fd_sc_hd__clkbuf_1)
     1    0.00                           ringosc.dstage[8].id.d0 (net)
                  0.07    0.00   13.93 v ringosc.dstage[8].id.delayen1/A (sky130_fd_sc_hd__einvp_2)
                  0.18    0.18   14.11 ^ ringosc.dstage[8].id.delayen1/Z (sky130_fd_sc_hd__einvp_2)
     1    0.01                           ringosc.dstage[8].id.d1 (net)
                  0.18    0.00   14.11 ^ ringosc.dstage[8].id.delayint0/A (sky130_fd_sc_hd__clkinv_1)
                  0.08    0.08   14.19 v ringosc.dstage[8].id.delayint0/Y (sky130_fd_sc_hd__clkinv_1)
     1    0.00                           ringosc.dstage[8].id.d2 (net)
                  0.08    0.00   14.19 v ringosc.dstage[8].id.delayen0/A (sky130_fd_sc_hd__einvp_2)
                  0.25    0.23   14.42 ^ ringosc.dstage[8].id.delayen0/Z (sky130_fd_sc_hd__einvp_2)
     1    0.01                           ringosc.dstage[8].id.out (net)
                  0.25    0.00   14.42 ^ ringosc.dstage[9].id.delaybuf0/A (sky130_fd_sc_hd__clkbuf_2)
                  0.25    0.29   14.71 ^ ringosc.dstage[9].id.delaybuf0/X (sky130_fd_sc_hd__clkbuf_2)
     3    0.03                           ringosc.dstage[9].id.ts (net)
                  0.25    0.00   14.71 ^ ringosc.dstage[9].id.delaybuf1/A (sky130_fd_sc_hd__clkbuf_1)
                  0.11    0.24   14.96 ^ ringosc.dstage[9].id.delaybuf1/X (sky130_fd_sc_hd__clkbuf_1)
     1    0.00                           ringosc.dstage[9].id.d0 (net)
                  0.11    0.00   14.96 ^ ringosc.dstage[9].id.delayen1/A (sky130_fd_sc_hd__einvp_2)
                  0.09    0.12   15.08 v ringosc.dstage[9].id.delayen1/Z (sky130_fd_sc_hd__einvp_2)
     1    0.01                           ringosc.dstage[9].id.d1 (net)
                  0.09    0.00   15.08 v ringosc.dstage[9].id.delayint0/A (sky130_fd_sc_hd__clkinv_1)
                  0.05    0.05   15.13 ^ ringosc.dstage[9].id.delayint0/Y (sky130_fd_sc_hd__clkinv_1)
     1    0.00                           ringosc.dstage[9].id.d2 (net)
                  0.05    0.00   15.13 ^ ringosc.dstage[9].id.delayen0/A (sky130_fd_sc_hd__einvp_2)
                  0.12    0.13   15.25 v ringosc.dstage[9].id.delayen0/Z (sky130_fd_sc_hd__einvp_2)
     1    0.01                           ringosc.dstage[10].id.in (net)
                  0.12    0.00   15.25 v ringosc.dstage[10].id.delaybuf0/A (sky130_fd_sc_hd__clkbuf_2)
                  0.19    0.26   15.52 v ringosc.dstage[10].id.delaybuf0/X (sky130_fd_sc_hd__clkbuf_2)
     3    0.03                           ringosc.dstage[10].id.ts (net)
                  0.19    0.00   15.52 v ringosc.dstage[10].id.delaybuf1/A (sky130_fd_sc_hd__clkbuf_1)
                  0.07    0.23   15.75 v ringosc.dstage[10].id.delaybuf1/X (sky130_fd_sc_hd__clkbuf_1)
     1    0.00                           ringosc.dstage[10].id.d0 (net)
                  0.07    0.00   15.75 v ringosc.dstage[10].id.delayen1/A (sky130_fd_sc_hd__einvp_2)
                  0.18    0.18   15.92 ^ ringosc.dstage[10].id.delayen1/Z (sky130_fd_sc_hd__einvp_2)
     1    0.01                           ringosc.dstage[10].id.d1 (net)
                  0.18    0.00   15.92 ^ ringosc.dstage[10].id.delayint0/A (sky130_fd_sc_hd__clkinv_1)
                  0.08    0.08   16.01 v ringosc.dstage[10].id.delayint0/Y (sky130_fd_sc_hd__clkinv_1)
     1    0.00                           ringosc.dstage[10].id.d2 (net)
                  0.08    0.00   16.01 v ringosc.dstage[10].id.delayen0/A (sky130_fd_sc_hd__einvp_2)
                  0.25    0.23   16.24 ^ ringosc.dstage[10].id.delayen0/Z (sky130_fd_sc_hd__einvp_2)
     1    0.01                           ringosc.dstage[10].id.out (net)
                  0.25    0.00   16.24 ^ ringosc.dstage[11].id.delaybuf0/A (sky130_fd_sc_hd__clkbuf_2)
                  0.25    0.29   16.53 ^ ringosc.dstage[11].id.delaybuf0/X (sky130_fd_sc_hd__clkbuf_2)
     3    0.03                           ringosc.dstage[11].id.ts (net)
                  0.25    0.00   16.53 ^ ringosc.dstage[11].id.delaybuf1/A (sky130_fd_sc_hd__clkbuf_1)
                  0.11    0.24   16.77 ^ ringosc.dstage[11].id.delaybuf1/X (sky130_fd_sc_hd__clkbuf_1)
     1    0.00                           ringosc.dstage[11].id.d0 (net)
                  0.11    0.00   16.77 ^ ringosc.dstage[11].id.delayen1/A (sky130_fd_sc_hd__einvp_2)
                  0.09    0.12   16.90 v ringosc.dstage[11].id.delayen1/Z (sky130_fd_sc_hd__einvp_2)
     1    0.01                           ringosc.dstage[11].id.d1 (net)
                  0.09    0.00   16.90 v ringosc.dstage[11].id.delayint0/A (sky130_fd_sc_hd__clkinv_1)
                  0.05    0.05   16.94 ^ ringosc.dstage[11].id.delayint0/Y (sky130_fd_sc_hd__clkinv_1)
     1    0.00                           ringosc.dstage[11].id.d2 (net)
                  0.05    0.00   16.94 ^ ringosc.dstage[11].id.delayen0/A (sky130_fd_sc_hd__einvp_2)
                  0.32    0.28   17.22 v ringosc.dstage[11].id.delayen0/Z (sky130_fd_sc_hd__einvp_2)
     3    0.04                           ringosc.dstage[11].id.out (net)
                  0.32    0.00   17.22 v ringosc.iss.delaybuf0/A (sky130_fd_sc_hd__clkbuf_1)
                  0.07    0.14   17.36 v ringosc.iss.delaybuf0/X (sky130_fd_sc_hd__clkbuf_1)
     1    0.00                           ringosc.iss.d0 (net)
                  0.07    0.00   17.36 v ringosc.iss.delayen1/A (sky130_fd_sc_hd__einvp_2)
                  0.18    0.18   17.54 ^ ringosc.iss.delayen1/Z (sky130_fd_sc_hd__einvp_2)
     1    0.01                           ringosc.iss.d1 (net)
                  0.18    0.00   17.54 ^ ringosc.iss.delayint0/A (sky130_fd_sc_hd__clkinv_1)
                  0.08    0.08   17.62 v ringosc.iss.delayint0/Y (sky130_fd_sc_hd__clkinv_1)
     1    0.00                           ringosc.iss.d2 (net)
                  0.08    0.00   17.62 v ringosc.iss.delayen0/A (sky130_fd_sc_hd__einvp_2)
                  0.38    0.33   17.95 ^ ringosc.iss.delayen0/Z (sky130_fd_sc_hd__einvp_2)
     2    0.02                           ringosc.dstage[0].id.in (net)
                  0.67    0.00   17.95 ^ ringosc.ibufp00/A (sky130_fd_sc_hd__clkinv_2)
                  0.23    0.41   18.37 v ringosc.ibufp00/Y (sky130_fd_sc_hd__clkinv_2)
     1    0.02                           ringosc.c[0] (net)
                  0.23    0.00   18.37 v ringosc.ibufp01/A (sky130_fd_sc_hd__clkinv_8)
                  0.10    0.18   18.55 ^ ringosc.ibufp01/Y (sky130_fd_sc_hd__clkinv_8)
    24    0.04                           pll_control.clock (net)
                  0.10    0.00   18.55 ^ _302_/A (sky130_fd_sc_hd__buf_2)
                  0.15    0.27   18.82 ^ _302_/X (sky130_fd_sc_hd__buf_2)
     1    0.02                           clockp[0] (net)
                  0.15    0.00   18.82 ^ clockp[0] (out)
                                 18.82   data arrival time

                  0.00   25.00   25.00   clock osc (rise edge)
                          0.00   25.00   clock network delay (ideal)
                          0.00   25.00   clock reconvergence pessimism
                         -5.00   20.00   output external delay
                                 20.00   data required time
-----------------------------------------------------------------------------
                                 20.00   data required time
                                -18.82   data arrival time
-----------------------------------------------------------------------------
                                  1.18   slack (MET)


