Startpoint: _318_ (rising edge-triggered flip-flop)
Endpoint: clockp[1] (output port clocked by osc)
Path Group: osc
Path Type: min

Fanout     Cap    Slew   Delay    Time   Description
-----------------------------------------------------------------------------
                  0.02    0.00    0.00 ^ _318_/CLK (sky130_fd_sc_hd__dfrtp_2)
                  0.03    0.21    0.21 ^ _318_/Q (sky130_fd_sc_hd__dfrtp_2)
    19    0.00                           pll_control.tint[4] (net)
                  0.03    0.00    0.21 ^ _257_/A1 (sky130_fd_sc_hd__o31a_1)
                  0.10    0.13    0.33 ^ _257_/X (sky130_fd_sc_hd__o31a_1)
     2    0.01                           pll_control.trim[5] (net)
                  0.10    0.00    0.33 ^ ringosc.dstage[5].id.delayenb0/TE_B (sky130_fd_sc_hd__einvn_4)
                  0.00    0.02    0.36 v ringosc.dstage[5].id.delayenb0/Z (sky130_fd_sc_hd__einvn_4)
     2    0.01                           ringosc.dstage[5].id.out (net)
                  0.00    0.00    0.36 v ringosc.ibufp10/A (sky130_fd_sc_hd__inv_1)
                  0.04    0.03    0.39 ^ ringosc.ibufp10/Y (sky130_fd_sc_hd__inv_1)
     1    0.00                           ringosc.c[1] (net)
                  0.04    0.00    0.39 ^ ringosc.ibufp11/A (sky130_fd_sc_hd__inv_2)
                  0.01    0.01    0.40 v ringosc.ibufp11/Y (sky130_fd_sc_hd__inv_2)
     1    0.00                           net9 (net)
                  0.01    0.00    0.40 v output9/A (sky130_fd_sc_hd__clkbuf_2)
                  0.01    0.05    0.45 v output9/X (sky130_fd_sc_hd__clkbuf_2)
     1    0.02                           clockp[1] (net)
                  0.01    0.00    0.45 v clockp[1] (out)
                                  0.45   data arrival time

                  0.00    0.00    0.00   clock osc (rise edge)
                          0.00    0.00   clock network delay (ideal)
                          0.00    0.00   clock reconvergence pessimism
                         -5.00   -5.00   output external delay
                                 -5.00   data required time
-----------------------------------------------------------------------------
                                 -5.00   data required time
                                 -0.45   data arrival time
-----------------------------------------------------------------------------
                                  5.45   slack (MET)


Startpoint: resetb (input port clocked by osc)
Endpoint: clockp[0] (output port clocked by osc)
Path Group: osc
Path Type: max

Fanout     Cap    Slew   Delay    Time   Description
-----------------------------------------------------------------------------
                  0.00    0.00    0.00   clock osc (rise edge)
                          0.00    0.00   clock network delay (ideal)
                          5.00    5.00 ^ input external delay
                  0.02    0.00    5.00 ^ resetb (in)
     1    0.00                           resetb (net)
                  0.02    0.00    5.00 ^ input7/A (sky130_fd_sc_hd__buf_1)
                  0.25    0.26    5.26 ^ input7/X (sky130_fd_sc_hd__buf_1)
     1    0.01                           net7 (net)
                  0.25    0.00    5.26 ^ _155_/B (sky130_fd_sc_hd__nand2_4)
                  0.14    0.22    5.48 v _155_/Y (sky130_fd_sc_hd__nand2_4)
     3    0.03                           pll_control.reset (net)
                  0.14    0.00    5.48 v ringosc.iss.ctrlen0/A (sky130_fd_sc_hd__or2_1)
                  0.13    0.56    6.04 v ringosc.iss.ctrlen0/X (sky130_fd_sc_hd__or2_1)
     1    0.01                           ringosc.iss.ctrl0 (net)
                  0.13    0.00    6.04 v ringosc.iss.delayenb0/TE_B (sky130_fd_sc_hd__einvn_4)
                  0.10    0.26    6.31 v ringosc.iss.delayenb0/Z (sky130_fd_sc_hd__einvn_4)
     2    0.02                           ringosc.dstage[0].id.in (net)
                  0.11    0.00    6.31 v ringosc.dstage[0].id.delaybuf0/A (sky130_fd_sc_hd__clkbuf_2)
                  0.05    0.15    6.46 v ringosc.dstage[0].id.delaybuf0/X (sky130_fd_sc_hd__clkbuf_2)
     3    0.00                           ringosc.dstage[0].id.ts (net)
                  0.05    0.00    6.46 v ringosc.dstage[0].id.delaybuf1/A (sky130_fd_sc_hd__clkbuf_1)
                  0.05    0.15    6.61 v ringosc.dstage[0].id.delaybuf1/X (sky130_fd_sc_hd__clkbuf_1)
     1    0.00                           ringosc.dstage[0].id.d0 (net)
                  0.05    0.00    6.61 v ringosc.dstage[0].id.delayen1/A (sky130_fd_sc_hd__einvp_1)
                  0.26    0.24    6.85 ^ ringosc.dstage[0].id.delayen1/Z (sky130_fd_sc_hd__einvp_1)
     1    0.01                           ringosc.dstage[0].id.d1 (net)
                  0.26    0.00    6.85 ^ ringosc.dstage[0].id.delayint0/A (sky130_fd_sc_hd__clkinv_1)
                  0.06    0.06    6.91 v ringosc.dstage[0].id.delayint0/Y (sky130_fd_sc_hd__clkinv_1)
     1    0.00                           ringosc.dstage[0].id.d2 (net)
                  0.06    0.00    6.91 v ringosc.dstage[0].id.delayen0/A (sky130_fd_sc_hd__einvp_1)
                  0.15    0.15    7.06 ^ ringosc.dstage[0].id.delayen0/Z (sky130_fd_sc_hd__einvp_1)
     1    0.00                           ringosc.dstage[0].id.out (net)
                  0.15    0.00    7.06 ^ ringosc.dstage[1].id.delaybuf0/A (sky130_fd_sc_hd__clkbuf_2)
                  0.05    0.14    7.20 ^ ringosc.dstage[1].id.delaybuf0/X (sky130_fd_sc_hd__clkbuf_2)
     3    0.00                           ringosc.dstage[1].id.ts (net)
                  0.05    0.00    7.20 ^ ringosc.dstage[1].id.delaybuf1/A (sky130_fd_sc_hd__clkbuf_1)
                  0.07    0.14    7.34 ^ ringosc.dstage[1].id.delaybuf1/X (sky130_fd_sc_hd__clkbuf_1)
     1    0.00                           ringosc.dstage[1].id.d0 (net)
                  0.07    0.00    7.34 ^ ringosc.dstage[1].id.delayen1/A (sky130_fd_sc_hd__einvp_1)
                  0.12    0.14    7.48 v ringosc.dstage[1].id.delayen1/Z (sky130_fd_sc_hd__einvp_1)
     1    0.01                           ringosc.dstage[1].id.d1 (net)
                  0.12    0.00    7.48 v ringosc.dstage[1].id.delayint0/A (sky130_fd_sc_hd__clkinv_1)
                  0.04    0.04    7.52 ^ ringosc.dstage[1].id.delayint0/Y (sky130_fd_sc_hd__clkinv_1)
     1    0.00                           ringosc.dstage[1].id.d2 (net)
                  0.04    0.00    7.52 ^ ringosc.dstage[1].id.delayen0/A (sky130_fd_sc_hd__einvp_1)
                  0.11    0.12    7.63 v ringosc.dstage[1].id.delayen0/Z (sky130_fd_sc_hd__einvp_1)
     1    0.01                           ringosc.dstage[1].id.out (net)
                  0.11    0.00    7.63 v ringosc.dstage[2].id.delaybuf0/A (sky130_fd_sc_hd__clkbuf_2)
                  0.10    0.19    7.82 v ringosc.dstage[2].id.delaybuf0/X (sky130_fd_sc_hd__clkbuf_2)
     3    0.01                           ringosc.dstage[2].id.ts (net)
                  0.10    0.00    7.82 v ringosc.dstage[2].id.delaybuf1/A (sky130_fd_sc_hd__clkbuf_1)
                  0.05    0.17    7.99 v ringosc.dstage[2].id.delaybuf1/X (sky130_fd_sc_hd__clkbuf_1)
     1    0.00                           ringosc.dstage[2].id.d0 (net)
                  0.05    0.00    7.99 v ringosc.dstage[2].id.delayen1/A (sky130_fd_sc_hd__einvp_1)
                  0.27    0.24    8.23 ^ ringosc.dstage[2].id.delayen1/Z (sky130_fd_sc_hd__einvp_1)
     1    0.01                           ringosc.dstage[2].id.d1 (net)
                  0.27    0.00    8.23 ^ ringosc.dstage[2].id.delayint0/A (sky130_fd_sc_hd__clkinv_1)
                  0.06    0.07    8.30 v ringosc.dstage[2].id.delayint0/Y (sky130_fd_sc_hd__clkinv_1)
     1    0.00                           ringosc.dstage[2].id.d2 (net)
                  0.06    0.00    8.30 v ringosc.dstage[2].id.delayen0/A (sky130_fd_sc_hd__einvp_1)
                  0.24    0.22    8.52 ^ ringosc.dstage[2].id.delayen0/Z (sky130_fd_sc_hd__einvp_1)
     1    0.01                           ringosc.dstage[2].id.out (net)
                  0.24    0.00    8.52 ^ ringosc.dstage[3].id.delaybuf0/A (sky130_fd_sc_hd__clkbuf_2)
                  0.12    0.20    8.72 ^ ringosc.dstage[3].id.delaybuf0/X (sky130_fd_sc_hd__clkbuf_2)
     3    0.01                           ringosc.dstage[3].id.ts (net)
                  0.12    0.00    8.72 ^ ringosc.dstage[3].id.delaybuf1/A (sky130_fd_sc_hd__clkbuf_1)
                  0.07    0.17    8.89 ^ ringosc.dstage[3].id.delaybuf1/X (sky130_fd_sc_hd__clkbuf_1)
     1    0.00                           ringosc.dstage[3].id.d0 (net)
                  0.07    0.00    8.89 ^ ringosc.dstage[3].id.delayen1/A (sky130_fd_sc_hd__einvp_1)
                  0.12    0.14    9.03 v ringosc.dstage[3].id.delayen1/Z (sky130_fd_sc_hd__einvp_1)
     1    0.01                           ringosc.dstage[3].id.d1 (net)
                  0.12    0.00    9.03 v ringosc.dstage[3].id.delayint0/A (sky130_fd_sc_hd__clkinv_1)
                  0.04    0.04    9.06 ^ ringosc.dstage[3].id.delayint0/Y (sky130_fd_sc_hd__clkinv_1)
     1    0.00                           ringosc.dstage[3].id.d2 (net)
                  0.04    0.00    9.06 ^ ringosc.dstage[3].id.delayen0/A (sky130_fd_sc_hd__einvp_1)
                  0.11    0.12    9.18 v ringosc.dstage[3].id.delayen0/Z (sky130_fd_sc_hd__einvp_1)
     1    0.01                           ringosc.dstage[3].id.out (net)
                  0.11    0.00    9.18 v ringosc.dstage[4].id.delaybuf0/A (sky130_fd_sc_hd__clkbuf_2)
                  0.10    0.20    9.38 v ringosc.dstage[4].id.delaybuf0/X (sky130_fd_sc_hd__clkbuf_2)
     3    0.01                           ringosc.dstage[4].id.ts (net)
                  0.10    0.00    9.38 v ringosc.dstage[4].id.delaybuf1/A (sky130_fd_sc_hd__clkbuf_1)
                  0.05    0.17    9.55 v ringosc.dstage[4].id.delaybuf1/X (sky130_fd_sc_hd__clkbuf_1)
     1    0.00                           ringosc.dstage[4].id.d0 (net)
                  0.05    0.00    9.55 v ringosc.dstage[4].id.delayen1/A (sky130_fd_sc_hd__einvp_1)
                  0.26    0.24    9.78 ^ ringosc.dstage[4].id.delayen1/Z (sky130_fd_sc_hd__einvp_1)
     1    0.01                           ringosc.dstage[4].id.d1 (net)
                  0.26    0.00    9.78 ^ ringosc.dstage[4].id.delayint0/A (sky130_fd_sc_hd__clkinv_1)
                  0.06    0.07    9.85 v ringosc.dstage[4].id.delayint0/Y (sky130_fd_sc_hd__clkinv_1)
     1    0.00                           ringosc.dstage[4].id.d2 (net)
                  0.06    0.00    9.85 v ringosc.dstage[4].id.delayen0/A (sky130_fd_sc_hd__einvp_1)
                  0.24    0.22   10.07 ^ ringosc.dstage[4].id.delayen0/Z (sky130_fd_sc_hd__einvp_1)
     1    0.01                           ringosc.dstage[4].id.out (net)
                  0.24    0.00   10.07 ^ ringosc.dstage[5].id.delaybuf0/A (sky130_fd_sc_hd__clkbuf_2)
                  0.15    0.22   10.29 ^ ringosc.dstage[5].id.delaybuf0/X (sky130_fd_sc_hd__clkbuf_2)
     3    0.02                           ringosc.dstage[5].id.ts (net)
                  0.15    0.00   10.29 ^ ringosc.dstage[5].id.delaybuf1/A (sky130_fd_sc_hd__clkbuf_1)
                  0.07    0.18   10.48 ^ ringosc.dstage[5].id.delaybuf1/X (sky130_fd_sc_hd__clkbuf_1)
     1    0.00                           ringosc.dstage[5].id.d0 (net)
                  0.07    0.00   10.48 ^ ringosc.dstage[5].id.delayen1/A (sky130_fd_sc_hd__einvp_1)
                  0.12    0.14   10.62 v ringosc.dstage[5].id.delayen1/Z (sky130_fd_sc_hd__einvp_1)
     1    0.01                           ringosc.dstage[5].id.d1 (net)
                  0.12    0.00   10.62 v ringosc.dstage[5].id.delayint0/A (sky130_fd_sc_hd__clkinv_1)
                  0.06    0.05   10.67 ^ ringosc.dstage[5].id.delayint0/Y (sky130_fd_sc_hd__clkinv_1)
     1    0.01                           ringosc.dstage[5].id.d2 (net)
                  0.06    0.00   10.67 ^ ringosc.dstage[5].id.delayen0/A (sky130_fd_sc_hd__einvp_2)
                  0.11    0.12   10.79 v ringosc.dstage[5].id.delayen0/Z (sky130_fd_sc_hd__einvp_2)
     2    0.01                           ringosc.dstage[5].id.out (net)
                  0.11    0.00   10.79 v ringosc.dstage[6].id.delaybuf0/A (sky130_fd_sc_hd__clkbuf_2)
                  0.04    0.14   10.93 v ringosc.dstage[6].id.delaybuf0/X (sky130_fd_sc_hd__clkbuf_2)
     3    0.00                           ringosc.dstage[6].id.ts (net)
                  0.04    0.00   10.93 v ringosc.dstage[6].id.delaybuf1/A (sky130_fd_sc_hd__clkbuf_1)
                  0.05    0.14   11.07 v ringosc.dstage[6].id.delaybuf1/X (sky130_fd_sc_hd__clkbuf_1)
     1    0.00                           ringosc.dstage[6].id.d0 (net)
                  0.05    0.00   11.07 v ringosc.dstage[6].id.delayen1/A (sky130_fd_sc_hd__einvp_1)
                  0.26    0.24   11.31 ^ ringosc.dstage[6].id.delayen1/Z (sky130_fd_sc_hd__einvp_1)
     1    0.01                           ringosc.dstage[6].id.d1 (net)
                  0.26    0.00   11.31 ^ ringosc.dstage[6].id.delayint0/A (sky130_fd_sc_hd__clkinv_1)
                  0.05    0.06   11.37 v ringosc.dstage[6].id.delayint0/Y (sky130_fd_sc_hd__clkinv_1)
     1    0.00                           ringosc.dstage[6].id.d2 (net)
                  0.05    0.00   11.37 v ringosc.dstage[6].id.delayen0/A (sky130_fd_sc_hd__einvp_1)
                  0.24    0.22   11.60 ^ ringosc.dstage[6].id.delayen0/Z (sky130_fd_sc_hd__einvp_1)
     1    0.01                           ringosc.dstage[6].id.out (net)
                  0.24    0.00   11.60 ^ ringosc.dstage[7].id.delaybuf0/A (sky130_fd_sc_hd__clkbuf_2)
                  0.12    0.20   11.80 ^ ringosc.dstage[7].id.delaybuf0/X (sky130_fd_sc_hd__clkbuf_2)
     3    0.01                           ringosc.dstage[7].id.ts (net)
                  0.12    0.00   11.80 ^ ringosc.dstage[7].id.delaybuf1/A (sky130_fd_sc_hd__clkbuf_1)
                  0.08    0.17   11.97 ^ ringosc.dstage[7].id.delaybuf1/X (sky130_fd_sc_hd__clkbuf_1)
     1    0.00                           ringosc.dstage[7].id.d0 (net)
                  0.08    0.00   11.97 ^ ringosc.dstage[7].id.delayen1/A (sky130_fd_sc_hd__einvp_1)
                  0.08    0.10   12.07 v ringosc.dstage[7].id.delayen1/Z (sky130_fd_sc_hd__einvp_1)
     1    0.01                           ringosc.dstage[7].id.d1 (net)
                  0.08    0.00   12.07 v ringosc.dstage[7].id.delayint0/A (sky130_fd_sc_hd__clkinv_1)
                  0.04    0.04   12.11 ^ ringosc.dstage[7].id.delayint0/Y (sky130_fd_sc_hd__clkinv_1)
     1    0.00                           ringosc.dstage[7].id.d2 (net)
                  0.04    0.00   12.11 ^ ringosc.dstage[7].id.delayen0/A (sky130_fd_sc_hd__einvp_1)
                  0.11    0.12   12.23 v ringosc.dstage[7].id.delayen0/Z (sky130_fd_sc_hd__einvp_1)
     1    0.01                           ringosc.dstage[7].id.out (net)
                  0.11    0.00   12.23 v ringosc.dstage[8].id.delaybuf0/A (sky130_fd_sc_hd__clkbuf_2)
                  0.08    0.18   12.41 v ringosc.dstage[8].id.delaybuf0/X (sky130_fd_sc_hd__clkbuf_2)
     3    0.01                           ringosc.dstage[8].id.ts (net)
                  0.08    0.00   12.41 v ringosc.dstage[8].id.delaybuf1/A (sky130_fd_sc_hd__clkbuf_1)
                  0.05    0.16   12.57 v ringosc.dstage[8].id.delaybuf1/X (sky130_fd_sc_hd__clkbuf_1)
     1    0.00                           ringosc.dstage[8].id.d0 (net)
                  0.05    0.00   12.57 v ringosc.dstage[8].id.delayen1/A (sky130_fd_sc_hd__einvp_1)
                  0.26    0.24   12.80 ^ ringosc.dstage[8].id.delayen1/Z (sky130_fd_sc_hd__einvp_1)
     1    0.01                           ringosc.dstage[8].id.d1 (net)
                  0.26    0.00   12.80 ^ ringosc.dstage[8].id.delayint0/A (sky130_fd_sc_hd__clkinv_1)
                  0.06    0.07   12.87 v ringosc.dstage[8].id.delayint0/Y (sky130_fd_sc_hd__clkinv_1)
     1    0.00                           ringosc.dstage[8].id.d2 (net)
                  0.06    0.00   12.87 v ringosc.dstage[8].id.delayen0/A (sky130_fd_sc_hd__einvp_1)
                  0.24    0.22   13.09 ^ ringosc.dstage[8].id.delayen0/Z (sky130_fd_sc_hd__einvp_1)
     1    0.01                           ringosc.dstage[8].id.out (net)
                  0.24    0.00   13.09 ^ ringosc.dstage[9].id.delaybuf0/A (sky130_fd_sc_hd__clkbuf_2)
                  0.12    0.20   13.29 ^ ringosc.dstage[9].id.delaybuf0/X (sky130_fd_sc_hd__clkbuf_2)
     3    0.01                           ringosc.dstage[9].id.ts (net)
                  0.12    0.00   13.29 ^ ringosc.dstage[9].id.delaybuf1/A (sky130_fd_sc_hd__clkbuf_1)
                  0.07    0.17   13.46 ^ ringosc.dstage[9].id.delaybuf1/X (sky130_fd_sc_hd__clkbuf_1)
     1    0.00                           ringosc.dstage[9].id.d0 (net)
                  0.07    0.00   13.46 ^ ringosc.dstage[9].id.delayen1/A (sky130_fd_sc_hd__einvp_1)
                  0.12    0.14   13.59 v ringosc.dstage[9].id.delayen1/Z (sky130_fd_sc_hd__einvp_1)
     1    0.01                           ringosc.dstage[9].id.d1 (net)
                  0.12    0.00   13.59 v ringosc.dstage[9].id.delayint0/A (sky130_fd_sc_hd__clkinv_1)
                  0.04    0.04   13.63 ^ ringosc.dstage[9].id.delayint0/Y (sky130_fd_sc_hd__clkinv_1)
     1    0.00                           ringosc.dstage[9].id.d2 (net)
                  0.04    0.00   13.63 ^ ringosc.dstage[9].id.delayen0/A (sky130_fd_sc_hd__einvp_1)
                  0.11    0.11   13.75 v ringosc.dstage[9].id.delayen0/Z (sky130_fd_sc_hd__einvp_1)
     1    0.01                           ringosc.dstage[10].id.in (net)
                  0.11    0.00   13.75 v ringosc.dstage[10].id.delaybuf0/A (sky130_fd_sc_hd__clkbuf_2)
                  0.09    0.19   13.94 v ringosc.dstage[10].id.delaybuf0/X (sky130_fd_sc_hd__clkbuf_2)
     3    0.01                           ringosc.dstage[10].id.ts (net)
                  0.09    0.00   13.94 v ringosc.dstage[10].id.delaybuf1/A (sky130_fd_sc_hd__clkbuf_1)
                  0.05    0.17   14.10 v ringosc.dstage[10].id.delaybuf1/X (sky130_fd_sc_hd__clkbuf_1)
     1    0.00                           ringosc.dstage[10].id.d0 (net)
                  0.05    0.00   14.10 v ringosc.dstage[10].id.delayen1/A (sky130_fd_sc_hd__einvp_1)
                  0.16    0.16   14.26 ^ ringosc.dstage[10].id.delayen1/Z (sky130_fd_sc_hd__einvp_1)
     1    0.01                           ringosc.dstage[10].id.d1 (net)
                  0.16    0.00   14.26 ^ ringosc.dstage[10].id.delayint0/A (sky130_fd_sc_hd__clkinv_1)
                  0.06    0.06   14.33 v ringosc.dstage[10].id.delayint0/Y (sky130_fd_sc_hd__clkinv_1)
     1    0.00                           ringosc.dstage[10].id.d2 (net)
                  0.06    0.00   14.33 v ringosc.dstage[10].id.delayen0/A (sky130_fd_sc_hd__einvp_1)
                  0.16    0.16   14.48 ^ ringosc.dstage[10].id.delayen0/Z (sky130_fd_sc_hd__einvp_1)
     1    0.01                           ringosc.dstage[10].id.out (net)
                  0.16    0.00   14.48 ^ ringosc.dstage[11].id.delaybuf0/A (sky130_fd_sc_hd__buf_2)
                  0.21    0.27   14.75 ^ ringosc.dstage[11].id.delaybuf0/X (sky130_fd_sc_hd__buf_2)
     3    0.03                           ringosc.dstage[11].id.ts (net)
                  0.21    0.00   14.75 ^ ringosc.dstage[11].id.delaybuf1/A (sky130_fd_sc_hd__clkbuf_1)
                  0.11    0.23   14.98 ^ ringosc.dstage[11].id.delaybuf1/X (sky130_fd_sc_hd__clkbuf_1)
     1    0.00                           ringosc.dstage[11].id.d0 (net)
                  0.11    0.00   14.98 ^ ringosc.dstage[11].id.delayen1/A (sky130_fd_sc_hd__einvp_2)
                  0.09    0.13   15.11 v ringosc.dstage[11].id.delayen1/Z (sky130_fd_sc_hd__einvp_2)
     1    0.01                           ringosc.dstage[11].id.d1 (net)
                  0.10    0.00   15.11 v ringosc.dstage[11].id.delayint0/A (sky130_fd_sc_hd__clkinv_2)
                  0.11    0.09   15.20 ^ ringosc.dstage[11].id.delayint0/Y (sky130_fd_sc_hd__clkinv_2)
     1    0.02                           ringosc.dstage[11].id.d2 (net)
                  0.11    0.00   15.20 ^ ringosc.dstage[11].id.delayen0/A (sky130_fd_sc_hd__einvp_8)
                  0.08    0.11   15.31 v ringosc.dstage[11].id.delayen0/Z (sky130_fd_sc_hd__einvp_8)
     3    0.04                           ringosc.dstage[11].id.out (net)
                  0.10    0.00   15.31 v ringosc.iss.delaybuf0/A (sky130_fd_sc_hd__clkbuf_1)
                  0.05    0.13   15.44 v ringosc.iss.delaybuf0/X (sky130_fd_sc_hd__clkbuf_1)
     1    0.00                           ringosc.iss.d0 (net)
                  0.05    0.00   15.44 v ringosc.iss.delayen1/A (sky130_fd_sc_hd__einvp_1)
                  0.26    0.24   15.67 ^ ringosc.iss.delayen1/Z (sky130_fd_sc_hd__einvp_1)
     1    0.01                           ringosc.iss.d1 (net)
                  0.26    0.00   15.67 ^ ringosc.iss.delayint0/A (sky130_fd_sc_hd__clkinv_1)
                  0.14    0.13   15.80 v ringosc.iss.delayint0/Y (sky130_fd_sc_hd__clkinv_1)
     1    0.01                           ringosc.iss.d2 (net)
                  0.14    0.00   15.80 v ringosc.iss.delayen0/A (sky130_fd_sc_hd__einvp_4)
                  0.25    0.25   16.05 ^ ringosc.iss.delayen0/Z (sky130_fd_sc_hd__einvp_4)
     2    0.02                           ringosc.dstage[0].id.in (net)
                  0.25    0.00   16.05 ^ ringosc.ibufp00/A (sky130_fd_sc_hd__clkinv_2)
                  0.15    0.24   16.29 v ringosc.ibufp00/Y (sky130_fd_sc_hd__clkinv_2)
     1    0.02                           ringosc.c[0] (net)
                  0.15    0.00   16.29 v ringosc.ibufp01/A (sky130_fd_sc_hd__clkinv_8)
                  0.05    0.10   16.39 ^ ringosc.ibufp01/Y (sky130_fd_sc_hd__clkinv_8)
    24    0.01                           pll_control.clock (net)
                  0.05    0.00   16.39 ^ _302_/A (sky130_fd_sc_hd__clkbuf_1)
                  0.07    0.14   16.52 ^ _302_/X (sky130_fd_sc_hd__clkbuf_1)
     1    0.00                           net8 (net)
                  0.07    0.00   16.52 ^ output8/A (sky130_fd_sc_hd__clkbuf_2)
                  0.03    0.15   16.67 ^ output8/X (sky130_fd_sc_hd__clkbuf_2)
     1    0.02                           clockp[0] (net)
                  0.03    0.00   16.67 ^ clockp[0] (out)
                                 16.67   data arrival time

                  0.00   25.00   25.00   clock osc (rise edge)
                          0.00   25.00   clock network delay (ideal)
                          0.00   25.00   clock reconvergence pessimism
                         -5.00   20.00   output external delay
                                 20.00   data required time
-----------------------------------------------------------------------------
                                 20.00   data required time
                                -16.67   data arrival time
-----------------------------------------------------------------------------
                                  3.33   slack (MET)


